[6.179s] Invoking command in '/home/Isaac/ros2_ws/src/msgs': PYTHONPATH=/home/Isaac/ros2_ws/build/msgs/prefix_override:/home/Isaac/ros2_ws/install/msgs/lib/python3.10/site-packages:${PYTHONPATH} /usr/bin/python3 setup.py egg_info --egg-base ../../build/msgs build --build-base /home/Isaac/ros2_ws/build/msgs/build install --record /home/Isaac/ros2_ws/build/msgs/install.log --single-version-externally-managed
[7.982s] running egg_info
[7.989s] writing ../../build/msgs/msgs.egg-info/PKG-INFO
[7.994s] writing dependency_links to ../../build/msgs/msgs.egg-info/dependency_links.txt
[8.003s] writing entry points to ../../build/msgs/msgs.egg-info/entry_points.txt
[8.006s] writing requirements to ../../build/msgs/msgs.egg-info/requires.txt
[8.008s] writing top-level names to ../../build/msgs/msgs.egg-info/top_level.txt
[8.033s] reading manifest file '../../build/msgs/msgs.egg-info/SOURCES.txt'
[8.039s] writing manifest file '../../build/msgs/msgs.egg-info/SOURCES.txt'
[8.040s] running build
[8.040s] running build_py
[8.041s] running install
[8.042s] /usr/lib/python3/dist-packages/setuptools/command/install.py:34: SetuptoolsDeprecationWarning: setup.py install is deprecated. Use build and pip and other standards-based tools.
[8.043s]   warnings.warn(
[8.043s] running install_lib
[8.044s] running install_data
[8.045s] running install_egg_info
[8.047s] removing '/home/Isaac/ros2_ws/install/msgs/lib/python3.10/site-packages/msgs-0.0.0-py3.10.egg-info' (and everything under it)
[8.047s] Copying ../../build/msgs/msgs.egg-info to /home/Isaac/ros2_ws/install/msgs/lib/python3.10/site-packages/msgs-0.0.0-py3.10.egg-info
[8.061s] running install_scripts
[8.169s] Installing floatlist script to /home/Isaac/ros2_ws/install/msgs/lib/msgs
[8.176s] writing list of installed files to '/home/Isaac/ros2_ws/build/msgs/install.log'
[8.579s] Invoked command in '/home/Isaac/ros2_ws/src/msgs' returned '0': PYTHONPATH=/home/Isaac/ros2_ws/build/msgs/prefix_override:/home/Isaac/ros2_ws/install/msgs/lib/python3.10/site-packages:${PYTHONPATH} /usr/bin/python3 setup.py egg_info --egg-base ../../build/msgs build --build-base /home/Isaac/ros2_ws/build/msgs/build install --record /home/Isaac/ros2_ws/build/msgs/install.log --single-version-externally-managed
