[2.456s] Invoking command in '/home/tony_stark/ros2_ws/src/sample_package': PYTHONPATH=/home/tony_stark/ros2_ws/build/sample_package/prefix_override:/home/tony_stark/ros2_ws/install/sample_package/lib/python3.10/site-packages:${PYTHONPATH} /usr/bin/python3 setup.py egg_info --egg-base ../../build/sample_package build --build-base /home/tony_stark/ros2_ws/build/sample_package/build install --record /home/tony_stark/ros2_ws/build/sample_package/install.log --single-version-externally-managed
[3.285s] running egg_info
[3.287s] writing ../../build/sample_package/sample_package.egg-info/PKG-INFO
[3.288s] writing dependency_links to ../../build/sample_package/sample_package.egg-info/dependency_links.txt
[3.289s] writing entry points to ../../build/sample_package/sample_package.egg-info/entry_points.txt
[3.290s] writing requirements to ../../build/sample_package/sample_package.egg-info/requires.txt
[3.291s] writing top-level names to ../../build/sample_package/sample_package.egg-info/top_level.txt
[3.297s] reading manifest file '../../build/sample_package/sample_package.egg-info/SOURCES.txt'
[3.301s] writing manifest file '../../build/sample_package/sample_package.egg-info/SOURCES.txt'
[3.302s] running build
[3.302s] running build_py
[3.305s] running install
[3.306s] running install_lib
[3.311s] running install_data
[3.314s] running install_egg_info
[3.319s] removing '/home/tony_stark/ros2_ws/install/sample_package/lib/python3.10/site-packages/sample_package-0.0.0-py3.10.egg-info' (and everything under it)
[3.321s] Copying ../../build/sample_package/sample_package.egg-info to /home/tony_stark/ros2_ws/install/sample_package/lib/python3.10/site-packages/sample_package-0.0.0-py3.10.egg-info
[3.325s] running install_scripts
[3.387s] Installing fan_sub script to /home/tony_stark/ros2_ws/install/sample_package/lib/sample_package
[3.389s] Installing process script to /home/tony_stark/ros2_ws/install/sample_package/lib/sample_package
[3.390s] Installing senpub script to /home/tony_stark/ros2_ws/install/sample_package/lib/sample_package
[3.391s] Installing talk script to /home/tony_stark/ros2_ws/install/sample_package/lib/sample_package
[3.393s] writing list of installed files to '/home/tony_stark/ros2_ws/build/sample_package/install.log'
[3.483s] Invoked command in '/home/tony_stark/ros2_ws/src/sample_package' returned '0': PYTHONPATH=/home/tony_stark/ros2_ws/build/sample_package/prefix_override:/home/tony_stark/ros2_ws/install/sample_package/lib/python3.10/site-packages:${PYTHONPATH} /usr/bin/python3 setup.py egg_info --egg-base ../../build/sample_package build --build-base /home/tony_stark/ros2_ws/build/sample_package/build install --record /home/tony_stark/ros2_ws/build/sample_package/install.log --single-version-externally-managed
