[6.542s] Invoking command in '/home/tony_stark/ros2_ws/src/ros2_control/ros2controlcli': AMENT_PREFIX_PATH=/home/tony_stark/ros2_ws/install/controller_manager:/home/tony_stark/ros2_ws/install/controller_interface:/home/tony_stark/ros2_ws/install/hardware_interface:/home/tony_stark/ros2_ws/install/realtime_tools:/home/tony_stark/ros2_ws/install/controller_manager_msgs:/home/tony_stark/ros2_ws/install/control_msgs:${AMENT_PREFIX_PATH} CMAKE_PREFIX_PATH=/home/tony_stark/ros2_ws/install/controller_manager:/home/tony_stark/ros2_ws/install/controller_interface:/home/tony_stark/ros2_ws/install/hardware_interface:/home/tony_stark/ros2_ws/install/ros2_control_test_assets:/home/tony_stark/ros2_ws/install/realtime_tools:/home/tony_stark/ros2_ws/install/controller_manager_msgs:/home/tony_stark/ros2_ws/install/control_msgs:/home/tony_stark/ros2_ws/install/turtlebot3_simulations:/home/tony_stark/ros2_ws/install/turtlebot3_gazebo:/home/tony_stark/ros2_ws/install/turtlebot3_fake_node LD_LIBRARY_PATH=/home/tony_stark/ros2_ws/install/controller_manager/lib:/home/tony_stark/ros2_ws/install/controller_interface/lib:/home/tony_stark/ros2_ws/install/hardware_interface/lib:/home/tony_stark/ros2_ws/install/realtime_tools/lib:/home/tony_stark/ros2_ws/install/controller_manager_msgs/lib:/home/tony_stark/ros2_ws/install/control_msgs/lib:${LD_LIBRARY_PATH} PYTHONPATH=/home/tony_stark/ros2_ws/build/ros2controlcli/prefix_override:/home/tony_stark/ros2_ws/install/ros2controlcli/lib/python3.10/site-packages:/home/tony_stark/ros2_ws/install/controller_manager/local/lib/python3.10/dist-packages:/home/tony_stark/ros2_ws/install/controller_manager_msgs/local/lib/python3.10/dist-packages:/home/tony_stark/ros2_ws/install/control_msgs/local/lib/python3.10/dist-packages:${PYTHONPATH} /usr/bin/python3 setup.py egg_info --egg-base ../../../build/ros2controlcli build --build-base /home/tony_stark/ros2_ws/build/ros2controlcli/build install --record /home/tony_stark/ros2_ws/build/ros2controlcli/install.log --single-version-externally-managed
[7.884s] running egg_info
[7.886s] creating ../../../build/ros2controlcli/ros2controlcli.egg-info
[7.887s] writing ../../../build/ros2controlcli/ros2controlcli.egg-info/PKG-INFO
[7.888s] writing dependency_links to ../../../build/ros2controlcli/ros2controlcli.egg-info/dependency_links.txt
[7.890s] writing entry points to ../../../build/ros2controlcli/ros2controlcli.egg-info/entry_points.txt
[7.891s] writing requirements to ../../../build/ros2controlcli/ros2controlcli.egg-info/requires.txt
[7.892s] writing top-level names to ../../../build/ros2controlcli/ros2controlcli.egg-info/top_level.txt
[7.893s] writing manifest file '../../../build/ros2controlcli/ros2controlcli.egg-info/SOURCES.txt'
[7.900s] reading manifest file '../../../build/ros2controlcli/ros2controlcli.egg-info/SOURCES.txt'
[7.902s] writing manifest file '../../../build/ros2controlcli/ros2controlcli.egg-info/SOURCES.txt'
[7.903s] running build
[7.904s] running build_py
[7.905s] creating /home/tony_stark/ros2_ws/build/ros2controlcli/build
[7.906s] creating /home/tony_stark/ros2_ws/build/ros2controlcli/build/lib
[7.906s] creating /home/tony_stark/ros2_ws/build/ros2controlcli/build/lib/ros2controlcli
[7.907s] copying ros2controlcli/__init__.py -> /home/tony_stark/ros2_ws/build/ros2controlcli/build/lib/ros2controlcli
[7.908s] creating /home/tony_stark/ros2_ws/build/ros2controlcli/build/lib/ros2controlcli/command
[7.909s] copying ros2controlcli/command/control.py -> /home/tony_stark/ros2_ws/build/ros2controlcli/build/lib/ros2controlcli/command
[7.956s] copying ros2controlcli/command/__init__.py -> /home/tony_stark/ros2_ws/build/ros2controlcli/build/lib/ros2controlcli/command
[7.957s] creating /home/tony_stark/ros2_ws/build/ros2controlcli/build/lib/ros2controlcli/api
[7.958s] copying ros2controlcli/api/__init__.py -> /home/tony_stark/ros2_ws/build/ros2controlcli/build/lib/ros2controlcli/api
[7.961s] creating /home/tony_stark/ros2_ws/build/ros2controlcli/build/lib/ros2controlcli/verb
[7.962s] copying ros2controlcli/verb/unload_controller.py -> /home/tony_stark/ros2_ws/build/ros2controlcli/build/lib/ros2controlcli/verb
[7.963s] copying ros2controlcli/verb/view_controller_chains.py -> /home/tony_stark/ros2_ws/build/ros2controlcli/build/lib/ros2controlcli/verb
[7.965s] copying ros2controlcli/verb/set_controller_state.py -> /home/tony_stark/ros2_ws/build/ros2controlcli/build/lib/ros2controlcli/verb
[7.966s] copying ros2controlcli/verb/list_hardware_components.py -> /home/tony_stark/ros2_ws/build/ros2controlcli/build/lib/ros2controlcli/verb
[7.968s] copying ros2controlcli/verb/reload_controller_libraries.py -> /home/tony_stark/ros2_ws/build/ros2controlcli/build/lib/ros2controlcli/verb
[7.970s] copying ros2controlcli/verb/load_controller.py -> /home/tony_stark/ros2_ws/build/ros2controlcli/build/lib/ros2controlcli/verb
[7.971s] copying ros2controlcli/verb/switch_controllers.py -> /home/tony_stark/ros2_ws/build/ros2controlcli/build/lib/ros2controlcli/verb
[7.972s] copying ros2controlcli/verb/list_controllers.py -> /home/tony_stark/ros2_ws/build/ros2controlcli/build/lib/ros2controlcli/verb
[7.973s] copying ros2controlcli/verb/__init__.py -> /home/tony_stark/ros2_ws/build/ros2controlcli/build/lib/ros2controlcli/verb
[7.974s] copying ros2controlcli/verb/list_hardware_interfaces.py -> /home/tony_stark/ros2_ws/build/ros2controlcli/build/lib/ros2controlcli/verb
[7.976s] copying ros2controlcli/verb/list_controller_types.py -> /home/tony_stark/ros2_ws/build/ros2controlcli/build/lib/ros2controlcli/verb
[7.977s] running install
[7.979s] running install_lib
[7.981s] creating /home/tony_stark/ros2_ws/install/ros2controlcli/lib/python3.10/site-packages/ros2controlcli
[7.982s] creating /home/tony_stark/ros2_ws/install/ros2controlcli/lib/python3.10/site-packages/ros2controlcli/command
[7.983s] copying /home/tony_stark/ros2_ws/build/ros2controlcli/build/lib/ros2controlcli/command/control.py -> /home/tony_stark/ros2_ws/install/ros2controlcli/lib/python3.10/site-packages/ros2controlcli/command
[7.984s] copying /home/tony_stark/ros2_ws/build/ros2controlcli/build/lib/ros2controlcli/command/__init__.py -> /home/tony_stark/ros2_ws/install/ros2controlcli/lib/python3.10/site-packages/ros2controlcli/command
[7.985s] creating /home/tony_stark/ros2_ws/install/ros2controlcli/lib/python3.10/site-packages/ros2controlcli/api
[7.985s] copying /home/tony_stark/ros2_ws/build/ros2controlcli/build/lib/ros2controlcli/api/__init__.py -> /home/tony_stark/ros2_ws/install/ros2controlcli/lib/python3.10/site-packages/ros2controlcli/api
[7.986s] creating /home/tony_stark/ros2_ws/install/ros2controlcli/lib/python3.10/site-packages/ros2controlcli/verb
[7.987s] copying /home/tony_stark/ros2_ws/build/ros2controlcli/build/lib/ros2controlcli/verb/unload_controller.py -> /home/tony_stark/ros2_ws/install/ros2controlcli/lib/python3.10/site-packages/ros2controlcli/verb
[7.988s] copying /home/tony_stark/ros2_ws/build/ros2controlcli/build/lib/ros2controlcli/verb/view_controller_chains.py -> /home/tony_stark/ros2_ws/install/ros2controlcli/lib/python3.10/site-packages/ros2controlcli/verb
[7.989s] copying /home/tony_stark/ros2_ws/build/ros2controlcli/build/lib/ros2controlcli/verb/set_controller_state.py -> /home/tony_stark/ros2_ws/install/ros2controlcli/lib/python3.10/site-packages/ros2controlcli/verb
[7.990s] copying /home/tony_stark/ros2_ws/build/ros2controlcli/build/lib/ros2controlcli/verb/list_hardware_components.py -> /home/tony_stark/ros2_ws/install/ros2controlcli/lib/python3.10/site-packages/ros2controlcli/verb
[7.991s] copying /home/tony_stark/ros2_ws/build/ros2controlcli/build/lib/ros2controlcli/verb/reload_controller_libraries.py -> /home/tony_stark/ros2_ws/install/ros2controlcli/lib/python3.10/site-packages/ros2controlcli/verb
[7.992s] copying /home/tony_stark/ros2_ws/build/ros2controlcli/build/lib/ros2controlcli/verb/load_controller.py -> /home/tony_stark/ros2_ws/install/ros2controlcli/lib/python3.10/site-packages/ros2controlcli/verb
[7.993s] copying /home/tony_stark/ros2_ws/build/ros2controlcli/build/lib/ros2controlcli/verb/switch_controllers.py -> /home/tony_stark/ros2_ws/install/ros2controlcli/lib/python3.10/site-packages/ros2controlcli/verb
[7.994s] copying /home/tony_stark/ros2_ws/build/ros2controlcli/build/lib/ros2controlcli/verb/list_controllers.py -> /home/tony_stark/ros2_ws/install/ros2controlcli/lib/python3.10/site-packages/ros2controlcli/verb
[7.995s] copying /home/tony_stark/ros2_ws/build/ros2controlcli/build/lib/ros2controlcli/verb/__init__.py -> /home/tony_stark/ros2_ws/install/ros2controlcli/lib/python3.10/site-packages/ros2controlcli/verb
[7.996s] copying /home/tony_stark/ros2_ws/build/ros2controlcli/build/lib/ros2controlcli/verb/list_hardware_interfaces.py -> /home/tony_stark/ros2_ws/install/ros2controlcli/lib/python3.10/site-packages/ros2controlcli/verb
[7.997s] copying /home/tony_stark/ros2_ws/build/ros2controlcli/build/lib/ros2controlcli/verb/list_controller_types.py -> /home/tony_stark/ros2_ws/install/ros2controlcli/lib/python3.10/site-packages/ros2controlcli/verb
[7.998s] copying /home/tony_stark/ros2_ws/build/ros2controlcli/build/lib/ros2controlcli/__init__.py -> /home/tony_stark/ros2_ws/install/ros2controlcli/lib/python3.10/site-packages/ros2controlcli
[8.000s] byte-compiling /home/tony_stark/ros2_ws/install/ros2controlcli/lib/python3.10/site-packages/ros2controlcli/command/control.py to control.cpython-310.pyc
[8.003s] byte-compiling /home/tony_stark/ros2_ws/install/ros2controlcli/lib/python3.10/site-packages/ros2controlcli/command/__init__.py to __init__.cpython-310.pyc
[8.004s] byte-compiling /home/tony_stark/ros2_ws/install/ros2controlcli/lib/python3.10/site-packages/ros2controlcli/api/__init__.py to __init__.cpython-310.pyc
[8.007s] byte-compiling /home/tony_stark/ros2_ws/install/ros2controlcli/lib/python3.10/site-packages/ros2controlcli/verb/unload_controller.py to unload_controller.cpython-310.pyc
[8.008s] byte-compiling /home/tony_stark/ros2_ws/install/ros2controlcli/lib/python3.10/site-packages/ros2controlcli/verb/view_controller_chains.py to view_controller_chains.cpython-310.pyc
[8.012s] byte-compiling /home/tony_stark/ros2_ws/install/ros2controlcli/lib/python3.10/site-packages/ros2controlcli/verb/set_controller_state.py to set_controller_state.cpython-310.pyc
[8.016s] byte-compiling /home/tony_stark/ros2_ws/install/ros2controlcli/lib/python3.10/site-packages/ros2controlcli/verb/list_hardware_components.py to list_hardware_components.cpython-310.pyc
[8.018s] byte-compiling /home/tony_stark/ros2_ws/install/ros2controlcli/lib/python3.10/site-packages/ros2controlcli/verb/reload_controller_libraries.py to reload_controller_libraries.cpython-310.pyc
[8.020s] byte-compiling /home/tony_stark/ros2_ws/install/ros2controlcli/lib/python3.10/site-packages/ros2controlcli/verb/load_controller.py to load_controller.cpython-310.pyc
[8.021s] byte-compiling /home/tony_stark/ros2_ws/install/ros2controlcli/lib/python3.10/site-packages/ros2controlcli/verb/switch_controllers.py to switch_controllers.cpython-310.pyc
[8.024s] byte-compiling /home/tony_stark/ros2_ws/install/ros2controlcli/lib/python3.10/site-packages/ros2controlcli/verb/list_controllers.py to list_controllers.cpython-310.pyc
[8.026s] byte-compiling /home/tony_stark/ros2_ws/install/ros2controlcli/lib/python3.10/site-packages/ros2controlcli/verb/__init__.py to __init__.cpython-310.pyc
[8.027s] byte-compiling /home/tony_stark/ros2_ws/install/ros2controlcli/lib/python3.10/site-packages/ros2controlcli/verb/list_hardware_interfaces.py to list_hardware_interfaces.cpython-310.pyc
[8.029s] byte-compiling /home/tony_stark/ros2_ws/install/ros2controlcli/lib/python3.10/site-packages/ros2controlcli/verb/list_controller_types.py to list_controller_types.cpython-310.pyc
[8.038s] byte-compiling /home/tony_stark/ros2_ws/install/ros2controlcli/lib/python3.10/site-packages/ros2controlcli/__init__.py to __init__.cpython-310.pyc
[8.040s] running install_data
[8.042s] copying package.xml -> /home/tony_stark/ros2_ws/install/ros2controlcli/share/ros2controlcli
[8.050s] creating /home/tony_stark/ros2_ws/install/ros2controlcli/share/ament_index
[8.051s] creating /home/tony_stark/ros2_ws/install/ros2controlcli/share/ament_index/resource_index
[8.052s] creating /home/tony_stark/ros2_ws/install/ros2controlcli/share/ament_index/resource_index/packages
[8.053s] copying resource/ros2controlcli -> /home/tony_stark/ros2_ws/install/ros2controlcli/share/ament_index/resource_index/packages
[8.053s] running install_egg_info
[8.058s] Copying ../../../build/ros2controlcli/ros2controlcli.egg-info to /home/tony_stark/ros2_ws/install/ros2controlcli/lib/python3.10/site-packages/ros2controlcli-2.28.0-py3.10.egg-info
[8.062s] running install_scripts
[8.116s] writing list of installed files to '/home/tony_stark/ros2_ws/build/ros2controlcli/install.log'
[8.246s] Invoked command in '/home/tony_stark/ros2_ws/src/ros2_control/ros2controlcli' returned '0': AMENT_PREFIX_PATH=/home/tony_stark/ros2_ws/install/controller_manager:/home/tony_stark/ros2_ws/install/controller_interface:/home/tony_stark/ros2_ws/install/hardware_interface:/home/tony_stark/ros2_ws/install/realtime_tools:/home/tony_stark/ros2_ws/install/controller_manager_msgs:/home/tony_stark/ros2_ws/install/control_msgs:${AMENT_PREFIX_PATH} CMAKE_PREFIX_PATH=/home/tony_stark/ros2_ws/install/controller_manager:/home/tony_stark/ros2_ws/install/controller_interface:/home/tony_stark/ros2_ws/install/hardware_interface:/home/tony_stark/ros2_ws/install/ros2_control_test_assets:/home/tony_stark/ros2_ws/install/realtime_tools:/home/tony_stark/ros2_ws/install/controller_manager_msgs:/home/tony_stark/ros2_ws/install/control_msgs:/home/tony_stark/ros2_ws/install/turtlebot3_simulations:/home/tony_stark/ros2_ws/install/turtlebot3_gazebo:/home/tony_stark/ros2_ws/install/turtlebot3_fake_node LD_LIBRARY_PATH=/home/tony_stark/ros2_ws/install/controller_manager/lib:/home/tony_stark/ros2_ws/install/controller_interface/lib:/home/tony_stark/ros2_ws/install/hardware_interface/lib:/home/tony_stark/ros2_ws/install/realtime_tools/lib:/home/tony_stark/ros2_ws/install/controller_manager_msgs/lib:/home/tony_stark/ros2_ws/install/control_msgs/lib:${LD_LIBRARY_PATH} PYTHONPATH=/home/tony_stark/ros2_ws/build/ros2controlcli/prefix_override:/home/tony_stark/ros2_ws/install/ros2controlcli/lib/python3.10/site-packages:/home/tony_stark/ros2_ws/install/controller_manager/local/lib/python3.10/dist-packages:/home/tony_stark/ros2_ws/install/controller_manager_msgs/local/lib/python3.10/dist-packages:/home/tony_stark/ros2_ws/install/control_msgs/local/lib/python3.10/dist-packages:${PYTHONPATH} /usr/bin/python3 setup.py egg_info --egg-base ../../../build/ros2controlcli build --build-base /home/tony_stark/ros2_ws/build/ros2controlcli/build install --record /home/tony_stark/ros2_ws/build/ros2controlcli/install.log --single-version-externally-managed
