[1.856s] Invoking command in '/home/tony_stark/ros2_ws/src/navigation_module': PYTHONPATH=/home/tony_stark/ros2_ws/build/navigation_module/prefix_override:/home/tony_stark/ros2_ws/install/navigation_module/lib/python3.10/site-packages:${PYTHONPATH} /usr/bin/python3 setup.py egg_info --egg-base ../../build/navigation_module build --build-base /home/tony_stark/ros2_ws/build/navigation_module/build install --record /home/tony_stark/ros2_ws/build/navigation_module/install.log --single-version-externally-managed
[2.682s] running egg_info
[2.685s] writing ../../build/navigation_module/navigation_module.egg-info/PKG-INFO
[2.686s] writing dependency_links to ../../build/navigation_module/navigation_module.egg-info/dependency_links.txt
[2.687s] writing entry points to ../../build/navigation_module/navigation_module.egg-info/entry_points.txt
[2.688s] writing requirements to ../../build/navigation_module/navigation_module.egg-info/requires.txt
[2.688s] writing top-level names to ../../build/navigation_module/navigation_module.egg-info/top_level.txt
[2.695s] reading manifest file '../../build/navigation_module/navigation_module.egg-info/SOURCES.txt'
[2.698s] writing manifest file '../../build/navigation_module/navigation_module.egg-info/SOURCES.txt'
[2.699s] running build
[2.700s] running build_py
[2.701s] running install
[2.703s] running install_lib
[2.707s] running install_data
[2.710s] copying launch/houselaunch.py -> /home/tony_stark/ros2_ws/install/navigation_module/share/navigation_module
[2.712s] running install_egg_info
[2.718s] removing '/home/tony_stark/ros2_ws/install/navigation_module/lib/python3.10/site-packages/navigation_module-0.0.0-py3.10.egg-info' (and everything under it)
[2.719s] Copying ../../build/navigation_module/navigation_module.egg-info to /home/tony_stark/ros2_ws/install/navigation_module/lib/python3.10/site-packages/navigation_module-0.0.0-py3.10.egg-info
[2.722s] running install_scripts
[2.784s] writing list of installed files to '/home/tony_stark/ros2_ws/build/navigation_module/install.log'
[2.890s] Invoked command in '/home/tony_stark/ros2_ws/src/navigation_module' returned '0': PYTHONPATH=/home/tony_stark/ros2_ws/build/navigation_module/prefix_override:/home/tony_stark/ros2_ws/install/navigation_module/lib/python3.10/site-packages:${PYTHONPATH} /usr/bin/python3 setup.py egg_info --egg-base ../../build/navigation_module build --build-base /home/tony_stark/ros2_ws/build/navigation_module/build install --record /home/tony_stark/ros2_ws/build/navigation_module/install.log --single-version-externally-managed
