[2.927s] Invoking command in '/home/tony_stark/ros2_ws/src/msgs': PYTHONPATH=/home/tony_stark/ros2_ws/build/msgs/prefix_override:/home/tony_stark/ros2_ws/install/msgs/lib/python3.10/site-packages:${PYTHONPATH} /usr/bin/python3 setup.py egg_info --egg-base ../../build/msgs build --build-base /home/tony_stark/ros2_ws/build/msgs/build install --record /home/tony_stark/ros2_ws/build/msgs/install.log --single-version-externally-managed
[3.677s] running egg_info
[3.680s] writing ../../build/msgs/msgs.egg-info/PKG-INFO
[3.681s] writing dependency_links to ../../build/msgs/msgs.egg-info/dependency_links.txt
[3.682s] writing entry points to ../../build/msgs/msgs.egg-info/entry_points.txt
[3.683s] writing requirements to ../../build/msgs/msgs.egg-info/requires.txt
[3.685s] writing top-level names to ../../build/msgs/msgs.egg-info/top_level.txt
[3.691s] reading manifest file '../../build/msgs/msgs.egg-info/SOURCES.txt'
[3.808s] writing manifest file '../../build/msgs/msgs.egg-info/SOURCES.txt'
[3.809s] running build
[3.809s] running build_py
[3.810s] running install
[3.811s] running install_lib
[3.818s] running install_data
[3.820s] running install_egg_info
[3.824s] removing '/home/tony_stark/ros2_ws/install/msgs/lib/python3.10/site-packages/msgs-0.0.0-py3.10.egg-info' (and everything under it)
[3.827s] Copying ../../build/msgs/msgs.egg-info to /home/tony_stark/ros2_ws/install/msgs/lib/python3.10/site-packages/msgs-0.0.0-py3.10.egg-info
[3.897s] running install_scripts
[3.944s] Installing floatlist script to /home/tony_stark/ros2_ws/install/msgs/lib/msgs
[3.945s] writing list of installed files to '/home/tony_stark/ros2_ws/build/msgs/install.log'
[4.153s] Invoked command in '/home/tony_stark/ros2_ws/src/msgs' returned '0': PYTHONPATH=/home/tony_stark/ros2_ws/build/msgs/prefix_override:/home/tony_stark/ros2_ws/install/msgs/lib/python3.10/site-packages:${PYTHONPATH} /usr/bin/python3 setup.py egg_info --egg-base ../../build/msgs build --build-base /home/tony_stark/ros2_ws/build/msgs/build install --record /home/tony_stark/ros2_ws/build/msgs/install.log --single-version-externally-managed
