[3.755s] Invoking command in '/home/tony_stark/ros2_ws/src/msgs': PYTHONPATH=/home/tony_stark/ros2_ws/build/msgs/prefix_override:/home/tony_stark/ros2_ws/install/msgs/lib/python3.10/site-packages:${PYTHONPATH} /usr/bin/python3 setup.py egg_info --egg-base ../../build/msgs build --build-base /home/tony_stark/ros2_ws/build/msgs/build install --record /home/tony_stark/ros2_ws/build/msgs/install.log --single-version-externally-managed
[4.518s] running egg_info
[4.520s] writing ../../build/msgs/msgs.egg-info/PKG-INFO
[4.521s] writing dependency_links to ../../build/msgs/msgs.egg-info/dependency_links.txt
[4.522s] writing entry points to ../../build/msgs/msgs.egg-info/entry_points.txt
[4.523s] writing requirements to ../../build/msgs/msgs.egg-info/requires.txt
[4.524s] writing top-level names to ../../build/msgs/msgs.egg-info/top_level.txt
[4.526s] reading manifest file '../../build/msgs/msgs.egg-info/SOURCES.txt'
[4.559s] writing manifest file '../../build/msgs/msgs.egg-info/SOURCES.txt'
[4.561s] running build
[4.562s] running build_py
[4.564s] running install
[4.566s] running install_lib
[4.569s] running install_data
[4.572s] running install_egg_info
[4.582s] removing '/home/tony_stark/ros2_ws/install/msgs/lib/python3.10/site-packages/msgs-0.0.0-py3.10.egg-info' (and everything under it)
[4.597s] Copying ../../build/msgs/msgs.egg-info to /home/tony_stark/ros2_ws/install/msgs/lib/python3.10/site-packages/msgs-0.0.0-py3.10.egg-info
[4.597s] running install_scripts
[4.641s] Installing floatlist script to /home/tony_stark/ros2_ws/install/msgs/lib/msgs
[4.643s] writing list of installed files to '/home/tony_stark/ros2_ws/build/msgs/install.log'
[4.733s] Invoked command in '/home/tony_stark/ros2_ws/src/msgs' returned '0': PYTHONPATH=/home/tony_stark/ros2_ws/build/msgs/prefix_override:/home/tony_stark/ros2_ws/install/msgs/lib/python3.10/site-packages:${PYTHONPATH} /usr/bin/python3 setup.py egg_info --egg-base ../../build/msgs build --build-base /home/tony_stark/ros2_ws/build/msgs/build install --record /home/tony_stark/ros2_ws/build/msgs/install.log --single-version-externally-managed
