[3.006s] Invoking command in '/home/tony_stark/ros2_ws/src/navigation_module': PYTHONPATH=/home/tony_stark/ros2_ws/build/navigation_module/prefix_override:/home/tony_stark/ros2_ws/install/navigation_module/lib/python3.10/site-packages:${PYTHONPATH} /usr/bin/python3 setup.py egg_info --egg-base ../../build/navigation_module build --build-base /home/tony_stark/ros2_ws/build/navigation_module/build install --record /home/tony_stark/ros2_ws/build/navigation_module/install.log --single-version-externally-managed
[4.010s] running egg_info
[4.012s] writing ../../build/navigation_module/navigation_module.egg-info/PKG-INFO
[4.013s] writing dependency_links to ../../build/navigation_module/navigation_module.egg-info/dependency_links.txt
[4.014s] writing entry points to ../../build/navigation_module/navigation_module.egg-info/entry_points.txt
[4.015s] writing requirements to ../../build/navigation_module/navigation_module.egg-info/requires.txt
[4.016s] writing top-level names to ../../build/navigation_module/navigation_module.egg-info/top_level.txt
[4.053s] reading manifest file '../../build/navigation_module/navigation_module.egg-info/SOURCES.txt'
[4.091s] writing manifest file '../../build/navigation_module/navigation_module.egg-info/SOURCES.txt'
[4.092s] running build
[4.092s] running build_py
[4.093s] running install
[4.094s] running install_lib
[4.097s] running install_data
[4.099s] running install_egg_info
[4.102s] removing '/home/tony_stark/ros2_ws/install/navigation_module/lib/python3.10/site-packages/navigation_module-0.0.0-py3.10.egg-info' (and everything under it)
[4.103s] Copying ../../build/navigation_module/navigation_module.egg-info to /home/tony_stark/ros2_ws/install/navigation_module/lib/python3.10/site-packages/navigation_module-0.0.0-py3.10.egg-info
[4.122s] running install_scripts
[4.167s] Installing current_goal script to /home/tony_stark/ros2_ws/install/navigation_module/lib/navigation_module
[4.168s] Installing get_pose script to /home/tony_stark/ros2_ws/install/navigation_module/lib/navigation_module
[4.169s] writing list of installed files to '/home/tony_stark/ros2_ws/build/navigation_module/install.log'
[4.273s] Invoked command in '/home/tony_stark/ros2_ws/src/navigation_module' returned '0': PYTHONPATH=/home/tony_stark/ros2_ws/build/navigation_module/prefix_override:/home/tony_stark/ros2_ws/install/navigation_module/lib/python3.10/site-packages:${PYTHONPATH} /usr/bin/python3 setup.py egg_info --egg-base ../../build/navigation_module build --build-base /home/tony_stark/ros2_ws/build/navigation_module/build install --record /home/tony_stark/ros2_ws/build/navigation_module/install.log --single-version-externally-managed
