[2.731s] Invoking command in '/home/tony_stark/ros2_ws/src/fan_simulation': PYTHONPATH=/home/tony_stark/ros2_ws/build/fan_simulation/prefix_override:/home/tony_stark/ros2_ws/install/fan_simulation/lib/python3.10/site-packages:${PYTHONPATH} /usr/bin/python3 setup.py egg_info --egg-base ../../build/fan_simulation build --build-base /home/tony_stark/ros2_ws/build/fan_simulation/build install --record /home/tony_stark/ros2_ws/build/fan_simulation/install.log --single-version-externally-managed
[3.647s] running egg_info
[3.648s] writing ../../build/fan_simulation/fan_simulation.egg-info/PKG-INFO
[3.698s] writing dependency_links to ../../build/fan_simulation/fan_simulation.egg-info/dependency_links.txt
[3.698s] writing entry points to ../../build/fan_simulation/fan_simulation.egg-info/entry_points.txt
[3.699s] writing requirements to ../../build/fan_simulation/fan_simulation.egg-info/requires.txt
[3.699s] writing top-level names to ../../build/fan_simulation/fan_simulation.egg-info/top_level.txt
[3.699s] reading manifest file '../../build/fan_simulation/fan_simulation.egg-info/SOURCES.txt'
[3.703s] writing manifest file '../../build/fan_simulation/fan_simulation.egg-info/SOURCES.txt'
[3.704s] running build
[3.704s] running build_py
[3.704s] running install
[3.704s] running install_lib
[3.704s] running install_data
[3.712s] running install_egg_info
[3.712s] removing '/home/tony_stark/ros2_ws/install/fan_simulation/lib/python3.10/site-packages/fan_simulation-0.0.0-py3.10.egg-info' (and everything under it)
[3.714s] Copying ../../build/fan_simulation/fan_simulation.egg-info to /home/tony_stark/ros2_ws/install/fan_simulation/lib/python3.10/site-packages/fan_simulation-0.0.0-py3.10.egg-info
[3.718s] running install_scripts
[3.762s] writing list of installed files to '/home/tony_stark/ros2_ws/build/fan_simulation/install.log'
[3.864s] Invoked command in '/home/tony_stark/ros2_ws/src/fan_simulation' returned '0': PYTHONPATH=/home/tony_stark/ros2_ws/build/fan_simulation/prefix_override:/home/tony_stark/ros2_ws/install/fan_simulation/lib/python3.10/site-packages:${PYTHONPATH} /usr/bin/python3 setup.py egg_info --egg-base ../../build/fan_simulation build --build-base /home/tony_stark/ros2_ws/build/fan_simulation/build install --record /home/tony_stark/ros2_ws/build/fan_simulation/install.log --single-version-externally-managed
