[0.967s] DEBUG:colcon:Command line arguments: ['/usr/bin/colcon', 'build']
[0.968s] DEBUG:colcon:Parsed command line arguments: Namespace(log_base=None, log_level=None, verb_name='build', build_base='build', install_base='install', merge_install=False, symlink_install=False, test_result_base=None, continue_on_error=False, executor='parallel', parallel_workers=2, event_handlers=None, ignore_user_meta=False, metas=['./colcon.meta'], base_paths=['.'], packages_ignore=None, packages_ignore_regex=None, paths=None, packages_up_to=None, packages_up_to_regex=None, packages_above=None, packages_above_and_dependencies=None, packages_above_depth=None, packages_select_by_dep=None, packages_skip_by_dep=None, packages_skip_up_to=None, packages_select_build_failed=False, packages_skip_build_finished=False, packages_select_test_failures=False, packages_skip_test_passed=False, packages_select=None, packages_skip=None, packages_select_regex=None, packages_skip_regex=None, packages_start=None, packages_end=None, allow_overriding=[], cmake_args=None, cmake_target=None, cmake_target_skip_unavailable=False, cmake_clean_cache=False, cmake_clean_first=False, cmake_force_configure=False, ament_cmake_args=None, catkin_cmake_args=None, catkin_skip_building_tests=False, verb_parser=<colcon_defaults.argument_parser.defaults.DefaultArgumentsDecorator object at 0x7f5a32fea5f0>, verb_extension=<colcon_core.verb.build.BuildVerb object at 0x7f5a32fea080>, main=<bound method BuildVerb.main of <colcon_core.verb.build.BuildVerb object at 0x7f5a32fea080>>)
[1.035s] Level 1:colcon.colcon_core.package_discovery:discover_packages(colcon_meta) check parameters
[1.035s] Level 1:colcon.colcon_core.package_discovery:discover_packages(recursive) check parameters
[1.035s] Level 1:colcon.colcon_core.package_discovery:discover_packages(ignore) check parameters
[1.035s] Level 1:colcon.colcon_core.package_discovery:discover_packages(path) check parameters
[1.035s] Level 1:colcon.colcon_core.package_discovery:discover_packages(colcon_meta) discover
[1.036s] Level 1:colcon.colcon_core.package_discovery:discover_packages(recursive) discover
[1.036s] INFO:colcon.colcon_core.package_discovery:Crawling recursively for packages in '/home/tony_stark/ros2_ws'
[1.036s] Level 1:colcon.colcon_core.package_identification:_identify(.) by extensions ['ignore', 'ignore_ament_install']
[1.037s] Level 1:colcon.colcon_core.package_identification:_identify(.) by extension 'ignore'
[1.037s] Level 1:colcon.colcon_core.package_identification:_identify(.) by extension 'ignore_ament_install'
[1.037s] Level 1:colcon.colcon_core.package_identification:_identify(.) by extensions ['colcon_pkg']
[1.037s] Level 1:colcon.colcon_core.package_identification:_identify(.) by extension 'colcon_pkg'
[1.037s] Level 1:colcon.colcon_core.package_identification:_identify(.) by extensions ['colcon_meta']
[1.037s] Level 1:colcon.colcon_core.package_identification:_identify(.) by extension 'colcon_meta'
[1.037s] Level 1:colcon.colcon_core.package_identification:_identify(.) by extensions ['ros']
[1.037s] Level 1:colcon.colcon_core.package_identification:_identify(.) by extension 'ros'
[1.072s] Level 1:colcon.colcon_core.package_identification:_identify(.) by extensions ['cmake', 'python']
[1.072s] Level 1:colcon.colcon_core.package_identification:_identify(.) by extension 'cmake'
[1.072s] Level 1:colcon.colcon_core.package_identification:_identify(.) by extension 'python'
[1.073s] Level 1:colcon.colcon_core.package_identification:_identify(.) by extensions ['python_setup_py']
[1.073s] Level 1:colcon.colcon_core.package_identification:_identify(.) by extension 'python_setup_py'
[1.073s] Level 1:colcon.colcon_core.package_identification:_identify(build) by extensions ['ignore', 'ignore_ament_install']
[1.073s] Level 1:colcon.colcon_core.package_identification:_identify(build) by extension 'ignore'
[1.073s] Level 1:colcon.colcon_core.package_identification:_identify(build) ignored
[1.074s] Level 1:colcon.colcon_core.package_identification:_identify(install) by extensions ['ignore', 'ignore_ament_install']
[1.074s] Level 1:colcon.colcon_core.package_identification:_identify(install) by extension 'ignore'
[1.074s] Level 1:colcon.colcon_core.package_identification:_identify(install) ignored
[1.075s] Level 1:colcon.colcon_core.package_identification:_identify(log) by extensions ['ignore', 'ignore_ament_install']
[1.075s] Level 1:colcon.colcon_core.package_identification:_identify(log) by extension 'ignore'
[1.075s] Level 1:colcon.colcon_core.package_identification:_identify(log) ignored
[1.075s] Level 1:colcon.colcon_core.package_identification:_identify(models) by extensions ['ignore', 'ignore_ament_install']
[1.076s] Level 1:colcon.colcon_core.package_identification:_identify(models) by extension 'ignore'
[1.076s] Level 1:colcon.colcon_core.package_identification:_identify(models) by extension 'ignore_ament_install'
[1.076s] Level 1:colcon.colcon_core.package_identification:_identify(models) by extensions ['colcon_pkg']
[1.076s] Level 1:colcon.colcon_core.package_identification:_identify(models) by extension 'colcon_pkg'
[1.076s] Level 1:colcon.colcon_core.package_identification:_identify(models) by extensions ['colcon_meta']
[1.076s] Level 1:colcon.colcon_core.package_identification:_identify(models) by extension 'colcon_meta'
[1.076s] Level 1:colcon.colcon_core.package_identification:_identify(models) by extensions ['ros']
[1.076s] Level 1:colcon.colcon_core.package_identification:_identify(models) by extension 'ros'
[1.077s] Level 1:colcon.colcon_core.package_identification:_identify(models) by extensions ['cmake', 'python']
[1.077s] Level 1:colcon.colcon_core.package_identification:_identify(models) by extension 'cmake'
[1.077s] Level 1:colcon.colcon_core.package_identification:_identify(models) by extension 'python'
[1.077s] Level 1:colcon.colcon_core.package_identification:_identify(models) by extensions ['python_setup_py']
[1.077s] Level 1:colcon.colcon_core.package_identification:_identify(models) by extension 'python_setup_py'
[1.077s] Level 1:colcon.colcon_core.package_identification:_identify(src) by extensions ['ignore', 'ignore_ament_install']
[1.078s] Level 1:colcon.colcon_core.package_identification:_identify(src) by extension 'ignore'
[1.078s] Level 1:colcon.colcon_core.package_identification:_identify(src) by extension 'ignore_ament_install'
[1.078s] Level 1:colcon.colcon_core.package_identification:_identify(src) by extensions ['colcon_pkg']
[1.078s] Level 1:colcon.colcon_core.package_identification:_identify(src) by extension 'colcon_pkg'
[1.078s] Level 1:colcon.colcon_core.package_identification:_identify(src) by extensions ['colcon_meta']
[1.078s] Level 1:colcon.colcon_core.package_identification:_identify(src) by extension 'colcon_meta'
[1.078s] Level 1:colcon.colcon_core.package_identification:_identify(src) by extensions ['ros']
[1.078s] Level 1:colcon.colcon_core.package_identification:_identify(src) by extension 'ros'
[1.078s] Level 1:colcon.colcon_core.package_identification:_identify(src) by extensions ['cmake', 'python']
[1.079s] Level 1:colcon.colcon_core.package_identification:_identify(src) by extension 'cmake'
[1.079s] Level 1:colcon.colcon_core.package_identification:_identify(src) by extension 'python'
[1.079s] Level 1:colcon.colcon_core.package_identification:_identify(src) by extensions ['python_setup_py']
[1.079s] Level 1:colcon.colcon_core.package_identification:_identify(src) by extension 'python_setup_py'
[1.079s] Level 1:colcon.colcon_core.package_identification:_identify(src/autonomous_exploration) by extensions ['ignore', 'ignore_ament_install']
[1.080s] Level 1:colcon.colcon_core.package_identification:_identify(src/autonomous_exploration) by extension 'ignore'
[1.080s] Level 1:colcon.colcon_core.package_identification:_identify(src/autonomous_exploration) by extension 'ignore_ament_install'
[1.080s] Level 1:colcon.colcon_core.package_identification:_identify(src/autonomous_exploration) by extensions ['colcon_pkg']
[1.080s] Level 1:colcon.colcon_core.package_identification:_identify(src/autonomous_exploration) by extension 'colcon_pkg'
[1.080s] Level 1:colcon.colcon_core.package_identification:_identify(src/autonomous_exploration) by extensions ['colcon_meta']
[1.080s] Level 1:colcon.colcon_core.package_identification:_identify(src/autonomous_exploration) by extension 'colcon_meta'
[1.081s] Level 1:colcon.colcon_core.package_identification:_identify(src/autonomous_exploration) by extensions ['ros']
[1.081s] Level 1:colcon.colcon_core.package_identification:_identify(src/autonomous_exploration) by extension 'ros'
[1.087s] DEBUG:colcon.colcon_core.package_identification:Package 'src/autonomous_exploration' with type 'ros.ament_python' and name 'autonomous_exploration'
[1.088s] Level 1:colcon.colcon_core.package_identification:_identify(src/msgs) by extensions ['ignore', 'ignore_ament_install']
[1.088s] Level 1:colcon.colcon_core.package_identification:_identify(src/msgs) by extension 'ignore'
[1.088s] Level 1:colcon.colcon_core.package_identification:_identify(src/msgs) by extension 'ignore_ament_install'
[1.089s] Level 1:colcon.colcon_core.package_identification:_identify(src/msgs) by extensions ['colcon_pkg']
[1.089s] Level 1:colcon.colcon_core.package_identification:_identify(src/msgs) by extension 'colcon_pkg'
[1.089s] Level 1:colcon.colcon_core.package_identification:_identify(src/msgs) by extensions ['colcon_meta']
[1.089s] Level 1:colcon.colcon_core.package_identification:_identify(src/msgs) by extension 'colcon_meta'
[1.089s] Level 1:colcon.colcon_core.package_identification:_identify(src/msgs) by extensions ['ros']
[1.089s] Level 1:colcon.colcon_core.package_identification:_identify(src/msgs) by extension 'ros'
[1.091s] DEBUG:colcon.colcon_core.package_identification:Package 'src/msgs' with type 'ros.ament_python' and name 'msgs'
[1.091s] Level 1:colcon.colcon_core.package_identification:_identify(src/navigation_module) by extensions ['ignore', 'ignore_ament_install']
[1.092s] Level 1:colcon.colcon_core.package_identification:_identify(src/navigation_module) by extension 'ignore'
[1.092s] Level 1:colcon.colcon_core.package_identification:_identify(src/navigation_module) by extension 'ignore_ament_install'
[1.092s] Level 1:colcon.colcon_core.package_identification:_identify(src/navigation_module) by extensions ['colcon_pkg']
[1.092s] Level 1:colcon.colcon_core.package_identification:_identify(src/navigation_module) by extension 'colcon_pkg'
[1.092s] Level 1:colcon.colcon_core.package_identification:_identify(src/navigation_module) by extensions ['colcon_meta']
[1.092s] Level 1:colcon.colcon_core.package_identification:_identify(src/navigation_module) by extension 'colcon_meta'
[1.092s] Level 1:colcon.colcon_core.package_identification:_identify(src/navigation_module) by extensions ['ros']
[1.092s] Level 1:colcon.colcon_core.package_identification:_identify(src/navigation_module) by extension 'ros'
[1.094s] DEBUG:colcon.colcon_core.package_identification:Package 'src/navigation_module' with type 'ros.ament_python' and name 'navigation_module'
[1.094s] Level 1:colcon.colcon_core.package_identification:_identify(src/sample_package) by extensions ['ignore', 'ignore_ament_install']
[1.095s] Level 1:colcon.colcon_core.package_identification:_identify(src/sample_package) by extension 'ignore'
[1.095s] Level 1:colcon.colcon_core.package_identification:_identify(src/sample_package) by extension 'ignore_ament_install'
[1.095s] Level 1:colcon.colcon_core.package_identification:_identify(src/sample_package) by extensions ['colcon_pkg']
[1.095s] Level 1:colcon.colcon_core.package_identification:_identify(src/sample_package) by extension 'colcon_pkg'
[1.095s] Level 1:colcon.colcon_core.package_identification:_identify(src/sample_package) by extensions ['colcon_meta']
[1.095s] Level 1:colcon.colcon_core.package_identification:_identify(src/sample_package) by extension 'colcon_meta'
[1.095s] Level 1:colcon.colcon_core.package_identification:_identify(src/sample_package) by extensions ['ros']
[1.095s] Level 1:colcon.colcon_core.package_identification:_identify(src/sample_package) by extension 'ros'
[1.097s] DEBUG:colcon.colcon_core.package_identification:Package 'src/sample_package' with type 'ros.ament_python' and name 'sample_package'
[1.097s] Level 1:colcon.colcon_core.package_discovery:discover_packages(recursive) using defaults
[1.097s] Level 1:colcon.colcon_core.package_discovery:discover_packages(ignore) discover
[1.097s] Level 1:colcon.colcon_core.package_discovery:discover_packages(ignore) using defaults
[1.097s] Level 1:colcon.colcon_core.package_discovery:discover_packages(path) discover
[1.097s] Level 1:colcon.colcon_core.package_discovery:discover_packages(path) using defaults
[1.160s] Level 1:colcon.colcon_core.package_discovery:discover_packages(prefix_path) check parameters
[1.160s] Level 1:colcon.colcon_core.package_discovery:discover_packages(prefix_path) discover
[1.168s] DEBUG:colcon.colcon_installed_package_information.package_discovery:Found 8 installed packages in /home/tony_stark/ros2_ws/install
[1.173s] DEBUG:colcon.colcon_installed_package_information.package_discovery:Found 374 installed packages in /opt/ros/humble
[1.178s] Level 1:colcon.colcon_core.package_discovery:discover_packages(prefix_path) using defaults
[1.338s] Level 5:colcon.colcon_core.verb:set package 'autonomous_exploration' build argument 'cmake_args' from command line to 'None'
[1.339s] Level 5:colcon.colcon_core.verb:set package 'autonomous_exploration' build argument 'cmake_target' from command line to 'None'
[1.339s] Level 5:colcon.colcon_core.verb:set package 'autonomous_exploration' build argument 'cmake_target_skip_unavailable' from command line to 'False'
[1.339s] Level 5:colcon.colcon_core.verb:set package 'autonomous_exploration' build argument 'cmake_clean_cache' from command line to 'False'
[1.339s] Level 5:colcon.colcon_core.verb:set package 'autonomous_exploration' build argument 'cmake_clean_first' from command line to 'False'
[1.339s] Level 5:colcon.colcon_core.verb:set package 'autonomous_exploration' build argument 'cmake_force_configure' from command line to 'False'
[1.339s] Level 5:colcon.colcon_core.verb:set package 'autonomous_exploration' build argument 'ament_cmake_args' from command line to 'None'
[1.339s] Level 5:colcon.colcon_core.verb:set package 'autonomous_exploration' build argument 'catkin_cmake_args' from command line to 'None'
[1.339s] Level 5:colcon.colcon_core.verb:set package 'autonomous_exploration' build argument 'catkin_skip_building_tests' from command line to 'False'
[1.339s] DEBUG:colcon.colcon_core.verb:Building package 'autonomous_exploration' with the following arguments: {'ament_cmake_args': None, 'build_base': '/home/tony_stark/ros2_ws/build/autonomous_exploration', 'catkin_cmake_args': None, 'catkin_skip_building_tests': False, 'cmake_args': None, 'cmake_clean_cache': False, 'cmake_clean_first': False, 'cmake_force_configure': False, 'cmake_target': None, 'cmake_target_skip_unavailable': False, 'install_base': '/home/tony_stark/ros2_ws/install/autonomous_exploration', 'merge_install': False, 'path': '/home/tony_stark/ros2_ws/src/autonomous_exploration', 'symlink_install': False, 'test_result_base': None}
[1.342s] Level 5:colcon.colcon_core.verb:set package 'msgs' build argument 'cmake_args' from command line to 'None'
[1.342s] Level 5:colcon.colcon_core.verb:set package 'msgs' build argument 'cmake_target' from command line to 'None'
[1.342s] Level 5:colcon.colcon_core.verb:set package 'msgs' build argument 'cmake_target_skip_unavailable' from command line to 'False'
[1.342s] Level 5:colcon.colcon_core.verb:set package 'msgs' build argument 'cmake_clean_cache' from command line to 'False'
[1.342s] Level 5:colcon.colcon_core.verb:set package 'msgs' build argument 'cmake_clean_first' from command line to 'False'
[1.342s] Level 5:colcon.colcon_core.verb:set package 'msgs' build argument 'cmake_force_configure' from command line to 'False'
[1.342s] Level 5:colcon.colcon_core.verb:set package 'msgs' build argument 'ament_cmake_args' from command line to 'None'
[1.342s] Level 5:colcon.colcon_core.verb:set package 'msgs' build argument 'catkin_cmake_args' from command line to 'None'
[1.342s] Level 5:colcon.colcon_core.verb:set package 'msgs' build argument 'catkin_skip_building_tests' from command line to 'False'
[1.342s] DEBUG:colcon.colcon_core.verb:Building package 'msgs' with the following arguments: {'ament_cmake_args': None, 'build_base': '/home/tony_stark/ros2_ws/build/msgs', 'catkin_cmake_args': None, 'catkin_skip_building_tests': False, 'cmake_args': None, 'cmake_clean_cache': False, 'cmake_clean_first': False, 'cmake_force_configure': False, 'cmake_target': None, 'cmake_target_skip_unavailable': False, 'install_base': '/home/tony_stark/ros2_ws/install/msgs', 'merge_install': False, 'path': '/home/tony_stark/ros2_ws/src/msgs', 'symlink_install': False, 'test_result_base': None}
[1.344s] Level 5:colcon.colcon_core.verb:set package 'navigation_module' build argument 'cmake_args' from command line to 'None'
[1.345s] Level 5:colcon.colcon_core.verb:set package 'navigation_module' build argument 'cmake_target' from command line to 'None'
[1.345s] Level 5:colcon.colcon_core.verb:set package 'navigation_module' build argument 'cmake_target_skip_unavailable' from command line to 'False'
[1.345s] Level 5:colcon.colcon_core.verb:set package 'navigation_module' build argument 'cmake_clean_cache' from command line to 'False'
[1.345s] Level 5:colcon.colcon_core.verb:set package 'navigation_module' build argument 'cmake_clean_first' from command line to 'False'
[1.345s] Level 5:colcon.colcon_core.verb:set package 'navigation_module' build argument 'cmake_force_configure' from command line to 'False'
[1.345s] Level 5:colcon.colcon_core.verb:set package 'navigation_module' build argument 'ament_cmake_args' from command line to 'None'
[1.345s] Level 5:colcon.colcon_core.verb:set package 'navigation_module' build argument 'catkin_cmake_args' from command line to 'None'
[1.345s] Level 5:colcon.colcon_core.verb:set package 'navigation_module' build argument 'catkin_skip_building_tests' from command line to 'False'
[1.345s] DEBUG:colcon.colcon_core.verb:Building package 'navigation_module' with the following arguments: {'ament_cmake_args': None, 'build_base': '/home/tony_stark/ros2_ws/build/navigation_module', 'catkin_cmake_args': None, 'catkin_skip_building_tests': False, 'cmake_args': None, 'cmake_clean_cache': False, 'cmake_clean_first': False, 'cmake_force_configure': False, 'cmake_target': None, 'cmake_target_skip_unavailable': False, 'install_base': '/home/tony_stark/ros2_ws/install/navigation_module', 'merge_install': False, 'path': '/home/tony_stark/ros2_ws/src/navigation_module', 'symlink_install': False, 'test_result_base': None}
[1.348s] Level 5:colcon.colcon_core.verb:set package 'sample_package' build argument 'cmake_args' from command line to 'None'
[1.348s] Level 5:colcon.colcon_core.verb:set package 'sample_package' build argument 'cmake_target' from command line to 'None'
[1.348s] Level 5:colcon.colcon_core.verb:set package 'sample_package' build argument 'cmake_target_skip_unavailable' from command line to 'False'
[1.348s] Level 5:colcon.colcon_core.verb:set package 'sample_package' build argument 'cmake_clean_cache' from command line to 'False'
[1.348s] Level 5:colcon.colcon_core.verb:set package 'sample_package' build argument 'cmake_clean_first' from command line to 'False'
[1.348s] Level 5:colcon.colcon_core.verb:set package 'sample_package' build argument 'cmake_force_configure' from command line to 'False'
[1.348s] Level 5:colcon.colcon_core.verb:set package 'sample_package' build argument 'ament_cmake_args' from command line to 'None'
[1.348s] Level 5:colcon.colcon_core.verb:set package 'sample_package' build argument 'catkin_cmake_args' from command line to 'None'
[1.348s] Level 5:colcon.colcon_core.verb:set package 'sample_package' build argument 'catkin_skip_building_tests' from command line to 'False'
[1.348s] DEBUG:colcon.colcon_core.verb:Building package 'sample_package' with the following arguments: {'ament_cmake_args': None, 'build_base': '/home/tony_stark/ros2_ws/build/sample_package', 'catkin_cmake_args': None, 'catkin_skip_building_tests': False, 'cmake_args': None, 'cmake_clean_cache': False, 'cmake_clean_first': False, 'cmake_force_configure': False, 'cmake_target': None, 'cmake_target_skip_unavailable': False, 'install_base': '/home/tony_stark/ros2_ws/install/sample_package', 'merge_install': False, 'path': '/home/tony_stark/ros2_ws/src/sample_package', 'symlink_install': False, 'test_result_base': None}
[1.350s] INFO:colcon.colcon_core.executor:Executing jobs using 'parallel' executor
[1.357s] DEBUG:colcon.colcon_parallel_executor.executor.parallel:run_until_complete
[1.358s] INFO:colcon.colcon_ros.task.ament_python.build:Building ROS package in '/home/tony_stark/ros2_ws/src/autonomous_exploration' with build type 'ament_python'
[1.359s] Level 1:colcon.colcon_core.shell:create_environment_hook('autonomous_exploration', 'ament_prefix_path')
[1.369s] INFO:colcon.colcon_core.plugin_system:Skipping extension 'colcon_core.shell.bat': Not used on non-Windows systems
[1.370s] INFO:colcon.colcon_core.shell:Creating environment hook '/home/tony_stark/ros2_ws/install/autonomous_exploration/share/autonomous_exploration/hook/ament_prefix_path.ps1'
[1.371s] INFO:colcon.colcon_core.shell:Creating environment descriptor '/home/tony_stark/ros2_ws/install/autonomous_exploration/share/autonomous_exploration/hook/ament_prefix_path.dsv'
[1.373s] INFO:colcon.colcon_core.shell:Creating environment hook '/home/tony_stark/ros2_ws/install/autonomous_exploration/share/autonomous_exploration/hook/ament_prefix_path.sh'
[1.378s] INFO:colcon.colcon_core.shell:Skip shell extension 'powershell' for command environment: Not usable outside of PowerShell
[1.378s] DEBUG:colcon.colcon_core.shell:Skip shell extension 'dsv' for command environment
[1.391s] INFO:colcon.colcon_ros.task.ament_python.build:Building ROS package in '/home/tony_stark/ros2_ws/src/msgs' with build type 'ament_python'
[1.392s] Level 1:colcon.colcon_core.shell:create_environment_hook('msgs', 'ament_prefix_path')
[1.396s] INFO:colcon.colcon_core.shell:Creating environment hook '/home/tony_stark/ros2_ws/install/msgs/share/msgs/hook/ament_prefix_path.ps1'
[1.397s] INFO:colcon.colcon_core.shell:Creating environment descriptor '/home/tony_stark/ros2_ws/install/msgs/share/msgs/hook/ament_prefix_path.dsv'
[1.398s] INFO:colcon.colcon_core.shell:Creating environment hook '/home/tony_stark/ros2_ws/install/msgs/share/msgs/hook/ament_prefix_path.sh'
[1.401s] INFO:colcon.colcon_core.shell:Skip shell extension 'powershell' for command environment: Not usable outside of PowerShell
[1.402s] DEBUG:colcon.colcon_core.shell:Skip shell extension 'dsv' for command environment
[2.183s] INFO:colcon.colcon_core.task.python.build:Building Python package in '/home/tony_stark/ros2_ws/src/autonomous_exploration'
[2.189s] INFO:colcon.colcon_core.shell:Skip shell extension 'powershell' for command environment: Not usable outside of PowerShell
[2.189s] DEBUG:colcon.colcon_core.shell:Skip shell extension 'dsv' for command environment
[2.892s] INFO:colcon.colcon_core.task.python.build:Building Python package in '/home/tony_stark/ros2_ws/src/msgs'
[2.897s] INFO:colcon.colcon_core.shell:Skip shell extension 'powershell' for command environment: Not usable outside of PowerShell
[2.897s] DEBUG:colcon.colcon_core.shell:Skip shell extension 'dsv' for command environment
[4.411s] DEBUG:colcon.colcon_core.event_handler.log_command:Invoking command in '/home/tony_stark/ros2_ws/src/msgs': PYTHONPATH=/home/tony_stark/ros2_ws/build/msgs/prefix_override:/home/tony_stark/ros2_ws/install/msgs/lib/python3.10/site-packages:${PYTHONPATH} /usr/bin/python3 setup.py egg_info --egg-base ../../build/msgs build --build-base /home/tony_stark/ros2_ws/build/msgs/build install --record /home/tony_stark/ros2_ws/build/msgs/install.log --single-version-externally-managed
[5.331s] DEBUG:colcon.colcon_core.event_handler.log_command:Invoking command in '/home/tony_stark/ros2_ws/src/autonomous_exploration': PYTHONPATH=/home/tony_stark/ros2_ws/build/autonomous_exploration/prefix_override:/home/tony_stark/ros2_ws/install/autonomous_exploration/lib/python3.10/site-packages:${PYTHONPATH} /usr/bin/python3 setup.py egg_info --egg-base ../../build/autonomous_exploration build --build-base /home/tony_stark/ros2_ws/build/autonomous_exploration/build install --record /home/tony_stark/ros2_ws/build/autonomous_exploration/install.log --single-version-externally-managed
[5.697s] DEBUG:colcon.colcon_core.event_handler.log_command:Invoked command in '/home/tony_stark/ros2_ws/src/msgs' returned '0': PYTHONPATH=/home/tony_stark/ros2_ws/build/msgs/prefix_override:/home/tony_stark/ros2_ws/install/msgs/lib/python3.10/site-packages:${PYTHONPATH} /usr/bin/python3 setup.py egg_info --egg-base ../../build/msgs build --build-base /home/tony_stark/ros2_ws/build/msgs/build install --record /home/tony_stark/ros2_ws/build/msgs/install.log --single-version-externally-managed
[5.717s] Level 1:colcon.colcon_core.environment:checking '/home/tony_stark/ros2_ws/install/msgs' for CMake module files
[5.718s] Level 1:colcon.colcon_core.environment:checking '/home/tony_stark/ros2_ws/install/msgs' for CMake config files
[5.720s] Level 1:colcon.colcon_core.environment:checking '/home/tony_stark/ros2_ws/install/msgs/lib'
[5.720s] Level 1:colcon.colcon_core.environment:checking '/home/tony_stark/ros2_ws/install/msgs/bin'
[5.721s] Level 1:colcon.colcon_core.environment:checking '/home/tony_stark/ros2_ws/install/msgs/lib/pkgconfig/msgs.pc'
[5.721s] Level 1:colcon.colcon_core.environment:checking '/home/tony_stark/ros2_ws/install/msgs/lib/python3.10/site-packages'
[5.721s] Level 1:colcon.colcon_core.shell:create_environment_hook('msgs', 'pythonpath')
[5.728s] INFO:colcon.colcon_core.shell:Creating environment hook '/home/tony_stark/ros2_ws/install/msgs/share/msgs/hook/pythonpath.ps1'
[5.730s] INFO:colcon.colcon_core.shell:Creating environment descriptor '/home/tony_stark/ros2_ws/install/msgs/share/msgs/hook/pythonpath.dsv'
[5.731s] INFO:colcon.colcon_core.shell:Creating environment hook '/home/tony_stark/ros2_ws/install/msgs/share/msgs/hook/pythonpath.sh'
[5.733s] Level 1:colcon.colcon_core.environment:checking '/home/tony_stark/ros2_ws/install/msgs/bin'
[5.733s] Level 1:colcon.colcon_core.environment:create_environment_scripts_only(msgs)
[5.738s] INFO:colcon.colcon_core.shell:Creating package script '/home/tony_stark/ros2_ws/install/msgs/share/msgs/package.ps1'
[5.741s] INFO:colcon.colcon_core.shell:Creating package descriptor '/home/tony_stark/ros2_ws/install/msgs/share/msgs/package.dsv'
[5.744s] INFO:colcon.colcon_core.shell:Creating package script '/home/tony_stark/ros2_ws/install/msgs/share/msgs/package.sh'
[5.746s] INFO:colcon.colcon_core.shell:Creating package script '/home/tony_stark/ros2_ws/install/msgs/share/msgs/package.bash'
[5.749s] INFO:colcon.colcon_core.shell:Creating package script '/home/tony_stark/ros2_ws/install/msgs/share/msgs/package.zsh'
[5.751s] Level 1:colcon.colcon_core.environment:create_file_with_runtime_dependencies(/home/tony_stark/ros2_ws/install/msgs/share/colcon-core/packages/msgs)
[5.753s] INFO:colcon.colcon_ros.task.ament_python.build:Building ROS package in '/home/tony_stark/ros2_ws/src/navigation_module' with build type 'ament_python'
[5.754s] Level 1:colcon.colcon_core.shell:create_environment_hook('navigation_module', 'ament_prefix_path')
[5.758s] INFO:colcon.colcon_core.shell:Creating environment hook '/home/tony_stark/ros2_ws/install/navigation_module/share/navigation_module/hook/ament_prefix_path.ps1'
[5.760s] INFO:colcon.colcon_core.shell:Creating environment descriptor '/home/tony_stark/ros2_ws/install/navigation_module/share/navigation_module/hook/ament_prefix_path.dsv'
[5.762s] INFO:colcon.colcon_core.shell:Creating environment hook '/home/tony_stark/ros2_ws/install/navigation_module/share/navigation_module/hook/ament_prefix_path.sh'
[5.771s] INFO:colcon.colcon_core.shell:Skip shell extension 'powershell' for command environment: Not usable outside of PowerShell
[5.771s] DEBUG:colcon.colcon_core.shell:Skip shell extension 'dsv' for command environment
[6.817s] INFO:colcon.colcon_core.task.python.build:Building Python package in '/home/tony_stark/ros2_ws/src/navigation_module'
[6.829s] INFO:colcon.colcon_core.shell:Skip shell extension 'powershell' for command environment: Not usable outside of PowerShell
[6.829s] DEBUG:colcon.colcon_core.shell:Skip shell extension 'dsv' for command environment
[7.299s] Level 1:colcon.colcon_core.environment:checking '/home/tony_stark/ros2_ws/install/autonomous_exploration' for CMake module files
[7.302s] DEBUG:colcon.colcon_core.event_handler.log_command:Invoked command in '/home/tony_stark/ros2_ws/src/autonomous_exploration' returned '0': PYTHONPATH=/home/tony_stark/ros2_ws/build/autonomous_exploration/prefix_override:/home/tony_stark/ros2_ws/install/autonomous_exploration/lib/python3.10/site-packages:${PYTHONPATH} /usr/bin/python3 setup.py egg_info --egg-base ../../build/autonomous_exploration build --build-base /home/tony_stark/ros2_ws/build/autonomous_exploration/build install --record /home/tony_stark/ros2_ws/build/autonomous_exploration/install.log --single-version-externally-managed
[7.303s] Level 1:colcon.colcon_core.environment:checking '/home/tony_stark/ros2_ws/install/autonomous_exploration' for CMake config files
[7.305s] Level 1:colcon.colcon_core.environment:checking '/home/tony_stark/ros2_ws/install/autonomous_exploration/lib'
[7.305s] Level 1:colcon.colcon_core.environment:checking '/home/tony_stark/ros2_ws/install/autonomous_exploration/bin'
[7.306s] Level 1:colcon.colcon_core.environment:checking '/home/tony_stark/ros2_ws/install/autonomous_exploration/lib/pkgconfig/autonomous_exploration.pc'
[7.307s] Level 1:colcon.colcon_core.environment:checking '/home/tony_stark/ros2_ws/install/autonomous_exploration/lib/python3.10/site-packages'
[7.307s] Level 1:colcon.colcon_core.shell:create_environment_hook('autonomous_exploration', 'pythonpath')
[7.313s] INFO:colcon.colcon_core.shell:Creating environment hook '/home/tony_stark/ros2_ws/install/autonomous_exploration/share/autonomous_exploration/hook/pythonpath.ps1'
[7.315s] INFO:colcon.colcon_core.shell:Creating environment descriptor '/home/tony_stark/ros2_ws/install/autonomous_exploration/share/autonomous_exploration/hook/pythonpath.dsv'
[7.317s] INFO:colcon.colcon_core.shell:Creating environment hook '/home/tony_stark/ros2_ws/install/autonomous_exploration/share/autonomous_exploration/hook/pythonpath.sh'
[7.319s] Level 1:colcon.colcon_core.environment:checking '/home/tony_stark/ros2_ws/install/autonomous_exploration/bin'
[7.320s] Level 1:colcon.colcon_core.environment:create_environment_scripts_only(autonomous_exploration)
[7.327s] INFO:colcon.colcon_core.shell:Creating package script '/home/tony_stark/ros2_ws/install/autonomous_exploration/share/autonomous_exploration/package.ps1'
[7.332s] INFO:colcon.colcon_core.shell:Creating package descriptor '/home/tony_stark/ros2_ws/install/autonomous_exploration/share/autonomous_exploration/package.dsv'
[7.335s] INFO:colcon.colcon_core.shell:Creating package script '/home/tony_stark/ros2_ws/install/autonomous_exploration/share/autonomous_exploration/package.sh'
[7.337s] INFO:colcon.colcon_core.shell:Creating package script '/home/tony_stark/ros2_ws/install/autonomous_exploration/share/autonomous_exploration/package.bash'
[7.339s] INFO:colcon.colcon_core.shell:Creating package script '/home/tony_stark/ros2_ws/install/autonomous_exploration/share/autonomous_exploration/package.zsh'
[7.342s] Level 1:colcon.colcon_core.environment:create_file_with_runtime_dependencies(/home/tony_stark/ros2_ws/install/autonomous_exploration/share/colcon-core/packages/autonomous_exploration)
[7.343s] INFO:colcon.colcon_ros.task.ament_python.build:Building ROS package in '/home/tony_stark/ros2_ws/src/sample_package' with build type 'ament_python'
[7.344s] Level 1:colcon.colcon_core.shell:create_environment_hook('sample_package', 'ament_prefix_path')
[7.350s] INFO:colcon.colcon_core.shell:Creating environment hook '/home/tony_stark/ros2_ws/install/sample_package/share/sample_package/hook/ament_prefix_path.ps1'
[7.353s] INFO:colcon.colcon_core.shell:Creating environment descriptor '/home/tony_stark/ros2_ws/install/sample_package/share/sample_package/hook/ament_prefix_path.dsv'
[7.355s] INFO:colcon.colcon_core.shell:Creating environment hook '/home/tony_stark/ros2_ws/install/sample_package/share/sample_package/hook/ament_prefix_path.sh'
[7.367s] INFO:colcon.colcon_core.shell:Skip shell extension 'powershell' for command environment: Not usable outside of PowerShell
[7.367s] DEBUG:colcon.colcon_core.shell:Skip shell extension 'dsv' for command environment
[8.632s] INFO:colcon.colcon_core.task.python.build:Building Python package in '/home/tony_stark/ros2_ws/src/sample_package'
[8.645s] INFO:colcon.colcon_core.shell:Skip shell extension 'powershell' for command environment: Not usable outside of PowerShell
[8.646s] DEBUG:colcon.colcon_core.shell:Skip shell extension 'dsv' for command environment
[8.925s] DEBUG:colcon.colcon_core.event_handler.log_command:Invoking command in '/home/tony_stark/ros2_ws/src/navigation_module': PYTHONPATH=/home/tony_stark/ros2_ws/build/navigation_module/prefix_override:/home/tony_stark/ros2_ws/install/navigation_module/lib/python3.10/site-packages:${PYTHONPATH} /usr/bin/python3 setup.py egg_info --egg-base ../../build/navigation_module build --build-base /home/tony_stark/ros2_ws/build/navigation_module/build install --record /home/tony_stark/ros2_ws/build/navigation_module/install.log --single-version-externally-managed
[10.076s] DEBUG:colcon.colcon_core.event_handler.log_command:Invoked command in '/home/tony_stark/ros2_ws/src/navigation_module' returned '0': PYTHONPATH=/home/tony_stark/ros2_ws/build/navigation_module/prefix_override:/home/tony_stark/ros2_ws/install/navigation_module/lib/python3.10/site-packages:${PYTHONPATH} /usr/bin/python3 setup.py egg_info --egg-base ../../build/navigation_module build --build-base /home/tony_stark/ros2_ws/build/navigation_module/build install --record /home/tony_stark/ros2_ws/build/navigation_module/install.log --single-version-externally-managed
[10.078s] Level 1:colcon.colcon_core.environment:checking '/home/tony_stark/ros2_ws/install/navigation_module' for CMake module files
[10.080s] Level 1:colcon.colcon_core.environment:checking '/home/tony_stark/ros2_ws/install/navigation_module' for CMake config files
[10.081s] Level 1:colcon.colcon_core.environment:checking '/home/tony_stark/ros2_ws/install/navigation_module/lib'
[10.082s] Level 1:colcon.colcon_core.environment:checking '/home/tony_stark/ros2_ws/install/navigation_module/bin'
[10.082s] Level 1:colcon.colcon_core.environment:checking '/home/tony_stark/ros2_ws/install/navigation_module/lib/pkgconfig/navigation_module.pc'
[10.083s] Level 1:colcon.colcon_core.environment:checking '/home/tony_stark/ros2_ws/install/navigation_module/lib/python3.10/site-packages'
[10.083s] Level 1:colcon.colcon_core.shell:create_environment_hook('navigation_module', 'pythonpath')
[10.087s] INFO:colcon.colcon_core.shell:Creating environment hook '/home/tony_stark/ros2_ws/install/navigation_module/share/navigation_module/hook/pythonpath.ps1'
[10.091s] INFO:colcon.colcon_core.shell:Creating environment descriptor '/home/tony_stark/ros2_ws/install/navigation_module/share/navigation_module/hook/pythonpath.dsv'
[10.093s] INFO:colcon.colcon_core.shell:Creating environment hook '/home/tony_stark/ros2_ws/install/navigation_module/share/navigation_module/hook/pythonpath.sh'
[10.095s] Level 1:colcon.colcon_core.environment:checking '/home/tony_stark/ros2_ws/install/navigation_module/bin'
[10.095s] Level 1:colcon.colcon_core.environment:create_environment_scripts_only(navigation_module)
[10.100s] INFO:colcon.colcon_core.shell:Creating package script '/home/tony_stark/ros2_ws/install/navigation_module/share/navigation_module/package.ps1'
[10.101s] INFO:colcon.colcon_core.shell:Creating package descriptor '/home/tony_stark/ros2_ws/install/navigation_module/share/navigation_module/package.dsv'
[10.103s] INFO:colcon.colcon_core.shell:Creating package script '/home/tony_stark/ros2_ws/install/navigation_module/share/navigation_module/package.sh'
[10.105s] INFO:colcon.colcon_core.shell:Creating package script '/home/tony_stark/ros2_ws/install/navigation_module/share/navigation_module/package.bash'
[10.106s] INFO:colcon.colcon_core.shell:Creating package script '/home/tony_stark/ros2_ws/install/navigation_module/share/navigation_module/package.zsh'
[10.108s] Level 1:colcon.colcon_core.environment:create_file_with_runtime_dependencies(/home/tony_stark/ros2_ws/install/navigation_module/share/colcon-core/packages/navigation_module)
[10.596s] DEBUG:colcon.colcon_core.event_handler.log_command:Invoking command in '/home/tony_stark/ros2_ws/src/sample_package': PYTHONPATH=/home/tony_stark/ros2_ws/build/sample_package/prefix_override:/home/tony_stark/ros2_ws/install/sample_package/lib/python3.10/site-packages:${PYTHONPATH} /usr/bin/python3 setup.py egg_info --egg-base ../../build/sample_package build --build-base /home/tony_stark/ros2_ws/build/sample_package/build install --record /home/tony_stark/ros2_ws/build/sample_package/install.log --single-version-externally-managed
[11.380s] Level 1:colcon.colcon_core.environment:checking '/home/tony_stark/ros2_ws/install/sample_package' for CMake module files
[11.381s] DEBUG:colcon.colcon_core.event_handler.log_command:Invoked command in '/home/tony_stark/ros2_ws/src/sample_package' returned '0': PYTHONPATH=/home/tony_stark/ros2_ws/build/sample_package/prefix_override:/home/tony_stark/ros2_ws/install/sample_package/lib/python3.10/site-packages:${PYTHONPATH} /usr/bin/python3 setup.py egg_info --egg-base ../../build/sample_package build --build-base /home/tony_stark/ros2_ws/build/sample_package/build install --record /home/tony_stark/ros2_ws/build/sample_package/install.log --single-version-externally-managed
[11.382s] Level 1:colcon.colcon_core.environment:checking '/home/tony_stark/ros2_ws/install/sample_package' for CMake config files
[11.384s] Level 1:colcon.colcon_core.environment:checking '/home/tony_stark/ros2_ws/install/sample_package/lib'
[11.384s] Level 1:colcon.colcon_core.environment:checking '/home/tony_stark/ros2_ws/install/sample_package/bin'
[11.384s] Level 1:colcon.colcon_core.environment:checking '/home/tony_stark/ros2_ws/install/sample_package/lib/pkgconfig/sample_package.pc'
[11.385s] Level 1:colcon.colcon_core.environment:checking '/home/tony_stark/ros2_ws/install/sample_package/lib/python3.10/site-packages'
[11.385s] Level 1:colcon.colcon_core.shell:create_environment_hook('sample_package', 'pythonpath')
[11.389s] INFO:colcon.colcon_core.shell:Creating environment hook '/home/tony_stark/ros2_ws/install/sample_package/share/sample_package/hook/pythonpath.ps1'
[11.390s] INFO:colcon.colcon_core.shell:Creating environment descriptor '/home/tony_stark/ros2_ws/install/sample_package/share/sample_package/hook/pythonpath.dsv'
[11.392s] INFO:colcon.colcon_core.shell:Creating environment hook '/home/tony_stark/ros2_ws/install/sample_package/share/sample_package/hook/pythonpath.sh'
[11.393s] Level 1:colcon.colcon_core.environment:checking '/home/tony_stark/ros2_ws/install/sample_package/bin'
[11.394s] Level 1:colcon.colcon_core.environment:create_environment_scripts_only(sample_package)
[11.398s] INFO:colcon.colcon_core.shell:Creating package script '/home/tony_stark/ros2_ws/install/sample_package/share/sample_package/package.ps1'
[11.399s] INFO:colcon.colcon_core.shell:Creating package descriptor '/home/tony_stark/ros2_ws/install/sample_package/share/sample_package/package.dsv'
[11.401s] INFO:colcon.colcon_core.shell:Creating package script '/home/tony_stark/ros2_ws/install/sample_package/share/sample_package/package.sh'
[11.402s] INFO:colcon.colcon_core.shell:Creating package script '/home/tony_stark/ros2_ws/install/sample_package/share/sample_package/package.bash'
[11.403s] INFO:colcon.colcon_core.shell:Creating package script '/home/tony_stark/ros2_ws/install/sample_package/share/sample_package/package.zsh'
[11.404s] Level 1:colcon.colcon_core.environment:create_file_with_runtime_dependencies(/home/tony_stark/ros2_ws/install/sample_package/share/colcon-core/packages/sample_package)
[11.405s] DEBUG:colcon.colcon_parallel_executor.executor.parallel:closing loop
[11.407s] DEBUG:colcon.colcon_parallel_executor.executor.parallel:loop closed
[11.408s] DEBUG:colcon.colcon_parallel_executor.executor.parallel:run_until_complete finished with '0'
[11.408s] DEBUG:colcon.colcon_core.event_reactor:joining thread
[11.422s] INFO:colcon.colcon_core.plugin_system:Skipping extension 'colcon_notification.desktop_notification.terminal_notifier': Not used on non-Darwin systems
[11.423s] INFO:colcon.colcon_core.plugin_system:Skipping extension 'colcon_notification.desktop_notification.win32': Not used on non-Windows systems
[11.423s] INFO:colcon.colcon_notification.desktop_notification:Sending desktop notification using 'notify2'
[11.454s] DEBUG:colcon.colcon_core.event_reactor:joined thread
[11.459s] INFO:colcon.colcon_core.shell:Creating prefix script '/home/tony_stark/ros2_ws/install/local_setup.ps1'
[11.462s] INFO:colcon.colcon_core.shell:Creating prefix util module '/home/tony_stark/ros2_ws/install/_local_setup_util_ps1.py'
[11.467s] INFO:colcon.colcon_core.shell:Creating prefix chain script '/home/tony_stark/ros2_ws/install/setup.ps1'
[11.477s] INFO:colcon.colcon_core.shell:Creating prefix script '/home/tony_stark/ros2_ws/install/local_setup.sh'
[11.479s] INFO:colcon.colcon_core.shell:Creating prefix util module '/home/tony_stark/ros2_ws/install/_local_setup_util_sh.py'
[11.481s] INFO:colcon.colcon_core.shell:Creating prefix chain script '/home/tony_stark/ros2_ws/install/setup.sh'
[11.486s] INFO:colcon.colcon_core.shell:Creating prefix script '/home/tony_stark/ros2_ws/install/local_setup.bash'
[11.488s] INFO:colcon.colcon_core.shell:Creating prefix chain script '/home/tony_stark/ros2_ws/install/setup.bash'
[11.493s] INFO:colcon.colcon_core.shell:Creating prefix script '/home/tony_stark/ros2_ws/install/local_setup.zsh'
[11.495s] INFO:colcon.colcon_core.shell:Creating prefix chain script '/home/tony_stark/ros2_ws/install/setup.zsh'
