[2.497s] Invoking command in '/home/tony_stark/ros2_ws/src/navigation_module': PYTHONPATH=/home/tony_stark/ros2_ws/build/navigation_module/prefix_override:/home/tony_stark/ros2_ws/install/navigation_module/lib/python3.10/site-packages:${PYTHONPATH} /usr/bin/python3 setup.py egg_info --egg-base ../../build/navigation_module build --build-base /home/tony_stark/ros2_ws/build/navigation_module/build install --record /home/tony_stark/ros2_ws/build/navigation_module/install.log --single-version-externally-managed
[3.449s] running egg_info
[3.453s] writing ../../build/navigation_module/navigation_module.egg-info/PKG-INFO
[3.455s] writing dependency_links to ../../build/navigation_module/navigation_module.egg-info/dependency_links.txt
[3.460s] writing entry points to ../../build/navigation_module/navigation_module.egg-info/entry_points.txt
[3.463s] writing requirements to ../../build/navigation_module/navigation_module.egg-info/requires.txt
[3.466s] writing top-level names to ../../build/navigation_module/navigation_module.egg-info/top_level.txt
[3.474s] reading manifest file '../../build/navigation_module/navigation_module.egg-info/SOURCES.txt'
[3.483s] writing manifest file '../../build/navigation_module/navigation_module.egg-info/SOURCES.txt'
[3.486s] running build
[3.487s] running build_py
[3.489s] copying navigation_module/slam_stop.py -> /home/tony_stark/ros2_ws/build/navigation_module/build/lib/navigation_module
[3.492s] running install
[3.494s] running install_lib
[3.498s] copying /home/tony_stark/ros2_ws/build/navigation_module/build/lib/navigation_module/slam_stop.py -> /home/tony_stark/ros2_ws/install/navigation_module/lib/python3.10/site-packages/navigation_module
[3.502s] byte-compiling /home/tony_stark/ros2_ws/install/navigation_module/lib/python3.10/site-packages/navigation_module/slam_stop.py to slam_stop.cpython-310.pyc
[3.506s] running install_data
[3.509s] copying launch/houselaunch.py -> /home/tony_stark/ros2_ws/install/navigation_module/share/navigation_module
[3.512s] running install_egg_info
[3.518s] removing '/home/tony_stark/ros2_ws/install/navigation_module/lib/python3.10/site-packages/navigation_module-0.0.0-py3.10.egg-info' (and everything under it)
[3.534s] Copying ../../build/navigation_module/navigation_module.egg-info to /home/tony_stark/ros2_ws/install/navigation_module/lib/python3.10/site-packages/navigation_module-0.0.0-py3.10.egg-info
[3.535s] running install_scripts
[3.588s] writing list of installed files to '/home/tony_stark/ros2_ws/build/navigation_module/install.log'
[3.684s] Invoked command in '/home/tony_stark/ros2_ws/src/navigation_module' returned '0': PYTHONPATH=/home/tony_stark/ros2_ws/build/navigation_module/prefix_override:/home/tony_stark/ros2_ws/install/navigation_module/lib/python3.10/site-packages:${PYTHONPATH} /usr/bin/python3 setup.py egg_info --egg-base ../../build/navigation_module build --build-base /home/tony_stark/ros2_ws/build/navigation_module/build install --record /home/tony_stark/ros2_ws/build/navigation_module/install.log --single-version-externally-managed
