[1.450s] DEBUG:colcon:Command line arguments: ['/usr/bin/colcon', 'build']
[1.450s] DEBUG:colcon:Parsed command line arguments: Namespace(log_base=None, log_level=None, verb_name='build', build_base='build', install_base='install', merge_install=False, symlink_install=False, test_result_base=None, continue_on_error=False, executor='parallel', parallel_workers=4, event_handlers=None, ignore_user_meta=False, metas=['./colcon.meta'], base_paths=['.'], packages_ignore=None, packages_ignore_regex=None, paths=None, packages_up_to=None, packages_up_to_regex=None, packages_above=None, packages_above_and_dependencies=None, packages_above_depth=None, packages_select_by_dep=None, packages_skip_by_dep=None, packages_skip_up_to=None, packages_select_build_failed=False, packages_skip_build_finished=False, packages_select_test_failures=False, packages_skip_test_passed=False, packages_select=None, packages_skip=None, packages_select_regex=None, packages_skip_regex=None, packages_start=None, packages_end=None, allow_overriding=[], cmake_args=None, cmake_target=None, cmake_target_skip_unavailable=False, cmake_clean_cache=False, cmake_clean_first=False, cmake_force_configure=False, ament_cmake_args=None, catkin_cmake_args=None, catkin_skip_building_tests=False, verb_parser=<colcon_defaults.argument_parser.defaults.DefaultArgumentsDecorator object at 0xffffa005e800>, verb_extension=<colcon_core.verb.build.BuildVerb object at 0xffffa08dba30>, main=<bound method BuildVerb.main of <colcon_core.verb.build.BuildVerb object at 0xffffa08dba30>>)
[1.583s] Level 1:colcon.colcon_core.package_discovery:discover_packages(colcon_meta) check parameters
[1.584s] Level 1:colcon.colcon_core.package_discovery:discover_packages(recursive) check parameters
[1.584s] Level 1:colcon.colcon_core.package_discovery:discover_packages(ignore) check parameters
[1.584s] Level 1:colcon.colcon_core.package_discovery:discover_packages(path) check parameters
[1.584s] Level 1:colcon.colcon_core.package_discovery:discover_packages(colcon_meta) discover
[1.584s] Level 1:colcon.colcon_core.package_discovery:discover_packages(recursive) discover
[1.584s] INFO:colcon.colcon_core.package_discovery:Crawling recursively for packages in '/home/Isaac/ros2_ws'
[1.585s] Level 1:colcon.colcon_core.package_identification:_identify(.) by extensions ['ignore', 'ignore_ament_install']
[1.585s] Level 1:colcon.colcon_core.package_identification:_identify(.) by extension 'ignore'
[1.585s] Level 1:colcon.colcon_core.package_identification:_identify(.) by extension 'ignore_ament_install'
[1.586s] Level 1:colcon.colcon_core.package_identification:_identify(.) by extensions ['colcon_pkg']
[1.586s] Level 1:colcon.colcon_core.package_identification:_identify(.) by extension 'colcon_pkg'
[1.586s] Level 1:colcon.colcon_core.package_identification:_identify(.) by extensions ['colcon_meta']
[1.586s] Level 1:colcon.colcon_core.package_identification:_identify(.) by extension 'colcon_meta'
[1.586s] Level 1:colcon.colcon_core.package_identification:_identify(.) by extensions ['ros']
[1.586s] Level 1:colcon.colcon_core.package_identification:_identify(.) by extension 'ros'
[1.634s] Level 1:colcon.colcon_core.package_identification:_identify(.) by extensions ['cmake', 'python']
[1.634s] Level 1:colcon.colcon_core.package_identification:_identify(.) by extension 'cmake'
[1.634s] Level 1:colcon.colcon_core.package_identification:_identify(.) by extension 'python'
[1.634s] Level 1:colcon.colcon_core.package_identification:_identify(.) by extensions ['python_setup_py']
[1.634s] Level 1:colcon.colcon_core.package_identification:_identify(.) by extension 'python_setup_py'
[1.635s] Level 1:colcon.colcon_core.package_identification:_identify(build) by extensions ['ignore', 'ignore_ament_install']
[1.635s] Level 1:colcon.colcon_core.package_identification:_identify(build) by extension 'ignore'
[1.635s] Level 1:colcon.colcon_core.package_identification:_identify(build) ignored
[1.636s] Level 1:colcon.colcon_core.package_identification:_identify(install) by extensions ['ignore', 'ignore_ament_install']
[1.636s] Level 1:colcon.colcon_core.package_identification:_identify(install) by extension 'ignore'
[1.637s] Level 1:colcon.colcon_core.package_identification:_identify(install) ignored
[1.644s] Level 1:colcon.colcon_core.package_identification:_identify(log) by extensions ['ignore', 'ignore_ament_install']
[1.645s] Level 1:colcon.colcon_core.package_identification:_identify(log) by extension 'ignore'
[1.645s] Level 1:colcon.colcon_core.package_identification:_identify(log) ignored
[1.645s] Level 1:colcon.colcon_core.package_identification:_identify(maps) by extensions ['ignore', 'ignore_ament_install']
[1.646s] Level 1:colcon.colcon_core.package_identification:_identify(maps) by extension 'ignore'
[1.646s] Level 1:colcon.colcon_core.package_identification:_identify(maps) by extension 'ignore_ament_install'
[1.646s] Level 1:colcon.colcon_core.package_identification:_identify(maps) by extensions ['colcon_pkg']
[1.646s] Level 1:colcon.colcon_core.package_identification:_identify(maps) by extension 'colcon_pkg'
[1.646s] Level 1:colcon.colcon_core.package_identification:_identify(maps) by extensions ['colcon_meta']
[1.646s] Level 1:colcon.colcon_core.package_identification:_identify(maps) by extension 'colcon_meta'
[1.647s] Level 1:colcon.colcon_core.package_identification:_identify(maps) by extensions ['ros']
[1.647s] Level 1:colcon.colcon_core.package_identification:_identify(maps) by extension 'ros'
[1.647s] Level 1:colcon.colcon_core.package_identification:_identify(maps) by extensions ['cmake', 'python']
[1.647s] Level 1:colcon.colcon_core.package_identification:_identify(maps) by extension 'cmake'
[1.647s] Level 1:colcon.colcon_core.package_identification:_identify(maps) by extension 'python'
[1.647s] Level 1:colcon.colcon_core.package_identification:_identify(maps) by extensions ['python_setup_py']
[1.648s] Level 1:colcon.colcon_core.package_identification:_identify(maps) by extension 'python_setup_py'
[1.648s] Level 1:colcon.colcon_core.package_identification:_identify(models) by extensions ['ignore', 'ignore_ament_install']
[1.648s] Level 1:colcon.colcon_core.package_identification:_identify(models) by extension 'ignore'
[1.648s] Level 1:colcon.colcon_core.package_identification:_identify(models) by extension 'ignore_ament_install'
[1.649s] Level 1:colcon.colcon_core.package_identification:_identify(models) by extensions ['colcon_pkg']
[1.649s] Level 1:colcon.colcon_core.package_identification:_identify(models) by extension 'colcon_pkg'
[1.649s] Level 1:colcon.colcon_core.package_identification:_identify(models) by extensions ['colcon_meta']
[1.649s] Level 1:colcon.colcon_core.package_identification:_identify(models) by extension 'colcon_meta'
[1.649s] Level 1:colcon.colcon_core.package_identification:_identify(models) by extensions ['ros']
[1.649s] Level 1:colcon.colcon_core.package_identification:_identify(models) by extension 'ros'
[1.650s] Level 1:colcon.colcon_core.package_identification:_identify(models) by extensions ['cmake', 'python']
[1.650s] Level 1:colcon.colcon_core.package_identification:_identify(models) by extension 'cmake'
[1.650s] Level 1:colcon.colcon_core.package_identification:_identify(models) by extension 'python'
[1.650s] Level 1:colcon.colcon_core.package_identification:_identify(models) by extensions ['python_setup_py']
[1.650s] Level 1:colcon.colcon_core.package_identification:_identify(models) by extension 'python_setup_py'
[1.651s] Level 1:colcon.colcon_core.package_identification:_identify(src) by extensions ['ignore', 'ignore_ament_install']
[1.651s] Level 1:colcon.colcon_core.package_identification:_identify(src) by extension 'ignore'
[1.651s] Level 1:colcon.colcon_core.package_identification:_identify(src) by extension 'ignore_ament_install'
[1.651s] Level 1:colcon.colcon_core.package_identification:_identify(src) by extensions ['colcon_pkg']
[1.651s] Level 1:colcon.colcon_core.package_identification:_identify(src) by extension 'colcon_pkg'
[1.652s] Level 1:colcon.colcon_core.package_identification:_identify(src) by extensions ['colcon_meta']
[1.652s] Level 1:colcon.colcon_core.package_identification:_identify(src) by extension 'colcon_meta'
[1.652s] Level 1:colcon.colcon_core.package_identification:_identify(src) by extensions ['ros']
[1.652s] Level 1:colcon.colcon_core.package_identification:_identify(src) by extension 'ros'
[1.652s] Level 1:colcon.colcon_core.package_identification:_identify(src) by extensions ['cmake', 'python']
[1.653s] Level 1:colcon.colcon_core.package_identification:_identify(src) by extension 'cmake'
[1.653s] Level 1:colcon.colcon_core.package_identification:_identify(src) by extension 'python'
[1.653s] Level 1:colcon.colcon_core.package_identification:_identify(src) by extensions ['python_setup_py']
[1.653s] Level 1:colcon.colcon_core.package_identification:_identify(src) by extension 'python_setup_py'
[1.653s] Level 1:colcon.colcon_core.package_identification:_identify(src/autonomous_exploration) by extensions ['ignore', 'ignore_ament_install']
[1.654s] Level 1:colcon.colcon_core.package_identification:_identify(src/autonomous_exploration) by extension 'ignore'
[1.654s] Level 1:colcon.colcon_core.package_identification:_identify(src/autonomous_exploration) by extension 'ignore_ament_install'
[1.654s] Level 1:colcon.colcon_core.package_identification:_identify(src/autonomous_exploration) by extensions ['colcon_pkg']
[1.654s] Level 1:colcon.colcon_core.package_identification:_identify(src/autonomous_exploration) by extension 'colcon_pkg'
[1.654s] Level 1:colcon.colcon_core.package_identification:_identify(src/autonomous_exploration) by extensions ['colcon_meta']
[1.654s] Level 1:colcon.colcon_core.package_identification:_identify(src/autonomous_exploration) by extension 'colcon_meta'
[1.655s] Level 1:colcon.colcon_core.package_identification:_identify(src/autonomous_exploration) by extensions ['ros']
[1.655s] Level 1:colcon.colcon_core.package_identification:_identify(src/autonomous_exploration) by extension 'ros'
[1.662s] DEBUG:colcon.colcon_core.package_identification:Package 'src/autonomous_exploration' with type 'ros.ament_python' and name 'autonomous_exploration'
[1.663s] Level 1:colcon.colcon_core.package_identification:_identify(src/diffdrive_arduino) by extensions ['ignore', 'ignore_ament_install']
[1.663s] Level 1:colcon.colcon_core.package_identification:_identify(src/diffdrive_arduino) by extension 'ignore'
[1.664s] Level 1:colcon.colcon_core.package_identification:_identify(src/diffdrive_arduino) by extension 'ignore_ament_install'
[1.664s] Level 1:colcon.colcon_core.package_identification:_identify(src/diffdrive_arduino) by extensions ['colcon_pkg']
[1.664s] Level 1:colcon.colcon_core.package_identification:_identify(src/diffdrive_arduino) by extension 'colcon_pkg'
[1.664s] Level 1:colcon.colcon_core.package_identification:_identify(src/diffdrive_arduino) by extensions ['colcon_meta']
[1.664s] Level 1:colcon.colcon_core.package_identification:_identify(src/diffdrive_arduino) by extension 'colcon_meta'
[1.665s] Level 1:colcon.colcon_core.package_identification:_identify(src/diffdrive_arduino) by extensions ['ros']
[1.665s] Level 1:colcon.colcon_core.package_identification:_identify(src/diffdrive_arduino) by extension 'ros'
[1.669s] DEBUG:colcon.colcon_core.package_identification:Package 'src/diffdrive_arduino' with type 'ros.ament_cmake' and name 'diffdrive_arduino'
[1.669s] Level 1:colcon.colcon_core.package_identification:_identify(src/msgs) by extensions ['ignore', 'ignore_ament_install']
[1.670s] Level 1:colcon.colcon_core.package_identification:_identify(src/msgs) by extension 'ignore'
[1.670s] Level 1:colcon.colcon_core.package_identification:_identify(src/msgs) by extension 'ignore_ament_install'
[1.670s] Level 1:colcon.colcon_core.package_identification:_identify(src/msgs) by extensions ['colcon_pkg']
[1.670s] Level 1:colcon.colcon_core.package_identification:_identify(src/msgs) by extension 'colcon_pkg'
[1.671s] Level 1:colcon.colcon_core.package_identification:_identify(src/msgs) by extensions ['colcon_meta']
[1.671s] Level 1:colcon.colcon_core.package_identification:_identify(src/msgs) by extension 'colcon_meta'
[1.671s] Level 1:colcon.colcon_core.package_identification:_identify(src/msgs) by extensions ['ros']
[1.671s] Level 1:colcon.colcon_core.package_identification:_identify(src/msgs) by extension 'ros'
[1.674s] DEBUG:colcon.colcon_core.package_identification:Package 'src/msgs' with type 'ros.ament_python' and name 'msgs'
[1.674s] Level 1:colcon.colcon_core.package_identification:_identify(src/sample_package) by extensions ['ignore', 'ignore_ament_install']
[1.675s] Level 1:colcon.colcon_core.package_identification:_identify(src/sample_package) by extension 'ignore'
[1.675s] Level 1:colcon.colcon_core.package_identification:_identify(src/sample_package) by extension 'ignore_ament_install'
[1.675s] Level 1:colcon.colcon_core.package_identification:_identify(src/sample_package) by extensions ['colcon_pkg']
[1.675s] Level 1:colcon.colcon_core.package_identification:_identify(src/sample_package) by extension 'colcon_pkg'
[1.675s] Level 1:colcon.colcon_core.package_identification:_identify(src/sample_package) by extensions ['colcon_meta']
[1.676s] Level 1:colcon.colcon_core.package_identification:_identify(src/sample_package) by extension 'colcon_meta'
[1.676s] Level 1:colcon.colcon_core.package_identification:_identify(src/sample_package) by extensions ['ros']
[1.676s] Level 1:colcon.colcon_core.package_identification:_identify(src/sample_package) by extension 'ros'
[1.678s] DEBUG:colcon.colcon_core.package_identification:Package 'src/sample_package' with type 'ros.ament_python' and name 'sample_package'
[1.679s] Level 1:colcon.colcon_core.package_identification:_identify(src/serial) by extensions ['ignore', 'ignore_ament_install']
[1.679s] Level 1:colcon.colcon_core.package_identification:_identify(src/serial) by extension 'ignore'
[1.679s] Level 1:colcon.colcon_core.package_identification:_identify(src/serial) by extension 'ignore_ament_install'
[1.679s] Level 1:colcon.colcon_core.package_identification:_identify(src/serial) by extensions ['colcon_pkg']
[1.680s] Level 1:colcon.colcon_core.package_identification:_identify(src/serial) by extension 'colcon_pkg'
[1.680s] Level 1:colcon.colcon_core.package_identification:_identify(src/serial) by extensions ['colcon_meta']
[1.680s] Level 1:colcon.colcon_core.package_identification:_identify(src/serial) by extension 'colcon_meta'
[1.680s] Level 1:colcon.colcon_core.package_identification:_identify(src/serial) by extensions ['ros']
[1.680s] Level 1:colcon.colcon_core.package_identification:_identify(src/serial) by extension 'ros'
[1.682s] DEBUG:colcon.colcon_core.package_identification:Package 'src/serial' with type 'ros.ament_cmake' and name 'serial'
[1.683s] Level 1:colcon.colcon_core.package_identification:_identify(src/serial_motor_demo) by extensions ['ignore', 'ignore_ament_install']
[1.683s] Level 1:colcon.colcon_core.package_identification:_identify(src/serial_motor_demo) by extension 'ignore'
[1.683s] Level 1:colcon.colcon_core.package_identification:_identify(src/serial_motor_demo) by extension 'ignore_ament_install'
[1.683s] Level 1:colcon.colcon_core.package_identification:_identify(src/serial_motor_demo) by extensions ['colcon_pkg']
[1.684s] Level 1:colcon.colcon_core.package_identification:_identify(src/serial_motor_demo) by extension 'colcon_pkg'
[1.684s] Level 1:colcon.colcon_core.package_identification:_identify(src/serial_motor_demo) by extensions ['colcon_meta']
[1.684s] Level 1:colcon.colcon_core.package_identification:_identify(src/serial_motor_demo) by extension 'colcon_meta'
[1.684s] Level 1:colcon.colcon_core.package_identification:_identify(src/serial_motor_demo) by extensions ['ros']
[1.684s] Level 1:colcon.colcon_core.package_identification:_identify(src/serial_motor_demo) by extension 'ros'
[1.685s] Level 1:colcon.colcon_core.package_identification:_identify(src/serial_motor_demo) by extensions ['cmake', 'python']
[1.685s] Level 1:colcon.colcon_core.package_identification:_identify(src/serial_motor_demo) by extension 'cmake'
[1.685s] Level 1:colcon.colcon_core.package_identification:_identify(src/serial_motor_demo) by extension 'python'
[1.685s] Level 1:colcon.colcon_core.package_identification:_identify(src/serial_motor_demo) by extensions ['python_setup_py']
[1.685s] Level 1:colcon.colcon_core.package_identification:_identify(src/serial_motor_demo) by extension 'python_setup_py'
[1.686s] Level 1:colcon.colcon_core.package_identification:_identify(src/serial_motor_demo/serial_motor_demo) by extensions ['ignore', 'ignore_ament_install']
[1.686s] Level 1:colcon.colcon_core.package_identification:_identify(src/serial_motor_demo/serial_motor_demo) by extension 'ignore'
[1.686s] Level 1:colcon.colcon_core.package_identification:_identify(src/serial_motor_demo/serial_motor_demo) by extension 'ignore_ament_install'
[1.686s] Level 1:colcon.colcon_core.package_identification:_identify(src/serial_motor_demo/serial_motor_demo) by extensions ['colcon_pkg']
[1.687s] Level 1:colcon.colcon_core.package_identification:_identify(src/serial_motor_demo/serial_motor_demo) by extension 'colcon_pkg'
[1.687s] Level 1:colcon.colcon_core.package_identification:_identify(src/serial_motor_demo/serial_motor_demo) by extensions ['colcon_meta']
[1.687s] Level 1:colcon.colcon_core.package_identification:_identify(src/serial_motor_demo/serial_motor_demo) by extension 'colcon_meta'
[1.687s] Level 1:colcon.colcon_core.package_identification:_identify(src/serial_motor_demo/serial_motor_demo) by extensions ['ros']
[1.687s] Level 1:colcon.colcon_core.package_identification:_identify(src/serial_motor_demo/serial_motor_demo) by extension 'ros'
[1.690s] DEBUG:colcon.colcon_core.package_identification:Package 'src/serial_motor_demo/serial_motor_demo' with type 'ros.ament_python' and name 'serial_motor_demo'
[1.691s] Level 1:colcon.colcon_core.package_identification:_identify(src/serial_motor_demo/serial_motor_demo_msgs) by extensions ['ignore', 'ignore_ament_install']
[1.691s] Level 1:colcon.colcon_core.package_identification:_identify(src/serial_motor_demo/serial_motor_demo_msgs) by extension 'ignore'
[1.691s] Level 1:colcon.colcon_core.package_identification:_identify(src/serial_motor_demo/serial_motor_demo_msgs) by extension 'ignore_ament_install'
[1.691s] Level 1:colcon.colcon_core.package_identification:_identify(src/serial_motor_demo/serial_motor_demo_msgs) by extensions ['colcon_pkg']
[1.691s] Level 1:colcon.colcon_core.package_identification:_identify(src/serial_motor_demo/serial_motor_demo_msgs) by extension 'colcon_pkg'
[1.692s] Level 1:colcon.colcon_core.package_identification:_identify(src/serial_motor_demo/serial_motor_demo_msgs) by extensions ['colcon_meta']
[1.692s] Level 1:colcon.colcon_core.package_identification:_identify(src/serial_motor_demo/serial_motor_demo_msgs) by extension 'colcon_meta'
[1.692s] Level 1:colcon.colcon_core.package_identification:_identify(src/serial_motor_demo/serial_motor_demo_msgs) by extensions ['ros']
[1.692s] Level 1:colcon.colcon_core.package_identification:_identify(src/serial_motor_demo/serial_motor_demo_msgs) by extension 'ros'
[1.694s] DEBUG:colcon.colcon_core.package_identification:Package 'src/serial_motor_demo/serial_motor_demo_msgs' with type 'ros.ament_cmake' and name 'serial_motor_demo_msgs'
[1.694s] Level 1:colcon.colcon_core.package_discovery:discover_packages(recursive) using defaults
[1.694s] Level 1:colcon.colcon_core.package_discovery:discover_packages(ignore) discover
[1.694s] Level 1:colcon.colcon_core.package_discovery:discover_packages(ignore) using defaults
[1.695s] Level 1:colcon.colcon_core.package_discovery:discover_packages(path) discover
[1.695s] Level 1:colcon.colcon_core.package_discovery:discover_packages(path) using defaults
[1.790s] Level 1:colcon.colcon_core.package_discovery:discover_packages(prefix_path) check parameters
[1.790s] Level 1:colcon.colcon_core.package_discovery:discover_packages(prefix_path) discover
[1.805s] DEBUG:colcon.colcon_installed_package_information.package_discovery:Found 7 installed packages in /home/Isaac/ros2_ws/install
[1.818s] DEBUG:colcon.colcon_installed_package_information.package_discovery:Found 357 installed packages in /opt/ros/humble
[1.826s] Level 1:colcon.colcon_core.package_discovery:discover_packages(prefix_path) using defaults
[2.121s] Level 5:colcon.colcon_core.verb:set package 'autonomous_exploration' build argument 'cmake_args' from command line to 'None'
[2.121s] Level 5:colcon.colcon_core.verb:set package 'autonomous_exploration' build argument 'cmake_target' from command line to 'None'
[2.121s] Level 5:colcon.colcon_core.verb:set package 'autonomous_exploration' build argument 'cmake_target_skip_unavailable' from command line to 'False'
[2.121s] Level 5:colcon.colcon_core.verb:set package 'autonomous_exploration' build argument 'cmake_clean_cache' from command line to 'False'
[2.122s] Level 5:colcon.colcon_core.verb:set package 'autonomous_exploration' build argument 'cmake_clean_first' from command line to 'False'
[2.122s] Level 5:colcon.colcon_core.verb:set package 'autonomous_exploration' build argument 'cmake_force_configure' from command line to 'False'
[2.122s] Level 5:colcon.colcon_core.verb:set package 'autonomous_exploration' build argument 'ament_cmake_args' from command line to 'None'
[2.122s] Level 5:colcon.colcon_core.verb:set package 'autonomous_exploration' build argument 'catkin_cmake_args' from command line to 'None'
[2.122s] Level 5:colcon.colcon_core.verb:set package 'autonomous_exploration' build argument 'catkin_skip_building_tests' from command line to 'False'
[2.122s] DEBUG:colcon.colcon_core.verb:Building package 'autonomous_exploration' with the following arguments: {'ament_cmake_args': None, 'build_base': '/home/Isaac/ros2_ws/build/autonomous_exploration', 'catkin_cmake_args': None, 'catkin_skip_building_tests': False, 'cmake_args': None, 'cmake_clean_cache': False, 'cmake_clean_first': False, 'cmake_force_configure': False, 'cmake_target': None, 'cmake_target_skip_unavailable': False, 'install_base': '/home/Isaac/ros2_ws/install/autonomous_exploration', 'merge_install': False, 'path': '/home/Isaac/ros2_ws/src/autonomous_exploration', 'symlink_install': False, 'test_result_base': None}
[2.126s] Level 5:colcon.colcon_core.verb:set package 'diffdrive_arduino' build argument 'cmake_args' from command line to 'None'
[2.126s] Level 5:colcon.colcon_core.verb:set package 'diffdrive_arduino' build argument 'cmake_target' from command line to 'None'
[2.126s] Level 5:colcon.colcon_core.verb:set package 'diffdrive_arduino' build argument 'cmake_target_skip_unavailable' from command line to 'False'
[2.127s] Level 5:colcon.colcon_core.verb:set package 'diffdrive_arduino' build argument 'cmake_clean_cache' from command line to 'False'
[2.127s] Level 5:colcon.colcon_core.verb:set package 'diffdrive_arduino' build argument 'cmake_clean_first' from command line to 'False'
[2.127s] Level 5:colcon.colcon_core.verb:set package 'diffdrive_arduino' build argument 'cmake_force_configure' from command line to 'False'
[2.127s] Level 5:colcon.colcon_core.verb:set package 'diffdrive_arduino' build argument 'ament_cmake_args' from command line to 'None'
[2.127s] Level 5:colcon.colcon_core.verb:set package 'diffdrive_arduino' build argument 'catkin_cmake_args' from command line to 'None'
[2.127s] Level 5:colcon.colcon_core.verb:set package 'diffdrive_arduino' build argument 'catkin_skip_building_tests' from command line to 'False'
[2.127s] DEBUG:colcon.colcon_core.verb:Building package 'diffdrive_arduino' with the following arguments: {'ament_cmake_args': None, 'build_base': '/home/Isaac/ros2_ws/build/diffdrive_arduino', 'catkin_cmake_args': None, 'catkin_skip_building_tests': False, 'cmake_args': None, 'cmake_clean_cache': False, 'cmake_clean_first': False, 'cmake_force_configure': False, 'cmake_target': None, 'cmake_target_skip_unavailable': False, 'install_base': '/home/Isaac/ros2_ws/install/diffdrive_arduino', 'merge_install': False, 'path': '/home/Isaac/ros2_ws/src/diffdrive_arduino', 'symlink_install': False, 'test_result_base': None}
[2.131s] Level 5:colcon.colcon_core.verb:set package 'msgs' build argument 'cmake_args' from command line to 'None'
[2.131s] Level 5:colcon.colcon_core.verb:set package 'msgs' build argument 'cmake_target' from command line to 'None'
[2.131s] Level 5:colcon.colcon_core.verb:set package 'msgs' build argument 'cmake_target_skip_unavailable' from command line to 'False'
[2.132s] Level 5:colcon.colcon_core.verb:set package 'msgs' build argument 'cmake_clean_cache' from command line to 'False'
[2.132s] Level 5:colcon.colcon_core.verb:set package 'msgs' build argument 'cmake_clean_first' from command line to 'False'
[2.132s] Level 5:colcon.colcon_core.verb:set package 'msgs' build argument 'cmake_force_configure' from command line to 'False'
[2.132s] Level 5:colcon.colcon_core.verb:set package 'msgs' build argument 'ament_cmake_args' from command line to 'None'
[2.132s] Level 5:colcon.colcon_core.verb:set package 'msgs' build argument 'catkin_cmake_args' from command line to 'None'
[2.132s] Level 5:colcon.colcon_core.verb:set package 'msgs' build argument 'catkin_skip_building_tests' from command line to 'False'
[2.132s] DEBUG:colcon.colcon_core.verb:Building package 'msgs' with the following arguments: {'ament_cmake_args': None, 'build_base': '/home/Isaac/ros2_ws/build/msgs', 'catkin_cmake_args': None, 'catkin_skip_building_tests': False, 'cmake_args': None, 'cmake_clean_cache': False, 'cmake_clean_first': False, 'cmake_force_configure': False, 'cmake_target': None, 'cmake_target_skip_unavailable': False, 'install_base': '/home/Isaac/ros2_ws/install/msgs', 'merge_install': False, 'path': '/home/Isaac/ros2_ws/src/msgs', 'symlink_install': False, 'test_result_base': None}
[2.136s] Level 5:colcon.colcon_core.verb:set package 'sample_package' build argument 'cmake_args' from command line to 'None'
[2.136s] Level 5:colcon.colcon_core.verb:set package 'sample_package' build argument 'cmake_target' from command line to 'None'
[2.137s] Level 5:colcon.colcon_core.verb:set package 'sample_package' build argument 'cmake_target_skip_unavailable' from command line to 'False'
[2.137s] Level 5:colcon.colcon_core.verb:set package 'sample_package' build argument 'cmake_clean_cache' from command line to 'False'
[2.137s] Level 5:colcon.colcon_core.verb:set package 'sample_package' build argument 'cmake_clean_first' from command line to 'False'
[2.137s] Level 5:colcon.colcon_core.verb:set package 'sample_package' build argument 'cmake_force_configure' from command line to 'False'
[2.137s] Level 5:colcon.colcon_core.verb:set package 'sample_package' build argument 'ament_cmake_args' from command line to 'None'
[2.137s] Level 5:colcon.colcon_core.verb:set package 'sample_package' build argument 'catkin_cmake_args' from command line to 'None'
[2.137s] Level 5:colcon.colcon_core.verb:set package 'sample_package' build argument 'catkin_skip_building_tests' from command line to 'False'
[2.137s] DEBUG:colcon.colcon_core.verb:Building package 'sample_package' with the following arguments: {'ament_cmake_args': None, 'build_base': '/home/Isaac/ros2_ws/build/sample_package', 'catkin_cmake_args': None, 'catkin_skip_building_tests': False, 'cmake_args': None, 'cmake_clean_cache': False, 'cmake_clean_first': False, 'cmake_force_configure': False, 'cmake_target': None, 'cmake_target_skip_unavailable': False, 'install_base': '/home/Isaac/ros2_ws/install/sample_package', 'merge_install': False, 'path': '/home/Isaac/ros2_ws/src/sample_package', 'symlink_install': False, 'test_result_base': None}
[2.141s] Level 5:colcon.colcon_core.verb:set package 'serial' build argument 'cmake_args' from command line to 'None'
[2.141s] Level 5:colcon.colcon_core.verb:set package 'serial' build argument 'cmake_target' from command line to 'None'
[2.141s] Level 5:colcon.colcon_core.verb:set package 'serial' build argument 'cmake_target_skip_unavailable' from command line to 'False'
[2.142s] Level 5:colcon.colcon_core.verb:set package 'serial' build argument 'cmake_clean_cache' from command line to 'False'
[2.142s] Level 5:colcon.colcon_core.verb:set package 'serial' build argument 'cmake_clean_first' from command line to 'False'
[2.142s] Level 5:colcon.colcon_core.verb:set package 'serial' build argument 'cmake_force_configure' from command line to 'False'
[2.142s] Level 5:colcon.colcon_core.verb:set package 'serial' build argument 'ament_cmake_args' from command line to 'None'
[2.142s] Level 5:colcon.colcon_core.verb:set package 'serial' build argument 'catkin_cmake_args' from command line to 'None'
[2.142s] Level 5:colcon.colcon_core.verb:set package 'serial' build argument 'catkin_skip_building_tests' from command line to 'False'
[2.142s] DEBUG:colcon.colcon_core.verb:Building package 'serial' with the following arguments: {'ament_cmake_args': None, 'build_base': '/home/Isaac/ros2_ws/build/serial', 'catkin_cmake_args': None, 'catkin_skip_building_tests': False, 'cmake_args': None, 'cmake_clean_cache': False, 'cmake_clean_first': False, 'cmake_force_configure': False, 'cmake_target': None, 'cmake_target_skip_unavailable': False, 'install_base': '/home/Isaac/ros2_ws/install/serial', 'merge_install': False, 'path': '/home/Isaac/ros2_ws/src/serial', 'symlink_install': False, 'test_result_base': None}
[2.146s] Level 5:colcon.colcon_core.verb:set package 'serial_motor_demo_msgs' build argument 'cmake_args' from command line to 'None'
[2.146s] Level 5:colcon.colcon_core.verb:set package 'serial_motor_demo_msgs' build argument 'cmake_target' from command line to 'None'
[2.147s] Level 5:colcon.colcon_core.verb:set package 'serial_motor_demo_msgs' build argument 'cmake_target_skip_unavailable' from command line to 'False'
[2.147s] Level 5:colcon.colcon_core.verb:set package 'serial_motor_demo_msgs' build argument 'cmake_clean_cache' from command line to 'False'
[2.147s] Level 5:colcon.colcon_core.verb:set package 'serial_motor_demo_msgs' build argument 'cmake_clean_first' from command line to 'False'
[2.147s] Level 5:colcon.colcon_core.verb:set package 'serial_motor_demo_msgs' build argument 'cmake_force_configure' from command line to 'False'
[2.147s] Level 5:colcon.colcon_core.verb:set package 'serial_motor_demo_msgs' build argument 'ament_cmake_args' from command line to 'None'
[2.147s] Level 5:colcon.colcon_core.verb:set package 'serial_motor_demo_msgs' build argument 'catkin_cmake_args' from command line to 'None'
[2.147s] Level 5:colcon.colcon_core.verb:set package 'serial_motor_demo_msgs' build argument 'catkin_skip_building_tests' from command line to 'False'
[2.147s] DEBUG:colcon.colcon_core.verb:Building package 'serial_motor_demo_msgs' with the following arguments: {'ament_cmake_args': None, 'build_base': '/home/Isaac/ros2_ws/build/serial_motor_demo_msgs', 'catkin_cmake_args': None, 'catkin_skip_building_tests': False, 'cmake_args': None, 'cmake_clean_cache': False, 'cmake_clean_first': False, 'cmake_force_configure': False, 'cmake_target': None, 'cmake_target_skip_unavailable': False, 'install_base': '/home/Isaac/ros2_ws/install/serial_motor_demo_msgs', 'merge_install': False, 'path': '/home/Isaac/ros2_ws/src/serial_motor_demo/serial_motor_demo_msgs', 'symlink_install': False, 'test_result_base': None}
[2.151s] Level 5:colcon.colcon_core.verb:set package 'serial_motor_demo' build argument 'cmake_args' from command line to 'None'
[2.151s] Level 5:colcon.colcon_core.verb:set package 'serial_motor_demo' build argument 'cmake_target' from command line to 'None'
[2.151s] Level 5:colcon.colcon_core.verb:set package 'serial_motor_demo' build argument 'cmake_target_skip_unavailable' from command line to 'False'
[2.152s] Level 5:colcon.colcon_core.verb:set package 'serial_motor_demo' build argument 'cmake_clean_cache' from command line to 'False'
[2.152s] Level 5:colcon.colcon_core.verb:set package 'serial_motor_demo' build argument 'cmake_clean_first' from command line to 'False'
[2.152s] Level 5:colcon.colcon_core.verb:set package 'serial_motor_demo' build argument 'cmake_force_configure' from command line to 'False'
[2.152s] Level 5:colcon.colcon_core.verb:set package 'serial_motor_demo' build argument 'ament_cmake_args' from command line to 'None'
[2.152s] Level 5:colcon.colcon_core.verb:set package 'serial_motor_demo' build argument 'catkin_cmake_args' from command line to 'None'
[2.152s] Level 5:colcon.colcon_core.verb:set package 'serial_motor_demo' build argument 'catkin_skip_building_tests' from command line to 'False'
[2.152s] DEBUG:colcon.colcon_core.verb:Building package 'serial_motor_demo' with the following arguments: {'ament_cmake_args': None, 'build_base': '/home/Isaac/ros2_ws/build/serial_motor_demo', 'catkin_cmake_args': None, 'catkin_skip_building_tests': False, 'cmake_args': None, 'cmake_clean_cache': False, 'cmake_clean_first': False, 'cmake_force_configure': False, 'cmake_target': None, 'cmake_target_skip_unavailable': False, 'install_base': '/home/Isaac/ros2_ws/install/serial_motor_demo', 'merge_install': False, 'path': '/home/Isaac/ros2_ws/src/serial_motor_demo/serial_motor_demo', 'symlink_install': False, 'test_result_base': None}
[2.155s] INFO:colcon.colcon_core.executor:Executing jobs using 'parallel' executor
[2.167s] DEBUG:colcon.colcon_parallel_executor.executor.parallel:run_until_complete
[2.168s] INFO:colcon.colcon_ros.task.ament_cmake.build:Building ROS package in '/home/Isaac/ros2_ws/src/serial_motor_demo/serial_motor_demo_msgs' with build type 'ament_cmake'
[2.169s] INFO:colcon.colcon_cmake.task.cmake.build:Building CMake package in '/home/Isaac/ros2_ws/src/serial_motor_demo/serial_motor_demo_msgs'
[2.188s] INFO:colcon.colcon_core.plugin_system:Skipping extension 'colcon_core.shell.bat': Not used on non-Windows systems
[2.189s] INFO:colcon.colcon_core.shell:Skip shell extension 'powershell' for command environment: Not usable outside of PowerShell
[2.190s] DEBUG:colcon.colcon_core.shell:Skip shell extension 'dsv' for command environment
[2.217s] INFO:colcon.colcon_ros.task.ament_python.build:Building ROS package in '/home/Isaac/ros2_ws/src/autonomous_exploration' with build type 'ament_python'
[2.218s] Level 1:colcon.colcon_core.shell:create_environment_hook('autonomous_exploration', 'ament_prefix_path')
[2.223s] INFO:colcon.colcon_core.shell:Creating environment hook '/home/Isaac/ros2_ws/install/autonomous_exploration/share/autonomous_exploration/hook/ament_prefix_path.ps1'
[2.226s] INFO:colcon.colcon_core.shell:Creating environment descriptor '/home/Isaac/ros2_ws/install/autonomous_exploration/share/autonomous_exploration/hook/ament_prefix_path.dsv'
[2.228s] INFO:colcon.colcon_core.shell:Creating environment hook '/home/Isaac/ros2_ws/install/autonomous_exploration/share/autonomous_exploration/hook/ament_prefix_path.sh'
[2.236s] INFO:colcon.colcon_core.shell:Skip shell extension 'powershell' for command environment: Not usable outside of PowerShell
[2.237s] DEBUG:colcon.colcon_core.shell:Skip shell extension 'dsv' for command environment
[2.262s] INFO:colcon.colcon_ros.task.ament_cmake.build:Building ROS package in '/home/Isaac/ros2_ws/src/diffdrive_arduino' with build type 'ament_cmake'
[2.263s] INFO:colcon.colcon_cmake.task.cmake.build:Building CMake package in '/home/Isaac/ros2_ws/src/diffdrive_arduino'
[2.269s] INFO:colcon.colcon_core.shell:Skip shell extension 'powershell' for command environment: Not usable outside of PowerShell
[2.269s] DEBUG:colcon.colcon_core.shell:Skip shell extension 'dsv' for command environment
[2.298s] INFO:colcon.colcon_ros.task.ament_python.build:Building ROS package in '/home/Isaac/ros2_ws/src/msgs' with build type 'ament_python'
[2.298s] Level 1:colcon.colcon_core.shell:create_environment_hook('msgs', 'ament_prefix_path')
[2.304s] INFO:colcon.colcon_core.shell:Creating environment hook '/home/Isaac/ros2_ws/install/msgs/share/msgs/hook/ament_prefix_path.ps1'
[2.307s] INFO:colcon.colcon_core.shell:Creating environment descriptor '/home/Isaac/ros2_ws/install/msgs/share/msgs/hook/ament_prefix_path.dsv'
[2.308s] INFO:colcon.colcon_core.shell:Creating environment hook '/home/Isaac/ros2_ws/install/msgs/share/msgs/hook/ament_prefix_path.sh'
[2.316s] INFO:colcon.colcon_core.shell:Skip shell extension 'powershell' for command environment: Not usable outside of PowerShell
[2.316s] DEBUG:colcon.colcon_core.shell:Skip shell extension 'dsv' for command environment
[2.358s] DEBUG:colcon.colcon_core.event_handler.log_command:Invoking command in '/home/Isaac/ros2_ws/build/serial_motor_demo_msgs': CMAKE_PREFIX_PATH=${CMAKE_PREFIX_PATH}:/home/Isaac/ros2_ws/install/serial_motor_demo:/home/Isaac/ros2_ws/install/sample_package:/home/Isaac/ros2_ws/install/msgs:/home/Isaac/ros2_ws/install/autonomous_exploration:/opt/ros/humble /usr/bin/cmake --build /home/Isaac/ros2_ws/build/serial_motor_demo_msgs -- -j4 -l4
[3.995s] INFO:colcon.colcon_core.task.python.build:Building Python package in '/home/Isaac/ros2_ws/src/autonomous_exploration'
[4.001s] INFO:colcon.colcon_core.shell:Skip shell extension 'powershell' for command environment: Not usable outside of PowerShell
[4.001s] DEBUG:colcon.colcon_core.shell:Skip shell extension 'dsv' for command environment
[4.045s] DEBUG:colcon.colcon_core.event_handler.log_command:Invoking command in '/home/Isaac/ros2_ws/build/diffdrive_arduino': CMAKE_PREFIX_PATH=${CMAKE_PREFIX_PATH}:/home/Isaac/ros2_ws/install/serial_motor_demo:/home/Isaac/ros2_ws/install/sample_package:/home/Isaac/ros2_ws/install/msgs:/home/Isaac/ros2_ws/install/autonomous_exploration:/opt/ros/humble /usr/bin/cmake --build /home/Isaac/ros2_ws/build/diffdrive_arduino -- -j4 -l4
[5.381s] INFO:colcon.colcon_core.task.python.build:Building Python package in '/home/Isaac/ros2_ws/src/msgs'
[5.386s] INFO:colcon.colcon_core.shell:Skip shell extension 'powershell' for command environment: Not usable outside of PowerShell
[5.386s] DEBUG:colcon.colcon_core.shell:Skip shell extension 'dsv' for command environment
[5.430s] DEBUG:colcon.colcon_core.event_handler.log_command:Invoked command in '/home/Isaac/ros2_ws/build/diffdrive_arduino' returned '0': CMAKE_PREFIX_PATH=${CMAKE_PREFIX_PATH}:/home/Isaac/ros2_ws/install/serial_motor_demo:/home/Isaac/ros2_ws/install/sample_package:/home/Isaac/ros2_ws/install/msgs:/home/Isaac/ros2_ws/install/autonomous_exploration:/opt/ros/humble /usr/bin/cmake --build /home/Isaac/ros2_ws/build/diffdrive_arduino -- -j4 -l4
[5.437s] DEBUG:colcon.colcon_core.event_handler.log_command:Invoked command in '/home/Isaac/ros2_ws/build/serial_motor_demo_msgs' returned '0': CMAKE_PREFIX_PATH=${CMAKE_PREFIX_PATH}:/home/Isaac/ros2_ws/install/serial_motor_demo:/home/Isaac/ros2_ws/install/sample_package:/home/Isaac/ros2_ws/install/msgs:/home/Isaac/ros2_ws/install/autonomous_exploration:/opt/ros/humble /usr/bin/cmake --build /home/Isaac/ros2_ws/build/serial_motor_demo_msgs -- -j4 -l4
[5.627s] DEBUG:colcon.colcon_core.event_handler.log_command:Invoking command in '/home/Isaac/ros2_ws/build/diffdrive_arduino': CMAKE_PREFIX_PATH=${CMAKE_PREFIX_PATH}:/home/Isaac/ros2_ws/install/serial_motor_demo:/home/Isaac/ros2_ws/install/sample_package:/home/Isaac/ros2_ws/install/msgs:/home/Isaac/ros2_ws/install/autonomous_exploration:/opt/ros/humble /usr/bin/cmake --install /home/Isaac/ros2_ws/build/diffdrive_arduino
[5.738s] Level 1:colcon.colcon_core.environment:create_environment_scripts_only(diffdrive_arduino)
[5.755s] DEBUG:colcon.colcon_core.event_handler.log_command:Invoked command in '/home/Isaac/ros2_ws/build/diffdrive_arduino' returned '0': CMAKE_PREFIX_PATH=${CMAKE_PREFIX_PATH}:/home/Isaac/ros2_ws/install/serial_motor_demo:/home/Isaac/ros2_ws/install/sample_package:/home/Isaac/ros2_ws/install/msgs:/home/Isaac/ros2_ws/install/autonomous_exploration:/opt/ros/humble /usr/bin/cmake --install /home/Isaac/ros2_ws/build/diffdrive_arduino
[5.770s] Level 1:colcon.colcon_core.environment:checking '/home/Isaac/ros2_ws/install/diffdrive_arduino' for CMake module files
[5.774s] Level 1:colcon.colcon_core.environment:checking '/home/Isaac/ros2_ws/install/diffdrive_arduino' for CMake config files
[5.778s] Level 1:colcon.colcon_core.shell:create_environment_hook('diffdrive_arduino', 'cmake_prefix_path')
[5.788s] INFO:colcon.colcon_core.shell:Creating environment hook '/home/Isaac/ros2_ws/install/diffdrive_arduino/share/diffdrive_arduino/hook/cmake_prefix_path.ps1'
[5.791s] INFO:colcon.colcon_core.shell:Creating environment descriptor '/home/Isaac/ros2_ws/install/diffdrive_arduino/share/diffdrive_arduino/hook/cmake_prefix_path.dsv'
[5.793s] INFO:colcon.colcon_core.shell:Creating environment hook '/home/Isaac/ros2_ws/install/diffdrive_arduino/share/diffdrive_arduino/hook/cmake_prefix_path.sh'
[5.797s] Level 1:colcon.colcon_core.environment:checking '/home/Isaac/ros2_ws/install/diffdrive_arduino/lib'
[5.800s] Level 1:colcon.colcon_core.shell:create_environment_hook('diffdrive_arduino', 'ld_library_path_lib')
[5.807s] INFO:colcon.colcon_core.shell:Creating environment hook '/home/Isaac/ros2_ws/install/diffdrive_arduino/share/diffdrive_arduino/hook/ld_library_path_lib.ps1'
[5.810s] INFO:colcon.colcon_core.shell:Creating environment descriptor '/home/Isaac/ros2_ws/install/diffdrive_arduino/share/diffdrive_arduino/hook/ld_library_path_lib.dsv'
[5.812s] INFO:colcon.colcon_core.shell:Creating environment hook '/home/Isaac/ros2_ws/install/diffdrive_arduino/share/diffdrive_arduino/hook/ld_library_path_lib.sh'
[5.814s] Level 1:colcon.colcon_core.environment:checking '/home/Isaac/ros2_ws/install/diffdrive_arduino/bin'
[5.815s] Level 1:colcon.colcon_core.environment:checking '/home/Isaac/ros2_ws/install/diffdrive_arduino/lib/pkgconfig/diffdrive_arduino.pc'
[5.817s] Level 1:colcon.colcon_core.environment:checking '/home/Isaac/ros2_ws/install/diffdrive_arduino/lib/python3.10/site-packages'
[5.818s] Level 1:colcon.colcon_core.environment:checking '/home/Isaac/ros2_ws/install/diffdrive_arduino/bin'
[5.826s] INFO:colcon.colcon_core.shell:Creating package script '/home/Isaac/ros2_ws/install/diffdrive_arduino/share/diffdrive_arduino/package.ps1'
[5.830s] INFO:colcon.colcon_core.shell:Creating package descriptor '/home/Isaac/ros2_ws/install/diffdrive_arduino/share/diffdrive_arduino/package.dsv'
[5.834s] INFO:colcon.colcon_core.shell:Creating package script '/home/Isaac/ros2_ws/install/diffdrive_arduino/share/diffdrive_arduino/package.sh'
[5.839s] INFO:colcon.colcon_core.shell:Creating package script '/home/Isaac/ros2_ws/install/diffdrive_arduino/share/diffdrive_arduino/package.bash'
[5.844s] INFO:colcon.colcon_core.shell:Creating package script '/home/Isaac/ros2_ws/install/diffdrive_arduino/share/diffdrive_arduino/package.zsh'
[5.848s] Level 1:colcon.colcon_core.environment:create_file_with_runtime_dependencies(/home/Isaac/ros2_ws/install/diffdrive_arduino/share/colcon-core/packages/diffdrive_arduino)
[6.024s] Level 1:colcon.colcon_core.environment:create_environment_scripts_only(diffdrive_arduino)
[6.034s] Level 1:colcon.colcon_core.environment:checking '/home/Isaac/ros2_ws/install/diffdrive_arduino' for CMake module files
[6.037s] Level 1:colcon.colcon_core.environment:checking '/home/Isaac/ros2_ws/install/diffdrive_arduino' for CMake config files
[6.041s] Level 1:colcon.colcon_core.shell:create_environment_hook('diffdrive_arduino', 'cmake_prefix_path')
[6.047s] INFO:colcon.colcon_core.shell:Creating environment hook '/home/Isaac/ros2_ws/install/diffdrive_arduino/share/diffdrive_arduino/hook/cmake_prefix_path.ps1'
[6.050s] INFO:colcon.colcon_core.shell:Creating environment descriptor '/home/Isaac/ros2_ws/install/diffdrive_arduino/share/diffdrive_arduino/hook/cmake_prefix_path.dsv'
[6.052s] INFO:colcon.colcon_core.shell:Creating environment hook '/home/Isaac/ros2_ws/install/diffdrive_arduino/share/diffdrive_arduino/hook/cmake_prefix_path.sh'
[6.055s] Level 1:colcon.colcon_core.environment:checking '/home/Isaac/ros2_ws/install/diffdrive_arduino/lib'
[6.056s] Level 1:colcon.colcon_core.shell:create_environment_hook('diffdrive_arduino', 'ld_library_path_lib')
[6.063s] INFO:colcon.colcon_core.shell:Creating environment hook '/home/Isaac/ros2_ws/install/diffdrive_arduino/share/diffdrive_arduino/hook/ld_library_path_lib.ps1'
[6.065s] INFO:colcon.colcon_core.shell:Creating environment descriptor '/home/Isaac/ros2_ws/install/diffdrive_arduino/share/diffdrive_arduino/hook/ld_library_path_lib.dsv'
[6.067s] INFO:colcon.colcon_core.shell:Creating environment hook '/home/Isaac/ros2_ws/install/diffdrive_arduino/share/diffdrive_arduino/hook/ld_library_path_lib.sh'
[6.069s] Level 1:colcon.colcon_core.environment:checking '/home/Isaac/ros2_ws/install/diffdrive_arduino/bin'
[6.070s] Level 1:colcon.colcon_core.environment:checking '/home/Isaac/ros2_ws/install/diffdrive_arduino/lib/pkgconfig/diffdrive_arduino.pc'
[6.071s] Level 1:colcon.colcon_core.environment:checking '/home/Isaac/ros2_ws/install/diffdrive_arduino/lib/python3.10/site-packages'
[6.072s] Level 1:colcon.colcon_core.environment:checking '/home/Isaac/ros2_ws/install/diffdrive_arduino/bin'
[6.079s] INFO:colcon.colcon_core.shell:Creating package script '/home/Isaac/ros2_ws/install/diffdrive_arduino/share/diffdrive_arduino/package.ps1'
[6.082s] INFO:colcon.colcon_core.shell:Creating package descriptor '/home/Isaac/ros2_ws/install/diffdrive_arduino/share/diffdrive_arduino/package.dsv'
[6.085s] INFO:colcon.colcon_core.shell:Creating package script '/home/Isaac/ros2_ws/install/diffdrive_arduino/share/diffdrive_arduino/package.sh'
[6.088s] INFO:colcon.colcon_core.shell:Creating package script '/home/Isaac/ros2_ws/install/diffdrive_arduino/share/diffdrive_arduino/package.bash'
[6.091s] INFO:colcon.colcon_core.shell:Creating package script '/home/Isaac/ros2_ws/install/diffdrive_arduino/share/diffdrive_arduino/package.zsh'
[6.093s] Level 1:colcon.colcon_core.environment:create_file_with_runtime_dependencies(/home/Isaac/ros2_ws/install/diffdrive_arduino/share/colcon-core/packages/diffdrive_arduino)
[6.098s] INFO:colcon.colcon_ros.task.ament_python.build:Building ROS package in '/home/Isaac/ros2_ws/src/sample_package' with build type 'ament_python'
[6.099s] Level 1:colcon.colcon_core.shell:create_environment_hook('sample_package', 'ament_prefix_path')
[6.106s] INFO:colcon.colcon_core.shell:Creating environment hook '/home/Isaac/ros2_ws/install/sample_package/share/sample_package/hook/ament_prefix_path.ps1'
[6.109s] INFO:colcon.colcon_core.shell:Creating environment descriptor '/home/Isaac/ros2_ws/install/sample_package/share/sample_package/hook/ament_prefix_path.dsv'
[6.111s] INFO:colcon.colcon_core.shell:Creating environment hook '/home/Isaac/ros2_ws/install/sample_package/share/sample_package/hook/ament_prefix_path.sh'
[6.120s] INFO:colcon.colcon_core.shell:Skip shell extension 'powershell' for command environment: Not usable outside of PowerShell
[6.120s] DEBUG:colcon.colcon_core.shell:Skip shell extension 'dsv' for command environment
[6.162s] DEBUG:colcon.colcon_core.event_handler.log_command:Invoking command in '/home/Isaac/ros2_ws/build/serial_motor_demo_msgs': CMAKE_PREFIX_PATH=${CMAKE_PREFIX_PATH}:/home/Isaac/ros2_ws/install/serial_motor_demo:/home/Isaac/ros2_ws/install/sample_package:/home/Isaac/ros2_ws/install/msgs:/home/Isaac/ros2_ws/install/autonomous_exploration:/opt/ros/humble /usr/bin/cmake --install /home/Isaac/ros2_ws/build/serial_motor_demo_msgs
[7.982s] INFO:colcon.colcon_core.task.python.build:Building Python package in '/home/Isaac/ros2_ws/src/sample_package'
[7.988s] INFO:colcon.colcon_core.shell:Skip shell extension 'powershell' for command environment: Not usable outside of PowerShell
[7.988s] DEBUG:colcon.colcon_core.shell:Skip shell extension 'dsv' for command environment
[8.038s] DEBUG:colcon.colcon_core.event_handler.log_command:Invoking command in '/home/Isaac/ros2_ws/src/autonomous_exploration': PYTHONPATH=/home/Isaac/ros2_ws/build/autonomous_exploration/prefix_override:/home/Isaac/ros2_ws/install/autonomous_exploration/lib/python3.10/site-packages:${PYTHONPATH} /usr/bin/python3 setup.py egg_info --egg-base ../../build/autonomous_exploration build --build-base /home/Isaac/ros2_ws/build/autonomous_exploration/build install --record /home/Isaac/ros2_ws/build/autonomous_exploration/install.log --single-version-externally-managed
[8.044s] Level 1:colcon.colcon_core.environment:create_environment_scripts_only(serial_motor_demo_msgs)
[8.054s] Level 1:colcon.colcon_core.environment:checking '/home/Isaac/ros2_ws/install/serial_motor_demo_msgs' for CMake module files
[8.057s] DEBUG:colcon.colcon_core.event_handler.log_command:Invoking command in '/home/Isaac/ros2_ws/src/msgs': PYTHONPATH=/home/Isaac/ros2_ws/build/msgs/prefix_override:/home/Isaac/ros2_ws/install/msgs/lib/python3.10/site-packages:${PYTHONPATH} /usr/bin/python3 setup.py egg_info --egg-base ../../build/msgs build --build-base /home/Isaac/ros2_ws/build/msgs/build install --record /home/Isaac/ros2_ws/build/msgs/install.log --single-version-externally-managed
[8.059s] DEBUG:colcon.colcon_core.event_handler.log_command:Invoked command in '/home/Isaac/ros2_ws/build/serial_motor_demo_msgs' returned '0': CMAKE_PREFIX_PATH=${CMAKE_PREFIX_PATH}:/home/Isaac/ros2_ws/install/serial_motor_demo:/home/Isaac/ros2_ws/install/sample_package:/home/Isaac/ros2_ws/install/msgs:/home/Isaac/ros2_ws/install/autonomous_exploration:/opt/ros/humble /usr/bin/cmake --install /home/Isaac/ros2_ws/build/serial_motor_demo_msgs
[8.062s] Level 1:colcon.colcon_core.environment:checking '/home/Isaac/ros2_ws/install/serial_motor_demo_msgs' for CMake config files
[8.069s] Level 1:colcon.colcon_core.shell:create_environment_hook('serial_motor_demo_msgs', 'cmake_prefix_path')
[8.075s] INFO:colcon.colcon_core.shell:Creating environment hook '/home/Isaac/ros2_ws/install/serial_motor_demo_msgs/share/serial_motor_demo_msgs/hook/cmake_prefix_path.ps1'
[8.078s] INFO:colcon.colcon_core.shell:Creating environment descriptor '/home/Isaac/ros2_ws/install/serial_motor_demo_msgs/share/serial_motor_demo_msgs/hook/cmake_prefix_path.dsv'
[8.081s] INFO:colcon.colcon_core.shell:Creating environment hook '/home/Isaac/ros2_ws/install/serial_motor_demo_msgs/share/serial_motor_demo_msgs/hook/cmake_prefix_path.sh'
[8.084s] Level 1:colcon.colcon_core.environment:checking '/home/Isaac/ros2_ws/install/serial_motor_demo_msgs/lib'
[8.085s] Level 1:colcon.colcon_core.shell:create_environment_hook('serial_motor_demo_msgs', 'ld_library_path_lib')
[8.091s] INFO:colcon.colcon_core.shell:Creating environment hook '/home/Isaac/ros2_ws/install/serial_motor_demo_msgs/share/serial_motor_demo_msgs/hook/ld_library_path_lib.ps1'
[8.094s] INFO:colcon.colcon_core.shell:Creating environment descriptor '/home/Isaac/ros2_ws/install/serial_motor_demo_msgs/share/serial_motor_demo_msgs/hook/ld_library_path_lib.dsv'
[8.096s] INFO:colcon.colcon_core.shell:Creating environment hook '/home/Isaac/ros2_ws/install/serial_motor_demo_msgs/share/serial_motor_demo_msgs/hook/ld_library_path_lib.sh'
[8.100s] Level 1:colcon.colcon_core.environment:checking '/home/Isaac/ros2_ws/install/serial_motor_demo_msgs/bin'
[8.101s] Level 1:colcon.colcon_core.environment:checking '/home/Isaac/ros2_ws/install/serial_motor_demo_msgs/lib/pkgconfig/serial_motor_demo_msgs.pc'
[8.102s] Level 1:colcon.colcon_core.environment:checking '/home/Isaac/ros2_ws/install/serial_motor_demo_msgs/lib/python3.10/site-packages'
[8.103s] Level 1:colcon.colcon_core.environment:checking '/home/Isaac/ros2_ws/install/serial_motor_demo_msgs/bin'
[8.112s] INFO:colcon.colcon_core.shell:Creating package script '/home/Isaac/ros2_ws/install/serial_motor_demo_msgs/share/serial_motor_demo_msgs/package.ps1'
[8.115s] INFO:colcon.colcon_core.shell:Creating package descriptor '/home/Isaac/ros2_ws/install/serial_motor_demo_msgs/share/serial_motor_demo_msgs/package.dsv'
[8.118s] INFO:colcon.colcon_core.shell:Creating package script '/home/Isaac/ros2_ws/install/serial_motor_demo_msgs/share/serial_motor_demo_msgs/package.sh'
[8.120s] INFO:colcon.colcon_core.shell:Creating package script '/home/Isaac/ros2_ws/install/serial_motor_demo_msgs/share/serial_motor_demo_msgs/package.bash'
[8.122s] INFO:colcon.colcon_core.shell:Creating package script '/home/Isaac/ros2_ws/install/serial_motor_demo_msgs/share/serial_motor_demo_msgs/package.zsh'
[8.124s] Level 1:colcon.colcon_core.environment:create_file_with_runtime_dependencies(/home/Isaac/ros2_ws/install/serial_motor_demo_msgs/share/colcon-core/packages/serial_motor_demo_msgs)
[8.867s] Level 1:colcon.colcon_core.environment:create_environment_scripts_only(serial_motor_demo_msgs)
[8.878s] Level 1:colcon.colcon_core.environment:checking '/home/Isaac/ros2_ws/install/serial_motor_demo_msgs' for CMake module files
[8.883s] Level 1:colcon.colcon_core.environment:checking '/home/Isaac/ros2_ws/install/serial_motor_demo_msgs' for CMake config files
[8.890s] Level 1:colcon.colcon_core.shell:create_environment_hook('serial_motor_demo_msgs', 'cmake_prefix_path')
[8.897s] INFO:colcon.colcon_core.shell:Creating environment hook '/home/Isaac/ros2_ws/install/serial_motor_demo_msgs/share/serial_motor_demo_msgs/hook/cmake_prefix_path.ps1'
[8.899s] INFO:colcon.colcon_core.shell:Creating environment descriptor '/home/Isaac/ros2_ws/install/serial_motor_demo_msgs/share/serial_motor_demo_msgs/hook/cmake_prefix_path.dsv'
[8.902s] INFO:colcon.colcon_core.shell:Creating environment hook '/home/Isaac/ros2_ws/install/serial_motor_demo_msgs/share/serial_motor_demo_msgs/hook/cmake_prefix_path.sh'
[8.906s] Level 1:colcon.colcon_core.environment:checking '/home/Isaac/ros2_ws/install/serial_motor_demo_msgs/lib'
[8.907s] Level 1:colcon.colcon_core.shell:create_environment_hook('serial_motor_demo_msgs', 'ld_library_path_lib')
[8.913s] INFO:colcon.colcon_core.shell:Creating environment hook '/home/Isaac/ros2_ws/install/serial_motor_demo_msgs/share/serial_motor_demo_msgs/hook/ld_library_path_lib.ps1'
[8.916s] INFO:colcon.colcon_core.shell:Creating environment descriptor '/home/Isaac/ros2_ws/install/serial_motor_demo_msgs/share/serial_motor_demo_msgs/hook/ld_library_path_lib.dsv'
[8.918s] INFO:colcon.colcon_core.shell:Creating environment hook '/home/Isaac/ros2_ws/install/serial_motor_demo_msgs/share/serial_motor_demo_msgs/hook/ld_library_path_lib.sh'
[8.922s] Level 1:colcon.colcon_core.environment:checking '/home/Isaac/ros2_ws/install/serial_motor_demo_msgs/bin'
[8.923s] Level 1:colcon.colcon_core.environment:checking '/home/Isaac/ros2_ws/install/serial_motor_demo_msgs/lib/pkgconfig/serial_motor_demo_msgs.pc'
[8.924s] Level 1:colcon.colcon_core.environment:checking '/home/Isaac/ros2_ws/install/serial_motor_demo_msgs/lib/python3.10/site-packages'
[8.926s] Level 1:colcon.colcon_core.environment:checking '/home/Isaac/ros2_ws/install/serial_motor_demo_msgs/bin'
[8.934s] INFO:colcon.colcon_core.shell:Creating package script '/home/Isaac/ros2_ws/install/serial_motor_demo_msgs/share/serial_motor_demo_msgs/package.ps1'
[8.937s] INFO:colcon.colcon_core.shell:Creating package descriptor '/home/Isaac/ros2_ws/install/serial_motor_demo_msgs/share/serial_motor_demo_msgs/package.dsv'
[8.942s] INFO:colcon.colcon_core.shell:Creating package script '/home/Isaac/ros2_ws/install/serial_motor_demo_msgs/share/serial_motor_demo_msgs/package.sh'
[8.945s] INFO:colcon.colcon_core.shell:Creating package script '/home/Isaac/ros2_ws/install/serial_motor_demo_msgs/share/serial_motor_demo_msgs/package.bash'
[8.947s] INFO:colcon.colcon_core.shell:Creating package script '/home/Isaac/ros2_ws/install/serial_motor_demo_msgs/share/serial_motor_demo_msgs/package.zsh'
[8.952s] Level 1:colcon.colcon_core.environment:create_file_with_runtime_dependencies(/home/Isaac/ros2_ws/install/serial_motor_demo_msgs/share/colcon-core/packages/serial_motor_demo_msgs)
[8.958s] INFO:colcon.colcon_ros.task.ament_cmake.build:Building ROS package in '/home/Isaac/ros2_ws/src/serial' with build type 'ament_cmake'
[8.959s] INFO:colcon.colcon_cmake.task.cmake.build:Building CMake package in '/home/Isaac/ros2_ws/src/serial'
[8.966s] INFO:colcon.colcon_core.shell:Skip shell extension 'powershell' for command environment: Not usable outside of PowerShell
[8.967s] DEBUG:colcon.colcon_core.shell:Skip shell extension 'dsv' for command environment
[9.022s] DEBUG:colcon.colcon_core.event_handler.log_command:Invoking command in '/home/Isaac/ros2_ws/build/serial': CMAKE_PREFIX_PATH=${CMAKE_PREFIX_PATH}:/home/Isaac/ros2_ws/install/serial_motor_demo:/home/Isaac/ros2_ws/install/sample_package:/home/Isaac/ros2_ws/install/msgs:/home/Isaac/ros2_ws/install/autonomous_exploration:/opt/ros/humble /usr/bin/cmake --build /home/Isaac/ros2_ws/build/serial -- -j4 -l4
[9.744s] DEBUG:colcon.colcon_core.event_handler.log_command:Invoked command in '/home/Isaac/ros2_ws/build/serial' returned '0': CMAKE_PREFIX_PATH=${CMAKE_PREFIX_PATH}:/home/Isaac/ros2_ws/install/serial_motor_demo:/home/Isaac/ros2_ws/install/sample_package:/home/Isaac/ros2_ws/install/msgs:/home/Isaac/ros2_ws/install/autonomous_exploration:/opt/ros/humble /usr/bin/cmake --build /home/Isaac/ros2_ws/build/serial -- -j4 -l4
[10.050s] DEBUG:colcon.colcon_core.event_handler.log_command:Invoking command in '/home/Isaac/ros2_ws/build/serial': CMAKE_PREFIX_PATH=${CMAKE_PREFIX_PATH}:/home/Isaac/ros2_ws/install/serial_motor_demo:/home/Isaac/ros2_ws/install/sample_package:/home/Isaac/ros2_ws/install/msgs:/home/Isaac/ros2_ws/install/autonomous_exploration:/opt/ros/humble /usr/bin/cmake --install /home/Isaac/ros2_ws/build/serial
[10.186s] Level 1:colcon.colcon_core.environment:create_environment_scripts_only(serial)
[10.203s] Level 1:colcon.colcon_core.environment:checking '/home/Isaac/ros2_ws/install/serial' for CMake module files
[10.217s] DEBUG:colcon.colcon_core.event_handler.log_command:Invoked command in '/home/Isaac/ros2_ws/build/serial' returned '0': CMAKE_PREFIX_PATH=${CMAKE_PREFIX_PATH}:/home/Isaac/ros2_ws/install/serial_motor_demo:/home/Isaac/ros2_ws/install/sample_package:/home/Isaac/ros2_ws/install/msgs:/home/Isaac/ros2_ws/install/autonomous_exploration:/opt/ros/humble /usr/bin/cmake --install /home/Isaac/ros2_ws/build/serial
[10.218s] Level 1:colcon.colcon_core.environment:checking '/home/Isaac/ros2_ws/install/serial' for CMake config files
[10.221s] Level 1:colcon.colcon_core.shell:create_environment_hook('serial', 'cmake_prefix_path')
[10.231s] INFO:colcon.colcon_core.shell:Creating environment hook '/home/Isaac/ros2_ws/install/serial/share/serial/hook/cmake_prefix_path.ps1'
[10.235s] INFO:colcon.colcon_core.shell:Creating environment descriptor '/home/Isaac/ros2_ws/install/serial/share/serial/hook/cmake_prefix_path.dsv'
[10.238s] INFO:colcon.colcon_core.shell:Creating environment hook '/home/Isaac/ros2_ws/install/serial/share/serial/hook/cmake_prefix_path.sh'
[10.243s] Level 1:colcon.colcon_core.environment:checking '/home/Isaac/ros2_ws/install/serial/lib'
[10.244s] Level 1:colcon.colcon_core.environment:checking '/home/Isaac/ros2_ws/install/serial/bin'
[10.245s] Level 1:colcon.colcon_core.environment:checking '/home/Isaac/ros2_ws/install/serial/lib/pkgconfig/serial.pc'
[10.247s] Level 1:colcon.colcon_core.environment:checking '/home/Isaac/ros2_ws/install/serial/lib/python3.10/site-packages'
[10.249s] Level 1:colcon.colcon_core.environment:checking '/home/Isaac/ros2_ws/install/serial/bin'
[10.256s] INFO:colcon.colcon_core.shell:Creating package script '/home/Isaac/ros2_ws/install/serial/share/serial/package.ps1'
[10.259s] INFO:colcon.colcon_core.shell:Creating package descriptor '/home/Isaac/ros2_ws/install/serial/share/serial/package.dsv'
[10.264s] INFO:colcon.colcon_core.shell:Creating package script '/home/Isaac/ros2_ws/install/serial/share/serial/package.sh'
[10.268s] INFO:colcon.colcon_core.shell:Creating package script '/home/Isaac/ros2_ws/install/serial/share/serial/package.bash'
[10.271s] INFO:colcon.colcon_core.shell:Creating package script '/home/Isaac/ros2_ws/install/serial/share/serial/package.zsh'
[10.274s] Level 1:colcon.colcon_core.environment:create_file_with_runtime_dependencies(/home/Isaac/ros2_ws/install/serial/share/colcon-core/packages/serial)
[10.291s] Level 1:colcon.colcon_core.environment:checking '/home/Isaac/ros2_ws/install/msgs' for CMake module files
[10.293s] DEBUG:colcon.colcon_core.event_handler.log_command:Invoked command in '/home/Isaac/ros2_ws/src/msgs' returned '0': PYTHONPATH=/home/Isaac/ros2_ws/build/msgs/prefix_override:/home/Isaac/ros2_ws/install/msgs/lib/python3.10/site-packages:${PYTHONPATH} /usr/bin/python3 setup.py egg_info --egg-base ../../build/msgs build --build-base /home/Isaac/ros2_ws/build/msgs/build install --record /home/Isaac/ros2_ws/build/msgs/install.log --single-version-externally-managed
[10.294s] Level 1:colcon.colcon_core.environment:checking '/home/Isaac/ros2_ws/install/msgs' for CMake config files
[10.298s] Level 1:colcon.colcon_core.environment:checking '/home/Isaac/ros2_ws/install/msgs/lib'
[10.299s] Level 1:colcon.colcon_core.environment:checking '/home/Isaac/ros2_ws/install/msgs/bin'
[10.299s] Level 1:colcon.colcon_core.environment:checking '/home/Isaac/ros2_ws/install/msgs/lib/pkgconfig/msgs.pc'
[10.301s] Level 1:colcon.colcon_core.environment:checking '/home/Isaac/ros2_ws/install/msgs/lib/python3.10/site-packages'
[10.301s] Level 1:colcon.colcon_core.shell:create_environment_hook('msgs', 'pythonpath')
[10.307s] INFO:colcon.colcon_core.shell:Creating environment hook '/home/Isaac/ros2_ws/install/msgs/share/msgs/hook/pythonpath.ps1'
[10.309s] INFO:colcon.colcon_core.shell:Creating environment descriptor '/home/Isaac/ros2_ws/install/msgs/share/msgs/hook/pythonpath.dsv'
[10.311s] INFO:colcon.colcon_core.shell:Creating environment hook '/home/Isaac/ros2_ws/install/msgs/share/msgs/hook/pythonpath.sh'
[10.314s] Level 1:colcon.colcon_core.environment:checking '/home/Isaac/ros2_ws/install/msgs/bin'
[10.315s] Level 1:colcon.colcon_core.environment:create_environment_scripts_only(msgs)
[10.321s] INFO:colcon.colcon_core.shell:Creating package script '/home/Isaac/ros2_ws/install/msgs/share/msgs/package.ps1'
[10.323s] INFO:colcon.colcon_core.shell:Creating package descriptor '/home/Isaac/ros2_ws/install/msgs/share/msgs/package.dsv'
[10.326s] INFO:colcon.colcon_core.shell:Creating package script '/home/Isaac/ros2_ws/install/msgs/share/msgs/package.sh'
[10.328s] INFO:colcon.colcon_core.shell:Creating package script '/home/Isaac/ros2_ws/install/msgs/share/msgs/package.bash'
[10.330s] INFO:colcon.colcon_core.shell:Creating package script '/home/Isaac/ros2_ws/install/msgs/share/msgs/package.zsh'
[10.331s] Level 1:colcon.colcon_core.environment:create_file_with_runtime_dependencies(/home/Isaac/ros2_ws/install/msgs/share/colcon-core/packages/msgs)
[10.342s] Level 1:colcon.colcon_core.environment:checking '/home/Isaac/ros2_ws/install/autonomous_exploration' for CMake module files
[10.346s] Level 1:colcon.colcon_core.environment:checking '/home/Isaac/ros2_ws/install/autonomous_exploration' for CMake config files
[10.348s] DEBUG:colcon.colcon_core.event_handler.log_command:Invoked command in '/home/Isaac/ros2_ws/src/autonomous_exploration' returned '0': PYTHONPATH=/home/Isaac/ros2_ws/build/autonomous_exploration/prefix_override:/home/Isaac/ros2_ws/install/autonomous_exploration/lib/python3.10/site-packages:${PYTHONPATH} /usr/bin/python3 setup.py egg_info --egg-base ../../build/autonomous_exploration build --build-base /home/Isaac/ros2_ws/build/autonomous_exploration/build install --record /home/Isaac/ros2_ws/build/autonomous_exploration/install.log --single-version-externally-managed
[10.352s] Level 1:colcon.colcon_core.environment:checking '/home/Isaac/ros2_ws/install/autonomous_exploration/lib'
[10.352s] Level 1:colcon.colcon_core.environment:checking '/home/Isaac/ros2_ws/install/autonomous_exploration/bin'
[10.353s] Level 1:colcon.colcon_core.environment:checking '/home/Isaac/ros2_ws/install/autonomous_exploration/lib/pkgconfig/autonomous_exploration.pc'
[10.354s] Level 1:colcon.colcon_core.environment:checking '/home/Isaac/ros2_ws/install/autonomous_exploration/lib/python3.10/site-packages'
[10.354s] Level 1:colcon.colcon_core.shell:create_environment_hook('autonomous_exploration', 'pythonpath')
[10.360s] INFO:colcon.colcon_core.shell:Creating environment hook '/home/Isaac/ros2_ws/install/autonomous_exploration/share/autonomous_exploration/hook/pythonpath.ps1'
[10.363s] INFO:colcon.colcon_core.shell:Creating environment descriptor '/home/Isaac/ros2_ws/install/autonomous_exploration/share/autonomous_exploration/hook/pythonpath.dsv'
[10.365s] INFO:colcon.colcon_core.shell:Creating environment hook '/home/Isaac/ros2_ws/install/autonomous_exploration/share/autonomous_exploration/hook/pythonpath.sh'
[10.368s] Level 1:colcon.colcon_core.environment:checking '/home/Isaac/ros2_ws/install/autonomous_exploration/bin'
[10.369s] Level 1:colcon.colcon_core.environment:create_environment_scripts_only(autonomous_exploration)
[10.375s] INFO:colcon.colcon_core.shell:Creating package script '/home/Isaac/ros2_ws/install/autonomous_exploration/share/autonomous_exploration/package.ps1'
[10.378s] INFO:colcon.colcon_core.shell:Creating package descriptor '/home/Isaac/ros2_ws/install/autonomous_exploration/share/autonomous_exploration/package.dsv'
[10.381s] INFO:colcon.colcon_core.shell:Creating package script '/home/Isaac/ros2_ws/install/autonomous_exploration/share/autonomous_exploration/package.sh'
[10.399s] INFO:colcon.colcon_core.shell:Creating package script '/home/Isaac/ros2_ws/install/autonomous_exploration/share/autonomous_exploration/package.bash'
[10.401s] INFO:colcon.colcon_core.shell:Creating package script '/home/Isaac/ros2_ws/install/autonomous_exploration/share/autonomous_exploration/package.zsh'
[10.404s] Level 1:colcon.colcon_core.environment:create_file_with_runtime_dependencies(/home/Isaac/ros2_ws/install/autonomous_exploration/share/colcon-core/packages/autonomous_exploration)
[10.406s] INFO:colcon.colcon_ros.task.ament_python.build:Building ROS package in '/home/Isaac/ros2_ws/src/serial_motor_demo/serial_motor_demo' with build type 'ament_python'
[10.407s] Level 1:colcon.colcon_core.shell:create_environment_hook('serial_motor_demo', 'ament_prefix_path')
[10.414s] INFO:colcon.colcon_core.shell:Creating environment hook '/home/Isaac/ros2_ws/install/serial_motor_demo/share/serial_motor_demo/hook/ament_prefix_path.ps1'
[10.417s] INFO:colcon.colcon_core.shell:Creating environment descriptor '/home/Isaac/ros2_ws/install/serial_motor_demo/share/serial_motor_demo/hook/ament_prefix_path.dsv'
[10.420s] INFO:colcon.colcon_core.shell:Creating environment hook '/home/Isaac/ros2_ws/install/serial_motor_demo/share/serial_motor_demo/hook/ament_prefix_path.sh'
[10.428s] INFO:colcon.colcon_core.shell:Skip shell extension 'powershell' for command environment: Not usable outside of PowerShell
[10.429s] DEBUG:colcon.colcon_core.shell:Skip shell extension 'dsv' for command environment
[10.496s] Level 1:colcon.colcon_core.environment:create_environment_scripts_only(serial)
[10.517s] Level 1:colcon.colcon_core.environment:checking '/home/Isaac/ros2_ws/install/serial' for CMake module files
[10.522s] Level 1:colcon.colcon_core.environment:checking '/home/Isaac/ros2_ws/install/serial' for CMake config files
[10.528s] Level 1:colcon.colcon_core.shell:create_environment_hook('serial', 'cmake_prefix_path')
[10.537s] INFO:colcon.colcon_core.shell:Creating environment hook '/home/Isaac/ros2_ws/install/serial/share/serial/hook/cmake_prefix_path.ps1'
[10.541s] INFO:colcon.colcon_core.shell:Creating environment descriptor '/home/Isaac/ros2_ws/install/serial/share/serial/hook/cmake_prefix_path.dsv'
[10.545s] INFO:colcon.colcon_core.shell:Creating environment hook '/home/Isaac/ros2_ws/install/serial/share/serial/hook/cmake_prefix_path.sh'
[10.550s] Level 1:colcon.colcon_core.environment:checking '/home/Isaac/ros2_ws/install/serial/lib'
[10.551s] Level 1:colcon.colcon_core.environment:checking '/home/Isaac/ros2_ws/install/serial/bin'
[10.551s] Level 1:colcon.colcon_core.environment:checking '/home/Isaac/ros2_ws/install/serial/lib/pkgconfig/serial.pc'
[10.553s] Level 1:colcon.colcon_core.environment:checking '/home/Isaac/ros2_ws/install/serial/lib/python3.10/site-packages'
[10.555s] Level 1:colcon.colcon_core.environment:checking '/home/Isaac/ros2_ws/install/serial/bin'
[10.564s] INFO:colcon.colcon_core.shell:Creating package script '/home/Isaac/ros2_ws/install/serial/share/serial/package.ps1'
[10.569s] INFO:colcon.colcon_core.shell:Creating package descriptor '/home/Isaac/ros2_ws/install/serial/share/serial/package.dsv'
[10.573s] INFO:colcon.colcon_core.shell:Creating package script '/home/Isaac/ros2_ws/install/serial/share/serial/package.sh'
[10.577s] INFO:colcon.colcon_core.shell:Creating package script '/home/Isaac/ros2_ws/install/serial/share/serial/package.bash'
[10.581s] INFO:colcon.colcon_core.shell:Creating package script '/home/Isaac/ros2_ws/install/serial/share/serial/package.zsh'
[10.584s] Level 1:colcon.colcon_core.environment:create_file_with_runtime_dependencies(/home/Isaac/ros2_ws/install/serial/share/colcon-core/packages/serial)
[11.818s] INFO:colcon.colcon_core.task.python.build:Building Python package in '/home/Isaac/ros2_ws/src/serial_motor_demo/serial_motor_demo'
[11.823s] INFO:colcon.colcon_core.shell:Skip shell extension 'powershell' for command environment: Not usable outside of PowerShell
[11.823s] DEBUG:colcon.colcon_core.shell:Skip shell extension 'dsv' for command environment
[11.863s] DEBUG:colcon.colcon_core.event_handler.log_command:Invoking command in '/home/Isaac/ros2_ws/src/sample_package': PYTHONPATH=/home/Isaac/ros2_ws/build/sample_package/prefix_override:/home/Isaac/ros2_ws/install/sample_package/lib/python3.10/site-packages:${PYTHONPATH} /usr/bin/python3 setup.py egg_info --egg-base ../../build/sample_package build --build-base /home/Isaac/ros2_ws/build/sample_package/build install --record /home/Isaac/ros2_ws/build/sample_package/install.log --single-version-externally-managed
[13.432s] Level 1:colcon.colcon_core.environment:checking '/home/Isaac/ros2_ws/install/sample_package' for CMake module files
[13.433s] DEBUG:colcon.colcon_core.event_handler.log_command:Invoked command in '/home/Isaac/ros2_ws/src/sample_package' returned '0': PYTHONPATH=/home/Isaac/ros2_ws/build/sample_package/prefix_override:/home/Isaac/ros2_ws/install/sample_package/lib/python3.10/site-packages:${PYTHONPATH} /usr/bin/python3 setup.py egg_info --egg-base ../../build/sample_package build --build-base /home/Isaac/ros2_ws/build/sample_package/build install --record /home/Isaac/ros2_ws/build/sample_package/install.log --single-version-externally-managed
[13.435s] Level 1:colcon.colcon_core.environment:checking '/home/Isaac/ros2_ws/install/sample_package' for CMake config files
[13.439s] Level 1:colcon.colcon_core.environment:checking '/home/Isaac/ros2_ws/install/sample_package/lib'
[13.439s] Level 1:colcon.colcon_core.environment:checking '/home/Isaac/ros2_ws/install/sample_package/bin'
[13.439s] Level 1:colcon.colcon_core.environment:checking '/home/Isaac/ros2_ws/install/sample_package/lib/pkgconfig/sample_package.pc'
[13.440s] Level 1:colcon.colcon_core.environment:checking '/home/Isaac/ros2_ws/install/sample_package/lib/python3.10/site-packages'
[13.441s] Level 1:colcon.colcon_core.shell:create_environment_hook('sample_package', 'pythonpath')
[13.446s] INFO:colcon.colcon_core.shell:Creating environment hook '/home/Isaac/ros2_ws/install/sample_package/share/sample_package/hook/pythonpath.ps1'
[13.448s] INFO:colcon.colcon_core.shell:Creating environment descriptor '/home/Isaac/ros2_ws/install/sample_package/share/sample_package/hook/pythonpath.dsv'
[13.449s] INFO:colcon.colcon_core.shell:Creating environment hook '/home/Isaac/ros2_ws/install/sample_package/share/sample_package/hook/pythonpath.sh'
[13.452s] Level 1:colcon.colcon_core.environment:checking '/home/Isaac/ros2_ws/install/sample_package/bin'
[13.452s] Level 1:colcon.colcon_core.environment:create_environment_scripts_only(sample_package)
[13.458s] INFO:colcon.colcon_core.shell:Creating package script '/home/Isaac/ros2_ws/install/sample_package/share/sample_package/package.ps1'
[13.461s] INFO:colcon.colcon_core.shell:Creating package descriptor '/home/Isaac/ros2_ws/install/sample_package/share/sample_package/package.dsv'
[13.463s] INFO:colcon.colcon_core.shell:Creating package script '/home/Isaac/ros2_ws/install/sample_package/share/sample_package/package.sh'
[13.465s] INFO:colcon.colcon_core.shell:Creating package script '/home/Isaac/ros2_ws/install/sample_package/share/sample_package/package.bash'
[13.467s] INFO:colcon.colcon_core.shell:Creating package script '/home/Isaac/ros2_ws/install/sample_package/share/sample_package/package.zsh'
[13.469s] Level 1:colcon.colcon_core.environment:create_file_with_runtime_dependencies(/home/Isaac/ros2_ws/install/sample_package/share/colcon-core/packages/sample_package)
[13.746s] DEBUG:colcon.colcon_core.event_handler.log_command:Invoking command in '/home/Isaac/ros2_ws/src/serial_motor_demo/serial_motor_demo': PYTHONPATH=/home/Isaac/ros2_ws/build/serial_motor_demo/prefix_override:/home/Isaac/ros2_ws/install/serial_motor_demo/lib/python3.10/site-packages:${PYTHONPATH} /usr/bin/python3 setup.py egg_info --egg-base ../../../build/serial_motor_demo build --build-base /home/Isaac/ros2_ws/build/serial_motor_demo/build install --record /home/Isaac/ros2_ws/build/serial_motor_demo/install.log --install-scripts $base/lib/serial_motor_demo --single-version-externally-managed
[15.107s] Level 1:colcon.colcon_core.environment:checking '/home/Isaac/ros2_ws/install/serial_motor_demo' for CMake module files
[15.109s] DEBUG:colcon.colcon_core.event_handler.log_command:Invoked command in '/home/Isaac/ros2_ws/src/serial_motor_demo/serial_motor_demo' returned '0': PYTHONPATH=/home/Isaac/ros2_ws/build/serial_motor_demo/prefix_override:/home/Isaac/ros2_ws/install/serial_motor_demo/lib/python3.10/site-packages:${PYTHONPATH} /usr/bin/python3 setup.py egg_info --egg-base ../../../build/serial_motor_demo build --build-base /home/Isaac/ros2_ws/build/serial_motor_demo/build install --record /home/Isaac/ros2_ws/build/serial_motor_demo/install.log --install-scripts $base/lib/serial_motor_demo --single-version-externally-managed
[15.112s] Level 1:colcon.colcon_core.environment:checking '/home/Isaac/ros2_ws/install/serial_motor_demo' for CMake config files
[15.116s] Level 1:colcon.colcon_core.environment:checking '/home/Isaac/ros2_ws/install/serial_motor_demo/lib'
[15.117s] Level 1:colcon.colcon_core.environment:checking '/home/Isaac/ros2_ws/install/serial_motor_demo/bin'
[15.117s] Level 1:colcon.colcon_core.environment:checking '/home/Isaac/ros2_ws/install/serial_motor_demo/lib/pkgconfig/serial_motor_demo.pc'
[15.118s] Level 1:colcon.colcon_core.environment:checking '/home/Isaac/ros2_ws/install/serial_motor_demo/lib/python3.10/site-packages'
[15.119s] Level 1:colcon.colcon_core.shell:create_environment_hook('serial_motor_demo', 'pythonpath')
[15.124s] INFO:colcon.colcon_core.shell:Creating environment hook '/home/Isaac/ros2_ws/install/serial_motor_demo/share/serial_motor_demo/hook/pythonpath.ps1'
[15.126s] INFO:colcon.colcon_core.shell:Creating environment descriptor '/home/Isaac/ros2_ws/install/serial_motor_demo/share/serial_motor_demo/hook/pythonpath.dsv'
[15.127s] INFO:colcon.colcon_core.shell:Creating environment hook '/home/Isaac/ros2_ws/install/serial_motor_demo/share/serial_motor_demo/hook/pythonpath.sh'
[15.130s] Level 1:colcon.colcon_core.environment:checking '/home/Isaac/ros2_ws/install/serial_motor_demo/bin'
[15.130s] Level 1:colcon.colcon_core.environment:create_environment_scripts_only(serial_motor_demo)
[15.135s] INFO:colcon.colcon_core.shell:Creating package script '/home/Isaac/ros2_ws/install/serial_motor_demo/share/serial_motor_demo/package.ps1'
[15.138s] INFO:colcon.colcon_core.shell:Creating package descriptor '/home/Isaac/ros2_ws/install/serial_motor_demo/share/serial_motor_demo/package.dsv'
[15.140s] INFO:colcon.colcon_core.shell:Creating package script '/home/Isaac/ros2_ws/install/serial_motor_demo/share/serial_motor_demo/package.sh'
[15.142s] INFO:colcon.colcon_core.shell:Creating package script '/home/Isaac/ros2_ws/install/serial_motor_demo/share/serial_motor_demo/package.bash'
[15.143s] INFO:colcon.colcon_core.shell:Creating package script '/home/Isaac/ros2_ws/install/serial_motor_demo/share/serial_motor_demo/package.zsh'
[15.145s] Level 1:colcon.colcon_core.environment:create_file_with_runtime_dependencies(/home/Isaac/ros2_ws/install/serial_motor_demo/share/colcon-core/packages/serial_motor_demo)
[15.146s] DEBUG:colcon.colcon_parallel_executor.executor.parallel:closing loop
[15.147s] DEBUG:colcon.colcon_parallel_executor.executor.parallel:loop closed
[15.148s] DEBUG:colcon.colcon_parallel_executor.executor.parallel:run_until_complete finished with '0'
[15.148s] DEBUG:colcon.colcon_core.event_reactor:joining thread
[15.171s] INFO:colcon.colcon_core.plugin_system:Skipping extension 'colcon_notification.desktop_notification.notify_send': Could not find 'notify-send'
[15.172s] INFO:colcon.colcon_core.plugin_system:Skipping extension 'colcon_notification.desktop_notification.terminal_notifier': Not used on non-Darwin systems
[15.172s] INFO:colcon.colcon_core.plugin_system:Skipping extension 'colcon_notification.desktop_notification.win32': Not used on non-Windows systems
[15.172s] INFO:colcon.colcon_notification.desktop_notification:Sending desktop notification using 'notify2'
[15.175s] DEBUG:colcon.colcon_notification.desktop_notification.notify2:Failed to initialize notify2: org.freedesktop.DBus.Error.ServiceUnknown: The name org.freedesktop.Notifications was not provided by any .service files
[15.176s] DEBUG:colcon.colcon_core.event_reactor:joined thread
[15.181s] INFO:colcon.colcon_core.shell:Creating prefix script '/home/Isaac/ros2_ws/install/local_setup.ps1'
[15.184s] INFO:colcon.colcon_core.shell:Creating prefix util module '/home/Isaac/ros2_ws/install/_local_setup_util_ps1.py'
[15.190s] INFO:colcon.colcon_core.shell:Creating prefix chain script '/home/Isaac/ros2_ws/install/setup.ps1'
[15.199s] INFO:colcon.colcon_core.shell:Creating prefix script '/home/Isaac/ros2_ws/install/local_setup.sh'
[15.201s] INFO:colcon.colcon_core.shell:Creating prefix util module '/home/Isaac/ros2_ws/install/_local_setup_util_sh.py'
[15.203s] INFO:colcon.colcon_core.shell:Creating prefix chain script '/home/Isaac/ros2_ws/install/setup.sh'
[15.211s] INFO:colcon.colcon_core.shell:Creating prefix script '/home/Isaac/ros2_ws/install/local_setup.bash'
[15.213s] INFO:colcon.colcon_core.shell:Creating prefix chain script '/home/Isaac/ros2_ws/install/setup.bash'
[15.220s] INFO:colcon.colcon_core.shell:Creating prefix script '/home/Isaac/ros2_ws/install/local_setup.zsh'
[15.222s] INFO:colcon.colcon_core.shell:Creating prefix chain script '/home/Isaac/ros2_ws/install/setup.zsh'
