[4.371s] Invoking command in '/home/tony_stark/ros2_ws/src/msgs': PYTHONPATH=/home/tony_stark/ros2_ws/build/msgs/prefix_override:/home/tony_stark/ros2_ws/install/msgs/lib/python3.10/site-packages:${PYTHONPATH} /usr/bin/python3 setup.py egg_info --egg-base ../../build/msgs build --build-base /home/tony_stark/ros2_ws/build/msgs/build install --record /home/tony_stark/ros2_ws/build/msgs/install.log --single-version-externally-managed
[5.649s] running egg_info
[5.661s] writing ../../build/msgs/msgs.egg-info/PKG-INFO
[5.665s] writing dependency_links to ../../build/msgs/msgs.egg-info/dependency_links.txt
[5.666s] writing entry points to ../../build/msgs/msgs.egg-info/entry_points.txt
[5.666s] writing requirements to ../../build/msgs/msgs.egg-info/requires.txt
[5.667s] writing top-level names to ../../build/msgs/msgs.egg-info/top_level.txt
[5.769s] reading manifest file '../../build/msgs/msgs.egg-info/SOURCES.txt'
[5.819s] writing manifest file '../../build/msgs/msgs.egg-info/SOURCES.txt'
[5.820s] running build
[5.820s] running build_py
[5.823s] running install
[5.823s] running install_lib
[5.833s] running install_data
[5.835s] running install_egg_info
[5.839s] removing '/home/tony_stark/ros2_ws/install/msgs/lib/python3.10/site-packages/msgs-0.0.0-py3.10.egg-info' (and everything under it)
[5.896s] Copying ../../build/msgs/msgs.egg-info to /home/tony_stark/ros2_ws/install/msgs/lib/python3.10/site-packages/msgs-0.0.0-py3.10.egg-info
[5.911s] running install_scripts
[5.963s] Installing floatlist script to /home/tony_stark/ros2_ws/install/msgs/lib/msgs
[5.965s] writing list of installed files to '/home/tony_stark/ros2_ws/build/msgs/install.log'
[6.286s] Invoked command in '/home/tony_stark/ros2_ws/src/msgs' returned '0': PYTHONPATH=/home/tony_stark/ros2_ws/build/msgs/prefix_override:/home/tony_stark/ros2_ws/install/msgs/lib/python3.10/site-packages:${PYTHONPATH} /usr/bin/python3 setup.py egg_info --egg-base ../../build/msgs build --build-base /home/tony_stark/ros2_ws/build/msgs/build install --record /home/tony_stark/ros2_ws/build/msgs/install.log --single-version-externally-managed
