[2.119s] Invoking command in '/home/tony_stark/ros2_ws/src/navigation_module': PYTHONPATH=/home/tony_stark/ros2_ws/build/navigation_module/prefix_override:/home/tony_stark/ros2_ws/install/navigation_module/lib/python3.10/site-packages:${PYTHONPATH} /usr/bin/python3 setup.py egg_info --egg-base ../../build/navigation_module build --build-base /home/tony_stark/ros2_ws/build/navigation_module/build install --record /home/tony_stark/ros2_ws/build/navigation_module/install.log --single-version-externally-managed
[2.786s] running egg_info
[2.829s] writing ../../build/navigation_module/navigation_module.egg-info/PKG-INFO
[2.831s] writing dependency_links to ../../build/navigation_module/navigation_module.egg-info/dependency_links.txt
[2.832s] writing requirements to ../../build/navigation_module/navigation_module.egg-info/requires.txt
[2.833s] writing top-level names to ../../build/navigation_module/navigation_module.egg-info/top_level.txt
[2.923s] reading manifest file '../../build/navigation_module/navigation_module.egg-info/SOURCES.txt'
[2.926s] writing manifest file '../../build/navigation_module/navigation_module.egg-info/SOURCES.txt'
[2.927s] running build
[2.928s] running build_py
[2.929s] running install
[2.930s] /home/tony_stark/.local/lib/python3.10/site-packages/setuptools/_distutils/cmd.py:66: SetuptoolsDeprecationWarning: setup.py install is deprecated.
[2.931s] !!
[2.931s] 
[2.931s]         ********************************************************************************
[2.931s]         Please avoid running ``setup.py`` directly.
[2.931s]         Instead, use pypa/build, pypa/installer, pypa/build or
[2.931s]         other standards-based tools.
[2.932s] 
[2.932s]         See https://blog.ganssle.io/articles/2021/10/setup-py-deprecated.html for details.
[2.932s]         ********************************************************************************
[2.932s] 
[2.932s] !!
[2.933s]   self.initialize_options()
[2.952s] running install_lib
[2.990s] running install_data
[3.028s] copying launch/houselaunch.py -> /home/tony_stark/ros2_ws/install/navigation_module/share/navigation_module
[3.030s] running install_egg_info
[3.078s] removing '/home/tony_stark/ros2_ws/install/navigation_module/lib/python3.10/site-packages/navigation_module-0.0.0-py3.10.egg-info' (and everything under it)
[3.079s] Copying ../../build/navigation_module/navigation_module.egg-info to /home/tony_stark/ros2_ws/install/navigation_module/lib/python3.10/site-packages/navigation_module-0.0.0-py3.10.egg-info
[3.082s] running install_scripts
[3.599s] writing list of installed files to '/home/tony_stark/ros2_ws/build/navigation_module/install.log'
[3.701s] Invoked command in '/home/tony_stark/ros2_ws/src/navigation_module' returned '0': PYTHONPATH=/home/tony_stark/ros2_ws/build/navigation_module/prefix_override:/home/tony_stark/ros2_ws/install/navigation_module/lib/python3.10/site-packages:${PYTHONPATH} /usr/bin/python3 setup.py egg_info --egg-base ../../build/navigation_module build --build-base /home/tony_stark/ros2_ws/build/navigation_module/build install --record /home/tony_stark/ros2_ws/build/navigation_module/install.log --single-version-externally-managed
