[2.367s] Invoking command in '/home/tony_stark/ros2_ws/src/sample_package': PYTHONPATH=/home/tony_stark/ros2_ws/build/sample_package/prefix_override:/home/tony_stark/ros2_ws/install/sample_package/lib/python3.10/site-packages:${PYTHONPATH} /usr/bin/python3 setup.py egg_info --egg-base ../../build/sample_package build --build-base /home/tony_stark/ros2_ws/build/sample_package/build install --record /home/tony_stark/ros2_ws/build/sample_package/install.log --single-version-externally-managed
[3.162s] running egg_info
[3.229s] writing ../../build/sample_package/sample_package.egg-info/PKG-INFO
[3.230s] writing dependency_links to ../../build/sample_package/sample_package.egg-info/dependency_links.txt
[3.231s] writing entry points to ../../build/sample_package/sample_package.egg-info/entry_points.txt
[3.231s] writing requirements to ../../build/sample_package/sample_package.egg-info/requires.txt
[3.232s] writing top-level names to ../../build/sample_package/sample_package.egg-info/top_level.txt
[3.419s] reading manifest file '../../build/sample_package/sample_package.egg-info/SOURCES.txt'
[3.491s] writing manifest file '../../build/sample_package/sample_package.egg-info/SOURCES.txt'
[3.491s] running build
[3.492s] running build_py
[3.492s] running install
[3.492s] /home/tony_stark/.local/lib/python3.10/site-packages/setuptools/_distutils/cmd.py:66: SetuptoolsDeprecationWarning: setup.py install is deprecated.
[3.492s] !!
[3.492s] 
[3.492s]         ********************************************************************************
[3.493s]         Please avoid running ``setup.py`` directly.
[3.493s]         Instead, use pypa/build, pypa/installer, pypa/build or
[3.493s]         other standards-based tools.
[3.493s] 
[3.493s]         See https://blog.ganssle.io/articles/2021/10/setup-py-deprecated.html for details.
[3.493s]         ********************************************************************************
[3.494s] 
[3.494s] !!
[3.494s]   self.initialize_options()
[3.507s] running install_lib
[3.541s] running install_data
[3.585s] running install_egg_info
[3.629s] removing '/home/tony_stark/ros2_ws/install/sample_package/lib/python3.10/site-packages/sample_package-0.0.0-py3.10.egg-info' (and everything under it)
[3.630s] Copying ../../build/sample_package/sample_package.egg-info to /home/tony_stark/ros2_ws/install/sample_package/lib/python3.10/site-packages/sample_package-0.0.0-py3.10.egg-info
[3.632s] running install_scripts
[4.090s] Installing fan_sub script to /home/tony_stark/ros2_ws/install/sample_package/lib/sample_package
[4.090s] Installing process script to /home/tony_stark/ros2_ws/install/sample_package/lib/sample_package
[4.091s] Installing senpub script to /home/tony_stark/ros2_ws/install/sample_package/lib/sample_package
[4.091s] Installing talk script to /home/tony_stark/ros2_ws/install/sample_package/lib/sample_package
[4.092s] writing list of installed files to '/home/tony_stark/ros2_ws/build/sample_package/install.log'
[4.175s] Invoked command in '/home/tony_stark/ros2_ws/src/sample_package' returned '0': PYTHONPATH=/home/tony_stark/ros2_ws/build/sample_package/prefix_override:/home/tony_stark/ros2_ws/install/sample_package/lib/python3.10/site-packages:${PYTHONPATH} /usr/bin/python3 setup.py egg_info --egg-base ../../build/sample_package build --build-base /home/tony_stark/ros2_ws/build/sample_package/build install --record /home/tony_stark/ros2_ws/build/sample_package/install.log --single-version-externally-managed
