[2.276s] Invoking command in '/home/tony_stark/ros2_ws/src/sample_package': PYTHONPATH=/home/tony_stark/ros2_ws/build/sample_package/prefix_override:/home/tony_stark/ros2_ws/install/sample_package/lib/python3.10/site-packages:${PYTHONPATH} /usr/bin/python3 setup.py egg_info --egg-base ../../build/sample_package build --build-base /home/tony_stark/ros2_ws/build/sample_package/build install --record /home/tony_stark/ros2_ws/build/sample_package/install.log --single-version-externally-managed
[2.940s] running egg_info
[2.982s] writing ../../build/sample_package/sample_package.egg-info/PKG-INFO
[2.982s] writing dependency_links to ../../build/sample_package/sample_package.egg-info/dependency_links.txt
[2.983s] writing entry points to ../../build/sample_package/sample_package.egg-info/entry_points.txt
[2.984s] writing requirements to ../../build/sample_package/sample_package.egg-info/requires.txt
[2.985s] writing top-level names to ../../build/sample_package/sample_package.egg-info/top_level.txt
[3.077s] reading manifest file '../../build/sample_package/sample_package.egg-info/SOURCES.txt'
[3.080s] writing manifest file '../../build/sample_package/sample_package.egg-info/SOURCES.txt'
[3.081s] running build
[3.081s] running build_py
[3.083s] running install
[3.083s] /home/tony_stark/.local/lib/python3.10/site-packages/setuptools/_distutils/cmd.py:66: SetuptoolsDeprecationWarning: setup.py install is deprecated.
[3.084s] !!
[3.084s] 
[3.084s]         ********************************************************************************
[3.084s]         Please avoid running ``setup.py`` directly.
[3.084s]         Instead, use pypa/build, pypa/installer, pypa/build or
[3.084s]         other standards-based tools.
[3.085s] 
[3.085s]         See https://blog.ganssle.io/articles/2021/10/setup-py-deprecated.html for details.
[3.085s]         ********************************************************************************
[3.085s] 
[3.085s] !!
[3.086s]   self.initialize_options()
[3.100s] running install_lib
[3.144s] running install_data
[3.182s] running install_egg_info
[3.229s] removing '/home/tony_stark/ros2_ws/install/sample_package/lib/python3.10/site-packages/sample_package-0.0.0-py3.10.egg-info' (and everything under it)
[3.230s] Copying ../../build/sample_package/sample_package.egg-info to /home/tony_stark/ros2_ws/install/sample_package/lib/python3.10/site-packages/sample_package-0.0.0-py3.10.egg-info
[3.233s] running install_scripts
[3.597s] Installing fan_sub script to /home/tony_stark/ros2_ws/install/sample_package/lib/sample_package
[3.598s] Installing process script to /home/tony_stark/ros2_ws/install/sample_package/lib/sample_package
[3.598s] Installing senpub script to /home/tony_stark/ros2_ws/install/sample_package/lib/sample_package
[3.599s] Installing talk script to /home/tony_stark/ros2_ws/install/sample_package/lib/sample_package
[3.600s] writing list of installed files to '/home/tony_stark/ros2_ws/build/sample_package/install.log'
