[2.363s] Invoking command in '/home/tony_stark/ros2_ws/src/navigation_module': PYTHONPATH=/home/tony_stark/ros2_ws/build/navigation_module/prefix_override:/home/tony_stark/ros2_ws/install/navigation_module/lib/python3.10/site-packages:${PYTHONPATH} /usr/bin/python3 setup.py egg_info --egg-base ../../build/navigation_module build --build-base /home/tony_stark/ros2_ws/build/navigation_module/build install --record /home/tony_stark/ros2_ws/build/navigation_module/install.log --single-version-externally-managed
[3.103s] running egg_info
[3.105s] writing ../../build/navigation_module/navigation_module.egg-info/PKG-INFO
[3.105s] writing dependency_links to ../../build/navigation_module/navigation_module.egg-info/dependency_links.txt
[3.106s] writing entry points to ../../build/navigation_module/navigation_module.egg-info/entry_points.txt
[3.107s] writing requirements to ../../build/navigation_module/navigation_module.egg-info/requires.txt
[3.107s] writing top-level names to ../../build/navigation_module/navigation_module.egg-info/top_level.txt
[3.114s] reading manifest file '../../build/navigation_module/navigation_module.egg-info/SOURCES.txt'
[3.117s] writing manifest file '../../build/navigation_module/navigation_module.egg-info/SOURCES.txt'
[3.117s] running build
[3.117s] running build_py
[3.118s] running install
[3.119s] running install_lib
[3.123s] running install_data
[3.125s] copying params/nav2_params.yaml -> /home/tony_stark/ros2_ws/install/navigation_module/share/navigation_module
[3.126s] running install_egg_info
[3.133s] removing '/home/tony_stark/ros2_ws/install/navigation_module/lib/python3.10/site-packages/navigation_module-0.0.0-py3.10.egg-info' (and everything under it)
[3.134s] Copying ../../build/navigation_module/navigation_module.egg-info to /home/tony_stark/ros2_ws/install/navigation_module/lib/python3.10/site-packages/navigation_module-0.0.0-py3.10.egg-info
[3.137s] running install_scripts
[3.189s] Installing current_goal script to /home/tony_stark/ros2_ws/install/navigation_module/lib/navigation_module
[3.190s] Installing get_pose script to /home/tony_stark/ros2_ws/install/navigation_module/lib/navigation_module
[3.191s] writing list of installed files to '/home/tony_stark/ros2_ws/build/navigation_module/install.log'
[3.291s] Invoked command in '/home/tony_stark/ros2_ws/src/navigation_module' returned '0': PYTHONPATH=/home/tony_stark/ros2_ws/build/navigation_module/prefix_override:/home/tony_stark/ros2_ws/install/navigation_module/lib/python3.10/site-packages:${PYTHONPATH} /usr/bin/python3 setup.py egg_info --egg-base ../../build/navigation_module build --build-base /home/tony_stark/ros2_ws/build/navigation_module/build install --record /home/tony_stark/ros2_ws/build/navigation_module/install.log --single-version-externally-managed
