[2.484s] Invoking command in '/home/tony_stark/ros2_ws/src/sample_package': PYTHONPATH=/home/tony_stark/ros2_ws/build/sample_package/prefix_override:/home/tony_stark/ros2_ws/install/sample_package/lib/python3.10/site-packages:${PYTHONPATH} /usr/bin/python3 setup.py egg_info --egg-base ../../build/sample_package build --build-base /home/tony_stark/ros2_ws/build/sample_package/build install --record /home/tony_stark/ros2_ws/build/sample_package/install.log --single-version-externally-managed
[3.374s] running egg_info
[3.376s] writing ../../build/sample_package/sample_package.egg-info/PKG-INFO
[3.377s] writing dependency_links to ../../build/sample_package/sample_package.egg-info/dependency_links.txt
[3.378s] writing entry points to ../../build/sample_package/sample_package.egg-info/entry_points.txt
[3.379s] writing requirements to ../../build/sample_package/sample_package.egg-info/requires.txt
[3.380s] writing top-level names to ../../build/sample_package/sample_package.egg-info/top_level.txt
[3.387s] reading manifest file '../../build/sample_package/sample_package.egg-info/SOURCES.txt'
[3.390s] writing manifest file '../../build/sample_package/sample_package.egg-info/SOURCES.txt'
[3.391s] running build
[3.391s] running build_py
[3.394s] running install
[3.396s] running install_lib
[3.400s] running install_data
[3.402s] running install_egg_info
[3.408s] removing '/home/tony_stark/ros2_ws/install/sample_package/lib/python3.10/site-packages/sample_package-0.0.0-py3.10.egg-info' (and everything under it)
[3.416s] Copying ../../build/sample_package/sample_package.egg-info to /home/tony_stark/ros2_ws/install/sample_package/lib/python3.10/site-packages/sample_package-0.0.0-py3.10.egg-info
[3.420s] running install_scripts
[3.488s] Installing process script to /home/tony_stark/ros2_ws/install/sample_package/lib/sample_package
[3.489s] Installing senpub script to /home/tony_stark/ros2_ws/install/sample_package/lib/sample_package
[3.490s] Installing talk script to /home/tony_stark/ros2_ws/install/sample_package/lib/sample_package
[3.492s] writing list of installed files to '/home/tony_stark/ros2_ws/build/sample_package/install.log'
[3.600s] Invoked command in '/home/tony_stark/ros2_ws/src/sample_package' returned '0': PYTHONPATH=/home/tony_stark/ros2_ws/build/sample_package/prefix_override:/home/tony_stark/ros2_ws/install/sample_package/lib/python3.10/site-packages:${PYTHONPATH} /usr/bin/python3 setup.py egg_info --egg-base ../../build/sample_package build --build-base /home/tony_stark/ros2_ws/build/sample_package/build install --record /home/tony_stark/ros2_ws/build/sample_package/install.log --single-version-externally-managed
