[1.835s] Invoking command in '/home/Isaac/ros2_ws/build/diffdrive_arduino': CMAKE_PREFIX_PATH=${CMAKE_PREFIX_PATH}:/home/Isaac/ros2_ws/install/serial_motor_demo:/home/Isaac/ros2_ws/install/sample_package:/home/Isaac/ros2_ws/install/msgs:/home/Isaac/ros2_ws/install/autonomous_exploration:/opt/ros/humble /usr/bin/cmake --build /home/Isaac/ros2_ws/build/diffdrive_arduino -- -j4 -l4
[2.244s] [100%] Built target diffdrive_arduino
[3.306s] Invoked command in '/home/Isaac/ros2_ws/build/diffdrive_arduino' returned '0': CMAKE_PREFIX_PATH=${CMAKE_PREFIX_PATH}:/home/Isaac/ros2_ws/install/serial_motor_demo:/home/Isaac/ros2_ws/install/sample_package:/home/Isaac/ros2_ws/install/msgs:/home/Isaac/ros2_ws/install/autonomous_exploration:/opt/ros/humble /usr/bin/cmake --build /home/Isaac/ros2_ws/build/diffdrive_arduino -- -j4 -l4
[3.511s] Invoking command in '/home/Isaac/ros2_ws/build/diffdrive_arduino': CMAKE_PREFIX_PATH=${CMAKE_PREFIX_PATH}:/home/Isaac/ros2_ws/install/serial_motor_demo:/home/Isaac/ros2_ws/install/sample_package:/home/Isaac/ros2_ws/install/msgs:/home/Isaac/ros2_ws/install/autonomous_exploration:/opt/ros/humble /usr/bin/cmake --install /home/Isaac/ros2_ws/build/diffdrive_arduino
[3.561s] -- Install configuration: ""
[3.562s] -- Up-to-date: /home/Isaac/ros2_ws/install/diffdrive_arduino/share/diffdrive_arduino/diffdrive_arduino.xml
[3.564s] -- Up-to-date: /home/Isaac/ros2_ws/install/diffdrive_arduino/include/diffdrive_arduino
[3.565s] -- Up-to-date: /home/Isaac/ros2_ws/install/diffdrive_arduino/include/diffdrive_arduino/diffdrive_arduino
[3.565s] -- Up-to-date: /home/Isaac/ros2_ws/install/diffdrive_arduino/include/diffdrive_arduino/diffdrive_arduino/diffbot_system.hpp
[3.566s] -- Up-to-date: /home/Isaac/ros2_ws/install/diffdrive_arduino/include/diffdrive_arduino/diffdrive_arduino/arduino_comms.hpp
[3.567s] -- Up-to-date: /home/Isaac/ros2_ws/install/diffdrive_arduino/include/diffdrive_arduino/diffdrive_arduino/wheel.hpp
[3.567s] -- Up-to-date: /home/Isaac/ros2_ws/install/diffdrive_arduino/include/diffdrive_arduino/diffdrive_arduino/visibility_control.h
[3.569s] -- Up-to-date: /home/Isaac/ros2_ws/install/diffdrive_arduino/share/diffdrive_arduino/launch
[3.569s] -- Up-to-date: /home/Isaac/ros2_ws/install/diffdrive_arduino/share/diffdrive_arduino/launch/view_robot.launch.py
[3.570s] -- Up-to-date: /home/Isaac/ros2_ws/install/diffdrive_arduino/share/diffdrive_arduino/ros2_control
[3.571s] -- Up-to-date: /home/Isaac/ros2_ws/install/diffdrive_arduino/share/diffdrive_arduino/ros2_control/ros2_control.xacro
[3.572s] -- Up-to-date: /home/Isaac/ros2_ws/install/diffdrive_arduino/share/diffdrive_arduino/urdf
[3.572s] -- Installing: /home/Isaac/ros2_ws/install/diffdrive_arduino/share/diffdrive_arduino/urdf/robot_core.xacro
[3.574s] -- Up-to-date: /home/Isaac/ros2_ws/install/diffdrive_arduino/share/diffdrive_arduino/urdf/lidar.xacro
[3.575s] -- Up-to-date: /home/Isaac/ros2_ws/install/diffdrive_arduino/share/diffdrive_arduino/urdf/diffbot.urdf.xacro
[3.576s] -- Up-to-date: /home/Isaac/ros2_ws/install/diffdrive_arduino/share/diffdrive_arduino/urdf/ros2_control.xacro
[3.577s] -- Up-to-date: /home/Isaac/ros2_ws/install/diffdrive_arduino/share/diffdrive_arduino/urdf/inertial_macros.xacro
[3.578s] -- Up-to-date: /home/Isaac/ros2_ws/install/diffdrive_arduino/share/diffdrive_arduino/rviz
[3.579s] -- Up-to-date: /home/Isaac/ros2_ws/install/diffdrive_arduino/share/diffdrive_arduino/rviz/diffbot_view.rviz
[3.580s] -- Up-to-date: /home/Isaac/ros2_ws/install/diffdrive_arduino/share/diffdrive_arduino/rviz/diffbot.rviz
[3.581s] -- Up-to-date: /home/Isaac/ros2_ws/install/diffdrive_arduino/share/diffdrive_arduino/launch
[3.582s] -- Up-to-date: /home/Isaac/ros2_ws/install/diffdrive_arduino/share/diffdrive_arduino/launch/lidar_filter_params.yaml
[3.582s] -- Up-to-date: /home/Isaac/ros2_ws/install/diffdrive_arduino/share/diffdrive_arduino/launch/rplidar.launch.py
[3.588s] -- Up-to-date: /home/Isaac/ros2_ws/install/diffdrive_arduino/share/diffdrive_arduino/launch/main_launch.launch.py
[3.589s] -- Up-to-date: /home/Isaac/ros2_ws/install/diffdrive_arduino/share/diffdrive_arduino/launch/__pycache__
[3.589s] -- Up-to-date: /home/Isaac/ros2_ws/install/diffdrive_arduino/share/diffdrive_arduino/launch/__pycache__/rplidar.launch.cpython-310.pyc
[3.590s] -- Up-to-date: /home/Isaac/ros2_ws/install/diffdrive_arduino/share/diffdrive_arduino/launch/diffbot.launch.py
[3.591s] -- Up-to-date: /home/Isaac/ros2_ws/install/diffdrive_arduino/share/diffdrive_arduino/config
[3.592s] -- Up-to-date: /home/Isaac/ros2_ws/install/diffdrive_arduino/share/diffdrive_arduino/config/nav2_params.yaml
[3.593s] -- Up-to-date: /home/Isaac/ros2_ws/install/diffdrive_arduino/share/diffdrive_arduino/config/mapper_params_online_async.yaml
[3.594s] -- Installing: /home/Isaac/ros2_ws/install/diffdrive_arduino/share/diffdrive_arduino/config/diffbot_controllers.yaml
[3.595s] -- Up-to-date: /home/Isaac/ros2_ws/install/diffdrive_arduino/lib/libdiffdrive_arduino.so
[3.597s] -- Up-to-date: /home/Isaac/ros2_ws/install/diffdrive_arduino/share/diffdrive_arduino/environment/library_path.sh
[3.597s] -- Up-to-date: /home/Isaac/ros2_ws/install/diffdrive_arduino/share/diffdrive_arduino/environment/library_path.dsv
[3.598s] -- Up-to-date: /home/Isaac/ros2_ws/install/diffdrive_arduino/share/ament_index/resource_index/package_run_dependencies/diffdrive_arduino
[3.599s] -- Up-to-date: /home/Isaac/ros2_ws/install/diffdrive_arduino/share/ament_index/resource_index/parent_prefix_path/diffdrive_arduino
[3.600s] -- Up-to-date: /home/Isaac/ros2_ws/install/diffdrive_arduino/share/diffdrive_arduino/environment/ament_prefix_path.sh
[3.600s] -- Up-to-date: /home/Isaac/ros2_ws/install/diffdrive_arduino/share/diffdrive_arduino/environment/ament_prefix_path.dsv
[3.601s] -- Up-to-date: /home/Isaac/ros2_ws/install/diffdrive_arduino/share/diffdrive_arduino/environment/path.sh
[3.604s] -- Up-to-date: /home/Isaac/ros2_ws/install/diffdrive_arduino/share/diffdrive_arduino/environment/path.dsv
[3.605s] -- Up-to-date: /home/Isaac/ros2_ws/install/diffdrive_arduino/share/diffdrive_arduino/local_setup.bash
[3.608s] -- Up-to-date: /home/Isaac/ros2_ws/install/diffdrive_arduino/share/diffdrive_arduino/local_setup.sh
[3.610s] -- Up-to-date: /home/Isaac/ros2_ws/install/diffdrive_arduino/share/diffdrive_arduino/local_setup.zsh
[3.611s] -- Up-to-date: /home/Isaac/ros2_ws/install/diffdrive_arduino/share/diffdrive_arduino/local_setup.dsv
[3.613s] -- Installing: /home/Isaac/ros2_ws/install/diffdrive_arduino/share/diffdrive_arduino/package.dsv
[3.617s] -- Up-to-date: /home/Isaac/ros2_ws/install/diffdrive_arduino/share/ament_index/resource_index/packages/diffdrive_arduino
[3.619s] -- Up-to-date: /home/Isaac/ros2_ws/install/diffdrive_arduino/share/ament_index/resource_index/hardware_interface__pluginlib__plugin/diffdrive_arduino
[3.625s] -- Up-to-date: /home/Isaac/ros2_ws/install/diffdrive_arduino/share/diffdrive_arduino/cmake/export_diffdrive_arduinoExport.cmake
[3.626s] -- Up-to-date: /home/Isaac/ros2_ws/install/diffdrive_arduino/share/diffdrive_arduino/cmake/export_diffdrive_arduinoExport-noconfig.cmake
[3.627s] -- Up-to-date: /home/Isaac/ros2_ws/install/diffdrive_arduino/share/diffdrive_arduino/cmake/ament_cmake_export_targets-extras.cmake
[3.628s] -- Up-to-date: /home/Isaac/ros2_ws/install/diffdrive_arduino/share/diffdrive_arduino/cmake/ament_cmake_export_dependencies-extras.cmake
[3.629s] -- Up-to-date: /home/Isaac/ros2_ws/install/diffdrive_arduino/share/diffdrive_arduino/cmake/diffdrive_arduinoConfig.cmake
[3.630s] -- Up-to-date: /home/Isaac/ros2_ws/install/diffdrive_arduino/share/diffdrive_arduino/cmake/diffdrive_arduinoConfig-version.cmake
[3.631s] -- Up-to-date: /home/Isaac/ros2_ws/install/diffdrive_arduino/share/diffdrive_arduino/package.xml
[3.647s] Invoked command in '/home/Isaac/ros2_ws/build/diffdrive_arduino' returned '0': CMAKE_PREFIX_PATH=${CMAKE_PREFIX_PATH}:/home/Isaac/ros2_ws/install/serial_motor_demo:/home/Isaac/ros2_ws/install/sample_package:/home/Isaac/ros2_ws/install/msgs:/home/Isaac/ros2_ws/install/autonomous_exploration:/opt/ros/humble /usr/bin/cmake --install /home/Isaac/ros2_ws/build/diffdrive_arduino
