[2.279s] Invoking command in '/home/tony_stark/ros2_ws/src/msgs': PYTHONPATH=/home/tony_stark/ros2_ws/build/msgs/prefix_override:/home/tony_stark/ros2_ws/install/msgs/lib/python3.10/site-packages:${PYTHONPATH} /usr/bin/python3 setup.py egg_info --egg-base ../../build/msgs build --build-base /home/tony_stark/ros2_ws/build/msgs/build install --record /home/tony_stark/ros2_ws/build/msgs/install.log --single-version-externally-managed
[3.000s] running egg_info
[3.001s] writing ../../build/msgs/msgs.egg-info/PKG-INFO
[3.002s] writing dependency_links to ../../build/msgs/msgs.egg-info/dependency_links.txt
[3.002s] writing entry points to ../../build/msgs/msgs.egg-info/entry_points.txt
[3.003s] writing requirements to ../../build/msgs/msgs.egg-info/requires.txt
[3.003s] writing top-level names to ../../build/msgs/msgs.egg-info/top_level.txt
[3.008s] reading manifest file '../../build/msgs/msgs.egg-info/SOURCES.txt'
[3.010s] writing manifest file '../../build/msgs/msgs.egg-info/SOURCES.txt'
[3.011s] running build
[3.011s] running build_py
[3.011s] running install
[3.015s] running install_lib
[3.018s] running install_data
[3.019s] running install_egg_info
[3.024s] removing '/home/tony_stark/ros2_ws/install/msgs/lib/python3.10/site-packages/msgs-0.0.0-py3.10.egg-info' (and everything under it)
[3.024s] Copying ../../build/msgs/msgs.egg-info to /home/tony_stark/ros2_ws/install/msgs/lib/python3.10/site-packages/msgs-0.0.0-py3.10.egg-info
[3.027s] running install_scripts
[3.085s] Installing floatlist script to /home/tony_stark/ros2_ws/install/msgs/lib/msgs
[3.086s] writing list of installed files to '/home/tony_stark/ros2_ws/build/msgs/install.log'
[3.190s] Invoked command in '/home/tony_stark/ros2_ws/src/msgs' returned '0': PYTHONPATH=/home/tony_stark/ros2_ws/build/msgs/prefix_override:/home/tony_stark/ros2_ws/install/msgs/lib/python3.10/site-packages:${PYTHONPATH} /usr/bin/python3 setup.py egg_info --egg-base ../../build/msgs build --build-base /home/tony_stark/ros2_ws/build/msgs/build install --record /home/tony_stark/ros2_ws/build/msgs/install.log --single-version-externally-managed
