[5.777s] Invoking command in '/home/Isaac/ros2_ws/src/msgs': PYTHONPATH=/home/Isaac/ros2_ws/build/msgs/prefix_override:/home/Isaac/ros2_ws/install/msgs/lib/python3.10/site-packages:${PYTHONPATH} /usr/bin/python3 setup.py egg_info --egg-base ../../build/msgs build --build-base /home/Isaac/ros2_ws/build/msgs/build install --record /home/Isaac/ros2_ws/build/msgs/install.log --single-version-externally-managed
[7.477s] running egg_info
[7.481s] writing ../../build/msgs/msgs.egg-info/PKG-INFO
[7.482s] writing dependency_links to ../../build/msgs/msgs.egg-info/dependency_links.txt
[7.484s] writing entry points to ../../build/msgs/msgs.egg-info/entry_points.txt
[7.485s] writing requirements to ../../build/msgs/msgs.egg-info/requires.txt
[7.486s] writing top-level names to ../../build/msgs/msgs.egg-info/top_level.txt
[7.496s] reading manifest file '../../build/msgs/msgs.egg-info/SOURCES.txt'
[7.500s] writing manifest file '../../build/msgs/msgs.egg-info/SOURCES.txt'
[7.501s] running build
[7.502s] running build_py
[7.503s] running install
[7.504s] /usr/lib/python3/dist-packages/setuptools/command/install.py:34: SetuptoolsDeprecationWarning: setup.py install is deprecated. Use build and pip and other standards-based tools.
[7.505s]   warnings.warn(
[7.505s] running install_lib
[7.511s] running install_data
[7.514s] running install_egg_info
[7.524s] removing '/home/Isaac/ros2_ws/install/msgs/lib/python3.10/site-packages/msgs-0.0.0-py3.10.egg-info' (and everything under it)
[7.526s] Copying ../../build/msgs/msgs.egg-info to /home/Isaac/ros2_ws/install/msgs/lib/python3.10/site-packages/msgs-0.0.0-py3.10.egg-info
[7.534s] running install_scripts
[7.644s] Installing floatlist script to /home/Isaac/ros2_ws/install/msgs/lib/msgs
[7.646s] writing list of installed files to '/home/Isaac/ros2_ws/build/msgs/install.log'
[7.877s] Invoked command in '/home/Isaac/ros2_ws/src/msgs' returned '0': PYTHONPATH=/home/Isaac/ros2_ws/build/msgs/prefix_override:/home/Isaac/ros2_ws/install/msgs/lib/python3.10/site-packages:${PYTHONPATH} /usr/bin/python3 setup.py egg_info --egg-base ../../build/msgs build --build-base /home/Isaac/ros2_ws/build/msgs/build install --record /home/Isaac/ros2_ws/build/msgs/install.log --single-version-externally-managed
