[12.032s] Invoking command in '/home/tony_stark/ros2_ws/src/msgs': PYTHONPATH=/home/tony_stark/ros2_ws/build/msgs/prefix_override:/home/tony_stark/ros2_ws/install/msgs/lib/python3.10/site-packages:${PYTHONPATH} /usr/bin/python3 setup.py egg_info --egg-base ../../build/msgs build --build-base /home/tony_stark/ros2_ws/build/msgs/build install --record /home/tony_stark/ros2_ws/build/msgs/install.log --single-version-externally-managed
[12.868s] running egg_info
[12.872s] writing ../../build/msgs/msgs.egg-info/PKG-INFO
[12.902s] writing dependency_links to ../../build/msgs/msgs.egg-info/dependency_links.txt
[12.904s] writing entry points to ../../build/msgs/msgs.egg-info/entry_points.txt
[12.906s] writing requirements to ../../build/msgs/msgs.egg-info/requires.txt
[12.907s] writing top-level names to ../../build/msgs/msgs.egg-info/top_level.txt
[12.916s] reading manifest file '../../build/msgs/msgs.egg-info/SOURCES.txt'
[12.947s] writing manifest file '../../build/msgs/msgs.egg-info/SOURCES.txt'
[12.949s] running build
[12.949s] running build_py
[12.950s] running install
[12.951s] running install_lib
[12.969s] running install_data
[12.971s] running install_egg_info
[12.975s] removing '/home/tony_stark/ros2_ws/install/msgs/lib/python3.10/site-packages/msgs-0.0.0-py3.10.egg-info' (and everything under it)
[13.007s] Copying ../../build/msgs/msgs.egg-info to /home/tony_stark/ros2_ws/install/msgs/lib/python3.10/site-packages/msgs-0.0.0-py3.10.egg-info
[13.070s] running install_scripts
[13.147s] Installing floatlist script to /home/tony_stark/ros2_ws/install/msgs/lib/msgs
[13.153s] writing list of installed files to '/home/tony_stark/ros2_ws/build/msgs/install.log'
[13.245s] Invoked command in '/home/tony_stark/ros2_ws/src/msgs' returned '0': PYTHONPATH=/home/tony_stark/ros2_ws/build/msgs/prefix_override:/home/tony_stark/ros2_ws/install/msgs/lib/python3.10/site-packages:${PYTHONPATH} /usr/bin/python3 setup.py egg_info --egg-base ../../build/msgs build --build-base /home/tony_stark/ros2_ws/build/msgs/build install --record /home/tony_stark/ros2_ws/build/msgs/install.log --single-version-externally-managed
