[2.247s] Invoking command in '/home/tony_stark/ros2_ws/src/navigation_module': PYTHONPATH=/home/tony_stark/ros2_ws/build/navigation_module/prefix_override:/home/tony_stark/ros2_ws/install/navigation_module/lib/python3.10/site-packages:${PYTHONPATH} /usr/bin/python3 setup.py egg_info --egg-base ../../build/navigation_module build --build-base /home/tony_stark/ros2_ws/build/navigation_module/build install --record /home/tony_stark/ros2_ws/build/navigation_module/install.log --single-version-externally-managed
[2.953s] running egg_info
[2.999s] writing ../../build/navigation_module/navigation_module.egg-info/PKG-INFO
[3.000s] writing dependency_links to ../../build/navigation_module/navigation_module.egg-info/dependency_links.txt
[3.002s] writing requirements to ../../build/navigation_module/navigation_module.egg-info/requires.txt
[3.003s] writing top-level names to ../../build/navigation_module/navigation_module.egg-info/top_level.txt
[3.102s] reading manifest file '../../build/navigation_module/navigation_module.egg-info/SOURCES.txt'
[3.106s] writing manifest file '../../build/navigation_module/navigation_module.egg-info/SOURCES.txt'
[3.107s] running build
[3.108s] running build_py
[3.109s] running install
[3.111s] /home/tony_stark/.local/lib/python3.10/site-packages/setuptools/_distutils/cmd.py:66: SetuptoolsDeprecationWarning: setup.py install is deprecated.
[3.113s] !!
[3.113s] 
[3.114s]         ********************************************************************************
[3.114s]         Please avoid running ``setup.py`` directly.
[3.114s]         Instead, use pypa/build, pypa/installer, pypa/build or
[3.115s]         other standards-based tools.
[3.115s] 
[3.115s]         See https://blog.ganssle.io/articles/2021/10/setup-py-deprecated.html for details.
[3.116s]         ********************************************************************************
[3.116s] 
[3.116s] !!
[3.117s]   self.initialize_options()
[3.137s] running install_lib
[3.186s] running install_data
[3.238s] copying launch/houselaunch.py -> /home/tony_stark/ros2_ws/install/navigation_module/share/navigation_module
[3.240s] running install_egg_info
[3.289s] removing '/home/tony_stark/ros2_ws/install/navigation_module/lib/python3.10/site-packages/navigation_module-0.0.0-py3.10.egg-info' (and everything under it)
[3.290s] Copying ../../build/navigation_module/navigation_module.egg-info to /home/tony_stark/ros2_ws/install/navigation_module/lib/python3.10/site-packages/navigation_module-0.0.0-py3.10.egg-info
[3.293s] running install_scripts
[3.854s] writing list of installed files to '/home/tony_stark/ros2_ws/build/navigation_module/install.log'
[3.956s] Invoked command in '/home/tony_stark/ros2_ws/src/navigation_module' returned '0': PYTHONPATH=/home/tony_stark/ros2_ws/build/navigation_module/prefix_override:/home/tony_stark/ros2_ws/install/navigation_module/lib/python3.10/site-packages:${PYTHONPATH} /usr/bin/python3 setup.py egg_info --egg-base ../../build/navigation_module build --build-base /home/tony_stark/ros2_ws/build/navigation_module/build install --record /home/tony_stark/ros2_ws/build/navigation_module/install.log --single-version-externally-managed
