[5.554s] Invoking command in '/home/Isaac/ros2_ws/src/sample_package': PYTHONPATH=/home/Isaac/ros2_ws/build/sample_package/prefix_override:/home/Isaac/ros2_ws/install/sample_package/lib/python3.10/site-packages:${PYTHONPATH} /usr/bin/python3 setup.py egg_info --egg-base ../../build/sample_package build --build-base /home/Isaac/ros2_ws/build/sample_package/build install --record /home/Isaac/ros2_ws/build/sample_package/install.log --single-version-externally-managed
[6.857s] running egg_info
[6.860s] writing ../../build/sample_package/sample_package.egg-info/PKG-INFO
[6.861s] writing dependency_links to ../../build/sample_package/sample_package.egg-info/dependency_links.txt
[6.862s] writing entry points to ../../build/sample_package/sample_package.egg-info/entry_points.txt
[6.863s] writing requirements to ../../build/sample_package/sample_package.egg-info/requires.txt
[6.864s] writing top-level names to ../../build/sample_package/sample_package.egg-info/top_level.txt
[6.873s] reading manifest file '../../build/sample_package/sample_package.egg-info/SOURCES.txt'
[6.877s] writing manifest file '../../build/sample_package/sample_package.egg-info/SOURCES.txt'
[6.878s] running build
[6.879s] running build_py
[6.882s] running install
[6.883s] /usr/lib/python3/dist-packages/setuptools/command/install.py:34: SetuptoolsDeprecationWarning: setup.py install is deprecated. Use build and pip and other standards-based tools.
[6.883s]   warnings.warn(
[6.884s] running install_lib
[6.891s] running install_data
[6.894s] running install_egg_info
[6.901s] removing '/home/Isaac/ros2_ws/install/sample_package/lib/python3.10/site-packages/sample_package-0.0.0-py3.10.egg-info' (and everything under it)
[6.903s] Copying ../../build/sample_package/sample_package.egg-info to /home/Isaac/ros2_ws/install/sample_package/lib/python3.10/site-packages/sample_package-0.0.0-py3.10.egg-info
[6.910s] running install_scripts
[7.002s] Installing fan_sub script to /home/Isaac/ros2_ws/install/sample_package/lib/sample_package
[7.003s] Installing process script to /home/Isaac/ros2_ws/install/sample_package/lib/sample_package
[7.004s] Installing senpub script to /home/Isaac/ros2_ws/install/sample_package/lib/sample_package
[7.005s] Installing talk script to /home/Isaac/ros2_ws/install/sample_package/lib/sample_package
[7.007s] writing list of installed files to '/home/Isaac/ros2_ws/build/sample_package/install.log'
[7.144s] Invoked command in '/home/Isaac/ros2_ws/src/sample_package' returned '0': PYTHONPATH=/home/Isaac/ros2_ws/build/sample_package/prefix_override:/home/Isaac/ros2_ws/install/sample_package/lib/python3.10/site-packages:${PYTHONPATH} /usr/bin/python3 setup.py egg_info --egg-base ../../build/sample_package build --build-base /home/Isaac/ros2_ws/build/sample_package/build install --record /home/Isaac/ros2_ws/build/sample_package/install.log --single-version-externally-managed
