[3.211s] Invoking command in '/home/tony_stark/ros2_ws/src/navigation_module': PYTHONPATH=/home/tony_stark/ros2_ws/build/navigation_module/prefix_override:/home/tony_stark/ros2_ws/install/navigation_module/lib/python3.10/site-packages:${PYTHONPATH} /usr/bin/python3 setup.py egg_info --egg-base ../../build/navigation_module build --build-base /home/tony_stark/ros2_ws/build/navigation_module/build install --record /home/tony_stark/ros2_ws/build/navigation_module/install.log --single-version-externally-managed
[4.225s] running egg_info
[4.227s] writing ../../build/navigation_module/navigation_module.egg-info/PKG-INFO
[4.231s] writing dependency_links to ../../build/navigation_module/navigation_module.egg-info/dependency_links.txt
[4.232s] writing entry points to ../../build/navigation_module/navigation_module.egg-info/entry_points.txt
[4.232s] writing requirements to ../../build/navigation_module/navigation_module.egg-info/requires.txt
[4.233s] writing top-level names to ../../build/navigation_module/navigation_module.egg-info/top_level.txt
[4.244s] reading manifest file '../../build/navigation_module/navigation_module.egg-info/SOURCES.txt'
[4.316s] writing manifest file '../../build/navigation_module/navigation_module.egg-info/SOURCES.txt'
[4.317s] running build
[4.317s] running build_py
[4.318s] running install
[4.319s] running install_lib
[4.324s] running install_data
[4.326s] copying launch/navigation_launch.py -> /home/tony_stark/ros2_ws/install/navigation_module/share/navigation_module
[4.328s] running install_egg_info
[4.332s] removing '/home/tony_stark/ros2_ws/install/navigation_module/lib/python3.10/site-packages/navigation_module-0.0.0-py3.10.egg-info' (and everything under it)
[4.333s] Copying ../../build/navigation_module/navigation_module.egg-info to /home/tony_stark/ros2_ws/install/navigation_module/lib/python3.10/site-packages/navigation_module-0.0.0-py3.10.egg-info
[4.361s] running install_scripts
[4.405s] Installing current_goal script to /home/tony_stark/ros2_ws/install/navigation_module/lib/navigation_module
[4.441s] Installing get_pose script to /home/tony_stark/ros2_ws/install/navigation_module/lib/navigation_module
[4.442s] writing list of installed files to '/home/tony_stark/ros2_ws/build/navigation_module/install.log'
[4.544s] Invoked command in '/home/tony_stark/ros2_ws/src/navigation_module' returned '0': PYTHONPATH=/home/tony_stark/ros2_ws/build/navigation_module/prefix_override:/home/tony_stark/ros2_ws/install/navigation_module/lib/python3.10/site-packages:${PYTHONPATH} /usr/bin/python3 setup.py egg_info --egg-base ../../build/navigation_module build --build-base /home/tony_stark/ros2_ws/build/navigation_module/build install --record /home/tony_stark/ros2_ws/build/navigation_module/install.log --single-version-externally-managed
