[3.667s] Invoking command in '/home/tony_stark/ros2_ws/src/sample_package': PYTHONPATH=/home/tony_stark/ros2_ws/build/sample_package/prefix_override:/home/tony_stark/ros2_ws/install/sample_package/lib/python3.10/site-packages:${PYTHONPATH} /usr/bin/python3 setup.py egg_info --egg-base ../../build/sample_package build --build-base /home/tony_stark/ros2_ws/build/sample_package/build install --record /home/tony_stark/ros2_ws/build/sample_package/install.log --single-version-externally-managed
[4.426s] running egg_info
[4.467s] writing ../../build/sample_package/sample_package.egg-info/PKG-INFO
[4.468s] writing dependency_links to ../../build/sample_package/sample_package.egg-info/dependency_links.txt
[4.469s] writing entry points to ../../build/sample_package/sample_package.egg-info/entry_points.txt
[4.470s] writing requirements to ../../build/sample_package/sample_package.egg-info/requires.txt
[4.471s] writing top-level names to ../../build/sample_package/sample_package.egg-info/top_level.txt
[4.578s] reading manifest file '../../build/sample_package/sample_package.egg-info/SOURCES.txt'
[4.617s] writing manifest file '../../build/sample_package/sample_package.egg-info/SOURCES.txt'
[4.621s] running build
[4.621s] running build_py
[4.621s] running install
[4.622s] /home/tony_stark/.local/lib/python3.10/site-packages/setuptools/_distutils/cmd.py:66: SetuptoolsDeprecationWarning: setup.py install is deprecated.
[4.623s] !!
[4.623s] 
[4.623s]         ********************************************************************************
[4.623s]         Please avoid running ``setup.py`` directly.
[4.624s]         Instead, use pypa/build, pypa/installer, pypa/build or
[4.624s]         other standards-based tools.
[4.624s] 
[4.624s]         See https://blog.ganssle.io/articles/2021/10/setup-py-deprecated.html for details.
[4.624s]         ********************************************************************************
[4.625s] 
[4.625s] !!
[4.625s]   self.initialize_options()
[4.644s] running install_lib
[4.690s] running install_data
[4.894s] running install_egg_info
[5.017s] removing '/home/tony_stark/ros2_ws/install/sample_package/lib/python3.10/site-packages/sample_package-0.0.0-py3.10.egg-info' (and everything under it)
[5.033s] Copying ../../build/sample_package/sample_package.egg-info to /home/tony_stark/ros2_ws/install/sample_package/lib/python3.10/site-packages/sample_package-0.0.0-py3.10.egg-info
[5.057s] running install_scripts
[5.632s] Installing fan_sub script to /home/tony_stark/ros2_ws/install/sample_package/lib/sample_package
[5.632s] Installing process script to /home/tony_stark/ros2_ws/install/sample_package/lib/sample_package
[5.632s] Installing senpub script to /home/tony_stark/ros2_ws/install/sample_package/lib/sample_package
[5.633s] Installing talk script to /home/tony_stark/ros2_ws/install/sample_package/lib/sample_package
[5.634s] writing list of installed files to '/home/tony_stark/ros2_ws/build/sample_package/install.log'
[5.723s] Invoked command in '/home/tony_stark/ros2_ws/src/sample_package' returned '0': PYTHONPATH=/home/tony_stark/ros2_ws/build/sample_package/prefix_override:/home/tony_stark/ros2_ws/install/sample_package/lib/python3.10/site-packages:${PYTHONPATH} /usr/bin/python3 setup.py egg_info --egg-base ../../build/sample_package build --build-base /home/tony_stark/ros2_ws/build/sample_package/build install --record /home/tony_stark/ros2_ws/build/sample_package/install.log --single-version-externally-managed
