[5.851s] Invoking command in '/home/Isaac/ros2_ws/src/autonomous_exploration': PYTHONPATH=/home/Isaac/ros2_ws/build/autonomous_exploration/prefix_override:/home/Isaac/ros2_ws/install/autonomous_exploration/lib/python3.10/site-packages:${PYTHONPATH} /usr/bin/python3 setup.py egg_info --egg-base ../../build/autonomous_exploration build --build-base /home/Isaac/ros2_ws/build/autonomous_exploration/build install --record /home/Isaac/ros2_ws/build/autonomous_exploration/install.log --single-version-externally-managed
[7.700s] running egg_info
[7.707s] writing ../../build/autonomous_exploration/autonomous_exploration.egg-info/PKG-INFO
[7.710s] writing dependency_links to ../../build/autonomous_exploration/autonomous_exploration.egg-info/dependency_links.txt
[7.713s] writing entry points to ../../build/autonomous_exploration/autonomous_exploration.egg-info/entry_points.txt
[7.714s] writing requirements to ../../build/autonomous_exploration/autonomous_exploration.egg-info/requires.txt
[7.715s] writing top-level names to ../../build/autonomous_exploration/autonomous_exploration.egg-info/top_level.txt
[7.726s] reading manifest file '../../build/autonomous_exploration/autonomous_exploration.egg-info/SOURCES.txt'
[7.732s] writing manifest file '../../build/autonomous_exploration/autonomous_exploration.egg-info/SOURCES.txt'
[7.733s] running build
[7.734s] running build_py
[7.736s] running install
[7.739s] /usr/lib/python3/dist-packages/setuptools/command/install.py:34: SetuptoolsDeprecationWarning: setup.py install is deprecated. Use build and pip and other standards-based tools.
[7.741s]   warnings.warn(
[7.741s] running install_lib
[7.748s] running install_data
[7.751s] running install_egg_info
[7.766s] removing '/home/Isaac/ros2_ws/install/autonomous_exploration/lib/python3.10/site-packages/autonomous_exploration-0.0.0-py3.10.egg-info' (and everything under it)
[7.771s] Copying ../../build/autonomous_exploration/autonomous_exploration.egg-info to /home/Isaac/ros2_ws/install/autonomous_exploration/lib/python3.10/site-packages/autonomous_exploration-0.0.0-py3.10.egg-info
[7.786s] running install_scripts
[7.972s] Installing control script to /home/Isaac/ros2_ws/install/autonomous_exploration/lib/autonomous_exploration
[7.976s] writing list of installed files to '/home/Isaac/ros2_ws/build/autonomous_exploration/install.log'
[8.180s] Invoked command in '/home/Isaac/ros2_ws/src/autonomous_exploration' returned '0': PYTHONPATH=/home/Isaac/ros2_ws/build/autonomous_exploration/prefix_override:/home/Isaac/ros2_ws/install/autonomous_exploration/lib/python3.10/site-packages:${PYTHONPATH} /usr/bin/python3 setup.py egg_info --egg-base ../../build/autonomous_exploration build --build-base /home/Isaac/ros2_ws/build/autonomous_exploration/build install --record /home/Isaac/ros2_ws/build/autonomous_exploration/install.log --single-version-externally-managed
