[0.060s] Invoking command in '/home/Isaac/ros2_ws/build/serial': CMAKE_PREFIX_PATH=${CMAKE_PREFIX_PATH}:/home/Isaac/ros2_ws/install/serial_motor_demo:/home/Isaac/ros2_ws/install/sample_package:/home/Isaac/ros2_ws/install/msgs:/home/Isaac/ros2_ws/install/autonomous_exploration:/opt/ros/humble /usr/bin/cmake --build /home/Isaac/ros2_ws/build/serial -- -j4 -l4
[0.381s] [ 28%] Built target serial
[0.435s] [ 42%] Built target gtest_main
[0.482s] [ 57%] Built target gtest
[0.612s] [ 71%] Built target serial_example
[0.716s] [ 85%] Built target serial-test
[0.727s] [100%] Built target serial-test-timer
[0.785s] Invoked command in '/home/Isaac/ros2_ws/build/serial' returned '0': CMAKE_PREFIX_PATH=${CMAKE_PREFIX_PATH}:/home/Isaac/ros2_ws/install/serial_motor_demo:/home/Isaac/ros2_ws/install/sample_package:/home/Isaac/ros2_ws/install/msgs:/home/Isaac/ros2_ws/install/autonomous_exploration:/opt/ros/humble /usr/bin/cmake --build /home/Isaac/ros2_ws/build/serial -- -j4 -l4
[1.110s] Invoking command in '/home/Isaac/ros2_ws/build/serial': CMAKE_PREFIX_PATH=${CMAKE_PREFIX_PATH}:/home/Isaac/ros2_ws/install/serial_motor_demo:/home/Isaac/ros2_ws/install/sample_package:/home/Isaac/ros2_ws/install/msgs:/home/Isaac/ros2_ws/install/autonomous_exploration:/opt/ros/humble /usr/bin/cmake --install /home/Isaac/ros2_ws/build/serial
[1.199s] -- Install configuration: ""
[1.205s] -- Up-to-date: /home/Isaac/ros2_ws/install/serial/lib/libserial.a
[1.209s] -- Up-to-date: /home/Isaac/ros2_ws/install/serial/include/serial/serial.h
[1.212s] -- Up-to-date: /home/Isaac/ros2_ws/install/serial/include/serial/v8stdint.h
[1.217s] -- Up-to-date: /home/Isaac/ros2_ws/install/serial/share/serial/environment/library_path.sh
[1.221s] -- Up-to-date: /home/Isaac/ros2_ws/install/serial/share/serial/environment/library_path.dsv
[1.224s] -- Up-to-date: /home/Isaac/ros2_ws/install/serial/share/ament_index/resource_index/package_run_dependencies/serial
[1.244s] -- Up-to-date: /home/Isaac/ros2_ws/install/serial/share/ament_index/resource_index/parent_prefix_path/serial
[1.245s] -- Up-to-date: /home/Isaac/ros2_ws/install/serial/share/serial/environment/ament_prefix_path.sh
[1.248s] -- Up-to-date: /home/Isaac/ros2_ws/install/serial/share/serial/environment/ament_prefix_path.dsv
[1.249s] -- Up-to-date: /home/Isaac/ros2_ws/install/serial/share/serial/environment/path.sh
[1.250s] -- Up-to-date: /home/Isaac/ros2_ws/install/serial/share/serial/environment/path.dsv
[1.250s] -- Up-to-date: /home/Isaac/ros2_ws/install/serial/share/serial/local_setup.bash
[1.250s] -- Up-to-date: /home/Isaac/ros2_ws/install/serial/share/serial/local_setup.sh
[1.253s] -- Up-to-date: /home/Isaac/ros2_ws/install/serial/share/serial/local_setup.zsh
[1.253s] -- Up-to-date: /home/Isaac/ros2_ws/install/serial/share/serial/local_setup.dsv
[1.258s] -- Installing: /home/Isaac/ros2_ws/install/serial/share/serial/package.dsv
[1.260s] -- Up-to-date: /home/Isaac/ros2_ws/install/serial/share/ament_index/resource_index/packages/serial
[1.261s] -- Up-to-date: /home/Isaac/ros2_ws/install/serial/share/serial/cmake/ament_cmake_export_include_directories-extras.cmake
[1.261s] -- Up-to-date: /home/Isaac/ros2_ws/install/serial/share/serial/cmake/ament_cmake_export_libraries-extras.cmake
[1.262s] -- Up-to-date: /home/Isaac/ros2_ws/install/serial/share/serial/cmake/serialConfig.cmake
[1.262s] -- Up-to-date: /home/Isaac/ros2_ws/install/serial/share/serial/cmake/serialConfig-version.cmake
[1.262s] -- Up-to-date: /home/Isaac/ros2_ws/install/serial/share/serial/package.xml
[1.347s] Invoked command in '/home/Isaac/ros2_ws/build/serial' returned '0': CMAKE_PREFIX_PATH=${CMAKE_PREFIX_PATH}:/home/Isaac/ros2_ws/install/serial_motor_demo:/home/Isaac/ros2_ws/install/sample_package:/home/Isaac/ros2_ws/install/msgs:/home/Isaac/ros2_ws/install/autonomous_exploration:/opt/ros/humble /usr/bin/cmake --install /home/Isaac/ros2_ws/build/serial
