[3.306s] Invoking command in '/home/tony_stark/ros2_ws/src/msgs': PYTHONPATH=/home/tony_stark/ros2_ws/build/msgs/prefix_override:/home/tony_stark/ros2_ws/install/msgs/lib/python3.10/site-packages:${PYTHONPATH} /usr/bin/python3 setup.py egg_info --egg-base ../../build/msgs build --build-base /home/tony_stark/ros2_ws/build/msgs/build install --record /home/tony_stark/ros2_ws/build/msgs/install.log --single-version-externally-managed
[3.980s] running egg_info
[3.987s] writing ../../build/msgs/msgs.egg-info/PKG-INFO
[3.994s] writing dependency_links to ../../build/msgs/msgs.egg-info/dependency_links.txt
[3.995s] writing entry points to ../../build/msgs/msgs.egg-info/entry_points.txt
[3.997s] writing requirements to ../../build/msgs/msgs.egg-info/requires.txt
[3.997s] writing top-level names to ../../build/msgs/msgs.egg-info/top_level.txt
[4.000s] reading manifest file '../../build/msgs/msgs.egg-info/SOURCES.txt'
[4.036s] writing manifest file '../../build/msgs/msgs.egg-info/SOURCES.txt'
[4.038s] running build
[4.039s] running build_py
[4.040s] running install
[4.041s] running install_lib
[4.043s] running install_data
[4.044s] running install_egg_info
[4.048s] removing '/home/tony_stark/ros2_ws/install/msgs/lib/python3.10/site-packages/msgs-0.0.0-py3.10.egg-info' (and everything under it)
[4.079s] Copying ../../build/msgs/msgs.egg-info to /home/tony_stark/ros2_ws/install/msgs/lib/python3.10/site-packages/msgs-0.0.0-py3.10.egg-info
[4.129s] running install_scripts
[4.185s] Installing floatlist script to /home/tony_stark/ros2_ws/install/msgs/lib/msgs
[4.189s] writing list of installed files to '/home/tony_stark/ros2_ws/build/msgs/install.log'
[4.572s] Invoked command in '/home/tony_stark/ros2_ws/src/msgs' returned '0': PYTHONPATH=/home/tony_stark/ros2_ws/build/msgs/prefix_override:/home/tony_stark/ros2_ws/install/msgs/lib/python3.10/site-packages:${PYTHONPATH} /usr/bin/python3 setup.py egg_info --egg-base ../../build/msgs build --build-base /home/tony_stark/ros2_ws/build/msgs/build install --record /home/tony_stark/ros2_ws/build/msgs/install.log --single-version-externally-managed
