[4.842s] Invoking command in '/home/tony_stark/ros2_ws/src/autonomous_exploration': PYTHONPATH=/home/tony_stark/ros2_ws/build/autonomous_exploration/prefix_override:/home/tony_stark/ros2_ws/install/autonomous_exploration/lib/python3.10/site-packages:${PYTHONPATH} /usr/bin/python3 setup.py egg_info --egg-base ../../build/autonomous_exploration build --build-base /home/tony_stark/ros2_ws/build/autonomous_exploration/build install --record /home/tony_stark/ros2_ws/build/autonomous_exploration/install.log --single-version-externally-managed
[6.462s] running egg_info
[6.465s] writing ../../build/autonomous_exploration/autonomous_exploration.egg-info/PKG-INFO
[6.466s] writing dependency_links to ../../build/autonomous_exploration/autonomous_exploration.egg-info/dependency_links.txt
[6.466s] writing entry points to ../../build/autonomous_exploration/autonomous_exploration.egg-info/entry_points.txt
[6.467s] writing requirements to ../../build/autonomous_exploration/autonomous_exploration.egg-info/requires.txt
[6.468s] writing top-level names to ../../build/autonomous_exploration/autonomous_exploration.egg-info/top_level.txt
[6.481s] reading manifest file '../../build/autonomous_exploration/autonomous_exploration.egg-info/SOURCES.txt'
[6.486s] writing manifest file '../../build/autonomous_exploration/autonomous_exploration.egg-info/SOURCES.txt'
[6.489s] running build
[6.490s] running build_py
[6.490s] running install
[6.491s] running install_lib
[6.495s] running install_data
[6.498s] running install_egg_info
[6.505s] removing '/home/tony_stark/ros2_ws/install/autonomous_exploration/lib/python3.10/site-packages/autonomous_exploration-0.0.0-py3.10.egg-info' (and everything under it)
[6.507s] Copying ../../build/autonomous_exploration/autonomous_exploration.egg-info to /home/tony_stark/ros2_ws/install/autonomous_exploration/lib/python3.10/site-packages/autonomous_exploration-0.0.0-py3.10.egg-info
[6.511s] running install_scripts
[6.611s] Installing control script to /home/tony_stark/ros2_ws/install/autonomous_exploration/lib/autonomous_exploration
[6.613s] writing list of installed files to '/home/tony_stark/ros2_ws/build/autonomous_exploration/install.log'
[6.754s] Invoked command in '/home/tony_stark/ros2_ws/src/autonomous_exploration' returned '0': PYTHONPATH=/home/tony_stark/ros2_ws/build/autonomous_exploration/prefix_override:/home/tony_stark/ros2_ws/install/autonomous_exploration/lib/python3.10/site-packages:${PYTHONPATH} /usr/bin/python3 setup.py egg_info --egg-base ../../build/autonomous_exploration build --build-base /home/tony_stark/ros2_ws/build/autonomous_exploration/build install --record /home/tony_stark/ros2_ws/build/autonomous_exploration/install.log --single-version-externally-managed
