[2.230s] Invoking command in '/home/tony_stark/ros2_ws/src/navigation_module': PYTHONPATH=/home/tony_stark/ros2_ws/build/navigation_module/prefix_override:/home/tony_stark/ros2_ws/install/navigation_module/lib/python3.10/site-packages:${PYTHONPATH} /usr/bin/python3 setup.py egg_info --egg-base ../../build/navigation_module build --build-base /home/tony_stark/ros2_ws/build/navigation_module/build install --record /home/tony_stark/ros2_ws/build/navigation_module/install.log --single-version-externally-managed
[2.944s] running egg_info
[2.990s] writing ../../build/navigation_module/navigation_module.egg-info/PKG-INFO
[2.991s] writing dependency_links to ../../build/navigation_module/navigation_module.egg-info/dependency_links.txt
[2.993s] writing requirements to ../../build/navigation_module/navigation_module.egg-info/requires.txt
[2.994s] writing top-level names to ../../build/navigation_module/navigation_module.egg-info/top_level.txt
[3.086s] reading manifest file '../../build/navigation_module/navigation_module.egg-info/SOURCES.txt'
[3.090s] writing manifest file '../../build/navigation_module/navigation_module.egg-info/SOURCES.txt'
[3.091s] running build
[3.092s] running build_py
[3.093s] running install
[3.094s] /home/tony_stark/.local/lib/python3.10/site-packages/setuptools/_distutils/cmd.py:66: SetuptoolsDeprecationWarning: setup.py install is deprecated.
[3.095s] !!
[3.095s] 
[3.095s]         ********************************************************************************
[3.096s]         Please avoid running ``setup.py`` directly.
[3.096s]         Instead, use pypa/build, pypa/installer, pypa/build or
[3.097s]         other standards-based tools.
[3.097s] 
[3.097s]         See https://blog.ganssle.io/articles/2021/10/setup-py-deprecated.html for details.
[3.098s]         ********************************************************************************
[3.098s] 
[3.098s] !!
[3.099s]   self.initialize_options()
[3.118s] running install_lib
[3.161s] running install_data
[3.208s] running install_egg_info
[3.255s] removing '/home/tony_stark/ros2_ws/install/navigation_module/lib/python3.10/site-packages/navigation_module-0.0.0-py3.10.egg-info' (and everything under it)
[3.256s] Copying ../../build/navigation_module/navigation_module.egg-info to /home/tony_stark/ros2_ws/install/navigation_module/lib/python3.10/site-packages/navigation_module-0.0.0-py3.10.egg-info
[3.259s] running install_scripts
[3.812s] writing list of installed files to '/home/tony_stark/ros2_ws/build/navigation_module/install.log'
[3.915s] Invoked command in '/home/tony_stark/ros2_ws/src/navigation_module' returned '0': PYTHONPATH=/home/tony_stark/ros2_ws/build/navigation_module/prefix_override:/home/tony_stark/ros2_ws/install/navigation_module/lib/python3.10/site-packages:${PYTHONPATH} /usr/bin/python3 setup.py egg_info --egg-base ../../build/navigation_module build --build-base /home/tony_stark/ros2_ws/build/navigation_module/build install --record /home/tony_stark/ros2_ws/build/navigation_module/install.log --single-version-externally-managed
