[2.548s] Invoking command in '/home/tony_stark/ros2_ws/src/navigation_module': PYTHONPATH=/home/tony_stark/ros2_ws/build/navigation_module/prefix_override:/home/tony_stark/ros2_ws/install/navigation_module/lib/python3.10/site-packages:${PYTHONPATH} /usr/bin/python3 setup.py egg_info --egg-base ../../build/navigation_module build --build-base /home/tony_stark/ros2_ws/build/navigation_module/build install --record /home/tony_stark/ros2_ws/build/navigation_module/install.log --single-version-externally-managed
[3.309s] running egg_info
[3.311s] writing ../../build/navigation_module/navigation_module.egg-info/PKG-INFO
[3.313s] writing dependency_links to ../../build/navigation_module/navigation_module.egg-info/dependency_links.txt
[3.314s] writing entry points to ../../build/navigation_module/navigation_module.egg-info/entry_points.txt
[3.315s] writing requirements to ../../build/navigation_module/navigation_module.egg-info/requires.txt
[3.316s] writing top-level names to ../../build/navigation_module/navigation_module.egg-info/top_level.txt
[3.322s] reading manifest file '../../build/navigation_module/navigation_module.egg-info/SOURCES.txt'
[3.326s] writing manifest file '../../build/navigation_module/navigation_module.egg-info/SOURCES.txt'
[3.327s] running build
[3.327s] running build_py
[3.328s] running install
[3.330s] running install_lib
[3.334s] running install_data
[3.336s] copying launch/houselaunch.py -> /home/tony_stark/ros2_ws/install/navigation_module/share/navigation_module
[3.338s] running install_egg_info
[3.343s] removing '/home/tony_stark/ros2_ws/install/navigation_module/lib/python3.10/site-packages/navigation_module-0.0.0-py3.10.egg-info' (and everything under it)
[3.344s] Copying ../../build/navigation_module/navigation_module.egg-info to /home/tony_stark/ros2_ws/install/navigation_module/lib/python3.10/site-packages/navigation_module-0.0.0-py3.10.egg-info
[3.347s] running install_scripts
[3.408s] Installing current_goal script to /home/tony_stark/ros2_ws/install/navigation_module/lib/navigation_module
[3.410s] Installing get_pose script to /home/tony_stark/ros2_ws/install/navigation_module/lib/navigation_module
[3.412s] writing list of installed files to '/home/tony_stark/ros2_ws/build/navigation_module/install.log'
[3.517s] Invoked command in '/home/tony_stark/ros2_ws/src/navigation_module' returned '0': PYTHONPATH=/home/tony_stark/ros2_ws/build/navigation_module/prefix_override:/home/tony_stark/ros2_ws/install/navigation_module/lib/python3.10/site-packages:${PYTHONPATH} /usr/bin/python3 setup.py egg_info --egg-base ../../build/navigation_module build --build-base /home/tony_stark/ros2_ws/build/navigation_module/build install --record /home/tony_stark/ros2_ws/build/navigation_module/install.log --single-version-externally-managed
