[2.208s] Invoking command in '/home/tony_stark/ros2_ws/src/navigation_module': PYTHONPATH=/home/tony_stark/ros2_ws/build/navigation_module/prefix_override:/home/tony_stark/ros2_ws/install/navigation_module/lib/python3.10/site-packages:${PYTHONPATH} /usr/bin/python3 setup.py egg_info --egg-base ../../build/navigation_module build --build-base /home/tony_stark/ros2_ws/build/navigation_module/build install --record /home/tony_stark/ros2_ws/build/navigation_module/install.log --single-version-externally-managed
[2.854s] running egg_info
[2.898s] writing ../../build/navigation_module/navigation_module.egg-info/PKG-INFO
[2.899s] writing dependency_links to ../../build/navigation_module/navigation_module.egg-info/dependency_links.txt
[2.900s] writing requirements to ../../build/navigation_module/navigation_module.egg-info/requires.txt
[2.902s] writing top-level names to ../../build/navigation_module/navigation_module.egg-info/top_level.txt
[2.990s] reading manifest file '../../build/navigation_module/navigation_module.egg-info/SOURCES.txt'
[2.994s] writing manifest file '../../build/navigation_module/navigation_module.egg-info/SOURCES.txt'
[2.995s] running build
[2.995s] running build_py
[2.997s] running install
[2.998s] /home/tony_stark/.local/lib/python3.10/site-packages/setuptools/_distutils/cmd.py:66: SetuptoolsDeprecationWarning: setup.py install is deprecated.
[2.998s] !!
[2.998s] 
[2.998s]         ********************************************************************************
[2.998s]         Please avoid running ``setup.py`` directly.
[2.998s]         Instead, use pypa/build, pypa/installer, pypa/build or
[2.999s]         other standards-based tools.
[2.999s] 
[2.999s]         See https://blog.ganssle.io/articles/2021/10/setup-py-deprecated.html for details.
[2.999s]         ********************************************************************************
[2.999s] 
[2.999s] !!
[3.000s]   self.initialize_options()
[3.015s] running install_lib
[3.059s] running install_data
[3.102s] error: can't copy 'worlds/Untitled': doesn't exist or not a regular file
[3.174s] Invoked command in '/home/tony_stark/ros2_ws/src/navigation_module' returned '1': PYTHONPATH=/home/tony_stark/ros2_ws/build/navigation_module/prefix_override:/home/tony_stark/ros2_ws/install/navigation_module/lib/python3.10/site-packages:${PYTHONPATH} /usr/bin/python3 setup.py egg_info --egg-base ../../build/navigation_module build --build-base /home/tony_stark/ros2_ws/build/navigation_module/build install --record /home/tony_stark/ros2_ws/build/navigation_module/install.log --single-version-externally-managed
