[1.997s] Invoking command in '/home/tony_stark/ros2_ws/src/sample_package': PYTHONPATH=/home/tony_stark/ros2_ws/build/sample_package/prefix_override:/home/tony_stark/ros2_ws/install/sample_package/lib/python3.10/site-packages:${PYTHONPATH} /usr/bin/python3 setup.py egg_info --egg-base ../../build/sample_package build --build-base /home/tony_stark/ros2_ws/build/sample_package/build install --record /home/tony_stark/ros2_ws/build/sample_package/install.log --single-version-externally-managed
[2.583s] running egg_info
[2.584s] writing ../../build/sample_package/sample_package.egg-info/PKG-INFO
[2.584s] writing dependency_links to ../../build/sample_package/sample_package.egg-info/dependency_links.txt
[2.585s] writing entry points to ../../build/sample_package/sample_package.egg-info/entry_points.txt
[2.585s] writing requirements to ../../build/sample_package/sample_package.egg-info/requires.txt
[2.586s] writing top-level names to ../../build/sample_package/sample_package.egg-info/top_level.txt
[2.589s] reading manifest file '../../build/sample_package/sample_package.egg-info/SOURCES.txt'
[2.591s] writing manifest file '../../build/sample_package/sample_package.egg-info/SOURCES.txt'
[2.591s] running build
[2.591s] running build_py
[2.592s] running install
[2.593s] running install_lib
[2.595s] running install_data
[2.596s] running install_egg_info
[2.599s] removing '/home/tony_stark/ros2_ws/install/sample_package/lib/python3.10/site-packages/sample_package-0.0.0-py3.10.egg-info' (and everything under it)
[2.600s] Copying ../../build/sample_package/sample_package.egg-info to /home/tony_stark/ros2_ws/install/sample_package/lib/python3.10/site-packages/sample_package-0.0.0-py3.10.egg-info
[2.601s] running install_scripts
[2.638s] Installing fan_sub script to /home/tony_stark/ros2_ws/install/sample_package/lib/sample_package
[2.638s] Installing process script to /home/tony_stark/ros2_ws/install/sample_package/lib/sample_package
[2.639s] Installing senpub script to /home/tony_stark/ros2_ws/install/sample_package/lib/sample_package
[2.639s] Installing talk script to /home/tony_stark/ros2_ws/install/sample_package/lib/sample_package
[2.640s] writing list of installed files to '/home/tony_stark/ros2_ws/build/sample_package/install.log'
[2.714s] Invoked command in '/home/tony_stark/ros2_ws/src/sample_package' returned '0': PYTHONPATH=/home/tony_stark/ros2_ws/build/sample_package/prefix_override:/home/tony_stark/ros2_ws/install/sample_package/lib/python3.10/site-packages:${PYTHONPATH} /usr/bin/python3 setup.py egg_info --egg-base ../../build/sample_package build --build-base /home/tony_stark/ros2_ws/build/sample_package/build install --record /home/tony_stark/ros2_ws/build/sample_package/install.log --single-version-externally-managed
