[2.352s] Invoking command in '/home/tony_stark/ros2_ws/src/navigation_module': PYTHONPATH=/home/tony_stark/ros2_ws/build/navigation_module/prefix_override:/home/tony_stark/ros2_ws/install/navigation_module/lib/python3.10/site-packages:${PYTHONPATH} /usr/bin/python3 setup.py egg_info --egg-base ../../build/navigation_module build --build-base /home/tony_stark/ros2_ws/build/navigation_module/build install --record /home/tony_stark/ros2_ws/build/navigation_module/install.log --single-version-externally-managed
[3.198s] running egg_info
[3.199s] writing ../../build/navigation_module/navigation_module.egg-info/PKG-INFO
[3.201s] writing dependency_links to ../../build/navigation_module/navigation_module.egg-info/dependency_links.txt
[3.203s] writing entry points to ../../build/navigation_module/navigation_module.egg-info/entry_points.txt
[3.204s] writing requirements to ../../build/navigation_module/navigation_module.egg-info/requires.txt
[3.206s] writing top-level names to ../../build/navigation_module/navigation_module.egg-info/top_level.txt
[3.222s] reading manifest file '../../build/navigation_module/navigation_module.egg-info/SOURCES.txt'
[3.228s] writing manifest file '../../build/navigation_module/navigation_module.egg-info/SOURCES.txt'
[3.229s] running build
[3.230s] running build_py
[3.232s] running install
[3.234s] running install_lib
[3.238s] running install_data
[3.245s] copying launch/navigation_launch.launch.py -> /home/tony_stark/ros2_ws/install/navigation_module/share/navigation_module
[3.249s] running install_egg_info
[3.255s] removing '/home/tony_stark/ros2_ws/install/navigation_module/lib/python3.10/site-packages/navigation_module-0.0.0-py3.10.egg-info' (and everything under it)
[3.264s] Copying ../../build/navigation_module/navigation_module.egg-info to /home/tony_stark/ros2_ws/install/navigation_module/lib/python3.10/site-packages/navigation_module-0.0.0-py3.10.egg-info
[3.272s] running install_scripts
[3.320s] writing list of installed files to '/home/tony_stark/ros2_ws/build/navigation_module/install.log'
[3.422s] Invoked command in '/home/tony_stark/ros2_ws/src/navigation_module' returned '0': PYTHONPATH=/home/tony_stark/ros2_ws/build/navigation_module/prefix_override:/home/tony_stark/ros2_ws/install/navigation_module/lib/python3.10/site-packages:${PYTHONPATH} /usr/bin/python3 setup.py egg_info --egg-base ../../build/navigation_module build --build-base /home/tony_stark/ros2_ws/build/navigation_module/build install --record /home/tony_stark/ros2_ws/build/navigation_module/install.log --single-version-externally-managed
