[2.384s] Invoking command in '/home/tony_stark/ros2_ws/src/sample_package': PYTHONPATH=/home/tony_stark/ros2_ws/build/sample_package/prefix_override:/home/tony_stark/ros2_ws/install/sample_package/lib/python3.10/site-packages:${PYTHONPATH} /usr/bin/python3 setup.py egg_info --egg-base ../../build/sample_package build --build-base /home/tony_stark/ros2_ws/build/sample_package/build install --record /home/tony_stark/ros2_ws/build/sample_package/install.log --single-version-externally-managed
[2.985s] running egg_info
[3.010s] writing ../../build/sample_package/sample_package.egg-info/PKG-INFO
[3.010s] writing dependency_links to ../../build/sample_package/sample_package.egg-info/dependency_links.txt
[3.011s] writing entry points to ../../build/sample_package/sample_package.egg-info/entry_points.txt
[3.012s] writing requirements to ../../build/sample_package/sample_package.egg-info/requires.txt
[3.012s] writing top-level names to ../../build/sample_package/sample_package.egg-info/top_level.txt
[3.069s] reading manifest file '../../build/sample_package/sample_package.egg-info/SOURCES.txt'
[3.071s] writing manifest file '../../build/sample_package/sample_package.egg-info/SOURCES.txt'
[3.071s] running build
[3.071s] running build_py
[3.073s] running install
[3.073s] /home/tony_stark/.local/lib/python3.10/site-packages/setuptools/_distutils/cmd.py:66: SetuptoolsDeprecationWarning: setup.py install is deprecated.
[3.073s] !!
[3.073s] 
[3.074s]         ********************************************************************************
[3.074s]         Please avoid running ``setup.py`` directly.
[3.074s]         Instead, use pypa/build, pypa/installer, pypa/build or
[3.074s]         other standards-based tools.
[3.074s] 
[3.074s]         See https://blog.ganssle.io/articles/2021/10/setup-py-deprecated.html for details.
[3.074s]         ********************************************************************************
[3.074s] 
[3.075s] !!
[3.075s]   self.initialize_options()
[3.083s] running install_lib
[3.109s] running install_data
[3.135s] running install_egg_info
[3.162s] removing '/home/tony_stark/ros2_ws/install/sample_package/lib/python3.10/site-packages/sample_package-0.0.0-py3.10.egg-info' (and everything under it)
[3.162s] Copying ../../build/sample_package/sample_package.egg-info to /home/tony_stark/ros2_ws/install/sample_package/lib/python3.10/site-packages/sample_package-0.0.0-py3.10.egg-info
[3.164s] running install_scripts
[3.457s] Installing fan_sub script to /home/tony_stark/ros2_ws/install/sample_package/lib/sample_package
[3.458s] Installing process script to /home/tony_stark/ros2_ws/install/sample_package/lib/sample_package
[3.458s] Installing senpub script to /home/tony_stark/ros2_ws/install/sample_package/lib/sample_package
[3.459s] Installing talk script to /home/tony_stark/ros2_ws/install/sample_package/lib/sample_package
[3.460s] writing list of installed files to '/home/tony_stark/ros2_ws/build/sample_package/install.log'
