[0.702s] DEBUG:colcon:Command line arguments: ['/usr/bin/colcon', 'build']
[0.703s] DEBUG:colcon:Parsed command line arguments: Namespace(log_base=None, log_level=None, verb_name='build', build_base='build', install_base='install', merge_install=False, symlink_install=False, test_result_base=None, continue_on_error=False, executor='parallel', parallel_workers=2, event_handlers=None, ignore_user_meta=False, metas=['./colcon.meta'], base_paths=['.'], packages_ignore=None, packages_ignore_regex=None, paths=None, packages_up_to=None, packages_up_to_regex=None, packages_above=None, packages_above_and_dependencies=None, packages_above_depth=None, packages_select_by_dep=None, packages_skip_by_dep=None, packages_skip_up_to=None, packages_select_build_failed=False, packages_skip_build_finished=False, packages_select_test_failures=False, packages_skip_test_passed=False, packages_select=None, packages_skip=None, packages_select_regex=None, packages_skip_regex=None, packages_start=None, packages_end=None, allow_overriding=[], cmake_args=None, cmake_target=None, cmake_target_skip_unavailable=False, cmake_clean_cache=False, cmake_clean_first=False, cmake_force_configure=False, ament_cmake_args=None, catkin_cmake_args=None, catkin_skip_building_tests=False, verb_parser=<colcon_defaults.argument_parser.defaults.DefaultArgumentsDecorator object at 0x7f031484e680>, verb_extension=<colcon_core.verb.build.BuildVerb object at 0x7f031484e110>, main=<bound method BuildVerb.main of <colcon_core.verb.build.BuildVerb object at 0x7f031484e110>>)
[0.750s] Level 1:colcon.colcon_core.package_discovery:discover_packages(colcon_meta) check parameters
[0.751s] Level 1:colcon.colcon_core.package_discovery:discover_packages(recursive) check parameters
[0.751s] Level 1:colcon.colcon_core.package_discovery:discover_packages(ignore) check parameters
[0.751s] Level 1:colcon.colcon_core.package_discovery:discover_packages(path) check parameters
[0.751s] Level 1:colcon.colcon_core.package_discovery:discover_packages(colcon_meta) discover
[0.751s] Level 1:colcon.colcon_core.package_discovery:discover_packages(recursive) discover
[0.751s] INFO:colcon.colcon_core.package_discovery:Crawling recursively for packages in '/home/tony_stark/ros2_ws'
[0.752s] Level 1:colcon.colcon_core.package_identification:_identify(.) by extensions ['ignore', 'ignore_ament_install']
[0.752s] Level 1:colcon.colcon_core.package_identification:_identify(.) by extension 'ignore'
[0.752s] Level 1:colcon.colcon_core.package_identification:_identify(.) by extension 'ignore_ament_install'
[0.752s] Level 1:colcon.colcon_core.package_identification:_identify(.) by extensions ['colcon_pkg']
[0.752s] Level 1:colcon.colcon_core.package_identification:_identify(.) by extension 'colcon_pkg'
[0.752s] Level 1:colcon.colcon_core.package_identification:_identify(.) by extensions ['colcon_meta']
[0.752s] Level 1:colcon.colcon_core.package_identification:_identify(.) by extension 'colcon_meta'
[0.753s] Level 1:colcon.colcon_core.package_identification:_identify(.) by extensions ['ros']
[0.753s] Level 1:colcon.colcon_core.package_identification:_identify(.) by extension 'ros'
[0.788s] Level 1:colcon.colcon_core.package_identification:_identify(.) by extensions ['cmake', 'python']
[0.788s] Level 1:colcon.colcon_core.package_identification:_identify(.) by extension 'cmake'
[0.788s] Level 1:colcon.colcon_core.package_identification:_identify(.) by extension 'python'
[0.788s] Level 1:colcon.colcon_core.package_identification:_identify(.) by extensions ['python_setup_py']
[0.788s] Level 1:colcon.colcon_core.package_identification:_identify(.) by extension 'python_setup_py'
[0.788s] Level 1:colcon.colcon_core.package_identification:_identify(build) by extensions ['ignore', 'ignore_ament_install']
[0.788s] Level 1:colcon.colcon_core.package_identification:_identify(build) by extension 'ignore'
[0.789s] Level 1:colcon.colcon_core.package_identification:_identify(build) ignored
[0.789s] Level 1:colcon.colcon_core.package_identification:_identify(install) by extensions ['ignore', 'ignore_ament_install']
[0.789s] Level 1:colcon.colcon_core.package_identification:_identify(install) by extension 'ignore'
[0.789s] Level 1:colcon.colcon_core.package_identification:_identify(install) ignored
[0.790s] Level 1:colcon.colcon_core.package_identification:_identify(log) by extensions ['ignore', 'ignore_ament_install']
[0.790s] Level 1:colcon.colcon_core.package_identification:_identify(log) by extension 'ignore'
[0.790s] Level 1:colcon.colcon_core.package_identification:_identify(log) ignored
[0.791s] Level 1:colcon.colcon_core.package_identification:_identify(models) by extensions ['ignore', 'ignore_ament_install']
[0.791s] Level 1:colcon.colcon_core.package_identification:_identify(models) by extension 'ignore'
[0.791s] Level 1:colcon.colcon_core.package_identification:_identify(models) by extension 'ignore_ament_install'
[0.791s] Level 1:colcon.colcon_core.package_identification:_identify(models) by extensions ['colcon_pkg']
[0.791s] Level 1:colcon.colcon_core.package_identification:_identify(models) by extension 'colcon_pkg'
[0.791s] Level 1:colcon.colcon_core.package_identification:_identify(models) by extensions ['colcon_meta']
[0.791s] Level 1:colcon.colcon_core.package_identification:_identify(models) by extension 'colcon_meta'
[0.791s] Level 1:colcon.colcon_core.package_identification:_identify(models) by extensions ['ros']
[0.792s] Level 1:colcon.colcon_core.package_identification:_identify(models) by extension 'ros'
[0.792s] Level 1:colcon.colcon_core.package_identification:_identify(models) by extensions ['cmake', 'python']
[0.792s] Level 1:colcon.colcon_core.package_identification:_identify(models) by extension 'cmake'
[0.792s] Level 1:colcon.colcon_core.package_identification:_identify(models) by extension 'python'
[0.792s] Level 1:colcon.colcon_core.package_identification:_identify(models) by extensions ['python_setup_py']
[0.792s] Level 1:colcon.colcon_core.package_identification:_identify(models) by extension 'python_setup_py'
[0.792s] Level 1:colcon.colcon_core.package_identification:_identify(src) by extensions ['ignore', 'ignore_ament_install']
[0.792s] Level 1:colcon.colcon_core.package_identification:_identify(src) by extension 'ignore'
[0.793s] Level 1:colcon.colcon_core.package_identification:_identify(src) by extension 'ignore_ament_install'
[0.793s] Level 1:colcon.colcon_core.package_identification:_identify(src) by extensions ['colcon_pkg']
[0.793s] Level 1:colcon.colcon_core.package_identification:_identify(src) by extension 'colcon_pkg'
[0.793s] Level 1:colcon.colcon_core.package_identification:_identify(src) by extensions ['colcon_meta']
[0.793s] Level 1:colcon.colcon_core.package_identification:_identify(src) by extension 'colcon_meta'
[0.793s] Level 1:colcon.colcon_core.package_identification:_identify(src) by extensions ['ros']
[0.793s] Level 1:colcon.colcon_core.package_identification:_identify(src) by extension 'ros'
[0.793s] Level 1:colcon.colcon_core.package_identification:_identify(src) by extensions ['cmake', 'python']
[0.793s] Level 1:colcon.colcon_core.package_identification:_identify(src) by extension 'cmake'
[0.793s] Level 1:colcon.colcon_core.package_identification:_identify(src) by extension 'python'
[0.793s] Level 1:colcon.colcon_core.package_identification:_identify(src) by extensions ['python_setup_py']
[0.793s] Level 1:colcon.colcon_core.package_identification:_identify(src) by extension 'python_setup_py'
[0.794s] Level 1:colcon.colcon_core.package_identification:_identify(src/autonomous_exploration) by extensions ['ignore', 'ignore_ament_install']
[0.794s] Level 1:colcon.colcon_core.package_identification:_identify(src/autonomous_exploration) by extension 'ignore'
[0.794s] Level 1:colcon.colcon_core.package_identification:_identify(src/autonomous_exploration) by extension 'ignore_ament_install'
[0.794s] Level 1:colcon.colcon_core.package_identification:_identify(src/autonomous_exploration) by extensions ['colcon_pkg']
[0.794s] Level 1:colcon.colcon_core.package_identification:_identify(src/autonomous_exploration) by extension 'colcon_pkg'
[0.795s] Level 1:colcon.colcon_core.package_identification:_identify(src/autonomous_exploration) by extensions ['colcon_meta']
[0.795s] Level 1:colcon.colcon_core.package_identification:_identify(src/autonomous_exploration) by extension 'colcon_meta'
[0.795s] Level 1:colcon.colcon_core.package_identification:_identify(src/autonomous_exploration) by extensions ['ros']
[0.795s] Level 1:colcon.colcon_core.package_identification:_identify(src/autonomous_exploration) by extension 'ros'
[0.800s] DEBUG:colcon.colcon_core.package_identification:Package 'src/autonomous_exploration' with type 'ros.ament_python' and name 'autonomous_exploration'
[0.800s] Level 1:colcon.colcon_core.package_identification:_identify(src/msgs) by extensions ['ignore', 'ignore_ament_install']
[0.801s] Level 1:colcon.colcon_core.package_identification:_identify(src/msgs) by extension 'ignore'
[0.801s] Level 1:colcon.colcon_core.package_identification:_identify(src/msgs) by extension 'ignore_ament_install'
[0.801s] Level 1:colcon.colcon_core.package_identification:_identify(src/msgs) by extensions ['colcon_pkg']
[0.801s] Level 1:colcon.colcon_core.package_identification:_identify(src/msgs) by extension 'colcon_pkg'
[0.801s] Level 1:colcon.colcon_core.package_identification:_identify(src/msgs) by extensions ['colcon_meta']
[0.801s] Level 1:colcon.colcon_core.package_identification:_identify(src/msgs) by extension 'colcon_meta'
[0.801s] Level 1:colcon.colcon_core.package_identification:_identify(src/msgs) by extensions ['ros']
[0.801s] Level 1:colcon.colcon_core.package_identification:_identify(src/msgs) by extension 'ros'
[0.804s] DEBUG:colcon.colcon_core.package_identification:Package 'src/msgs' with type 'ros.ament_python' and name 'msgs'
[0.804s] Level 1:colcon.colcon_core.package_identification:_identify(src/navigation_module) by extensions ['ignore', 'ignore_ament_install']
[0.804s] Level 1:colcon.colcon_core.package_identification:_identify(src/navigation_module) by extension 'ignore'
[0.804s] Level 1:colcon.colcon_core.package_identification:_identify(src/navigation_module) by extension 'ignore_ament_install'
[0.804s] Level 1:colcon.colcon_core.package_identification:_identify(src/navigation_module) by extensions ['colcon_pkg']
[0.804s] Level 1:colcon.colcon_core.package_identification:_identify(src/navigation_module) by extension 'colcon_pkg'
[0.804s] Level 1:colcon.colcon_core.package_identification:_identify(src/navigation_module) by extensions ['colcon_meta']
[0.805s] Level 1:colcon.colcon_core.package_identification:_identify(src/navigation_module) by extension 'colcon_meta'
[0.805s] Level 1:colcon.colcon_core.package_identification:_identify(src/navigation_module) by extensions ['ros']
[0.805s] Level 1:colcon.colcon_core.package_identification:_identify(src/navigation_module) by extension 'ros'
[0.806s] DEBUG:colcon.colcon_core.package_identification:Package 'src/navigation_module' with type 'ros.ament_python' and name 'navigation_module'
[0.806s] Level 1:colcon.colcon_core.package_identification:_identify(src/sample_package) by extensions ['ignore', 'ignore_ament_install']
[0.807s] Level 1:colcon.colcon_core.package_identification:_identify(src/sample_package) by extension 'ignore'
[0.807s] Level 1:colcon.colcon_core.package_identification:_identify(src/sample_package) by extension 'ignore_ament_install'
[0.807s] Level 1:colcon.colcon_core.package_identification:_identify(src/sample_package) by extensions ['colcon_pkg']
[0.807s] Level 1:colcon.colcon_core.package_identification:_identify(src/sample_package) by extension 'colcon_pkg'
[0.807s] Level 1:colcon.colcon_core.package_identification:_identify(src/sample_package) by extensions ['colcon_meta']
[0.807s] Level 1:colcon.colcon_core.package_identification:_identify(src/sample_package) by extension 'colcon_meta'
[0.807s] Level 1:colcon.colcon_core.package_identification:_identify(src/sample_package) by extensions ['ros']
[0.807s] Level 1:colcon.colcon_core.package_identification:_identify(src/sample_package) by extension 'ros'
[0.809s] DEBUG:colcon.colcon_core.package_identification:Package 'src/sample_package' with type 'ros.ament_python' and name 'sample_package'
[0.809s] Level 1:colcon.colcon_core.package_discovery:discover_packages(recursive) using defaults
[0.809s] Level 1:colcon.colcon_core.package_discovery:discover_packages(ignore) discover
[0.809s] Level 1:colcon.colcon_core.package_discovery:discover_packages(ignore) using defaults
[0.809s] Level 1:colcon.colcon_core.package_discovery:discover_packages(path) discover
[0.809s] Level 1:colcon.colcon_core.package_discovery:discover_packages(path) using defaults
[0.871s] Level 1:colcon.colcon_core.package_discovery:discover_packages(prefix_path) check parameters
[0.871s] Level 1:colcon.colcon_core.package_discovery:discover_packages(prefix_path) discover
[0.880s] DEBUG:colcon.colcon_installed_package_information.package_discovery:Found 8 installed packages in /home/tony_stark/ros2_ws/install
[0.885s] DEBUG:colcon.colcon_installed_package_information.package_discovery:Found 374 installed packages in /opt/ros/humble
[0.891s] Level 1:colcon.colcon_core.package_discovery:discover_packages(prefix_path) using defaults
[1.125s] Level 5:colcon.colcon_core.verb:set package 'autonomous_exploration' build argument 'cmake_args' from command line to 'None'
[1.125s] Level 5:colcon.colcon_core.verb:set package 'autonomous_exploration' build argument 'cmake_target' from command line to 'None'
[1.125s] Level 5:colcon.colcon_core.verb:set package 'autonomous_exploration' build argument 'cmake_target_skip_unavailable' from command line to 'False'
[1.125s] Level 5:colcon.colcon_core.verb:set package 'autonomous_exploration' build argument 'cmake_clean_cache' from command line to 'False'
[1.125s] Level 5:colcon.colcon_core.verb:set package 'autonomous_exploration' build argument 'cmake_clean_first' from command line to 'False'
[1.125s] Level 5:colcon.colcon_core.verb:set package 'autonomous_exploration' build argument 'cmake_force_configure' from command line to 'False'
[1.125s] Level 5:colcon.colcon_core.verb:set package 'autonomous_exploration' build argument 'ament_cmake_args' from command line to 'None'
[1.125s] Level 5:colcon.colcon_core.verb:set package 'autonomous_exploration' build argument 'catkin_cmake_args' from command line to 'None'
[1.125s] Level 5:colcon.colcon_core.verb:set package 'autonomous_exploration' build argument 'catkin_skip_building_tests' from command line to 'False'
[1.125s] DEBUG:colcon.colcon_core.verb:Building package 'autonomous_exploration' with the following arguments: {'ament_cmake_args': None, 'build_base': '/home/tony_stark/ros2_ws/build/autonomous_exploration', 'catkin_cmake_args': None, 'catkin_skip_building_tests': False, 'cmake_args': None, 'cmake_clean_cache': False, 'cmake_clean_first': False, 'cmake_force_configure': False, 'cmake_target': None, 'cmake_target_skip_unavailable': False, 'install_base': '/home/tony_stark/ros2_ws/install/autonomous_exploration', 'merge_install': False, 'path': '/home/tony_stark/ros2_ws/src/autonomous_exploration', 'symlink_install': False, 'test_result_base': None}
[1.128s] Level 5:colcon.colcon_core.verb:set package 'msgs' build argument 'cmake_args' from command line to 'None'
[1.128s] Level 5:colcon.colcon_core.verb:set package 'msgs' build argument 'cmake_target' from command line to 'None'
[1.128s] Level 5:colcon.colcon_core.verb:set package 'msgs' build argument 'cmake_target_skip_unavailable' from command line to 'False'
[1.128s] Level 5:colcon.colcon_core.verb:set package 'msgs' build argument 'cmake_clean_cache' from command line to 'False'
[1.129s] Level 5:colcon.colcon_core.verb:set package 'msgs' build argument 'cmake_clean_first' from command line to 'False'
[1.129s] Level 5:colcon.colcon_core.verb:set package 'msgs' build argument 'cmake_force_configure' from command line to 'False'
[1.129s] Level 5:colcon.colcon_core.verb:set package 'msgs' build argument 'ament_cmake_args' from command line to 'None'
[1.129s] Level 5:colcon.colcon_core.verb:set package 'msgs' build argument 'catkin_cmake_args' from command line to 'None'
[1.129s] Level 5:colcon.colcon_core.verb:set package 'msgs' build argument 'catkin_skip_building_tests' from command line to 'False'
[1.129s] DEBUG:colcon.colcon_core.verb:Building package 'msgs' with the following arguments: {'ament_cmake_args': None, 'build_base': '/home/tony_stark/ros2_ws/build/msgs', 'catkin_cmake_args': None, 'catkin_skip_building_tests': False, 'cmake_args': None, 'cmake_clean_cache': False, 'cmake_clean_first': False, 'cmake_force_configure': False, 'cmake_target': None, 'cmake_target_skip_unavailable': False, 'install_base': '/home/tony_stark/ros2_ws/install/msgs', 'merge_install': False, 'path': '/home/tony_stark/ros2_ws/src/msgs', 'symlink_install': False, 'test_result_base': None}
[1.132s] Level 5:colcon.colcon_core.verb:set package 'navigation_module' build argument 'cmake_args' from command line to 'None'
[1.133s] Level 5:colcon.colcon_core.verb:set package 'navigation_module' build argument 'cmake_target' from command line to 'None'
[1.133s] Level 5:colcon.colcon_core.verb:set package 'navigation_module' build argument 'cmake_target_skip_unavailable' from command line to 'False'
[1.133s] Level 5:colcon.colcon_core.verb:set package 'navigation_module' build argument 'cmake_clean_cache' from command line to 'False'
[1.133s] Level 5:colcon.colcon_core.verb:set package 'navigation_module' build argument 'cmake_clean_first' from command line to 'False'
[1.133s] Level 5:colcon.colcon_core.verb:set package 'navigation_module' build argument 'cmake_force_configure' from command line to 'False'
[1.133s] Level 5:colcon.colcon_core.verb:set package 'navigation_module' build argument 'ament_cmake_args' from command line to 'None'
[1.133s] Level 5:colcon.colcon_core.verb:set package 'navigation_module' build argument 'catkin_cmake_args' from command line to 'None'
[1.133s] Level 5:colcon.colcon_core.verb:set package 'navigation_module' build argument 'catkin_skip_building_tests' from command line to 'False'
[1.133s] DEBUG:colcon.colcon_core.verb:Building package 'navigation_module' with the following arguments: {'ament_cmake_args': None, 'build_base': '/home/tony_stark/ros2_ws/build/navigation_module', 'catkin_cmake_args': None, 'catkin_skip_building_tests': False, 'cmake_args': None, 'cmake_clean_cache': False, 'cmake_clean_first': False, 'cmake_force_configure': False, 'cmake_target': None, 'cmake_target_skip_unavailable': False, 'install_base': '/home/tony_stark/ros2_ws/install/navigation_module', 'merge_install': False, 'path': '/home/tony_stark/ros2_ws/src/navigation_module', 'symlink_install': False, 'test_result_base': None}
[1.136s] Level 5:colcon.colcon_core.verb:set package 'sample_package' build argument 'cmake_args' from command line to 'None'
[1.136s] Level 5:colcon.colcon_core.verb:set package 'sample_package' build argument 'cmake_target' from command line to 'None'
[1.137s] Level 5:colcon.colcon_core.verb:set package 'sample_package' build argument 'cmake_target_skip_unavailable' from command line to 'False'
[1.137s] Level 5:colcon.colcon_core.verb:set package 'sample_package' build argument 'cmake_clean_cache' from command line to 'False'
[1.137s] Level 5:colcon.colcon_core.verb:set package 'sample_package' build argument 'cmake_clean_first' from command line to 'False'
[1.137s] Level 5:colcon.colcon_core.verb:set package 'sample_package' build argument 'cmake_force_configure' from command line to 'False'
[1.137s] Level 5:colcon.colcon_core.verb:set package 'sample_package' build argument 'ament_cmake_args' from command line to 'None'
[1.137s] Level 5:colcon.colcon_core.verb:set package 'sample_package' build argument 'catkin_cmake_args' from command line to 'None'
[1.137s] Level 5:colcon.colcon_core.verb:set package 'sample_package' build argument 'catkin_skip_building_tests' from command line to 'False'
[1.137s] DEBUG:colcon.colcon_core.verb:Building package 'sample_package' with the following arguments: {'ament_cmake_args': None, 'build_base': '/home/tony_stark/ros2_ws/build/sample_package', 'catkin_cmake_args': None, 'catkin_skip_building_tests': False, 'cmake_args': None, 'cmake_clean_cache': False, 'cmake_clean_first': False, 'cmake_force_configure': False, 'cmake_target': None, 'cmake_target_skip_unavailable': False, 'install_base': '/home/tony_stark/ros2_ws/install/sample_package', 'merge_install': False, 'path': '/home/tony_stark/ros2_ws/src/sample_package', 'symlink_install': False, 'test_result_base': None}
[1.140s] INFO:colcon.colcon_core.executor:Executing jobs using 'parallel' executor
[1.146s] DEBUG:colcon.colcon_parallel_executor.executor.parallel:run_until_complete
[1.148s] INFO:colcon.colcon_ros.task.ament_python.build:Building ROS package in '/home/tony_stark/ros2_ws/src/autonomous_exploration' with build type 'ament_python'
[1.148s] Level 1:colcon.colcon_core.shell:create_environment_hook('autonomous_exploration', 'ament_prefix_path')
[1.161s] INFO:colcon.colcon_core.plugin_system:Skipping extension 'colcon_core.shell.bat': Not used on non-Windows systems
[1.161s] INFO:colcon.colcon_core.shell:Creating environment hook '/home/tony_stark/ros2_ws/install/autonomous_exploration/share/autonomous_exploration/hook/ament_prefix_path.ps1'
[1.163s] INFO:colcon.colcon_core.shell:Creating environment descriptor '/home/tony_stark/ros2_ws/install/autonomous_exploration/share/autonomous_exploration/hook/ament_prefix_path.dsv'
[1.165s] INFO:colcon.colcon_core.shell:Creating environment hook '/home/tony_stark/ros2_ws/install/autonomous_exploration/share/autonomous_exploration/hook/ament_prefix_path.sh'
[1.173s] INFO:colcon.colcon_core.shell:Skip shell extension 'powershell' for command environment: Not usable outside of PowerShell
[1.173s] DEBUG:colcon.colcon_core.shell:Skip shell extension 'dsv' for command environment
[1.187s] INFO:colcon.colcon_ros.task.ament_python.build:Building ROS package in '/home/tony_stark/ros2_ws/src/msgs' with build type 'ament_python'
[1.188s] Level 1:colcon.colcon_core.shell:create_environment_hook('msgs', 'ament_prefix_path')
[1.191s] INFO:colcon.colcon_core.shell:Creating environment hook '/home/tony_stark/ros2_ws/install/msgs/share/msgs/hook/ament_prefix_path.ps1'
[1.193s] INFO:colcon.colcon_core.shell:Creating environment descriptor '/home/tony_stark/ros2_ws/install/msgs/share/msgs/hook/ament_prefix_path.dsv'
[1.193s] INFO:colcon.colcon_core.shell:Creating environment hook '/home/tony_stark/ros2_ws/install/msgs/share/msgs/hook/ament_prefix_path.sh'
[1.197s] INFO:colcon.colcon_core.shell:Skip shell extension 'powershell' for command environment: Not usable outside of PowerShell
[1.197s] DEBUG:colcon.colcon_core.shell:Skip shell extension 'dsv' for command environment
[1.847s] INFO:colcon.colcon_core.task.python.build:Building Python package in '/home/tony_stark/ros2_ws/src/autonomous_exploration'
[1.849s] INFO:colcon.colcon_core.shell:Skip shell extension 'powershell' for command environment: Not usable outside of PowerShell
[1.850s] DEBUG:colcon.colcon_core.shell:Skip shell extension 'dsv' for command environment
[2.438s] INFO:colcon.colcon_core.task.python.build:Building Python package in '/home/tony_stark/ros2_ws/src/msgs'
[2.441s] INFO:colcon.colcon_core.shell:Skip shell extension 'powershell' for command environment: Not usable outside of PowerShell
[2.441s] DEBUG:colcon.colcon_core.shell:Skip shell extension 'dsv' for command environment
[3.958s] DEBUG:colcon.colcon_core.event_handler.log_command:Invoking command in '/home/tony_stark/ros2_ws/src/msgs': PYTHONPATH=/home/tony_stark/ros2_ws/build/msgs/prefix_override:/home/tony_stark/ros2_ws/install/msgs/lib/python3.10/site-packages:${PYTHONPATH} /usr/bin/python3 setup.py egg_info --egg-base ../../build/msgs build --build-base /home/tony_stark/ros2_ws/build/msgs/build install --record /home/tony_stark/ros2_ws/build/msgs/install.log --single-version-externally-managed
[4.086s] DEBUG:colcon.colcon_core.event_handler.log_command:Invoking command in '/home/tony_stark/ros2_ws/src/autonomous_exploration': PYTHONPATH=/home/tony_stark/ros2_ws/build/autonomous_exploration/prefix_override:/home/tony_stark/ros2_ws/install/autonomous_exploration/lib/python3.10/site-packages:${PYTHONPATH} /usr/bin/python3 setup.py egg_info --egg-base ../../build/autonomous_exploration build --build-base /home/tony_stark/ros2_ws/build/autonomous_exploration/build install --record /home/tony_stark/ros2_ws/build/autonomous_exploration/install.log --single-version-externally-managed
[5.330s] DEBUG:colcon.colcon_core.event_handler.log_command:Invoked command in '/home/tony_stark/ros2_ws/src/msgs' returned '0': PYTHONPATH=/home/tony_stark/ros2_ws/build/msgs/prefix_override:/home/tony_stark/ros2_ws/install/msgs/lib/python3.10/site-packages:${PYTHONPATH} /usr/bin/python3 setup.py egg_info --egg-base ../../build/msgs build --build-base /home/tony_stark/ros2_ws/build/msgs/build install --record /home/tony_stark/ros2_ws/build/msgs/install.log --single-version-externally-managed
[5.346s] Level 1:colcon.colcon_core.environment:checking '/home/tony_stark/ros2_ws/install/msgs' for CMake module files
[5.347s] Level 1:colcon.colcon_core.environment:checking '/home/tony_stark/ros2_ws/install/msgs' for CMake config files
[5.348s] Level 1:colcon.colcon_core.environment:checking '/home/tony_stark/ros2_ws/install/msgs/lib'
[5.349s] Level 1:colcon.colcon_core.environment:checking '/home/tony_stark/ros2_ws/install/msgs/bin'
[5.349s] Level 1:colcon.colcon_core.environment:checking '/home/tony_stark/ros2_ws/install/msgs/lib/pkgconfig/msgs.pc'
[5.350s] Level 1:colcon.colcon_core.environment:checking '/home/tony_stark/ros2_ws/install/msgs/lib/python3.10/site-packages'
[5.351s] Level 1:colcon.colcon_core.shell:create_environment_hook('msgs', 'pythonpath')
[5.354s] INFO:colcon.colcon_core.shell:Creating environment hook '/home/tony_stark/ros2_ws/install/msgs/share/msgs/hook/pythonpath.ps1'
[5.356s] INFO:colcon.colcon_core.shell:Creating environment descriptor '/home/tony_stark/ros2_ws/install/msgs/share/msgs/hook/pythonpath.dsv'
[5.357s] INFO:colcon.colcon_core.shell:Creating environment hook '/home/tony_stark/ros2_ws/install/msgs/share/msgs/hook/pythonpath.sh'
[5.359s] Level 1:colcon.colcon_core.environment:checking '/home/tony_stark/ros2_ws/install/msgs/bin'
[5.359s] Level 1:colcon.colcon_core.environment:create_environment_scripts_only(msgs)
[5.365s] INFO:colcon.colcon_core.shell:Creating package script '/home/tony_stark/ros2_ws/install/msgs/share/msgs/package.ps1'
[5.371s] INFO:colcon.colcon_core.shell:Creating package descriptor '/home/tony_stark/ros2_ws/install/msgs/share/msgs/package.dsv'
[5.373s] INFO:colcon.colcon_core.shell:Creating package script '/home/tony_stark/ros2_ws/install/msgs/share/msgs/package.sh'
[5.375s] INFO:colcon.colcon_core.shell:Creating package script '/home/tony_stark/ros2_ws/install/msgs/share/msgs/package.bash'
[5.378s] INFO:colcon.colcon_core.shell:Creating package script '/home/tony_stark/ros2_ws/install/msgs/share/msgs/package.zsh'
[5.380s] Level 1:colcon.colcon_core.environment:create_file_with_runtime_dependencies(/home/tony_stark/ros2_ws/install/msgs/share/colcon-core/packages/msgs)
[5.382s] INFO:colcon.colcon_ros.task.ament_python.build:Building ROS package in '/home/tony_stark/ros2_ws/src/navigation_module' with build type 'ament_python'
[5.384s] Level 1:colcon.colcon_core.shell:create_environment_hook('navigation_module', 'ament_prefix_path')
[5.387s] INFO:colcon.colcon_core.shell:Creating environment hook '/home/tony_stark/ros2_ws/install/navigation_module/share/navigation_module/hook/ament_prefix_path.ps1'
[5.389s] INFO:colcon.colcon_core.shell:Creating environment descriptor '/home/tony_stark/ros2_ws/install/navigation_module/share/navigation_module/hook/ament_prefix_path.dsv'
[5.390s] INFO:colcon.colcon_core.shell:Creating environment hook '/home/tony_stark/ros2_ws/install/navigation_module/share/navigation_module/hook/ament_prefix_path.sh'
[5.402s] INFO:colcon.colcon_core.shell:Skip shell extension 'powershell' for command environment: Not usable outside of PowerShell
[5.403s] DEBUG:colcon.colcon_core.shell:Skip shell extension 'dsv' for command environment
[6.152s] INFO:colcon.colcon_core.task.python.build:Building Python package in '/home/tony_stark/ros2_ws/src/navigation_module'
[6.154s] INFO:colcon.colcon_core.shell:Skip shell extension 'powershell' for command environment: Not usable outside of PowerShell
[6.154s] DEBUG:colcon.colcon_core.shell:Skip shell extension 'dsv' for command environment
[6.170s] Level 1:colcon.colcon_core.environment:checking '/home/tony_stark/ros2_ws/install/autonomous_exploration' for CMake module files
[6.171s] DEBUG:colcon.colcon_core.event_handler.log_command:Invoked command in '/home/tony_stark/ros2_ws/src/autonomous_exploration' returned '0': PYTHONPATH=/home/tony_stark/ros2_ws/build/autonomous_exploration/prefix_override:/home/tony_stark/ros2_ws/install/autonomous_exploration/lib/python3.10/site-packages:${PYTHONPATH} /usr/bin/python3 setup.py egg_info --egg-base ../../build/autonomous_exploration build --build-base /home/tony_stark/ros2_ws/build/autonomous_exploration/build install --record /home/tony_stark/ros2_ws/build/autonomous_exploration/install.log --single-version-externally-managed
[6.171s] Level 1:colcon.colcon_core.environment:checking '/home/tony_stark/ros2_ws/install/autonomous_exploration' for CMake config files
[6.172s] Level 1:colcon.colcon_core.environment:checking '/home/tony_stark/ros2_ws/install/autonomous_exploration/lib'
[6.173s] Level 1:colcon.colcon_core.environment:checking '/home/tony_stark/ros2_ws/install/autonomous_exploration/bin'
[6.173s] Level 1:colcon.colcon_core.environment:checking '/home/tony_stark/ros2_ws/install/autonomous_exploration/lib/pkgconfig/autonomous_exploration.pc'
[6.173s] Level 1:colcon.colcon_core.environment:checking '/home/tony_stark/ros2_ws/install/autonomous_exploration/lib/python3.10/site-packages'
[6.173s] Level 1:colcon.colcon_core.shell:create_environment_hook('autonomous_exploration', 'pythonpath')
[6.176s] INFO:colcon.colcon_core.shell:Creating environment hook '/home/tony_stark/ros2_ws/install/autonomous_exploration/share/autonomous_exploration/hook/pythonpath.ps1'
[6.177s] INFO:colcon.colcon_core.shell:Creating environment descriptor '/home/tony_stark/ros2_ws/install/autonomous_exploration/share/autonomous_exploration/hook/pythonpath.dsv'
[6.178s] INFO:colcon.colcon_core.shell:Creating environment hook '/home/tony_stark/ros2_ws/install/autonomous_exploration/share/autonomous_exploration/hook/pythonpath.sh'
[6.179s] Level 1:colcon.colcon_core.environment:checking '/home/tony_stark/ros2_ws/install/autonomous_exploration/bin'
[6.179s] Level 1:colcon.colcon_core.environment:create_environment_scripts_only(autonomous_exploration)
[6.182s] INFO:colcon.colcon_core.shell:Creating package script '/home/tony_stark/ros2_ws/install/autonomous_exploration/share/autonomous_exploration/package.ps1'
[6.183s] INFO:colcon.colcon_core.shell:Creating package descriptor '/home/tony_stark/ros2_ws/install/autonomous_exploration/share/autonomous_exploration/package.dsv'
[6.184s] INFO:colcon.colcon_core.shell:Creating package script '/home/tony_stark/ros2_ws/install/autonomous_exploration/share/autonomous_exploration/package.sh'
[6.185s] INFO:colcon.colcon_core.shell:Creating package script '/home/tony_stark/ros2_ws/install/autonomous_exploration/share/autonomous_exploration/package.bash'
[6.185s] INFO:colcon.colcon_core.shell:Creating package script '/home/tony_stark/ros2_ws/install/autonomous_exploration/share/autonomous_exploration/package.zsh'
[6.186s] Level 1:colcon.colcon_core.environment:create_file_with_runtime_dependencies(/home/tony_stark/ros2_ws/install/autonomous_exploration/share/colcon-core/packages/autonomous_exploration)
[6.188s] INFO:colcon.colcon_ros.task.ament_python.build:Building ROS package in '/home/tony_stark/ros2_ws/src/sample_package' with build type 'ament_python'
[6.188s] Level 1:colcon.colcon_core.shell:create_environment_hook('sample_package', 'ament_prefix_path')
[6.190s] INFO:colcon.colcon_core.shell:Creating environment hook '/home/tony_stark/ros2_ws/install/sample_package/share/sample_package/hook/ament_prefix_path.ps1'
[6.192s] INFO:colcon.colcon_core.shell:Creating environment descriptor '/home/tony_stark/ros2_ws/install/sample_package/share/sample_package/hook/ament_prefix_path.dsv'
[6.193s] INFO:colcon.colcon_core.shell:Creating environment hook '/home/tony_stark/ros2_ws/install/sample_package/share/sample_package/hook/ament_prefix_path.sh'
[6.196s] INFO:colcon.colcon_core.shell:Skip shell extension 'powershell' for command environment: Not usable outside of PowerShell
[6.196s] DEBUG:colcon.colcon_core.shell:Skip shell extension 'dsv' for command environment
[6.999s] INFO:colcon.colcon_core.task.python.build:Building Python package in '/home/tony_stark/ros2_ws/src/sample_package'
[7.003s] INFO:colcon.colcon_core.shell:Skip shell extension 'powershell' for command environment: Not usable outside of PowerShell
[7.004s] DEBUG:colcon.colcon_core.shell:Skip shell extension 'dsv' for command environment
[7.355s] DEBUG:colcon.colcon_core.event_handler.log_command:Invoking command in '/home/tony_stark/ros2_ws/src/navigation_module': PYTHONPATH=/home/tony_stark/ros2_ws/build/navigation_module/prefix_override:/home/tony_stark/ros2_ws/install/navigation_module/lib/python3.10/site-packages:${PYTHONPATH} /usr/bin/python3 setup.py egg_info --egg-base ../../build/navigation_module build --build-base /home/tony_stark/ros2_ws/build/navigation_module/build install --record /home/tony_stark/ros2_ws/build/navigation_module/install.log --single-version-externally-managed
[8.199s] DEBUG:colcon.colcon_core.event_handler.log_command:Invoking command in '/home/tony_stark/ros2_ws/src/sample_package': PYTHONPATH=/home/tony_stark/ros2_ws/build/sample_package/prefix_override:/home/tony_stark/ros2_ws/install/sample_package/lib/python3.10/site-packages:${PYTHONPATH} /usr/bin/python3 setup.py egg_info --egg-base ../../build/sample_package build --build-base /home/tony_stark/ros2_ws/build/sample_package/build install --record /home/tony_stark/ros2_ws/build/sample_package/install.log --single-version-externally-managed
[8.329s] Level 1:colcon.colcon_core.environment:checking '/home/tony_stark/ros2_ws/install/navigation_module' for CMake module files
[8.330s] DEBUG:colcon.colcon_core.event_handler.log_command:Invoked command in '/home/tony_stark/ros2_ws/src/navigation_module' returned '0': PYTHONPATH=/home/tony_stark/ros2_ws/build/navigation_module/prefix_override:/home/tony_stark/ros2_ws/install/navigation_module/lib/python3.10/site-packages:${PYTHONPATH} /usr/bin/python3 setup.py egg_info --egg-base ../../build/navigation_module build --build-base /home/tony_stark/ros2_ws/build/navigation_module/build install --record /home/tony_stark/ros2_ws/build/navigation_module/install.log --single-version-externally-managed
[8.332s] Level 1:colcon.colcon_core.environment:checking '/home/tony_stark/ros2_ws/install/navigation_module' for CMake config files
[8.333s] Level 1:colcon.colcon_core.environment:checking '/home/tony_stark/ros2_ws/install/navigation_module/lib'
[8.333s] Level 1:colcon.colcon_core.environment:checking '/home/tony_stark/ros2_ws/install/navigation_module/bin'
[8.334s] Level 1:colcon.colcon_core.environment:checking '/home/tony_stark/ros2_ws/install/navigation_module/lib/pkgconfig/navigation_module.pc'
[8.334s] Level 1:colcon.colcon_core.environment:checking '/home/tony_stark/ros2_ws/install/navigation_module/lib/python3.10/site-packages'
[8.334s] Level 1:colcon.colcon_core.shell:create_environment_hook('navigation_module', 'pythonpath')
[8.338s] INFO:colcon.colcon_core.shell:Creating environment hook '/home/tony_stark/ros2_ws/install/navigation_module/share/navigation_module/hook/pythonpath.ps1'
[8.339s] INFO:colcon.colcon_core.shell:Creating environment descriptor '/home/tony_stark/ros2_ws/install/navigation_module/share/navigation_module/hook/pythonpath.dsv'
[8.341s] INFO:colcon.colcon_core.shell:Creating environment hook '/home/tony_stark/ros2_ws/install/navigation_module/share/navigation_module/hook/pythonpath.sh'
[8.342s] Level 1:colcon.colcon_core.environment:checking '/home/tony_stark/ros2_ws/install/navigation_module/bin'
[8.343s] Level 1:colcon.colcon_core.environment:create_environment_scripts_only(navigation_module)
[8.352s] INFO:colcon.colcon_core.shell:Creating package script '/home/tony_stark/ros2_ws/install/navigation_module/share/navigation_module/package.ps1'
[8.354s] INFO:colcon.colcon_core.shell:Creating package descriptor '/home/tony_stark/ros2_ws/install/navigation_module/share/navigation_module/package.dsv'
[8.355s] INFO:colcon.colcon_core.shell:Creating package script '/home/tony_stark/ros2_ws/install/navigation_module/share/navigation_module/package.sh'
[8.357s] INFO:colcon.colcon_core.shell:Creating package script '/home/tony_stark/ros2_ws/install/navigation_module/share/navigation_module/package.bash'
[8.358s] INFO:colcon.colcon_core.shell:Creating package script '/home/tony_stark/ros2_ws/install/navigation_module/share/navigation_module/package.zsh'
[8.359s] Level 1:colcon.colcon_core.environment:create_file_with_runtime_dependencies(/home/tony_stark/ros2_ws/install/navigation_module/share/colcon-core/packages/navigation_module)
[8.949s] Level 1:colcon.colcon_core.environment:checking '/home/tony_stark/ros2_ws/install/sample_package' for CMake module files
[8.950s] DEBUG:colcon.colcon_core.event_handler.log_command:Invoked command in '/home/tony_stark/ros2_ws/src/sample_package' returned '0': PYTHONPATH=/home/tony_stark/ros2_ws/build/sample_package/prefix_override:/home/tony_stark/ros2_ws/install/sample_package/lib/python3.10/site-packages:${PYTHONPATH} /usr/bin/python3 setup.py egg_info --egg-base ../../build/sample_package build --build-base /home/tony_stark/ros2_ws/build/sample_package/build install --record /home/tony_stark/ros2_ws/build/sample_package/install.log --single-version-externally-managed
[8.950s] Level 1:colcon.colcon_core.environment:checking '/home/tony_stark/ros2_ws/install/sample_package' for CMake config files
[8.951s] Level 1:colcon.colcon_core.environment:checking '/home/tony_stark/ros2_ws/install/sample_package/lib'
[8.951s] Level 1:colcon.colcon_core.environment:checking '/home/tony_stark/ros2_ws/install/sample_package/bin'
[8.951s] Level 1:colcon.colcon_core.environment:checking '/home/tony_stark/ros2_ws/install/sample_package/lib/pkgconfig/sample_package.pc'
[8.952s] Level 1:colcon.colcon_core.environment:checking '/home/tony_stark/ros2_ws/install/sample_package/lib/python3.10/site-packages'
[8.952s] Level 1:colcon.colcon_core.shell:create_environment_hook('sample_package', 'pythonpath')
[8.955s] INFO:colcon.colcon_core.shell:Creating environment hook '/home/tony_stark/ros2_ws/install/sample_package/share/sample_package/hook/pythonpath.ps1'
[8.956s] INFO:colcon.colcon_core.shell:Creating environment descriptor '/home/tony_stark/ros2_ws/install/sample_package/share/sample_package/hook/pythonpath.dsv'
[8.957s] INFO:colcon.colcon_core.shell:Creating environment hook '/home/tony_stark/ros2_ws/install/sample_package/share/sample_package/hook/pythonpath.sh'
[8.958s] Level 1:colcon.colcon_core.environment:checking '/home/tony_stark/ros2_ws/install/sample_package/bin'
[8.958s] Level 1:colcon.colcon_core.environment:create_environment_scripts_only(sample_package)
[8.962s] INFO:colcon.colcon_core.shell:Creating package script '/home/tony_stark/ros2_ws/install/sample_package/share/sample_package/package.ps1'
[8.963s] INFO:colcon.colcon_core.shell:Creating package descriptor '/home/tony_stark/ros2_ws/install/sample_package/share/sample_package/package.dsv'
[8.965s] INFO:colcon.colcon_core.shell:Creating package script '/home/tony_stark/ros2_ws/install/sample_package/share/sample_package/package.sh'
[8.966s] INFO:colcon.colcon_core.shell:Creating package script '/home/tony_stark/ros2_ws/install/sample_package/share/sample_package/package.bash'
[8.967s] INFO:colcon.colcon_core.shell:Creating package script '/home/tony_stark/ros2_ws/install/sample_package/share/sample_package/package.zsh'
[8.968s] Level 1:colcon.colcon_core.environment:create_file_with_runtime_dependencies(/home/tony_stark/ros2_ws/install/sample_package/share/colcon-core/packages/sample_package)
[8.969s] DEBUG:colcon.colcon_parallel_executor.executor.parallel:closing loop
[8.970s] DEBUG:colcon.colcon_parallel_executor.executor.parallel:loop closed
[8.970s] DEBUG:colcon.colcon_parallel_executor.executor.parallel:run_until_complete finished with '0'
[8.970s] DEBUG:colcon.colcon_core.event_reactor:joining thread
[8.985s] INFO:colcon.colcon_core.plugin_system:Skipping extension 'colcon_notification.desktop_notification.terminal_notifier': Not used on non-Darwin systems
[8.985s] INFO:colcon.colcon_core.plugin_system:Skipping extension 'colcon_notification.desktop_notification.win32': Not used on non-Windows systems
[8.986s] INFO:colcon.colcon_notification.desktop_notification:Sending desktop notification using 'notify2'
[9.011s] DEBUG:colcon.colcon_core.event_reactor:joined thread
[9.014s] INFO:colcon.colcon_core.shell:Creating prefix script '/home/tony_stark/ros2_ws/install/local_setup.ps1'
[9.017s] INFO:colcon.colcon_core.shell:Creating prefix util module '/home/tony_stark/ros2_ws/install/_local_setup_util_ps1.py'
[9.020s] INFO:colcon.colcon_core.shell:Creating prefix chain script '/home/tony_stark/ros2_ws/install/setup.ps1'
[9.025s] INFO:colcon.colcon_core.shell:Creating prefix script '/home/tony_stark/ros2_ws/install/local_setup.sh'
[9.026s] INFO:colcon.colcon_core.shell:Creating prefix util module '/home/tony_stark/ros2_ws/install/_local_setup_util_sh.py'
[9.028s] INFO:colcon.colcon_core.shell:Creating prefix chain script '/home/tony_stark/ros2_ws/install/setup.sh'
[9.032s] INFO:colcon.colcon_core.shell:Creating prefix script '/home/tony_stark/ros2_ws/install/local_setup.bash'
[9.034s] INFO:colcon.colcon_core.shell:Creating prefix chain script '/home/tony_stark/ros2_ws/install/setup.bash'
[9.038s] INFO:colcon.colcon_core.shell:Creating prefix script '/home/tony_stark/ros2_ws/install/local_setup.zsh'
[9.039s] INFO:colcon.colcon_core.shell:Creating prefix chain script '/home/tony_stark/ros2_ws/install/setup.zsh'
