[1.156s] Invoking command in '/home/tony_stark/ros2_ws/src/sample_package': PYTHONPATH=/home/tony_stark/ros2_ws/build/sample_package/prefix_override:/home/tony_stark/ros2_ws/install/sample_package/lib/python3.10/site-packages:${PYTHONPATH} /usr/bin/python3 setup.py egg_info --egg-base ../../build/sample_package build --build-base /home/tony_stark/ros2_ws/build/sample_package/build install --record /home/tony_stark/ros2_ws/build/sample_package/install.log --single-version-externally-managed
[1.593s] running egg_info
[1.595s] writing ../../build/sample_package/sample_package.egg-info/PKG-INFO
[1.595s] writing dependency_links to ../../build/sample_package/sample_package.egg-info/dependency_links.txt
[1.596s] writing entry points to ../../build/sample_package/sample_package.egg-info/entry_points.txt
[1.596s] writing requirements to ../../build/sample_package/sample_package.egg-info/requires.txt
[1.597s] writing top-level names to ../../build/sample_package/sample_package.egg-info/top_level.txt
[1.600s] reading manifest file '../../build/sample_package/sample_package.egg-info/SOURCES.txt'
[1.602s] writing manifest file '../../build/sample_package/sample_package.egg-info/SOURCES.txt'
[1.602s] running build
[1.603s] running build_py
[1.603s] copying sample_package/processing.py -> /home/tony_stark/ros2_ws/build/sample_package/build/lib/sample_package
[1.604s] running install
[1.604s] /usr/lib/python3/dist-packages/setuptools/command/install.py:34: SetuptoolsDeprecationWarning: setup.py install is deprecated. Use build and pip and other standards-based tools.
[1.604s]   warnings.warn(
[1.605s] running install_lib
[1.607s] copying /home/tony_stark/ros2_ws/build/sample_package/build/lib/sample_package/processing.py -> /home/tony_stark/ros2_ws/install/sample_package/lib/python3.10/site-packages/sample_package
[1.608s] byte-compiling /home/tony_stark/ros2_ws/install/sample_package/lib/python3.10/site-packages/sample_package/processing.py to processing.cpython-310.pyc
[1.609s] running install_data
[1.610s] running install_egg_info
[1.613s] removing '/home/tony_stark/ros2_ws/install/sample_package/lib/python3.10/site-packages/sample_package-0.0.0-py3.10.egg-info' (and everything under it)
[1.613s] Copying ../../build/sample_package/sample_package.egg-info to /home/tony_stark/ros2_ws/install/sample_package/lib/python3.10/site-packages/sample_package-0.0.0-py3.10.egg-info
[1.615s] running install_scripts
[1.658s] Installing process script to /home/tony_stark/ros2_ws/install/sample_package/lib/sample_package
[1.659s] Installing senpub script to /home/tony_stark/ros2_ws/install/sample_package/lib/sample_package
[1.659s] Installing talk script to /home/tony_stark/ros2_ws/install/sample_package/lib/sample_package
[1.660s] writing list of installed files to '/home/tony_stark/ros2_ws/build/sample_package/install.log'
[1.724s] Invoked command in '/home/tony_stark/ros2_ws/src/sample_package' returned '0': PYTHONPATH=/home/tony_stark/ros2_ws/build/sample_package/prefix_override:/home/tony_stark/ros2_ws/install/sample_package/lib/python3.10/site-packages:${PYTHONPATH} /usr/bin/python3 setup.py egg_info --egg-base ../../build/sample_package build --build-base /home/tony_stark/ros2_ws/build/sample_package/build install --record /home/tony_stark/ros2_ws/build/sample_package/install.log --single-version-externally-managed
