[2.534s] Invoking command in '/home/tony_stark/ros2_ws/src/sample_package': PYTHONPATH=/home/tony_stark/ros2_ws/build/sample_package/prefix_override:/home/tony_stark/ros2_ws/install/sample_package/lib/python3.10/site-packages:${PYTHONPATH} /usr/bin/python3 setup.py egg_info --egg-base ../../build/sample_package build --build-base /home/tony_stark/ros2_ws/build/sample_package/build install --record /home/tony_stark/ros2_ws/build/sample_package/install.log --single-version-externally-managed
[3.232s] running egg_info
[3.233s] writing ../../build/sample_package/sample_package.egg-info/PKG-INFO
[3.234s] writing dependency_links to ../../build/sample_package/sample_package.egg-info/dependency_links.txt
[3.234s] writing entry points to ../../build/sample_package/sample_package.egg-info/entry_points.txt
[3.234s] writing requirements to ../../build/sample_package/sample_package.egg-info/requires.txt
[3.235s] writing top-level names to ../../build/sample_package/sample_package.egg-info/top_level.txt
[3.239s] reading manifest file '../../build/sample_package/sample_package.egg-info/SOURCES.txt'
[3.241s] writing manifest file '../../build/sample_package/sample_package.egg-info/SOURCES.txt'
[3.241s] running build
[3.241s] running build_py
[3.242s] running install
[3.242s] running install_lib
[3.245s] running install_data
[3.247s] running install_egg_info
[3.250s] removing '/home/tony_stark/ros2_ws/install/sample_package/lib/python3.10/site-packages/sample_package-0.0.0-py3.10.egg-info' (and everything under it)
[3.250s] Copying ../../build/sample_package/sample_package.egg-info to /home/tony_stark/ros2_ws/install/sample_package/lib/python3.10/site-packages/sample_package-0.0.0-py3.10.egg-info
[3.252s] running install_scripts
[3.293s] Installing fan_sub script to /home/tony_stark/ros2_ws/install/sample_package/lib/sample_package
[3.293s] Installing process script to /home/tony_stark/ros2_ws/install/sample_package/lib/sample_package
[3.294s] Installing senpub script to /home/tony_stark/ros2_ws/install/sample_package/lib/sample_package
[3.294s] Installing talk script to /home/tony_stark/ros2_ws/install/sample_package/lib/sample_package
[3.295s] writing list of installed files to '/home/tony_stark/ros2_ws/build/sample_package/install.log'
[3.372s] Invoked command in '/home/tony_stark/ros2_ws/src/sample_package' returned '0': PYTHONPATH=/home/tony_stark/ros2_ws/build/sample_package/prefix_override:/home/tony_stark/ros2_ws/install/sample_package/lib/python3.10/site-packages:${PYTHONPATH} /usr/bin/python3 setup.py egg_info --egg-base ../../build/sample_package build --build-base /home/tony_stark/ros2_ws/build/sample_package/build install --record /home/tony_stark/ros2_ws/build/sample_package/install.log --single-version-externally-managed
