[2.448s] Invoking command in '/home/tony_stark/ros2_ws/src/navigation_module': PYTHONPATH=/home/tony_stark/ros2_ws/build/navigation_module/prefix_override:/home/tony_stark/ros2_ws/install/navigation_module/lib/python3.10/site-packages:${PYTHONPATH} /usr/bin/python3 setup.py egg_info --egg-base ../../build/navigation_module build --build-base /home/tony_stark/ros2_ws/build/navigation_module/build install --record /home/tony_stark/ros2_ws/build/navigation_module/install.log --single-version-externally-managed
[3.210s] running egg_info
[3.212s] writing ../../build/navigation_module/navigation_module.egg-info/PKG-INFO
[3.213s] writing dependency_links to ../../build/navigation_module/navigation_module.egg-info/dependency_links.txt
[3.214s] writing entry points to ../../build/navigation_module/navigation_module.egg-info/entry_points.txt
[3.214s] writing requirements to ../../build/navigation_module/navigation_module.egg-info/requires.txt
[3.215s] writing top-level names to ../../build/navigation_module/navigation_module.egg-info/top_level.txt
[3.221s] reading manifest file '../../build/navigation_module/navigation_module.egg-info/SOURCES.txt'
[3.224s] writing manifest file '../../build/navigation_module/navigation_module.egg-info/SOURCES.txt'
[3.225s] running build
[3.225s] running build_py
[3.226s] running install
[3.227s] running install_lib
[3.231s] running install_data
[3.234s] running install_egg_info
[3.238s] removing '/home/tony_stark/ros2_ws/install/navigation_module/lib/python3.10/site-packages/navigation_module-0.0.0-py3.10.egg-info' (and everything under it)
[3.239s] Copying ../../build/navigation_module/navigation_module.egg-info to /home/tony_stark/ros2_ws/install/navigation_module/lib/python3.10/site-packages/navigation_module-0.0.0-py3.10.egg-info
[3.321s] running install_scripts
[3.369s] Installing get_pose script to /home/tony_stark/ros2_ws/install/navigation_module/lib/navigation_module
[3.369s] Installing goal_poses script to /home/tony_stark/ros2_ws/install/navigation_module/lib/navigation_module
[3.370s] Installing manual_goal script to /home/tony_stark/ros2_ws/install/navigation_module/lib/navigation_module
[3.371s] writing list of installed files to '/home/tony_stark/ros2_ws/build/navigation_module/install.log'
[3.474s] Invoked command in '/home/tony_stark/ros2_ws/src/navigation_module' returned '0': PYTHONPATH=/home/tony_stark/ros2_ws/build/navigation_module/prefix_override:/home/tony_stark/ros2_ws/install/navigation_module/lib/python3.10/site-packages:${PYTHONPATH} /usr/bin/python3 setup.py egg_info --egg-base ../../build/navigation_module build --build-base /home/tony_stark/ros2_ws/build/navigation_module/build install --record /home/tony_stark/ros2_ws/build/navigation_module/install.log --single-version-externally-managed
