[0.049s] Invoking command in '/home/tony_stark/ros2_ws/build/controller_manager_msgs': CMAKE_PREFIX_PATH=${CMAKE_PREFIX_PATH}:/home/tony_stark/ros2_ws/install/sample_package:/home/tony_stark/ros2_ws/install/rosgpt:/home/tony_stark/ros2_ws/install/navigation_module:/home/tony_stark/ros2_ws/install/msgs:/home/tony_stark/ros2_ws/install/autonomous_exploration:/opt/ros/humble /usr/bin/cmake --build /home/tony_stark/ros2_ws/build/controller_manager_msgs -- -j2 -l2
[0.392s] [  0%] Built target controller_manager_msgs__cpp
[0.418s] [ 12%] Built target controller_manager_msgs__rosidl_generator_c
[0.479s] [ 12%] Built target ament_cmake_python_copy_controller_manager_msgs
[0.509s] [ 24%] Built target controller_manager_msgs__rosidl_typesupport_cpp
[0.551s] [35m[1mConsolidate compiler generated dependencies of target controller_manager_msgs__rosidl_typesupport_fastrtps_c[0m
[0.612s] [ 36%] Built target controller_manager_msgs__rosidl_typesupport_fastrtps_c
[0.616s] [ 48%] Built target controller_manager_msgs__rosidl_typesupport_fastrtps_cpp
[0.668s] [ 60%] Built target controller_manager_msgs__rosidl_typesupport_c
[0.692s] [ 72%] Built target controller_manager_msgs__rosidl_typesupport_introspection_c
[0.761s] [ 84%] Built target controller_manager_msgs__rosidl_typesupport_introspection_cpp
[0.855s] [ 84%] Built target controller_manager_msgs
[0.989s] [ 85%] Built target controller_manager_msgs__py
[1.100s] [35m[1mConsolidate compiler generated dependencies of target controller_manager_msgs__rosidl_generator_py[0m
[1.282s] [ 96%] Built target controller_manager_msgs__rosidl_generator_py
[1.319s] [35m[1mConsolidate compiler generated dependencies of target controller_manager_msgs__rosidl_typesupport_fastrtps_c__pyext[0m
[1.391s] [ 97%] Built target controller_manager_msgs__rosidl_typesupport_fastrtps_c__pyext
[1.454s] [35m[1mConsolidate compiler generated dependencies of target controller_manager_msgs__rosidl_typesupport_introspection_c__pyext[0m
[1.544s] [ 99%] Built target controller_manager_msgs__rosidl_typesupport_introspection_c__pyext
[1.604s] [35m[1mConsolidate compiler generated dependencies of target controller_manager_msgs__rosidl_typesupport_c__pyext[0m
[1.670s] [100%] Built target controller_manager_msgs__rosidl_typesupport_c__pyext
[1.941s] running egg_info
[1.942s] writing controller_manager_msgs.egg-info/PKG-INFO
[1.942s] writing dependency_links to controller_manager_msgs.egg-info/dependency_links.txt
[1.943s] writing top-level names to controller_manager_msgs.egg-info/top_level.txt
[1.949s] reading manifest file 'controller_manager_msgs.egg-info/SOURCES.txt'
[1.951s] writing manifest file 'controller_manager_msgs.egg-info/SOURCES.txt'
[2.019s] [100%] Built target ament_cmake_python_build_controller_manager_msgs_egg
