[2.392s] Invoking command in '/home/tony_stark/ros2_ws/src/navigation_module': PYTHONPATH=/home/tony_stark/ros2_ws/build/navigation_module/prefix_override:/home/tony_stark/ros2_ws/install/navigation_module/lib/python3.10/site-packages:${PYTHONPATH} /usr/bin/python3 setup.py egg_info --egg-base ../../build/navigation_module build --build-base /home/tony_stark/ros2_ws/build/navigation_module/build install --record /home/tony_stark/ros2_ws/build/navigation_module/install.log --single-version-externally-managed
[3.198s] running egg_info
[3.200s] writing ../../build/navigation_module/navigation_module.egg-info/PKG-INFO
[3.200s] writing dependency_links to ../../build/navigation_module/navigation_module.egg-info/dependency_links.txt
[3.201s] writing entry points to ../../build/navigation_module/navigation_module.egg-info/entry_points.txt
[3.201s] writing requirements to ../../build/navigation_module/navigation_module.egg-info/requires.txt
[3.202s] writing top-level names to ../../build/navigation_module/navigation_module.egg-info/top_level.txt
[3.208s] reading manifest file '../../build/navigation_module/navigation_module.egg-info/SOURCES.txt'
[3.212s] writing manifest file '../../build/navigation_module/navigation_module.egg-info/SOURCES.txt'
[3.212s] running build
[3.212s] running build_py
[3.214s] running install
[3.215s] running install_lib
[3.218s] running install_data
[3.221s] copying params/nav2_params.yaml -> /home/tony_stark/ros2_ws/install/navigation_module/share/navigation_module
[3.221s] running install_egg_info
[3.226s] removing '/home/tony_stark/ros2_ws/install/navigation_module/lib/python3.10/site-packages/navigation_module-0.0.0-py3.10.egg-info' (and everything under it)
[3.227s] Copying ../../build/navigation_module/navigation_module.egg-info to /home/tony_stark/ros2_ws/install/navigation_module/lib/python3.10/site-packages/navigation_module-0.0.0-py3.10.egg-info
[3.234s] running install_scripts
[3.297s] Installing current_goal script to /home/tony_stark/ros2_ws/install/navigation_module/lib/navigation_module
[3.298s] Installing get_pose script to /home/tony_stark/ros2_ws/install/navigation_module/lib/navigation_module
[3.299s] writing list of installed files to '/home/tony_stark/ros2_ws/build/navigation_module/install.log'
[3.408s] Invoked command in '/home/tony_stark/ros2_ws/src/navigation_module' returned '0': PYTHONPATH=/home/tony_stark/ros2_ws/build/navigation_module/prefix_override:/home/tony_stark/ros2_ws/install/navigation_module/lib/python3.10/site-packages:${PYTHONPATH} /usr/bin/python3 setup.py egg_info --egg-base ../../build/navigation_module build --build-base /home/tony_stark/ros2_ws/build/navigation_module/build install --record /home/tony_stark/ros2_ws/build/navigation_module/install.log --single-version-externally-managed
