[5.756s] Invoking command in '/home/Isaac/ros2_ws/src/sample_package': PYTHONPATH=/home/Isaac/ros2_ws/build/sample_package/prefix_override:/home/Isaac/ros2_ws/install/sample_package/lib/python3.10/site-packages:${PYTHONPATH} /usr/bin/python3 setup.py egg_info --egg-base ../../build/sample_package build --build-base /home/Isaac/ros2_ws/build/sample_package/build install --record /home/Isaac/ros2_ws/build/sample_package/install.log --single-version-externally-managed
[7.021s] running egg_info
[7.024s] writing ../../build/sample_package/sample_package.egg-info/PKG-INFO
[7.026s] writing dependency_links to ../../build/sample_package/sample_package.egg-info/dependency_links.txt
[7.027s] writing entry points to ../../build/sample_package/sample_package.egg-info/entry_points.txt
[7.027s] writing requirements to ../../build/sample_package/sample_package.egg-info/requires.txt
[7.028s] writing top-level names to ../../build/sample_package/sample_package.egg-info/top_level.txt
[7.037s] reading manifest file '../../build/sample_package/sample_package.egg-info/SOURCES.txt'
[7.041s] writing manifest file '../../build/sample_package/sample_package.egg-info/SOURCES.txt'
[7.042s] running build
[7.042s] running build_py
[7.046s] running install
[7.047s] /usr/lib/python3/dist-packages/setuptools/command/install.py:34: SetuptoolsDeprecationWarning: setup.py install is deprecated. Use build and pip and other standards-based tools.
[7.047s]   warnings.warn(
[7.048s] running install_lib
[7.055s] running install_data
[7.058s] running install_egg_info
[7.066s] removing '/home/Isaac/ros2_ws/install/sample_package/lib/python3.10/site-packages/sample_package-0.0.0-py3.10.egg-info' (and everything under it)
[7.068s] Copying ../../build/sample_package/sample_package.egg-info to /home/Isaac/ros2_ws/install/sample_package/lib/python3.10/site-packages/sample_package-0.0.0-py3.10.egg-info
[7.074s] running install_scripts
[7.167s] Installing fan_sub script to /home/Isaac/ros2_ws/install/sample_package/lib/sample_package
[7.169s] Installing process script to /home/Isaac/ros2_ws/install/sample_package/lib/sample_package
[7.169s] Installing senpub script to /home/Isaac/ros2_ws/install/sample_package/lib/sample_package
[7.170s] Installing talk script to /home/Isaac/ros2_ws/install/sample_package/lib/sample_package
[7.172s] writing list of installed files to '/home/Isaac/ros2_ws/build/sample_package/install.log'
[7.309s] Invoked command in '/home/Isaac/ros2_ws/src/sample_package' returned '0': PYTHONPATH=/home/Isaac/ros2_ws/build/sample_package/prefix_override:/home/Isaac/ros2_ws/install/sample_package/lib/python3.10/site-packages:${PYTHONPATH} /usr/bin/python3 setup.py egg_info --egg-base ../../build/sample_package build --build-base /home/Isaac/ros2_ws/build/sample_package/build install --record /home/Isaac/ros2_ws/build/sample_package/install.log --single-version-externally-managed
