[3.034s] Invoking command in '/home/tony_stark/ros2_ws/src/navigation_module': PYTHONPATH=/home/tony_stark/ros2_ws/build/navigation_module/prefix_override:/home/tony_stark/ros2_ws/install/navigation_module/lib/python3.10/site-packages:${PYTHONPATH} /usr/bin/python3 setup.py egg_info --egg-base ../../build/navigation_module build --build-base /home/tony_stark/ros2_ws/build/navigation_module/build install --record /home/tony_stark/ros2_ws/build/navigation_module/install.log --single-version-externally-managed
[4.098s] running egg_info
[4.102s] writing ../../build/navigation_module/navigation_module.egg-info/PKG-INFO
[4.106s] writing dependency_links to ../../build/navigation_module/navigation_module.egg-info/dependency_links.txt
[4.107s] writing entry points to ../../build/navigation_module/navigation_module.egg-info/entry_points.txt
[4.108s] writing requirements to ../../build/navigation_module/navigation_module.egg-info/requires.txt
[4.109s] writing top-level names to ../../build/navigation_module/navigation_module.egg-info/top_level.txt
[4.112s] reading manifest file '../../build/navigation_module/navigation_module.egg-info/SOURCES.txt'
[4.166s] writing manifest file '../../build/navigation_module/navigation_module.egg-info/SOURCES.txt'
[4.166s] running build
[4.166s] running build_py
[4.166s] running install
[4.167s] running install_lib
[4.174s] running install_data
[4.174s] copying urdf/ros2_control.xacro -> /home/tony_stark/ros2_ws/install/navigation_module/share/navigation_module
[4.174s] copying launch/gazebo_fanlaunch.launch.py -> /home/tony_stark/ros2_ws/install/navigation_module/share/navigation_module
[4.207s] running install_egg_info
[4.207s] removing '/home/tony_stark/ros2_ws/install/navigation_module/lib/python3.10/site-packages/navigation_module-0.0.0-py3.10.egg-info' (and everything under it)
[4.207s] Copying ../../build/navigation_module/navigation_module.egg-info to /home/tony_stark/ros2_ws/install/navigation_module/lib/python3.10/site-packages/navigation_module-0.0.0-py3.10.egg-info
[4.208s] running install_scripts
[4.270s] Installing get_pose script to /home/tony_stark/ros2_ws/install/navigation_module/lib/navigation_module
[4.271s] Installing goal_poses script to /home/tony_stark/ros2_ws/install/navigation_module/lib/navigation_module
[4.273s] Installing manual_goal script to /home/tony_stark/ros2_ws/install/navigation_module/lib/navigation_module
[4.275s] writing list of installed files to '/home/tony_stark/ros2_ws/build/navigation_module/install.log'
[4.382s] Invoked command in '/home/tony_stark/ros2_ws/src/navigation_module' returned '0': PYTHONPATH=/home/tony_stark/ros2_ws/build/navigation_module/prefix_override:/home/tony_stark/ros2_ws/install/navigation_module/lib/python3.10/site-packages:${PYTHONPATH} /usr/bin/python3 setup.py egg_info --egg-base ../../build/navigation_module build --build-base /home/tony_stark/ros2_ws/build/navigation_module/build install --record /home/tony_stark/ros2_ws/build/navigation_module/install.log --single-version-externally-managed
