[5.760s] Invoking command in '/home/Isaac/ros2_ws/src/sample_package': PYTHONPATH=/home/Isaac/ros2_ws/build/sample_package/prefix_override:/home/Isaac/ros2_ws/install/sample_package/lib/python3.10/site-packages:${PYTHONPATH} /usr/bin/python3 setup.py egg_info --egg-base ../../build/sample_package build --build-base /home/Isaac/ros2_ws/build/sample_package/build install --record /home/Isaac/ros2_ws/build/sample_package/install.log --single-version-externally-managed
[7.029s] running egg_info
[7.032s] writing ../../build/sample_package/sample_package.egg-info/PKG-INFO
[7.033s] writing dependency_links to ../../build/sample_package/sample_package.egg-info/dependency_links.txt
[7.035s] writing entry points to ../../build/sample_package/sample_package.egg-info/entry_points.txt
[7.036s] writing requirements to ../../build/sample_package/sample_package.egg-info/requires.txt
[7.036s] writing top-level names to ../../build/sample_package/sample_package.egg-info/top_level.txt
[7.045s] reading manifest file '../../build/sample_package/sample_package.egg-info/SOURCES.txt'
[7.050s] writing manifest file '../../build/sample_package/sample_package.egg-info/SOURCES.txt'
[7.050s] running build
[7.052s] running build_py
[7.055s] running install
[7.056s] /usr/lib/python3/dist-packages/setuptools/command/install.py:34: SetuptoolsDeprecationWarning: setup.py install is deprecated. Use build and pip and other standards-based tools.
[7.056s]   warnings.warn(
[7.057s] running install_lib
[7.064s] running install_data
[7.067s] running install_egg_info
[7.075s] removing '/home/Isaac/ros2_ws/install/sample_package/lib/python3.10/site-packages/sample_package-0.0.0-py3.10.egg-info' (and everything under it)
[7.077s] Copying ../../build/sample_package/sample_package.egg-info to /home/Isaac/ros2_ws/install/sample_package/lib/python3.10/site-packages/sample_package-0.0.0-py3.10.egg-info
[7.084s] running install_scripts
[7.176s] Installing fan_sub script to /home/Isaac/ros2_ws/install/sample_package/lib/sample_package
[7.177s] Installing process script to /home/Isaac/ros2_ws/install/sample_package/lib/sample_package
[7.178s] Installing senpub script to /home/Isaac/ros2_ws/install/sample_package/lib/sample_package
[7.179s] Installing talk script to /home/Isaac/ros2_ws/install/sample_package/lib/sample_package
[7.181s] writing list of installed files to '/home/Isaac/ros2_ws/build/sample_package/install.log'
[7.320s] Invoked command in '/home/Isaac/ros2_ws/src/sample_package' returned '0': PYTHONPATH=/home/Isaac/ros2_ws/build/sample_package/prefix_override:/home/Isaac/ros2_ws/install/sample_package/lib/python3.10/site-packages:${PYTHONPATH} /usr/bin/python3 setup.py egg_info --egg-base ../../build/sample_package build --build-base /home/Isaac/ros2_ws/build/sample_package/build install --record /home/Isaac/ros2_ws/build/sample_package/install.log --single-version-externally-managed
