[4.280s] Invoking command in '/home/tony_stark/ros2_ws/src/autonomous_exploration': PYTHONPATH=/home/tony_stark/ros2_ws/build/autonomous_exploration/prefix_override:/home/tony_stark/ros2_ws/install/autonomous_exploration/lib/python3.10/site-packages:${PYTHONPATH} /usr/bin/python3 setup.py egg_info --egg-base ../../build/autonomous_exploration build --build-base /home/tony_stark/ros2_ws/build/autonomous_exploration/build install --record /home/tony_stark/ros2_ws/build/autonomous_exploration/install.log --single-version-externally-managed
[5.000s] running egg_info
[5.002s] writing ../../build/autonomous_exploration/autonomous_exploration.egg-info/PKG-INFO
[5.016s] writing dependency_links to ../../build/autonomous_exploration/autonomous_exploration.egg-info/dependency_links.txt
[5.016s] writing entry points to ../../build/autonomous_exploration/autonomous_exploration.egg-info/entry_points.txt
[5.017s] writing requirements to ../../build/autonomous_exploration/autonomous_exploration.egg-info/requires.txt
[5.017s] writing top-level names to ../../build/autonomous_exploration/autonomous_exploration.egg-info/top_level.txt
[5.042s] reading manifest file '../../build/autonomous_exploration/autonomous_exploration.egg-info/SOURCES.txt'
[5.082s] writing manifest file '../../build/autonomous_exploration/autonomous_exploration.egg-info/SOURCES.txt'
[5.083s] running build
[5.083s] running build_py
[5.086s] running install
[5.087s] running install_lib
[5.090s] running install_data
[5.091s] running install_egg_info
[5.095s] removing '/home/tony_stark/ros2_ws/install/autonomous_exploration/lib/python3.10/site-packages/autonomous_exploration-0.0.0-py3.10.egg-info' (and everything under it)
[5.097s] Copying ../../build/autonomous_exploration/autonomous_exploration.egg-info to /home/tony_stark/ros2_ws/install/autonomous_exploration/lib/python3.10/site-packages/autonomous_exploration-0.0.0-py3.10.egg-info
[5.125s] running install_scripts
[5.180s] Installing control script to /home/tony_stark/ros2_ws/install/autonomous_exploration/lib/autonomous_exploration
[5.182s] writing list of installed files to '/home/tony_stark/ros2_ws/build/autonomous_exploration/install.log'
[5.605s] Invoked command in '/home/tony_stark/ros2_ws/src/autonomous_exploration' returned '0': PYTHONPATH=/home/tony_stark/ros2_ws/build/autonomous_exploration/prefix_override:/home/tony_stark/ros2_ws/install/autonomous_exploration/lib/python3.10/site-packages:${PYTHONPATH} /usr/bin/python3 setup.py egg_info --egg-base ../../build/autonomous_exploration build --build-base /home/tony_stark/ros2_ws/build/autonomous_exploration/build install --record /home/tony_stark/ros2_ws/build/autonomous_exploration/install.log --single-version-externally-managed
