[2.345s] Invoking command in '/home/tony_stark/ros2_ws/src/autonomous_exploration': PYTHONPATH=/home/tony_stark/ros2_ws/build/autonomous_exploration/prefix_override:/home/tony_stark/ros2_ws/install/autonomous_exploration/lib/python3.10/site-packages:${PYTHONPATH} /usr/bin/python3 setup.py egg_info --egg-base ../../build/autonomous_exploration build --build-base /home/tony_stark/ros2_ws/build/autonomous_exploration/build install --record /home/tony_stark/ros2_ws/build/autonomous_exploration/install.log --single-version-externally-managed
[3.092s] running egg_info
[3.094s] writing ../../build/autonomous_exploration/autonomous_exploration.egg-info/PKG-INFO
[3.095s] writing dependency_links to ../../build/autonomous_exploration/autonomous_exploration.egg-info/dependency_links.txt
[3.096s] writing entry points to ../../build/autonomous_exploration/autonomous_exploration.egg-info/entry_points.txt
[3.098s] writing requirements to ../../build/autonomous_exploration/autonomous_exploration.egg-info/requires.txt
[3.099s] writing top-level names to ../../build/autonomous_exploration/autonomous_exploration.egg-info/top_level.txt
[3.105s] reading manifest file '../../build/autonomous_exploration/autonomous_exploration.egg-info/SOURCES.txt'
[3.108s] writing manifest file '../../build/autonomous_exploration/autonomous_exploration.egg-info/SOURCES.txt'
[3.109s] running build
[3.109s] running build_py
[3.111s] running install
[3.112s] running install_lib
[3.116s] running install_data
[3.118s] running install_egg_info
[3.122s] removing '/home/tony_stark/ros2_ws/install/autonomous_exploration/lib/python3.10/site-packages/autonomous_exploration-0.0.0-py3.10.egg-info' (and everything under it)
[3.124s] Copying ../../build/autonomous_exploration/autonomous_exploration.egg-info to /home/tony_stark/ros2_ws/install/autonomous_exploration/lib/python3.10/site-packages/autonomous_exploration-0.0.0-py3.10.egg-info
[3.126s] running install_scripts
[3.187s] Installing control script to /home/tony_stark/ros2_ws/install/autonomous_exploration/lib/autonomous_exploration
[3.188s] writing list of installed files to '/home/tony_stark/ros2_ws/build/autonomous_exploration/install.log'
[3.347s] Invoked command in '/home/tony_stark/ros2_ws/src/autonomous_exploration' returned '0': PYTHONPATH=/home/tony_stark/ros2_ws/build/autonomous_exploration/prefix_override:/home/tony_stark/ros2_ws/install/autonomous_exploration/lib/python3.10/site-packages:${PYTHONPATH} /usr/bin/python3 setup.py egg_info --egg-base ../../build/autonomous_exploration build --build-base /home/tony_stark/ros2_ws/build/autonomous_exploration/build install --record /home/tony_stark/ros2_ws/build/autonomous_exploration/install.log --single-version-externally-managed
