[3.194s] Invoking command in '/home/tony_stark/ros2_ws/src/msgs': PYTHONPATH=/home/tony_stark/ros2_ws/build/msgs/prefix_override:/home/tony_stark/ros2_ws/install/msgs/lib/python3.10/site-packages:${PYTHONPATH} /usr/bin/python3 setup.py egg_info --egg-base ../../build/msgs build --build-base /home/tony_stark/ros2_ws/build/msgs/build install --record /home/tony_stark/ros2_ws/build/msgs/install.log --single-version-externally-managed
[3.901s] running egg_info
[3.928s] writing ../../build/msgs/msgs.egg-info/PKG-INFO
[3.929s] writing dependency_links to ../../build/msgs/msgs.egg-info/dependency_links.txt
[3.929s] writing entry points to ../../build/msgs/msgs.egg-info/entry_points.txt
[3.930s] writing requirements to ../../build/msgs/msgs.egg-info/requires.txt
[3.930s] writing top-level names to ../../build/msgs/msgs.egg-info/top_level.txt
[4.075s] reading manifest file '../../build/msgs/msgs.egg-info/SOURCES.txt'
[4.078s] writing manifest file '../../build/msgs/msgs.egg-info/SOURCES.txt'
[4.079s] running build
[4.079s] running build_py
[4.080s] running install
[4.081s] running install_lib
[4.086s] running install_data
[4.089s] running install_egg_info
[4.095s] removing '/home/tony_stark/ros2_ws/install/msgs/lib/python3.10/site-packages/msgs-0.0.0-py3.10.egg-info' (and everything under it)
[4.096s] Copying ../../build/msgs/msgs.egg-info to /home/tony_stark/ros2_ws/install/msgs/lib/python3.10/site-packages/msgs-0.0.0-py3.10.egg-info
[4.099s] running install_scripts
[4.168s] Installing floatlist script to /home/tony_stark/ros2_ws/install/msgs/lib/msgs
[4.170s] writing list of installed files to '/home/tony_stark/ros2_ws/build/msgs/install.log'
[4.402s] Invoked command in '/home/tony_stark/ros2_ws/src/msgs' returned '0': PYTHONPATH=/home/tony_stark/ros2_ws/build/msgs/prefix_override:/home/tony_stark/ros2_ws/install/msgs/lib/python3.10/site-packages:${PYTHONPATH} /usr/bin/python3 setup.py egg_info --egg-base ../../build/msgs build --build-base /home/tony_stark/ros2_ws/build/msgs/build install --record /home/tony_stark/ros2_ws/build/msgs/install.log --single-version-externally-managed
