[0.811s] DEBUG:colcon:Command line arguments: ['/usr/bin/colcon', 'build']
[0.812s] DEBUG:colcon:Parsed command line arguments: Namespace(log_base=None, log_level=None, verb_name='build', build_base='build', install_base='install', merge_install=False, symlink_install=False, test_result_base=None, continue_on_error=False, executor='parallel', parallel_workers=2, event_handlers=None, ignore_user_meta=False, metas=['./colcon.meta'], base_paths=['.'], packages_ignore=None, packages_ignore_regex=None, paths=None, packages_up_to=None, packages_up_to_regex=None, packages_above=None, packages_above_and_dependencies=None, packages_above_depth=None, packages_select_by_dep=None, packages_skip_by_dep=None, packages_skip_up_to=None, packages_select_build_failed=False, packages_skip_build_finished=False, packages_select_test_failures=False, packages_skip_test_passed=False, packages_select=None, packages_skip=None, packages_select_regex=None, packages_skip_regex=None, packages_start=None, packages_end=None, allow_overriding=[], cmake_args=None, cmake_target=None, cmake_target_skip_unavailable=False, cmake_clean_cache=False, cmake_clean_first=False, cmake_force_configure=False, ament_cmake_args=None, catkin_cmake_args=None, catkin_skip_building_tests=False, verb_parser=<colcon_defaults.argument_parser.defaults.DefaultArgumentsDecorator object at 0x7f4a1da29060>, verb_extension=<colcon_core.verb.build.BuildVerb object at 0x7f4a1db41420>, main=<bound method BuildVerb.main of <colcon_core.verb.build.BuildVerb object at 0x7f4a1db41420>>)
[0.910s] Level 1:colcon.colcon_core.package_discovery:discover_packages(colcon_meta) check parameters
[0.910s] Level 1:colcon.colcon_core.package_discovery:discover_packages(recursive) check parameters
[0.910s] Level 1:colcon.colcon_core.package_discovery:discover_packages(ignore) check parameters
[0.910s] Level 1:colcon.colcon_core.package_discovery:discover_packages(path) check parameters
[0.910s] Level 1:colcon.colcon_core.package_discovery:discover_packages(colcon_meta) discover
[0.910s] Level 1:colcon.colcon_core.package_discovery:discover_packages(recursive) discover
[0.911s] INFO:colcon.colcon_core.package_discovery:Crawling recursively for packages in '/home/tony_stark/ros2_ws'
[0.911s] Level 1:colcon.colcon_core.package_identification:_identify(.) by extensions ['ignore', 'ignore_ament_install']
[0.911s] Level 1:colcon.colcon_core.package_identification:_identify(.) by extension 'ignore'
[0.911s] Level 1:colcon.colcon_core.package_identification:_identify(.) by extension 'ignore_ament_install'
[0.911s] Level 1:colcon.colcon_core.package_identification:_identify(.) by extensions ['colcon_pkg']
[0.911s] Level 1:colcon.colcon_core.package_identification:_identify(.) by extension 'colcon_pkg'
[0.911s] Level 1:colcon.colcon_core.package_identification:_identify(.) by extensions ['colcon_meta']
[0.911s] Level 1:colcon.colcon_core.package_identification:_identify(.) by extension 'colcon_meta'
[0.911s] Level 1:colcon.colcon_core.package_identification:_identify(.) by extensions ['ros']
[0.911s] Level 1:colcon.colcon_core.package_identification:_identify(.) by extension 'ros'
[0.942s] Level 1:colcon.colcon_core.package_identification:_identify(.) by extensions ['cmake', 'python']
[0.942s] Level 1:colcon.colcon_core.package_identification:_identify(.) by extension 'cmake'
[0.942s] Level 1:colcon.colcon_core.package_identification:_identify(.) by extension 'python'
[0.942s] Level 1:colcon.colcon_core.package_identification:_identify(.) by extensions ['python_setup_py']
[0.942s] Level 1:colcon.colcon_core.package_identification:_identify(.) by extension 'python_setup_py'
[0.942s] Level 1:colcon.colcon_core.package_identification:_identify(build) by extensions ['ignore', 'ignore_ament_install']
[0.943s] Level 1:colcon.colcon_core.package_identification:_identify(build) by extension 'ignore'
[0.943s] Level 1:colcon.colcon_core.package_identification:_identify(build) ignored
[0.943s] Level 1:colcon.colcon_core.package_identification:_identify(install) by extensions ['ignore', 'ignore_ament_install']
[0.944s] Level 1:colcon.colcon_core.package_identification:_identify(install) by extension 'ignore'
[0.944s] Level 1:colcon.colcon_core.package_identification:_identify(install) ignored
[0.944s] Level 1:colcon.colcon_core.package_identification:_identify(log) by extensions ['ignore', 'ignore_ament_install']
[0.944s] Level 1:colcon.colcon_core.package_identification:_identify(log) by extension 'ignore'
[0.944s] Level 1:colcon.colcon_core.package_identification:_identify(log) ignored
[0.945s] Level 1:colcon.colcon_core.package_identification:_identify(models) by extensions ['ignore', 'ignore_ament_install']
[0.945s] Level 1:colcon.colcon_core.package_identification:_identify(models) by extension 'ignore'
[0.945s] Level 1:colcon.colcon_core.package_identification:_identify(models) by extension 'ignore_ament_install'
[0.945s] Level 1:colcon.colcon_core.package_identification:_identify(models) by extensions ['colcon_pkg']
[0.945s] Level 1:colcon.colcon_core.package_identification:_identify(models) by extension 'colcon_pkg'
[0.945s] Level 1:colcon.colcon_core.package_identification:_identify(models) by extensions ['colcon_meta']
[0.945s] Level 1:colcon.colcon_core.package_identification:_identify(models) by extension 'colcon_meta'
[0.945s] Level 1:colcon.colcon_core.package_identification:_identify(models) by extensions ['ros']
[0.945s] Level 1:colcon.colcon_core.package_identification:_identify(models) by extension 'ros'
[0.945s] Level 1:colcon.colcon_core.package_identification:_identify(models) by extensions ['cmake', 'python']
[0.946s] Level 1:colcon.colcon_core.package_identification:_identify(models) by extension 'cmake'
[0.946s] Level 1:colcon.colcon_core.package_identification:_identify(models) by extension 'python'
[0.946s] Level 1:colcon.colcon_core.package_identification:_identify(models) by extensions ['python_setup_py']
[0.946s] Level 1:colcon.colcon_core.package_identification:_identify(models) by extension 'python_setup_py'
[0.946s] Level 1:colcon.colcon_core.package_identification:_identify(src) by extensions ['ignore', 'ignore_ament_install']
[0.946s] Level 1:colcon.colcon_core.package_identification:_identify(src) by extension 'ignore'
[0.946s] Level 1:colcon.colcon_core.package_identification:_identify(src) by extension 'ignore_ament_install'
[0.946s] Level 1:colcon.colcon_core.package_identification:_identify(src) by extensions ['colcon_pkg']
[0.946s] Level 1:colcon.colcon_core.package_identification:_identify(src) by extension 'colcon_pkg'
[0.946s] Level 1:colcon.colcon_core.package_identification:_identify(src) by extensions ['colcon_meta']
[0.946s] Level 1:colcon.colcon_core.package_identification:_identify(src) by extension 'colcon_meta'
[0.947s] Level 1:colcon.colcon_core.package_identification:_identify(src) by extensions ['ros']
[0.947s] Level 1:colcon.colcon_core.package_identification:_identify(src) by extension 'ros'
[0.947s] Level 1:colcon.colcon_core.package_identification:_identify(src) by extensions ['cmake', 'python']
[0.947s] Level 1:colcon.colcon_core.package_identification:_identify(src) by extension 'cmake'
[0.947s] Level 1:colcon.colcon_core.package_identification:_identify(src) by extension 'python'
[0.947s] Level 1:colcon.colcon_core.package_identification:_identify(src) by extensions ['python_setup_py']
[0.947s] Level 1:colcon.colcon_core.package_identification:_identify(src) by extension 'python_setup_py'
[0.947s] Level 1:colcon.colcon_core.package_identification:_identify(src/autonomous_exploration) by extensions ['ignore', 'ignore_ament_install']
[0.947s] Level 1:colcon.colcon_core.package_identification:_identify(src/autonomous_exploration) by extension 'ignore'
[0.948s] Level 1:colcon.colcon_core.package_identification:_identify(src/autonomous_exploration) by extension 'ignore_ament_install'
[0.948s] Level 1:colcon.colcon_core.package_identification:_identify(src/autonomous_exploration) by extensions ['colcon_pkg']
[0.948s] Level 1:colcon.colcon_core.package_identification:_identify(src/autonomous_exploration) by extension 'colcon_pkg'
[0.948s] Level 1:colcon.colcon_core.package_identification:_identify(src/autonomous_exploration) by extensions ['colcon_meta']
[0.948s] Level 1:colcon.colcon_core.package_identification:_identify(src/autonomous_exploration) by extension 'colcon_meta'
[0.948s] Level 1:colcon.colcon_core.package_identification:_identify(src/autonomous_exploration) by extensions ['ros']
[0.948s] Level 1:colcon.colcon_core.package_identification:_identify(src/autonomous_exploration) by extension 'ros'
[0.953s] DEBUG:colcon.colcon_core.package_identification:Package 'src/autonomous_exploration' with type 'ros.ament_python' and name 'autonomous_exploration'
[0.953s] Level 1:colcon.colcon_core.package_identification:_identify(src/msgs) by extensions ['ignore', 'ignore_ament_install']
[0.953s] Level 1:colcon.colcon_core.package_identification:_identify(src/msgs) by extension 'ignore'
[0.953s] Level 1:colcon.colcon_core.package_identification:_identify(src/msgs) by extension 'ignore_ament_install'
[0.954s] Level 1:colcon.colcon_core.package_identification:_identify(src/msgs) by extensions ['colcon_pkg']
[0.954s] Level 1:colcon.colcon_core.package_identification:_identify(src/msgs) by extension 'colcon_pkg'
[0.954s] Level 1:colcon.colcon_core.package_identification:_identify(src/msgs) by extensions ['colcon_meta']
[0.954s] Level 1:colcon.colcon_core.package_identification:_identify(src/msgs) by extension 'colcon_meta'
[0.954s] Level 1:colcon.colcon_core.package_identification:_identify(src/msgs) by extensions ['ros']
[0.954s] Level 1:colcon.colcon_core.package_identification:_identify(src/msgs) by extension 'ros'
[0.956s] DEBUG:colcon.colcon_core.package_identification:Package 'src/msgs' with type 'ros.ament_python' and name 'msgs'
[0.956s] Level 1:colcon.colcon_core.package_identification:_identify(src/navigation_module) by extensions ['ignore', 'ignore_ament_install']
[0.956s] Level 1:colcon.colcon_core.package_identification:_identify(src/navigation_module) by extension 'ignore'
[0.956s] Level 1:colcon.colcon_core.package_identification:_identify(src/navigation_module) by extension 'ignore_ament_install'
[0.956s] Level 1:colcon.colcon_core.package_identification:_identify(src/navigation_module) by extensions ['colcon_pkg']
[0.956s] Level 1:colcon.colcon_core.package_identification:_identify(src/navigation_module) by extension 'colcon_pkg'
[0.956s] Level 1:colcon.colcon_core.package_identification:_identify(src/navigation_module) by extensions ['colcon_meta']
[0.956s] Level 1:colcon.colcon_core.package_identification:_identify(src/navigation_module) by extension 'colcon_meta'
[0.957s] Level 1:colcon.colcon_core.package_identification:_identify(src/navigation_module) by extensions ['ros']
[0.957s] Level 1:colcon.colcon_core.package_identification:_identify(src/navigation_module) by extension 'ros'
[0.958s] DEBUG:colcon.colcon_core.package_identification:Package 'src/navigation_module' with type 'ros.ament_python' and name 'navigation_module'
[0.958s] Level 1:colcon.colcon_core.package_identification:_identify(src/sample_package) by extensions ['ignore', 'ignore_ament_install']
[0.958s] Level 1:colcon.colcon_core.package_identification:_identify(src/sample_package) by extension 'ignore'
[0.958s] Level 1:colcon.colcon_core.package_identification:_identify(src/sample_package) by extension 'ignore_ament_install'
[0.959s] Level 1:colcon.colcon_core.package_identification:_identify(src/sample_package) by extensions ['colcon_pkg']
[0.959s] Level 1:colcon.colcon_core.package_identification:_identify(src/sample_package) by extension 'colcon_pkg'
[0.959s] Level 1:colcon.colcon_core.package_identification:_identify(src/sample_package) by extensions ['colcon_meta']
[0.959s] Level 1:colcon.colcon_core.package_identification:_identify(src/sample_package) by extension 'colcon_meta'
[0.959s] Level 1:colcon.colcon_core.package_identification:_identify(src/sample_package) by extensions ['ros']
[0.959s] Level 1:colcon.colcon_core.package_identification:_identify(src/sample_package) by extension 'ros'
[0.960s] DEBUG:colcon.colcon_core.package_identification:Package 'src/sample_package' with type 'ros.ament_python' and name 'sample_package'
[0.961s] Level 1:colcon.colcon_core.package_discovery:discover_packages(recursive) using defaults
[0.961s] Level 1:colcon.colcon_core.package_discovery:discover_packages(ignore) discover
[0.961s] Level 1:colcon.colcon_core.package_discovery:discover_packages(ignore) using defaults
[0.961s] Level 1:colcon.colcon_core.package_discovery:discover_packages(path) discover
[0.961s] Level 1:colcon.colcon_core.package_discovery:discover_packages(path) using defaults
[1.019s] Level 1:colcon.colcon_core.package_discovery:discover_packages(prefix_path) check parameters
[1.019s] Level 1:colcon.colcon_core.package_discovery:discover_packages(prefix_path) discover
[1.026s] DEBUG:colcon.colcon_installed_package_information.package_discovery:Found 8 installed packages in /home/tony_stark/ros2_ws/install
[1.030s] DEBUG:colcon.colcon_installed_package_information.package_discovery:Found 374 installed packages in /opt/ros/humble
[1.034s] Level 1:colcon.colcon_core.package_discovery:discover_packages(prefix_path) using defaults
[1.168s] Level 5:colcon.colcon_core.verb:set package 'autonomous_exploration' build argument 'cmake_args' from command line to 'None'
[1.168s] Level 5:colcon.colcon_core.verb:set package 'autonomous_exploration' build argument 'cmake_target' from command line to 'None'
[1.168s] Level 5:colcon.colcon_core.verb:set package 'autonomous_exploration' build argument 'cmake_target_skip_unavailable' from command line to 'False'
[1.168s] Level 5:colcon.colcon_core.verb:set package 'autonomous_exploration' build argument 'cmake_clean_cache' from command line to 'False'
[1.168s] Level 5:colcon.colcon_core.verb:set package 'autonomous_exploration' build argument 'cmake_clean_first' from command line to 'False'
[1.168s] Level 5:colcon.colcon_core.verb:set package 'autonomous_exploration' build argument 'cmake_force_configure' from command line to 'False'
[1.168s] Level 5:colcon.colcon_core.verb:set package 'autonomous_exploration' build argument 'ament_cmake_args' from command line to 'None'
[1.168s] Level 5:colcon.colcon_core.verb:set package 'autonomous_exploration' build argument 'catkin_cmake_args' from command line to 'None'
[1.168s] Level 5:colcon.colcon_core.verb:set package 'autonomous_exploration' build argument 'catkin_skip_building_tests' from command line to 'False'
[1.168s] DEBUG:colcon.colcon_core.verb:Building package 'autonomous_exploration' with the following arguments: {'ament_cmake_args': None, 'build_base': '/home/tony_stark/ros2_ws/build/autonomous_exploration', 'catkin_cmake_args': None, 'catkin_skip_building_tests': False, 'cmake_args': None, 'cmake_clean_cache': False, 'cmake_clean_first': False, 'cmake_force_configure': False, 'cmake_target': None, 'cmake_target_skip_unavailable': False, 'install_base': '/home/tony_stark/ros2_ws/install/autonomous_exploration', 'merge_install': False, 'path': '/home/tony_stark/ros2_ws/src/autonomous_exploration', 'symlink_install': False, 'test_result_base': None}
[1.171s] Level 5:colcon.colcon_core.verb:set package 'msgs' build argument 'cmake_args' from command line to 'None'
[1.171s] Level 5:colcon.colcon_core.verb:set package 'msgs' build argument 'cmake_target' from command line to 'None'
[1.171s] Level 5:colcon.colcon_core.verb:set package 'msgs' build argument 'cmake_target_skip_unavailable' from command line to 'False'
[1.171s] Level 5:colcon.colcon_core.verb:set package 'msgs' build argument 'cmake_clean_cache' from command line to 'False'
[1.171s] Level 5:colcon.colcon_core.verb:set package 'msgs' build argument 'cmake_clean_first' from command line to 'False'
[1.171s] Level 5:colcon.colcon_core.verb:set package 'msgs' build argument 'cmake_force_configure' from command line to 'False'
[1.171s] Level 5:colcon.colcon_core.verb:set package 'msgs' build argument 'ament_cmake_args' from command line to 'None'
[1.171s] Level 5:colcon.colcon_core.verb:set package 'msgs' build argument 'catkin_cmake_args' from command line to 'None'
[1.171s] Level 5:colcon.colcon_core.verb:set package 'msgs' build argument 'catkin_skip_building_tests' from command line to 'False'
[1.171s] DEBUG:colcon.colcon_core.verb:Building package 'msgs' with the following arguments: {'ament_cmake_args': None, 'build_base': '/home/tony_stark/ros2_ws/build/msgs', 'catkin_cmake_args': None, 'catkin_skip_building_tests': False, 'cmake_args': None, 'cmake_clean_cache': False, 'cmake_clean_first': False, 'cmake_force_configure': False, 'cmake_target': None, 'cmake_target_skip_unavailable': False, 'install_base': '/home/tony_stark/ros2_ws/install/msgs', 'merge_install': False, 'path': '/home/tony_stark/ros2_ws/src/msgs', 'symlink_install': False, 'test_result_base': None}
[1.173s] Level 5:colcon.colcon_core.verb:set package 'navigation_module' build argument 'cmake_args' from command line to 'None'
[1.173s] Level 5:colcon.colcon_core.verb:set package 'navigation_module' build argument 'cmake_target' from command line to 'None'
[1.173s] Level 5:colcon.colcon_core.verb:set package 'navigation_module' build argument 'cmake_target_skip_unavailable' from command line to 'False'
[1.173s] Level 5:colcon.colcon_core.verb:set package 'navigation_module' build argument 'cmake_clean_cache' from command line to 'False'
[1.173s] Level 5:colcon.colcon_core.verb:set package 'navigation_module' build argument 'cmake_clean_first' from command line to 'False'
[1.173s] Level 5:colcon.colcon_core.verb:set package 'navigation_module' build argument 'cmake_force_configure' from command line to 'False'
[1.173s] Level 5:colcon.colcon_core.verb:set package 'navigation_module' build argument 'ament_cmake_args' from command line to 'None'
[1.173s] Level 5:colcon.colcon_core.verb:set package 'navigation_module' build argument 'catkin_cmake_args' from command line to 'None'
[1.174s] Level 5:colcon.colcon_core.verb:set package 'navigation_module' build argument 'catkin_skip_building_tests' from command line to 'False'
[1.174s] DEBUG:colcon.colcon_core.verb:Building package 'navigation_module' with the following arguments: {'ament_cmake_args': None, 'build_base': '/home/tony_stark/ros2_ws/build/navigation_module', 'catkin_cmake_args': None, 'catkin_skip_building_tests': False, 'cmake_args': None, 'cmake_clean_cache': False, 'cmake_clean_first': False, 'cmake_force_configure': False, 'cmake_target': None, 'cmake_target_skip_unavailable': False, 'install_base': '/home/tony_stark/ros2_ws/install/navigation_module', 'merge_install': False, 'path': '/home/tony_stark/ros2_ws/src/navigation_module', 'symlink_install': False, 'test_result_base': None}
[1.176s] Level 5:colcon.colcon_core.verb:set package 'sample_package' build argument 'cmake_args' from command line to 'None'
[1.176s] Level 5:colcon.colcon_core.verb:set package 'sample_package' build argument 'cmake_target' from command line to 'None'
[1.176s] Level 5:colcon.colcon_core.verb:set package 'sample_package' build argument 'cmake_target_skip_unavailable' from command line to 'False'
[1.176s] Level 5:colcon.colcon_core.verb:set package 'sample_package' build argument 'cmake_clean_cache' from command line to 'False'
[1.176s] Level 5:colcon.colcon_core.verb:set package 'sample_package' build argument 'cmake_clean_first' from command line to 'False'
[1.176s] Level 5:colcon.colcon_core.verb:set package 'sample_package' build argument 'cmake_force_configure' from command line to 'False'
[1.176s] Level 5:colcon.colcon_core.verb:set package 'sample_package' build argument 'ament_cmake_args' from command line to 'None'
[1.176s] Level 5:colcon.colcon_core.verb:set package 'sample_package' build argument 'catkin_cmake_args' from command line to 'None'
[1.176s] Level 5:colcon.colcon_core.verb:set package 'sample_package' build argument 'catkin_skip_building_tests' from command line to 'False'
[1.176s] DEBUG:colcon.colcon_core.verb:Building package 'sample_package' with the following arguments: {'ament_cmake_args': None, 'build_base': '/home/tony_stark/ros2_ws/build/sample_package', 'catkin_cmake_args': None, 'catkin_skip_building_tests': False, 'cmake_args': None, 'cmake_clean_cache': False, 'cmake_clean_first': False, 'cmake_force_configure': False, 'cmake_target': None, 'cmake_target_skip_unavailable': False, 'install_base': '/home/tony_stark/ros2_ws/install/sample_package', 'merge_install': False, 'path': '/home/tony_stark/ros2_ws/src/sample_package', 'symlink_install': False, 'test_result_base': None}
[1.178s] INFO:colcon.colcon_core.executor:Executing jobs using 'parallel' executor
[1.184s] DEBUG:colcon.colcon_parallel_executor.executor.parallel:run_until_complete
[1.185s] INFO:colcon.colcon_ros.task.ament_python.build:Building ROS package in '/home/tony_stark/ros2_ws/src/autonomous_exploration' with build type 'ament_python'
[1.185s] Level 1:colcon.colcon_core.shell:create_environment_hook('autonomous_exploration', 'ament_prefix_path')
[1.194s] INFO:colcon.colcon_core.plugin_system:Skipping extension 'colcon_core.shell.bat': Not used on non-Windows systems
[1.194s] INFO:colcon.colcon_core.shell:Creating environment hook '/home/tony_stark/ros2_ws/install/autonomous_exploration/share/autonomous_exploration/hook/ament_prefix_path.ps1'
[1.196s] INFO:colcon.colcon_core.shell:Creating environment descriptor '/home/tony_stark/ros2_ws/install/autonomous_exploration/share/autonomous_exploration/hook/ament_prefix_path.dsv'
[1.198s] INFO:colcon.colcon_core.shell:Creating environment hook '/home/tony_stark/ros2_ws/install/autonomous_exploration/share/autonomous_exploration/hook/ament_prefix_path.sh'
[1.201s] INFO:colcon.colcon_core.shell:Skip shell extension 'powershell' for command environment: Not usable outside of PowerShell
[1.202s] DEBUG:colcon.colcon_core.shell:Skip shell extension 'dsv' for command environment
[1.216s] INFO:colcon.colcon_ros.task.ament_python.build:Building ROS package in '/home/tony_stark/ros2_ws/src/msgs' with build type 'ament_python'
[1.217s] Level 1:colcon.colcon_core.shell:create_environment_hook('msgs', 'ament_prefix_path')
[1.219s] INFO:colcon.colcon_core.shell:Creating environment hook '/home/tony_stark/ros2_ws/install/msgs/share/msgs/hook/ament_prefix_path.ps1'
[1.221s] INFO:colcon.colcon_core.shell:Creating environment descriptor '/home/tony_stark/ros2_ws/install/msgs/share/msgs/hook/ament_prefix_path.dsv'
[1.222s] INFO:colcon.colcon_core.shell:Creating environment hook '/home/tony_stark/ros2_ws/install/msgs/share/msgs/hook/ament_prefix_path.sh'
[1.225s] INFO:colcon.colcon_core.shell:Skip shell extension 'powershell' for command environment: Not usable outside of PowerShell
[1.225s] DEBUG:colcon.colcon_core.shell:Skip shell extension 'dsv' for command environment
[1.687s] INFO:colcon.colcon_core.task.python.build:Building Python package in '/home/tony_stark/ros2_ws/src/autonomous_exploration'
[1.690s] INFO:colcon.colcon_core.shell:Skip shell extension 'powershell' for command environment: Not usable outside of PowerShell
[1.690s] DEBUG:colcon.colcon_core.shell:Skip shell extension 'dsv' for command environment
[2.210s] INFO:colcon.colcon_core.task.python.build:Building Python package in '/home/tony_stark/ros2_ws/src/msgs'
[2.213s] INFO:colcon.colcon_core.shell:Skip shell extension 'powershell' for command environment: Not usable outside of PowerShell
[2.215s] DEBUG:colcon.colcon_core.shell:Skip shell extension 'dsv' for command environment
[4.056s] DEBUG:colcon.colcon_core.event_handler.log_command:Invoking command in '/home/tony_stark/ros2_ws/src/msgs': PYTHONPATH=/home/tony_stark/ros2_ws/build/msgs/prefix_override:/home/tony_stark/ros2_ws/install/msgs/lib/python3.10/site-packages:${PYTHONPATH} /usr/bin/python3 setup.py egg_info --egg-base ../../build/msgs build --build-base /home/tony_stark/ros2_ws/build/msgs/build install --record /home/tony_stark/ros2_ws/build/msgs/install.log --single-version-externally-managed
[5.241s] DEBUG:colcon.colcon_core.event_handler.log_command:Invoking command in '/home/tony_stark/ros2_ws/src/autonomous_exploration': PYTHONPATH=/home/tony_stark/ros2_ws/build/autonomous_exploration/prefix_override:/home/tony_stark/ros2_ws/install/autonomous_exploration/lib/python3.10/site-packages:${PYTHONPATH} /usr/bin/python3 setup.py egg_info --egg-base ../../build/autonomous_exploration build --build-base /home/tony_stark/ros2_ws/build/autonomous_exploration/build install --record /home/tony_stark/ros2_ws/build/autonomous_exploration/install.log --single-version-externally-managed
[6.244s] DEBUG:colcon.colcon_core.event_handler.log_command:Invoked command in '/home/tony_stark/ros2_ws/src/msgs' returned '0': PYTHONPATH=/home/tony_stark/ros2_ws/build/msgs/prefix_override:/home/tony_stark/ros2_ws/install/msgs/lib/python3.10/site-packages:${PYTHONPATH} /usr/bin/python3 setup.py egg_info --egg-base ../../build/msgs build --build-base /home/tony_stark/ros2_ws/build/msgs/build install --record /home/tony_stark/ros2_ws/build/msgs/install.log --single-version-externally-managed
[6.263s] Level 1:colcon.colcon_core.environment:checking '/home/tony_stark/ros2_ws/install/msgs' for CMake module files
[6.265s] Level 1:colcon.colcon_core.environment:checking '/home/tony_stark/ros2_ws/install/msgs' for CMake config files
[6.268s] Level 1:colcon.colcon_core.environment:checking '/home/tony_stark/ros2_ws/install/msgs/lib'
[6.268s] Level 1:colcon.colcon_core.environment:checking '/home/tony_stark/ros2_ws/install/msgs/bin'
[6.269s] Level 1:colcon.colcon_core.environment:checking '/home/tony_stark/ros2_ws/install/msgs/lib/pkgconfig/msgs.pc'
[6.270s] Level 1:colcon.colcon_core.environment:checking '/home/tony_stark/ros2_ws/install/msgs/lib/python3.10/site-packages'
[6.270s] Level 1:colcon.colcon_core.shell:create_environment_hook('msgs', 'pythonpath')
[6.275s] INFO:colcon.colcon_core.shell:Creating environment hook '/home/tony_stark/ros2_ws/install/msgs/share/msgs/hook/pythonpath.ps1'
[6.278s] INFO:colcon.colcon_core.shell:Creating environment descriptor '/home/tony_stark/ros2_ws/install/msgs/share/msgs/hook/pythonpath.dsv'
[6.279s] INFO:colcon.colcon_core.shell:Creating environment hook '/home/tony_stark/ros2_ws/install/msgs/share/msgs/hook/pythonpath.sh'
[6.281s] Level 1:colcon.colcon_core.environment:checking '/home/tony_stark/ros2_ws/install/msgs/bin'
[6.281s] Level 1:colcon.colcon_core.environment:create_environment_scripts_only(msgs)
[6.287s] INFO:colcon.colcon_core.shell:Creating package script '/home/tony_stark/ros2_ws/install/msgs/share/msgs/package.ps1'
[6.290s] INFO:colcon.colcon_core.shell:Creating package descriptor '/home/tony_stark/ros2_ws/install/msgs/share/msgs/package.dsv'
[6.292s] INFO:colcon.colcon_core.shell:Creating package script '/home/tony_stark/ros2_ws/install/msgs/share/msgs/package.sh'
[6.296s] INFO:colcon.colcon_core.shell:Creating package script '/home/tony_stark/ros2_ws/install/msgs/share/msgs/package.bash'
[6.298s] INFO:colcon.colcon_core.shell:Creating package script '/home/tony_stark/ros2_ws/install/msgs/share/msgs/package.zsh'
[6.301s] Level 1:colcon.colcon_core.environment:create_file_with_runtime_dependencies(/home/tony_stark/ros2_ws/install/msgs/share/colcon-core/packages/msgs)
[6.304s] INFO:colcon.colcon_ros.task.ament_python.build:Building ROS package in '/home/tony_stark/ros2_ws/src/navigation_module' with build type 'ament_python'
[6.305s] Level 1:colcon.colcon_core.shell:create_environment_hook('navigation_module', 'ament_prefix_path')
[6.311s] INFO:colcon.colcon_core.shell:Creating environment hook '/home/tony_stark/ros2_ws/install/navigation_module/share/navigation_module/hook/ament_prefix_path.ps1'
[6.313s] INFO:colcon.colcon_core.shell:Creating environment descriptor '/home/tony_stark/ros2_ws/install/navigation_module/share/navigation_module/hook/ament_prefix_path.dsv'
[6.318s] INFO:colcon.colcon_core.shell:Creating environment hook '/home/tony_stark/ros2_ws/install/navigation_module/share/navigation_module/hook/ament_prefix_path.sh'
[6.328s] INFO:colcon.colcon_core.shell:Skip shell extension 'powershell' for command environment: Not usable outside of PowerShell
[6.328s] DEBUG:colcon.colcon_core.shell:Skip shell extension 'dsv' for command environment
[7.240s] INFO:colcon.colcon_core.task.python.build:Building Python package in '/home/tony_stark/ros2_ws/src/navigation_module'
[7.247s] INFO:colcon.colcon_core.shell:Skip shell extension 'powershell' for command environment: Not usable outside of PowerShell
[7.247s] DEBUG:colcon.colcon_core.shell:Skip shell extension 'dsv' for command environment
[7.414s] Level 1:colcon.colcon_core.environment:checking '/home/tony_stark/ros2_ws/install/autonomous_exploration' for CMake module files
[7.415s] DEBUG:colcon.colcon_core.event_handler.log_command:Invoked command in '/home/tony_stark/ros2_ws/src/autonomous_exploration' returned '0': PYTHONPATH=/home/tony_stark/ros2_ws/build/autonomous_exploration/prefix_override:/home/tony_stark/ros2_ws/install/autonomous_exploration/lib/python3.10/site-packages:${PYTHONPATH} /usr/bin/python3 setup.py egg_info --egg-base ../../build/autonomous_exploration build --build-base /home/tony_stark/ros2_ws/build/autonomous_exploration/build install --record /home/tony_stark/ros2_ws/build/autonomous_exploration/install.log --single-version-externally-managed
[7.437s] Level 1:colcon.colcon_core.environment:checking '/home/tony_stark/ros2_ws/install/autonomous_exploration' for CMake config files
[7.449s] Level 1:colcon.colcon_core.environment:checking '/home/tony_stark/ros2_ws/install/autonomous_exploration/lib'
[7.449s] Level 1:colcon.colcon_core.environment:checking '/home/tony_stark/ros2_ws/install/autonomous_exploration/bin'
[7.449s] Level 1:colcon.colcon_core.environment:checking '/home/tony_stark/ros2_ws/install/autonomous_exploration/lib/pkgconfig/autonomous_exploration.pc'
[7.450s] Level 1:colcon.colcon_core.environment:checking '/home/tony_stark/ros2_ws/install/autonomous_exploration/lib/python3.10/site-packages'
[7.450s] Level 1:colcon.colcon_core.shell:create_environment_hook('autonomous_exploration', 'pythonpath')
[7.456s] INFO:colcon.colcon_core.shell:Creating environment hook '/home/tony_stark/ros2_ws/install/autonomous_exploration/share/autonomous_exploration/hook/pythonpath.ps1'
[7.457s] INFO:colcon.colcon_core.shell:Creating environment descriptor '/home/tony_stark/ros2_ws/install/autonomous_exploration/share/autonomous_exploration/hook/pythonpath.dsv'
[7.459s] INFO:colcon.colcon_core.shell:Creating environment hook '/home/tony_stark/ros2_ws/install/autonomous_exploration/share/autonomous_exploration/hook/pythonpath.sh'
[7.461s] Level 1:colcon.colcon_core.environment:checking '/home/tony_stark/ros2_ws/install/autonomous_exploration/bin'
[7.462s] Level 1:colcon.colcon_core.environment:create_environment_scripts_only(autonomous_exploration)
[7.469s] INFO:colcon.colcon_core.shell:Creating package script '/home/tony_stark/ros2_ws/install/autonomous_exploration/share/autonomous_exploration/package.ps1'
[7.471s] INFO:colcon.colcon_core.shell:Creating package descriptor '/home/tony_stark/ros2_ws/install/autonomous_exploration/share/autonomous_exploration/package.dsv'
[7.473s] INFO:colcon.colcon_core.shell:Creating package script '/home/tony_stark/ros2_ws/install/autonomous_exploration/share/autonomous_exploration/package.sh'
[7.475s] INFO:colcon.colcon_core.shell:Creating package script '/home/tony_stark/ros2_ws/install/autonomous_exploration/share/autonomous_exploration/package.bash'
[7.476s] INFO:colcon.colcon_core.shell:Creating package script '/home/tony_stark/ros2_ws/install/autonomous_exploration/share/autonomous_exploration/package.zsh'
[7.478s] Level 1:colcon.colcon_core.environment:create_file_with_runtime_dependencies(/home/tony_stark/ros2_ws/install/autonomous_exploration/share/colcon-core/packages/autonomous_exploration)
[7.479s] INFO:colcon.colcon_ros.task.ament_python.build:Building ROS package in '/home/tony_stark/ros2_ws/src/sample_package' with build type 'ament_python'
[7.480s] Level 1:colcon.colcon_core.shell:create_environment_hook('sample_package', 'ament_prefix_path')
[7.485s] INFO:colcon.colcon_core.shell:Creating environment hook '/home/tony_stark/ros2_ws/install/sample_package/share/sample_package/hook/ament_prefix_path.ps1'
[7.487s] INFO:colcon.colcon_core.shell:Creating environment descriptor '/home/tony_stark/ros2_ws/install/sample_package/share/sample_package/hook/ament_prefix_path.dsv'
[7.489s] INFO:colcon.colcon_core.shell:Creating environment hook '/home/tony_stark/ros2_ws/install/sample_package/share/sample_package/hook/ament_prefix_path.sh'
[7.497s] INFO:colcon.colcon_core.shell:Skip shell extension 'powershell' for command environment: Not usable outside of PowerShell
[7.497s] DEBUG:colcon.colcon_core.shell:Skip shell extension 'dsv' for command environment
[8.418s] INFO:colcon.colcon_core.task.python.build:Building Python package in '/home/tony_stark/ros2_ws/src/sample_package'
[8.422s] INFO:colcon.colcon_core.shell:Skip shell extension 'powershell' for command environment: Not usable outside of PowerShell
[8.424s] DEBUG:colcon.colcon_core.shell:Skip shell extension 'dsv' for command environment
[9.487s] DEBUG:colcon.colcon_core.event_handler.log_command:Invoking command in '/home/tony_stark/ros2_ws/src/navigation_module': PYTHONPATH=/home/tony_stark/ros2_ws/build/navigation_module/prefix_override:/home/tony_stark/ros2_ws/install/navigation_module/lib/python3.10/site-packages:${PYTHONPATH} /usr/bin/python3 setup.py egg_info --egg-base ../../build/navigation_module build --build-base /home/tony_stark/ros2_ws/build/navigation_module/build install --record /home/tony_stark/ros2_ws/build/navigation_module/install.log --single-version-externally-managed
[10.905s] DEBUG:colcon.colcon_core.event_handler.log_command:Invoking command in '/home/tony_stark/ros2_ws/src/sample_package': PYTHONPATH=/home/tony_stark/ros2_ws/build/sample_package/prefix_override:/home/tony_stark/ros2_ws/install/sample_package/lib/python3.10/site-packages:${PYTHONPATH} /usr/bin/python3 setup.py egg_info --egg-base ../../build/sample_package build --build-base /home/tony_stark/ros2_ws/build/sample_package/build install --record /home/tony_stark/ros2_ws/build/sample_package/install.log --single-version-externally-managed
[11.515s] Level 1:colcon.colcon_core.environment:checking '/home/tony_stark/ros2_ws/install/navigation_module' for CMake module files
[11.517s] DEBUG:colcon.colcon_core.event_handler.log_command:Invoked command in '/home/tony_stark/ros2_ws/src/navigation_module' returned '0': PYTHONPATH=/home/tony_stark/ros2_ws/build/navigation_module/prefix_override:/home/tony_stark/ros2_ws/install/navigation_module/lib/python3.10/site-packages:${PYTHONPATH} /usr/bin/python3 setup.py egg_info --egg-base ../../build/navigation_module build --build-base /home/tony_stark/ros2_ws/build/navigation_module/build install --record /home/tony_stark/ros2_ws/build/navigation_module/install.log --single-version-externally-managed
[11.518s] Level 1:colcon.colcon_core.environment:checking '/home/tony_stark/ros2_ws/install/navigation_module' for CMake config files
[11.520s] Level 1:colcon.colcon_core.environment:checking '/home/tony_stark/ros2_ws/install/navigation_module/lib'
[11.520s] Level 1:colcon.colcon_core.environment:checking '/home/tony_stark/ros2_ws/install/navigation_module/bin'
[11.520s] Level 1:colcon.colcon_core.environment:checking '/home/tony_stark/ros2_ws/install/navigation_module/lib/pkgconfig/navigation_module.pc'
[11.521s] Level 1:colcon.colcon_core.environment:checking '/home/tony_stark/ros2_ws/install/navigation_module/lib/python3.10/site-packages'
[11.521s] Level 1:colcon.colcon_core.shell:create_environment_hook('navigation_module', 'pythonpath')
[11.526s] INFO:colcon.colcon_core.shell:Creating environment hook '/home/tony_stark/ros2_ws/install/navigation_module/share/navigation_module/hook/pythonpath.ps1'
[11.527s] INFO:colcon.colcon_core.shell:Creating environment descriptor '/home/tony_stark/ros2_ws/install/navigation_module/share/navigation_module/hook/pythonpath.dsv'
[11.529s] INFO:colcon.colcon_core.shell:Creating environment hook '/home/tony_stark/ros2_ws/install/navigation_module/share/navigation_module/hook/pythonpath.sh'
[11.531s] Level 1:colcon.colcon_core.environment:checking '/home/tony_stark/ros2_ws/install/navigation_module/bin'
[11.531s] Level 1:colcon.colcon_core.environment:create_environment_scripts_only(navigation_module)
[11.537s] INFO:colcon.colcon_core.shell:Creating package script '/home/tony_stark/ros2_ws/install/navigation_module/share/navigation_module/package.ps1'
[11.539s] INFO:colcon.colcon_core.shell:Creating package descriptor '/home/tony_stark/ros2_ws/install/navigation_module/share/navigation_module/package.dsv'
[11.540s] INFO:colcon.colcon_core.shell:Creating package script '/home/tony_stark/ros2_ws/install/navigation_module/share/navigation_module/package.sh'
[11.542s] INFO:colcon.colcon_core.shell:Creating package script '/home/tony_stark/ros2_ws/install/navigation_module/share/navigation_module/package.bash'
[11.543s] INFO:colcon.colcon_core.shell:Creating package script '/home/tony_stark/ros2_ws/install/navigation_module/share/navigation_module/package.zsh'
[11.545s] Level 1:colcon.colcon_core.environment:create_file_with_runtime_dependencies(/home/tony_stark/ros2_ws/install/navigation_module/share/colcon-core/packages/navigation_module)
[12.500s] Level 1:colcon.colcon_core.environment:checking '/home/tony_stark/ros2_ws/install/sample_package' for CMake module files
[12.501s] DEBUG:colcon.colcon_core.event_handler.log_command:Invoked command in '/home/tony_stark/ros2_ws/src/sample_package' returned '0': PYTHONPATH=/home/tony_stark/ros2_ws/build/sample_package/prefix_override:/home/tony_stark/ros2_ws/install/sample_package/lib/python3.10/site-packages:${PYTHONPATH} /usr/bin/python3 setup.py egg_info --egg-base ../../build/sample_package build --build-base /home/tony_stark/ros2_ws/build/sample_package/build install --record /home/tony_stark/ros2_ws/build/sample_package/install.log --single-version-externally-managed
[12.502s] Level 1:colcon.colcon_core.environment:checking '/home/tony_stark/ros2_ws/install/sample_package' for CMake config files
[12.504s] Level 1:colcon.colcon_core.environment:checking '/home/tony_stark/ros2_ws/install/sample_package/lib'
[12.504s] Level 1:colcon.colcon_core.environment:checking '/home/tony_stark/ros2_ws/install/sample_package/bin'
[12.504s] Level 1:colcon.colcon_core.environment:checking '/home/tony_stark/ros2_ws/install/sample_package/lib/pkgconfig/sample_package.pc'
[12.505s] Level 1:colcon.colcon_core.environment:checking '/home/tony_stark/ros2_ws/install/sample_package/lib/python3.10/site-packages'
[12.506s] Level 1:colcon.colcon_core.shell:create_environment_hook('sample_package', 'pythonpath')
[12.509s] INFO:colcon.colcon_core.shell:Creating environment hook '/home/tony_stark/ros2_ws/install/sample_package/share/sample_package/hook/pythonpath.ps1'
[12.510s] INFO:colcon.colcon_core.shell:Creating environment descriptor '/home/tony_stark/ros2_ws/install/sample_package/share/sample_package/hook/pythonpath.dsv'
[12.511s] INFO:colcon.colcon_core.shell:Creating environment hook '/home/tony_stark/ros2_ws/install/sample_package/share/sample_package/hook/pythonpath.sh'
[12.513s] Level 1:colcon.colcon_core.environment:checking '/home/tony_stark/ros2_ws/install/sample_package/bin'
[12.513s] Level 1:colcon.colcon_core.environment:create_environment_scripts_only(sample_package)
[12.517s] INFO:colcon.colcon_core.shell:Creating package script '/home/tony_stark/ros2_ws/install/sample_package/share/sample_package/package.ps1'
[12.518s] INFO:colcon.colcon_core.shell:Creating package descriptor '/home/tony_stark/ros2_ws/install/sample_package/share/sample_package/package.dsv'
[12.520s] INFO:colcon.colcon_core.shell:Creating package script '/home/tony_stark/ros2_ws/install/sample_package/share/sample_package/package.sh'
[12.521s] INFO:colcon.colcon_core.shell:Creating package script '/home/tony_stark/ros2_ws/install/sample_package/share/sample_package/package.bash'
[12.522s] INFO:colcon.colcon_core.shell:Creating package script '/home/tony_stark/ros2_ws/install/sample_package/share/sample_package/package.zsh'
[12.523s] Level 1:colcon.colcon_core.environment:create_file_with_runtime_dependencies(/home/tony_stark/ros2_ws/install/sample_package/share/colcon-core/packages/sample_package)
[12.524s] DEBUG:colcon.colcon_parallel_executor.executor.parallel:closing loop
[12.524s] DEBUG:colcon.colcon_parallel_executor.executor.parallel:loop closed
[12.525s] DEBUG:colcon.colcon_parallel_executor.executor.parallel:run_until_complete finished with '0'
[12.526s] DEBUG:colcon.colcon_core.event_reactor:joining thread
[12.543s] INFO:colcon.colcon_core.plugin_system:Skipping extension 'colcon_notification.desktop_notification.terminal_notifier': Not used on non-Darwin systems
[12.543s] INFO:colcon.colcon_core.plugin_system:Skipping extension 'colcon_notification.desktop_notification.win32': Not used on non-Windows systems
[12.543s] INFO:colcon.colcon_notification.desktop_notification:Sending desktop notification using 'notify2'
[12.589s] DEBUG:colcon.colcon_core.event_reactor:joined thread
[12.594s] INFO:colcon.colcon_core.shell:Creating prefix script '/home/tony_stark/ros2_ws/install/local_setup.ps1'
[12.596s] INFO:colcon.colcon_core.shell:Creating prefix util module '/home/tony_stark/ros2_ws/install/_local_setup_util_ps1.py'
[12.600s] INFO:colcon.colcon_core.shell:Creating prefix chain script '/home/tony_stark/ros2_ws/install/setup.ps1'
[12.605s] INFO:colcon.colcon_core.shell:Creating prefix script '/home/tony_stark/ros2_ws/install/local_setup.sh'
[12.607s] INFO:colcon.colcon_core.shell:Creating prefix util module '/home/tony_stark/ros2_ws/install/_local_setup_util_sh.py'
[12.608s] INFO:colcon.colcon_core.shell:Creating prefix chain script '/home/tony_stark/ros2_ws/install/setup.sh'
[12.614s] INFO:colcon.colcon_core.shell:Creating prefix script '/home/tony_stark/ros2_ws/install/local_setup.bash'
[12.615s] INFO:colcon.colcon_core.shell:Creating prefix chain script '/home/tony_stark/ros2_ws/install/setup.bash'
[12.620s] INFO:colcon.colcon_core.shell:Creating prefix script '/home/tony_stark/ros2_ws/install/local_setup.zsh'
[12.622s] INFO:colcon.colcon_core.shell:Creating prefix chain script '/home/tony_stark/ros2_ws/install/setup.zsh'
