[2.391s] Invoking command in '/home/tony_stark/ros2_ws/src/autonomous_exploration': PYTHONPATH=/home/tony_stark/ros2_ws/build/autonomous_exploration/prefix_override:/home/tony_stark/ros2_ws/install/autonomous_exploration/lib/python3.10/site-packages:${PYTHONPATH} /usr/bin/python3 setup.py egg_info --egg-base ../../build/autonomous_exploration build --build-base /home/tony_stark/ros2_ws/build/autonomous_exploration/build install --record /home/tony_stark/ros2_ws/build/autonomous_exploration/install.log --single-version-externally-managed
[3.114s] running egg_info
[3.116s] writing ../../build/autonomous_exploration/autonomous_exploration.egg-info/PKG-INFO
[3.117s] writing dependency_links to ../../build/autonomous_exploration/autonomous_exploration.egg-info/dependency_links.txt
[3.118s] writing entry points to ../../build/autonomous_exploration/autonomous_exploration.egg-info/entry_points.txt
[3.119s] writing requirements to ../../build/autonomous_exploration/autonomous_exploration.egg-info/requires.txt
[3.120s] writing top-level names to ../../build/autonomous_exploration/autonomous_exploration.egg-info/top_level.txt
[3.126s] reading manifest file '../../build/autonomous_exploration/autonomous_exploration.egg-info/SOURCES.txt'
[3.129s] writing manifest file '../../build/autonomous_exploration/autonomous_exploration.egg-info/SOURCES.txt'
[3.130s] running build
[3.131s] running build_py
[3.132s] running install
[3.133s] running install_lib
[3.139s] running install_data
[3.140s] running install_egg_info
[3.145s] removing '/home/tony_stark/ros2_ws/install/autonomous_exploration/lib/python3.10/site-packages/autonomous_exploration-0.0.0-py3.10.egg-info' (and everything under it)
[3.146s] Copying ../../build/autonomous_exploration/autonomous_exploration.egg-info to /home/tony_stark/ros2_ws/install/autonomous_exploration/lib/python3.10/site-packages/autonomous_exploration-0.0.0-py3.10.egg-info
[3.149s] running install_scripts
[3.208s] Installing control script to /home/tony_stark/ros2_ws/install/autonomous_exploration/lib/autonomous_exploration
[3.210s] writing list of installed files to '/home/tony_stark/ros2_ws/build/autonomous_exploration/install.log'
[3.312s] Invoked command in '/home/tony_stark/ros2_ws/src/autonomous_exploration' returned '0': PYTHONPATH=/home/tony_stark/ros2_ws/build/autonomous_exploration/prefix_override:/home/tony_stark/ros2_ws/install/autonomous_exploration/lib/python3.10/site-packages:${PYTHONPATH} /usr/bin/python3 setup.py egg_info --egg-base ../../build/autonomous_exploration build --build-base /home/tony_stark/ros2_ws/build/autonomous_exploration/build install --record /home/tony_stark/ros2_ws/build/autonomous_exploration/install.log --single-version-externally-managed
