[1.127s] Invoking command in '/home/tony_stark/ros2_ws/src/msgs': PYTHONPATH=/home/tony_stark/ros2_ws/build/msgs/prefix_override:/home/tony_stark/ros2_ws/install/msgs/lib/python3.10/site-packages:${PYTHONPATH} /usr/bin/python3 setup.py egg_info --egg-base ../../build/msgs build --build-base /home/tony_stark/ros2_ws/build/msgs/build install --record /home/tony_stark/ros2_ws/build/msgs/install.log --single-version-externally-managed
[1.555s] running egg_info
[1.556s] writing ../../build/msgs/msgs.egg-info/PKG-INFO
[1.556s] writing dependency_links to ../../build/msgs/msgs.egg-info/dependency_links.txt
[1.557s] writing entry points to ../../build/msgs/msgs.egg-info/entry_points.txt
[1.557s] writing requirements to ../../build/msgs/msgs.egg-info/requires.txt
[1.558s] writing top-level names to ../../build/msgs/msgs.egg-info/top_level.txt
[1.562s] reading manifest file '../../build/msgs/msgs.egg-info/SOURCES.txt'
[1.563s] writing manifest file '../../build/msgs/msgs.egg-info/SOURCES.txt'
[1.564s] running build
[1.564s] running build_py
[1.564s] running install
[1.564s] /usr/lib/python3/dist-packages/setuptools/command/install.py:34: SetuptoolsDeprecationWarning: setup.py install is deprecated. Use build and pip and other standards-based tools.
[1.565s]   warnings.warn(
[1.565s] running install_lib
[1.567s] running install_data
[1.568s] running install_egg_info
[1.571s] removing '/home/tony_stark/ros2_ws/install/msgs/lib/python3.10/site-packages/msgs-0.0.0-py3.10.egg-info' (and everything under it)
[1.572s] Copying ../../build/msgs/msgs.egg-info to /home/tony_stark/ros2_ws/install/msgs/lib/python3.10/site-packages/msgs-0.0.0-py3.10.egg-info
[1.573s] running install_scripts
[1.609s] Installing floatlistint script to /home/tony_stark/ros2_ws/install/msgs/lib/msgs
[1.610s] writing list of installed files to '/home/tony_stark/ros2_ws/build/msgs/install.log'
[1.680s] Invoked command in '/home/tony_stark/ros2_ws/src/msgs' returned '0': PYTHONPATH=/home/tony_stark/ros2_ws/build/msgs/prefix_override:/home/tony_stark/ros2_ws/install/msgs/lib/python3.10/site-packages:${PYTHONPATH} /usr/bin/python3 setup.py egg_info --egg-base ../../build/msgs build --build-base /home/tony_stark/ros2_ws/build/msgs/build install --record /home/tony_stark/ros2_ws/build/msgs/install.log --single-version-externally-managed
