[5.510s] Invoking command in '/home/Isaac/ros2_ws/src/sample_package': PYTHONPATH=/home/Isaac/ros2_ws/build/sample_package/prefix_override:/home/Isaac/ros2_ws/install/sample_package/lib/python3.10/site-packages:${PYTHONPATH} /usr/bin/python3 setup.py egg_info --egg-base ../../build/sample_package build --build-base /home/Isaac/ros2_ws/build/sample_package/build install --record /home/Isaac/ros2_ws/build/sample_package/install.log --single-version-externally-managed
[6.821s] running egg_info
[6.824s] writing ../../build/sample_package/sample_package.egg-info/PKG-INFO
[6.825s] writing dependency_links to ../../build/sample_package/sample_package.egg-info/dependency_links.txt
[6.826s] writing entry points to ../../build/sample_package/sample_package.egg-info/entry_points.txt
[6.827s] writing requirements to ../../build/sample_package/sample_package.egg-info/requires.txt
[6.828s] writing top-level names to ../../build/sample_package/sample_package.egg-info/top_level.txt
[6.837s] reading manifest file '../../build/sample_package/sample_package.egg-info/SOURCES.txt'
[6.841s] writing manifest file '../../build/sample_package/sample_package.egg-info/SOURCES.txt'
[6.842s] running build
[6.842s] running build_py
[6.845s] running install
[6.846s] /usr/lib/python3/dist-packages/setuptools/command/install.py:34: SetuptoolsDeprecationWarning: setup.py install is deprecated. Use build and pip and other standards-based tools.
[6.846s]   warnings.warn(
[6.847s] running install_lib
[6.853s] running install_data
[6.856s] running install_egg_info
[6.863s] removing '/home/Isaac/ros2_ws/install/sample_package/lib/python3.10/site-packages/sample_package-0.0.0-py3.10.egg-info' (and everything under it)
[6.865s] Copying ../../build/sample_package/sample_package.egg-info to /home/Isaac/ros2_ws/install/sample_package/lib/python3.10/site-packages/sample_package-0.0.0-py3.10.egg-info
[6.870s] running install_scripts
[6.958s] Installing fan_sub script to /home/Isaac/ros2_ws/install/sample_package/lib/sample_package
[6.959s] Installing process script to /home/Isaac/ros2_ws/install/sample_package/lib/sample_package
[6.960s] Installing senpub script to /home/Isaac/ros2_ws/install/sample_package/lib/sample_package
[6.961s] Installing talk script to /home/Isaac/ros2_ws/install/sample_package/lib/sample_package
[6.963s] writing list of installed files to '/home/Isaac/ros2_ws/build/sample_package/install.log'
[7.108s] Invoked command in '/home/Isaac/ros2_ws/src/sample_package' returned '0': PYTHONPATH=/home/Isaac/ros2_ws/build/sample_package/prefix_override:/home/Isaac/ros2_ws/install/sample_package/lib/python3.10/site-packages:${PYTHONPATH} /usr/bin/python3 setup.py egg_info --egg-base ../../build/sample_package build --build-base /home/Isaac/ros2_ws/build/sample_package/build install --record /home/Isaac/ros2_ws/build/sample_package/install.log --single-version-externally-managed
