[6.667s] Invoking command in '/home/Isaac/ros2_ws/src/autonomous_exploration': PYTHONPATH=/home/Isaac/ros2_ws/build/autonomous_exploration/prefix_override:/home/Isaac/ros2_ws/install/autonomous_exploration/lib/python3.10/site-packages:${PYTHONPATH} /usr/bin/python3 setup.py egg_info --egg-base ../../build/autonomous_exploration build --build-base /home/Isaac/ros2_ws/build/autonomous_exploration/build install --record /home/Isaac/ros2_ws/build/autonomous_exploration/install.log --single-version-externally-managed
[8.580s] running egg_info
[8.592s] creating ../../build/autonomous_exploration/autonomous_exploration.egg-info
[8.594s] writing ../../build/autonomous_exploration/autonomous_exploration.egg-info/PKG-INFO
[8.597s] writing dependency_links to ../../build/autonomous_exploration/autonomous_exploration.egg-info/dependency_links.txt
[8.598s] writing entry points to ../../build/autonomous_exploration/autonomous_exploration.egg-info/entry_points.txt
[8.601s] writing requirements to ../../build/autonomous_exploration/autonomous_exploration.egg-info/requires.txt
[8.603s] writing top-level names to ../../build/autonomous_exploration/autonomous_exploration.egg-info/top_level.txt
[8.606s] writing manifest file '../../build/autonomous_exploration/autonomous_exploration.egg-info/SOURCES.txt'
[8.617s] reading manifest file '../../build/autonomous_exploration/autonomous_exploration.egg-info/SOURCES.txt'
[8.623s] writing manifest file '../../build/autonomous_exploration/autonomous_exploration.egg-info/SOURCES.txt'
[8.625s] running build
[8.626s] running build_py
[8.628s] creating /home/Isaac/ros2_ws/build/autonomous_exploration/build
[8.630s] creating /home/Isaac/ros2_ws/build/autonomous_exploration/build/lib
[8.631s] creating /home/Isaac/ros2_ws/build/autonomous_exploration/build/lib/autonomous_exploration
[8.633s] copying autonomous_exploration/control.py -> /home/Isaac/ros2_ws/build/autonomous_exploration/build/lib/autonomous_exploration
[8.635s] copying autonomous_exploration/__init__.py -> /home/Isaac/ros2_ws/build/autonomous_exploration/build/lib/autonomous_exploration
[8.637s] running install
[8.640s] /usr/lib/python3/dist-packages/setuptools/command/install.py:34: SetuptoolsDeprecationWarning: setup.py install is deprecated. Use build and pip and other standards-based tools.
[8.641s]   warnings.warn(
[8.645s] running install_lib
[8.657s] creating /home/Isaac/ros2_ws/install/autonomous_exploration/lib/python3.10/site-packages/autonomous_exploration
[8.659s] copying /home/Isaac/ros2_ws/build/autonomous_exploration/build/lib/autonomous_exploration/control.py -> /home/Isaac/ros2_ws/install/autonomous_exploration/lib/python3.10/site-packages/autonomous_exploration
[8.662s] copying /home/Isaac/ros2_ws/build/autonomous_exploration/build/lib/autonomous_exploration/__init__.py -> /home/Isaac/ros2_ws/install/autonomous_exploration/lib/python3.10/site-packages/autonomous_exploration
[8.667s] byte-compiling /home/Isaac/ros2_ws/install/autonomous_exploration/lib/python3.10/site-packages/autonomous_exploration/control.py to control.cpython-310.pyc
[8.706s] byte-compiling /home/Isaac/ros2_ws/install/autonomous_exploration/lib/python3.10/site-packages/autonomous_exploration/__init__.py to __init__.cpython-310.pyc
[8.716s] running install_data
[8.722s] creating /home/Isaac/ros2_ws/install/autonomous_exploration/share/ament_index
[8.724s] creating /home/Isaac/ros2_ws/install/autonomous_exploration/share/ament_index/resource_index
[8.728s] creating /home/Isaac/ros2_ws/install/autonomous_exploration/share/ament_index/resource_index/packages
[8.729s] copying resource/autonomous_exploration -> /home/Isaac/ros2_ws/install/autonomous_exploration/share/ament_index/resource_index/packages
[8.733s] copying package.xml -> /home/Isaac/ros2_ws/install/autonomous_exploration/share/autonomous_exploration
[8.736s] running install_egg_info
[8.749s] Copying ../../build/autonomous_exploration/autonomous_exploration.egg-info to /home/Isaac/ros2_ws/install/autonomous_exploration/lib/python3.10/site-packages/autonomous_exploration-0.0.0-py3.10.egg-info
[8.766s] running install_scripts
[8.933s] Installing control script to /home/Isaac/ros2_ws/install/autonomous_exploration/lib/autonomous_exploration
[8.937s] writing list of installed files to '/home/Isaac/ros2_ws/build/autonomous_exploration/install.log'
[9.202s] Invoked command in '/home/Isaac/ros2_ws/src/autonomous_exploration' returned '0': PYTHONPATH=/home/Isaac/ros2_ws/build/autonomous_exploration/prefix_override:/home/Isaac/ros2_ws/install/autonomous_exploration/lib/python3.10/site-packages:${PYTHONPATH} /usr/bin/python3 setup.py egg_info --egg-base ../../build/autonomous_exploration build --build-base /home/Isaac/ros2_ws/build/autonomous_exploration/build install --record /home/Isaac/ros2_ws/build/autonomous_exploration/install.log --single-version-externally-managed
