[3.703s] Invoking command in '/home/tony_stark/ros2_ws/src/sample_package': PYTHONPATH=/home/tony_stark/ros2_ws/build/sample_package/prefix_override:/home/tony_stark/ros2_ws/install/sample_package/lib/python3.10/site-packages:${PYTHONPATH} /usr/bin/python3 setup.py egg_info --egg-base ../../build/sample_package build --build-base /home/tony_stark/ros2_ws/build/sample_package/build install --record /home/tony_stark/ros2_ws/build/sample_package/install.log --single-version-externally-managed
[4.676s] running egg_info
[4.678s] writing ../../build/sample_package/sample_package.egg-info/PKG-INFO
[4.679s] writing dependency_links to ../../build/sample_package/sample_package.egg-info/dependency_links.txt
[4.679s] writing entry points to ../../build/sample_package/sample_package.egg-info/entry_points.txt
[4.680s] writing requirements to ../../build/sample_package/sample_package.egg-info/requires.txt
[4.680s] writing top-level names to ../../build/sample_package/sample_package.egg-info/top_level.txt
[4.690s] reading manifest file '../../build/sample_package/sample_package.egg-info/SOURCES.txt'
[4.691s] writing manifest file '../../build/sample_package/sample_package.egg-info/SOURCES.txt'
[4.691s] running build
[4.691s] running build_py
[4.692s] running install
[4.694s] running install_lib
[4.699s] running install_data
[4.701s] running install_egg_info
[4.707s] removing '/home/tony_stark/ros2_ws/install/sample_package/lib/python3.10/site-packages/sample_package-0.0.0-py3.10.egg-info' (and everything under it)
[4.708s] Copying ../../build/sample_package/sample_package.egg-info to /home/tony_stark/ros2_ws/install/sample_package/lib/python3.10/site-packages/sample_package-0.0.0-py3.10.egg-info
[4.710s] running install_scripts
[4.769s] Installing fan_sub script to /home/tony_stark/ros2_ws/install/sample_package/lib/sample_package
[4.769s] Installing process script to /home/tony_stark/ros2_ws/install/sample_package/lib/sample_package
[4.770s] Installing senpub script to /home/tony_stark/ros2_ws/install/sample_package/lib/sample_package
[4.770s] Installing talk script to /home/tony_stark/ros2_ws/install/sample_package/lib/sample_package
[4.771s] writing list of installed files to '/home/tony_stark/ros2_ws/build/sample_package/install.log'
[4.868s] Invoked command in '/home/tony_stark/ros2_ws/src/sample_package' returned '0': PYTHONPATH=/home/tony_stark/ros2_ws/build/sample_package/prefix_override:/home/tony_stark/ros2_ws/install/sample_package/lib/python3.10/site-packages:${PYTHONPATH} /usr/bin/python3 setup.py egg_info --egg-base ../../build/sample_package build --build-base /home/tony_stark/ros2_ws/build/sample_package/build install --record /home/tony_stark/ros2_ws/build/sample_package/install.log --single-version-externally-managed
