[0.070s] Invoking command in '/home/Isaac/ros2_ws/build/serial': CMAKE_PREFIX_PATH=${CMAKE_PREFIX_PATH}:/home/Isaac/ros2_ws/install/serial_motor_demo:/home/Isaac/ros2_ws/install/sample_package:/home/Isaac/ros2_ws/install/msgs:/home/Isaac/ros2_ws/install/autonomous_exploration:/opt/ros/humble /usr/bin/cmake --build /home/Isaac/ros2_ws/build/serial -- -j4 -l4
[0.481s] [ 14%] Built target gtest_main
[0.508s] [ 42%] Built target serial
[0.534s] [ 57%] Built target gtest
[0.721s] [ 71%] Built target serial_example
[0.804s] [ 85%] Built target serial-test-timer
[0.868s] [100%] Built target serial-test
[0.971s] Invoked command in '/home/Isaac/ros2_ws/build/serial' returned '0': CMAKE_PREFIX_PATH=${CMAKE_PREFIX_PATH}:/home/Isaac/ros2_ws/install/serial_motor_demo:/home/Isaac/ros2_ws/install/sample_package:/home/Isaac/ros2_ws/install/msgs:/home/Isaac/ros2_ws/install/autonomous_exploration:/opt/ros/humble /usr/bin/cmake --build /home/Isaac/ros2_ws/build/serial -- -j4 -l4
[1.295s] Invoking command in '/home/Isaac/ros2_ws/build/serial': CMAKE_PREFIX_PATH=${CMAKE_PREFIX_PATH}:/home/Isaac/ros2_ws/install/serial_motor_demo:/home/Isaac/ros2_ws/install/sample_package:/home/Isaac/ros2_ws/install/msgs:/home/Isaac/ros2_ws/install/autonomous_exploration:/opt/ros/humble /usr/bin/cmake --install /home/Isaac/ros2_ws/build/serial
[2.744s] -- Install configuration: ""
[2.746s] -- Up-to-date: /home/Isaac/ros2_ws/install/serial/lib/libserial.a
[2.749s] -- Up-to-date: /home/Isaac/ros2_ws/install/serial/include/serial/serial.h
[2.752s] -- Up-to-date: /home/Isaac/ros2_ws/install/serial/include/serial/v8stdint.h
[2.768s] -- Up-to-date: /home/Isaac/ros2_ws/install/serial/share/serial/environment/library_path.sh
[2.769s] -- Up-to-date: /home/Isaac/ros2_ws/install/serial/share/serial/environment/library_path.dsv
[2.770s] -- Up-to-date: /home/Isaac/ros2_ws/install/serial/share/ament_index/resource_index/package_run_dependencies/serial
[2.770s] -- Up-to-date: /home/Isaac/ros2_ws/install/serial/share/ament_index/resource_index/parent_prefix_path/serial
[2.771s] -- Up-to-date: /home/Isaac/ros2_ws/install/serial/share/serial/environment/ament_prefix_path.sh
[2.772s] -- Up-to-date: /home/Isaac/ros2_ws/install/serial/share/serial/environment/ament_prefix_path.dsv
[2.773s] -- Up-to-date: /home/Isaac/ros2_ws/install/serial/share/serial/environment/path.sh
[2.774s] -- Up-to-date: /home/Isaac/ros2_ws/install/serial/share/serial/environment/path.dsv
[2.775s] -- Up-to-date: /home/Isaac/ros2_ws/install/serial/share/serial/local_setup.bash
[2.776s] -- Up-to-date: /home/Isaac/ros2_ws/install/serial/share/serial/local_setup.sh
[2.777s] -- Up-to-date: /home/Isaac/ros2_ws/install/serial/share/serial/local_setup.zsh
[2.778s] -- Up-to-date: /home/Isaac/ros2_ws/install/serial/share/serial/local_setup.dsv
[2.779s] -- Installing: /home/Isaac/ros2_ws/install/serial/share/serial/package.dsv
[2.780s] -- Up-to-date: /home/Isaac/ros2_ws/install/serial/share/ament_index/resource_index/packages/serial
[2.781s] -- Up-to-date: /home/Isaac/ros2_ws/install/serial/share/serial/cmake/ament_cmake_export_include_directories-extras.cmake
[2.782s] -- Up-to-date: /home/Isaac/ros2_ws/install/serial/share/serial/cmake/ament_cmake_export_libraries-extras.cmake
[2.783s] -- Up-to-date: /home/Isaac/ros2_ws/install/serial/share/serial/cmake/serialConfig.cmake
[2.785s] -- Up-to-date: /home/Isaac/ros2_ws/install/serial/share/serial/cmake/serialConfig-version.cmake
[2.787s] -- Up-to-date: /home/Isaac/ros2_ws/install/serial/share/serial/package.xml
[2.789s] Invoked command in '/home/Isaac/ros2_ws/build/serial' returned '0': CMAKE_PREFIX_PATH=${CMAKE_PREFIX_PATH}:/home/Isaac/ros2_ws/install/serial_motor_demo:/home/Isaac/ros2_ws/install/sample_package:/home/Isaac/ros2_ws/install/msgs:/home/Isaac/ros2_ws/install/autonomous_exploration:/opt/ros/humble /usr/bin/cmake --install /home/Isaac/ros2_ws/build/serial
