[2.523s] Invoking command in '/home/tony_stark/ros2_ws/src/navigation_module': PYTHONPATH=/home/tony_stark/ros2_ws/build/navigation_module/prefix_override:/home/tony_stark/ros2_ws/install/navigation_module/lib/python3.10/site-packages:${PYTHONPATH} /usr/bin/python3 setup.py egg_info --egg-base ../../build/navigation_module build --build-base /home/tony_stark/ros2_ws/build/navigation_module/build install --record /home/tony_stark/ros2_ws/build/navigation_module/install.log --single-version-externally-managed
[3.143s] running egg_info
[3.188s] writing ../../build/navigation_module/navigation_module.egg-info/PKG-INFO
[3.190s] writing dependency_links to ../../build/navigation_module/navigation_module.egg-info/dependency_links.txt
[3.191s] writing requirements to ../../build/navigation_module/navigation_module.egg-info/requires.txt
[3.192s] writing top-level names to ../../build/navigation_module/navigation_module.egg-info/top_level.txt
[3.260s] reading manifest file '../../build/navigation_module/navigation_module.egg-info/SOURCES.txt'
[3.264s] writing manifest file '../../build/navigation_module/navigation_module.egg-info/SOURCES.txt'
[3.265s] running build
[3.265s] running build_py
[3.267s] running install
[3.268s] /home/tony_stark/.local/lib/python3.10/site-packages/setuptools/_distutils/cmd.py:66: SetuptoolsDeprecationWarning: setup.py install is deprecated.
[3.268s] !!
[3.268s] 
[3.268s]         ********************************************************************************
[3.269s]         Please avoid running ``setup.py`` directly.
[3.269s]         Instead, use pypa/build, pypa/installer, pypa/build or
[3.269s]         other standards-based tools.
[3.269s] 
[3.269s]         See https://blog.ganssle.io/articles/2021/10/setup-py-deprecated.html for details.
[3.269s]         ********************************************************************************
[3.269s] 
[3.270s] !!
[3.270s]   self.initialize_options()
[3.281s] running install_lib
[3.317s] running install_data
[3.357s] copying launch/gazebo_fanlaunch.launch.py -> /home/tony_stark/ros2_ws/install/navigation_module/share/navigation_module
[3.386s] running install_egg_info
[3.421s] removing '/home/tony_stark/ros2_ws/install/navigation_module/lib/python3.10/site-packages/navigation_module-0.0.0-py3.10.egg-info' (and everything under it)
[3.422s] Copying ../../build/navigation_module/navigation_module.egg-info to /home/tony_stark/ros2_ws/install/navigation_module/lib/python3.10/site-packages/navigation_module-0.0.0-py3.10.egg-info
[3.446s] running install_scripts
[3.867s] writing list of installed files to '/home/tony_stark/ros2_ws/build/navigation_module/install.log'
[3.962s] Invoked command in '/home/tony_stark/ros2_ws/src/navigation_module' returned '0': PYTHONPATH=/home/tony_stark/ros2_ws/build/navigation_module/prefix_override:/home/tony_stark/ros2_ws/install/navigation_module/lib/python3.10/site-packages:${PYTHONPATH} /usr/bin/python3 setup.py egg_info --egg-base ../../build/navigation_module build --build-base /home/tony_stark/ros2_ws/build/navigation_module/build install --record /home/tony_stark/ros2_ws/build/navigation_module/install.log --single-version-externally-managed
