[7.573s] DEBUG:colcon:Command line arguments: ['/usr/bin/colcon', 'build']
[7.573s] DEBUG:colcon:Parsed command line arguments: Namespace(log_base=None, log_level=None, verb_name='build', build_base='build', install_base='install', merge_install=False, symlink_install=False, test_result_base=None, continue_on_error=False, executor='parallel', parallel_workers=2, event_handlers=None, ignore_user_meta=False, metas=['./colcon.meta'], base_paths=['.'], packages_ignore=None, packages_ignore_regex=None, paths=None, packages_up_to=None, packages_up_to_regex=None, packages_above=None, packages_above_and_dependencies=None, packages_above_depth=None, packages_select_by_dep=None, packages_skip_by_dep=None, packages_skip_up_to=None, packages_select_build_failed=False, packages_skip_build_finished=False, packages_select_test_failures=False, packages_skip_test_passed=False, packages_select=None, packages_skip=None, packages_select_regex=None, packages_skip_regex=None, packages_start=None, packages_end=None, allow_overriding=[], cmake_args=None, cmake_target=None, cmake_target_skip_unavailable=False, cmake_clean_cache=False, cmake_clean_first=False, cmake_force_configure=False, ament_cmake_args=None, catkin_cmake_args=None, catkin_skip_building_tests=False, verb_parser=<colcon_defaults.argument_parser.defaults.DefaultArgumentsDecorator object at 0x7f95958d1960>, verb_extension=<colcon_core.verb.build.BuildVerb object at 0x7f95958d13f0>, main=<bound method BuildVerb.main of <colcon_core.verb.build.BuildVerb object at 0x7f95958d13f0>>)
[8.619s] Level 1:colcon.colcon_core.package_discovery:discover_packages(colcon_meta) check parameters
[8.619s] Level 1:colcon.colcon_core.package_discovery:discover_packages(recursive) check parameters
[8.619s] Level 1:colcon.colcon_core.package_discovery:discover_packages(ignore) check parameters
[8.619s] Level 1:colcon.colcon_core.package_discovery:discover_packages(path) check parameters
[8.619s] Level 1:colcon.colcon_core.package_discovery:discover_packages(colcon_meta) discover
[8.619s] Level 1:colcon.colcon_core.package_discovery:discover_packages(recursive) discover
[8.620s] INFO:colcon.colcon_core.package_discovery:Crawling recursively for packages in '/home/tony_stark/ros2_ws'
[8.620s] Level 1:colcon.colcon_core.package_identification:_identify(.) by extensions ['ignore', 'ignore_ament_install']
[8.620s] Level 1:colcon.colcon_core.package_identification:_identify(.) by extension 'ignore'
[8.620s] Level 1:colcon.colcon_core.package_identification:_identify(.) by extension 'ignore_ament_install'
[8.620s] Level 1:colcon.colcon_core.package_identification:_identify(.) by extensions ['colcon_pkg']
[8.620s] Level 1:colcon.colcon_core.package_identification:_identify(.) by extension 'colcon_pkg'
[8.620s] Level 1:colcon.colcon_core.package_identification:_identify(.) by extensions ['colcon_meta']
[8.620s] Level 1:colcon.colcon_core.package_identification:_identify(.) by extension 'colcon_meta'
[8.620s] Level 1:colcon.colcon_core.package_identification:_identify(.) by extensions ['ros']
[8.620s] Level 1:colcon.colcon_core.package_identification:_identify(.) by extension 'ros'
[8.906s] Level 1:colcon.colcon_core.package_identification:_identify(.) by extensions ['cmake', 'python']
[8.906s] Level 1:colcon.colcon_core.package_identification:_identify(.) by extension 'cmake'
[8.907s] Level 1:colcon.colcon_core.package_identification:_identify(.) by extension 'python'
[8.907s] Level 1:colcon.colcon_core.package_identification:_identify(.) by extensions ['python_setup_py']
[8.907s] Level 1:colcon.colcon_core.package_identification:_identify(.) by extension 'python_setup_py'
[8.907s] Level 1:colcon.colcon_core.package_identification:_identify(build) by extensions ['ignore', 'ignore_ament_install']
[8.908s] Level 1:colcon.colcon_core.package_identification:_identify(build) by extension 'ignore'
[8.908s] Level 1:colcon.colcon_core.package_identification:_identify(build) ignored
[8.909s] Level 1:colcon.colcon_core.package_identification:_identify(install) by extensions ['ignore', 'ignore_ament_install']
[8.909s] Level 1:colcon.colcon_core.package_identification:_identify(install) by extension 'ignore'
[8.909s] Level 1:colcon.colcon_core.package_identification:_identify(install) ignored
[8.910s] Level 1:colcon.colcon_core.package_identification:_identify(log) by extensions ['ignore', 'ignore_ament_install']
[8.910s] Level 1:colcon.colcon_core.package_identification:_identify(log) by extension 'ignore'
[8.910s] Level 1:colcon.colcon_core.package_identification:_identify(log) ignored
[8.911s] Level 1:colcon.colcon_core.package_identification:_identify(models) by extensions ['ignore', 'ignore_ament_install']
[8.911s] Level 1:colcon.colcon_core.package_identification:_identify(models) by extension 'ignore'
[8.911s] Level 1:colcon.colcon_core.package_identification:_identify(models) by extension 'ignore_ament_install'
[8.912s] Level 1:colcon.colcon_core.package_identification:_identify(models) by extensions ['colcon_pkg']
[8.912s] Level 1:colcon.colcon_core.package_identification:_identify(models) by extension 'colcon_pkg'
[8.912s] Level 1:colcon.colcon_core.package_identification:_identify(models) by extensions ['colcon_meta']
[8.912s] Level 1:colcon.colcon_core.package_identification:_identify(models) by extension 'colcon_meta'
[8.912s] Level 1:colcon.colcon_core.package_identification:_identify(models) by extensions ['ros']
[8.912s] Level 1:colcon.colcon_core.package_identification:_identify(models) by extension 'ros'
[8.913s] Level 1:colcon.colcon_core.package_identification:_identify(models) by extensions ['cmake', 'python']
[8.913s] Level 1:colcon.colcon_core.package_identification:_identify(models) by extension 'cmake'
[8.913s] Level 1:colcon.colcon_core.package_identification:_identify(models) by extension 'python'
[8.913s] Level 1:colcon.colcon_core.package_identification:_identify(models) by extensions ['python_setup_py']
[8.913s] Level 1:colcon.colcon_core.package_identification:_identify(models) by extension 'python_setup_py'
[8.914s] Level 1:colcon.colcon_core.package_identification:_identify(src) by extensions ['ignore', 'ignore_ament_install']
[8.914s] Level 1:colcon.colcon_core.package_identification:_identify(src) by extension 'ignore'
[8.914s] Level 1:colcon.colcon_core.package_identification:_identify(src) by extension 'ignore_ament_install'
[8.915s] Level 1:colcon.colcon_core.package_identification:_identify(src) by extensions ['colcon_pkg']
[8.915s] Level 1:colcon.colcon_core.package_identification:_identify(src) by extension 'colcon_pkg'
[8.915s] Level 1:colcon.colcon_core.package_identification:_identify(src) by extensions ['colcon_meta']
[8.915s] Level 1:colcon.colcon_core.package_identification:_identify(src) by extension 'colcon_meta'
[8.915s] Level 1:colcon.colcon_core.package_identification:_identify(src) by extensions ['ros']
[8.916s] Level 1:colcon.colcon_core.package_identification:_identify(src) by extension 'ros'
[8.916s] Level 1:colcon.colcon_core.package_identification:_identify(src) by extensions ['cmake', 'python']
[8.916s] Level 1:colcon.colcon_core.package_identification:_identify(src) by extension 'cmake'
[8.916s] Level 1:colcon.colcon_core.package_identification:_identify(src) by extension 'python'
[8.916s] Level 1:colcon.colcon_core.package_identification:_identify(src) by extensions ['python_setup_py']
[8.917s] Level 1:colcon.colcon_core.package_identification:_identify(src) by extension 'python_setup_py'
[8.917s] Level 1:colcon.colcon_core.package_identification:_identify(src/fan_simulation) by extensions ['ignore', 'ignore_ament_install']
[8.917s] Level 1:colcon.colcon_core.package_identification:_identify(src/fan_simulation) by extension 'ignore'
[8.918s] Level 1:colcon.colcon_core.package_identification:_identify(src/fan_simulation) by extension 'ignore_ament_install'
[8.918s] Level 1:colcon.colcon_core.package_identification:_identify(src/fan_simulation) by extensions ['colcon_pkg']
[8.918s] Level 1:colcon.colcon_core.package_identification:_identify(src/fan_simulation) by extension 'colcon_pkg'
[8.918s] Level 1:colcon.colcon_core.package_identification:_identify(src/fan_simulation) by extensions ['colcon_meta']
[8.918s] Level 1:colcon.colcon_core.package_identification:_identify(src/fan_simulation) by extension 'colcon_meta'
[8.919s] Level 1:colcon.colcon_core.package_identification:_identify(src/fan_simulation) by extensions ['ros']
[8.919s] Level 1:colcon.colcon_core.package_identification:_identify(src/fan_simulation) by extension 'ros'
[8.975s] DEBUG:colcon.colcon_core.package_identification:Package 'src/fan_simulation' with type 'ros.ament_python' and name 'fan_simulation'
[8.975s] Level 1:colcon.colcon_core.package_identification:_identify(src/msgs) by extensions ['ignore', 'ignore_ament_install']
[8.976s] Level 1:colcon.colcon_core.package_identification:_identify(src/msgs) by extension 'ignore'
[8.976s] Level 1:colcon.colcon_core.package_identification:_identify(src/msgs) by extension 'ignore_ament_install'
[8.976s] Level 1:colcon.colcon_core.package_identification:_identify(src/msgs) by extensions ['colcon_pkg']
[8.976s] Level 1:colcon.colcon_core.package_identification:_identify(src/msgs) by extension 'colcon_pkg'
[8.977s] Level 1:colcon.colcon_core.package_identification:_identify(src/msgs) by extensions ['colcon_meta']
[8.977s] Level 1:colcon.colcon_core.package_identification:_identify(src/msgs) by extension 'colcon_meta'
[8.977s] Level 1:colcon.colcon_core.package_identification:_identify(src/msgs) by extensions ['ros']
[8.977s] Level 1:colcon.colcon_core.package_identification:_identify(src/msgs) by extension 'ros'
[9.024s] DEBUG:colcon.colcon_core.package_identification:Package 'src/msgs' with type 'ros.ament_python' and name 'msgs'
[9.025s] Level 1:colcon.colcon_core.package_identification:_identify(src/sample_package) by extensions ['ignore', 'ignore_ament_install']
[9.025s] Level 1:colcon.colcon_core.package_identification:_identify(src/sample_package) by extension 'ignore'
[9.026s] Level 1:colcon.colcon_core.package_identification:_identify(src/sample_package) by extension 'ignore_ament_install'
[9.026s] Level 1:colcon.colcon_core.package_identification:_identify(src/sample_package) by extensions ['colcon_pkg']
[9.026s] Level 1:colcon.colcon_core.package_identification:_identify(src/sample_package) by extension 'colcon_pkg'
[9.026s] Level 1:colcon.colcon_core.package_identification:_identify(src/sample_package) by extensions ['colcon_meta']
[9.026s] Level 1:colcon.colcon_core.package_identification:_identify(src/sample_package) by extension 'colcon_meta'
[9.027s] Level 1:colcon.colcon_core.package_identification:_identify(src/sample_package) by extensions ['ros']
[9.027s] Level 1:colcon.colcon_core.package_identification:_identify(src/sample_package) by extension 'ros'
[9.082s] DEBUG:colcon.colcon_core.package_identification:Package 'src/sample_package' with type 'ros.ament_python' and name 'sample_package'
[9.082s] Level 1:colcon.colcon_core.package_discovery:discover_packages(recursive) using defaults
[9.082s] Level 1:colcon.colcon_core.package_discovery:discover_packages(ignore) discover
[9.082s] Level 1:colcon.colcon_core.package_discovery:discover_packages(ignore) using defaults
[9.082s] Level 1:colcon.colcon_core.package_discovery:discover_packages(path) discover
[9.082s] Level 1:colcon.colcon_core.package_discovery:discover_packages(path) using defaults
[10.148s] Level 1:colcon.colcon_core.package_discovery:discover_packages(prefix_path) check parameters
[10.148s] Level 1:colcon.colcon_core.package_discovery:discover_packages(prefix_path) discover
[10.226s] DEBUG:colcon.colcon_installed_package_information.package_discovery:Found 4 installed packages in /home/tony_stark/ros2_ws/install
[10.235s] DEBUG:colcon.colcon_installed_package_information.package_discovery:Found 321 installed packages in /opt/ros/humble
[10.245s] Level 1:colcon.colcon_core.package_discovery:discover_packages(prefix_path) using defaults
[10.531s] Level 5:colcon.colcon_core.verb:set package 'fan_simulation' build argument 'cmake_args' from command line to 'None'
[10.531s] Level 5:colcon.colcon_core.verb:set package 'fan_simulation' build argument 'cmake_target' from command line to 'None'
[10.531s] Level 5:colcon.colcon_core.verb:set package 'fan_simulation' build argument 'cmake_target_skip_unavailable' from command line to 'False'
[10.531s] Level 5:colcon.colcon_core.verb:set package 'fan_simulation' build argument 'cmake_clean_cache' from command line to 'False'
[10.531s] Level 5:colcon.colcon_core.verb:set package 'fan_simulation' build argument 'cmake_clean_first' from command line to 'False'
[10.531s] Level 5:colcon.colcon_core.verb:set package 'fan_simulation' build argument 'cmake_force_configure' from command line to 'False'
[10.531s] Level 5:colcon.colcon_core.verb:set package 'fan_simulation' build argument 'ament_cmake_args' from command line to 'None'
[10.531s] Level 5:colcon.colcon_core.verb:set package 'fan_simulation' build argument 'catkin_cmake_args' from command line to 'None'
[10.531s] Level 5:colcon.colcon_core.verb:set package 'fan_simulation' build argument 'catkin_skip_building_tests' from command line to 'False'
[10.532s] DEBUG:colcon.colcon_core.verb:Building package 'fan_simulation' with the following arguments: {'ament_cmake_args': None, 'build_base': '/home/tony_stark/ros2_ws/build/fan_simulation', 'catkin_cmake_args': None, 'catkin_skip_building_tests': False, 'cmake_args': None, 'cmake_clean_cache': False, 'cmake_clean_first': False, 'cmake_force_configure': False, 'cmake_target': None, 'cmake_target_skip_unavailable': False, 'install_base': '/home/tony_stark/ros2_ws/install/fan_simulation', 'merge_install': False, 'path': '/home/tony_stark/ros2_ws/src/fan_simulation', 'symlink_install': False, 'test_result_base': None}
[10.534s] Level 5:colcon.colcon_core.verb:set package 'msgs' build argument 'cmake_args' from command line to 'None'
[10.534s] Level 5:colcon.colcon_core.verb:set package 'msgs' build argument 'cmake_target' from command line to 'None'
[10.534s] Level 5:colcon.colcon_core.verb:set package 'msgs' build argument 'cmake_target_skip_unavailable' from command line to 'False'
[10.534s] Level 5:colcon.colcon_core.verb:set package 'msgs' build argument 'cmake_clean_cache' from command line to 'False'
[10.534s] Level 5:colcon.colcon_core.verb:set package 'msgs' build argument 'cmake_clean_first' from command line to 'False'
[10.534s] Level 5:colcon.colcon_core.verb:set package 'msgs' build argument 'cmake_force_configure' from command line to 'False'
[10.534s] Level 5:colcon.colcon_core.verb:set package 'msgs' build argument 'ament_cmake_args' from command line to 'None'
[10.534s] Level 5:colcon.colcon_core.verb:set package 'msgs' build argument 'catkin_cmake_args' from command line to 'None'
[10.534s] Level 5:colcon.colcon_core.verb:set package 'msgs' build argument 'catkin_skip_building_tests' from command line to 'False'
[10.534s] DEBUG:colcon.colcon_core.verb:Building package 'msgs' with the following arguments: {'ament_cmake_args': None, 'build_base': '/home/tony_stark/ros2_ws/build/msgs', 'catkin_cmake_args': None, 'catkin_skip_building_tests': False, 'cmake_args': None, 'cmake_clean_cache': False, 'cmake_clean_first': False, 'cmake_force_configure': False, 'cmake_target': None, 'cmake_target_skip_unavailable': False, 'install_base': '/home/tony_stark/ros2_ws/install/msgs', 'merge_install': False, 'path': '/home/tony_stark/ros2_ws/src/msgs', 'symlink_install': False, 'test_result_base': None}
[10.536s] Level 5:colcon.colcon_core.verb:set package 'sample_package' build argument 'cmake_args' from command line to 'None'
[10.536s] Level 5:colcon.colcon_core.verb:set package 'sample_package' build argument 'cmake_target' from command line to 'None'
[10.536s] Level 5:colcon.colcon_core.verb:set package 'sample_package' build argument 'cmake_target_skip_unavailable' from command line to 'False'
[10.536s] Level 5:colcon.colcon_core.verb:set package 'sample_package' build argument 'cmake_clean_cache' from command line to 'False'
[10.536s] Level 5:colcon.colcon_core.verb:set package 'sample_package' build argument 'cmake_clean_first' from command line to 'False'
[10.536s] Level 5:colcon.colcon_core.verb:set package 'sample_package' build argument 'cmake_force_configure' from command line to 'False'
[10.536s] Level 5:colcon.colcon_core.verb:set package 'sample_package' build argument 'ament_cmake_args' from command line to 'None'
[10.537s] Level 5:colcon.colcon_core.verb:set package 'sample_package' build argument 'catkin_cmake_args' from command line to 'None'
[10.537s] Level 5:colcon.colcon_core.verb:set package 'sample_package' build argument 'catkin_skip_building_tests' from command line to 'False'
[10.537s] DEBUG:colcon.colcon_core.verb:Building package 'sample_package' with the following arguments: {'ament_cmake_args': None, 'build_base': '/home/tony_stark/ros2_ws/build/sample_package', 'catkin_cmake_args': None, 'catkin_skip_building_tests': False, 'cmake_args': None, 'cmake_clean_cache': False, 'cmake_clean_first': False, 'cmake_force_configure': False, 'cmake_target': None, 'cmake_target_skip_unavailable': False, 'install_base': '/home/tony_stark/ros2_ws/install/sample_package', 'merge_install': False, 'path': '/home/tony_stark/ros2_ws/src/sample_package', 'symlink_install': False, 'test_result_base': None}
[10.538s] INFO:colcon.colcon_core.executor:Executing jobs using 'parallel' executor
[10.544s] DEBUG:colcon.colcon_parallel_executor.executor.parallel:run_until_complete
[10.544s] INFO:colcon.colcon_ros.task.ament_python.build:Building ROS package in '/home/tony_stark/ros2_ws/src/fan_simulation' with build type 'ament_python'
[10.544s] Level 1:colcon.colcon_core.shell:create_environment_hook('fan_simulation', 'ament_prefix_path')
[10.859s] INFO:colcon.colcon_core.plugin_system:Skipping extension 'colcon_core.shell.bat': Not used on non-Windows systems
[10.860s] INFO:colcon.colcon_core.shell:Creating environment hook '/home/tony_stark/ros2_ws/install/fan_simulation/share/fan_simulation/hook/ament_prefix_path.ps1'
[10.905s] INFO:colcon.colcon_core.shell:Creating environment descriptor '/home/tony_stark/ros2_ws/install/fan_simulation/share/fan_simulation/hook/ament_prefix_path.dsv'
[10.936s] INFO:colcon.colcon_core.shell:Creating environment hook '/home/tony_stark/ros2_ws/install/fan_simulation/share/fan_simulation/hook/ament_prefix_path.sh'
[10.945s] INFO:colcon.colcon_core.shell:Skip shell extension 'powershell' for command environment: Not usable outside of PowerShell
[10.946s] DEBUG:colcon.colcon_core.shell:Skip shell extension 'dsv' for command environment
[10.965s] INFO:colcon.colcon_ros.task.ament_python.build:Building ROS package in '/home/tony_stark/ros2_ws/src/msgs' with build type 'ament_python'
[10.966s] Level 1:colcon.colcon_core.shell:create_environment_hook('msgs', 'ament_prefix_path')
[10.970s] INFO:colcon.colcon_core.shell:Creating environment hook '/home/tony_stark/ros2_ws/install/msgs/share/msgs/hook/ament_prefix_path.ps1'
[11.020s] INFO:colcon.colcon_core.shell:Creating environment descriptor '/home/tony_stark/ros2_ws/install/msgs/share/msgs/hook/ament_prefix_path.dsv'
[11.021s] INFO:colcon.colcon_core.shell:Creating environment hook '/home/tony_stark/ros2_ws/install/msgs/share/msgs/hook/ament_prefix_path.sh'
[11.024s] INFO:colcon.colcon_core.shell:Skip shell extension 'powershell' for command environment: Not usable outside of PowerShell
[11.024s] DEBUG:colcon.colcon_core.shell:Skip shell extension 'dsv' for command environment
[11.786s] INFO:colcon.colcon_core.task.python.build:Building Python package in '/home/tony_stark/ros2_ws/src/fan_simulation'
[11.791s] INFO:colcon.colcon_core.shell:Skip shell extension 'powershell' for command environment: Not usable outside of PowerShell
[11.792s] DEBUG:colcon.colcon_core.shell:Skip shell extension 'dsv' for command environment
[12.394s] INFO:colcon.colcon_core.task.python.build:Building Python package in '/home/tony_stark/ros2_ws/src/msgs'
[12.397s] INFO:colcon.colcon_core.shell:Skip shell extension 'powershell' for command environment: Not usable outside of PowerShell
[12.397s] DEBUG:colcon.colcon_core.shell:Skip shell extension 'dsv' for command environment
[14.959s] DEBUG:colcon.colcon_core.event_handler.log_command:Invoking command in '/home/tony_stark/ros2_ws/src/fan_simulation': PYTHONPATH=/home/tony_stark/ros2_ws/build/fan_simulation/prefix_override:/home/tony_stark/ros2_ws/install/fan_simulation/lib/python3.10/site-packages:${PYTHONPATH} /usr/bin/python3 setup.py egg_info --egg-base ../../build/fan_simulation build --build-base /home/tony_stark/ros2_ws/build/fan_simulation/build install --record /home/tony_stark/ros2_ws/build/fan_simulation/install.log --single-version-externally-managed
[14.966s] DEBUG:colcon.colcon_core.event_handler.log_command:Invoking command in '/home/tony_stark/ros2_ws/src/msgs': PYTHONPATH=/home/tony_stark/ros2_ws/build/msgs/prefix_override:/home/tony_stark/ros2_ws/install/msgs/lib/python3.10/site-packages:${PYTHONPATH} /usr/bin/python3 setup.py egg_info --egg-base ../../build/msgs build --build-base /home/tony_stark/ros2_ws/build/msgs/build install --record /home/tony_stark/ros2_ws/build/msgs/install.log --single-version-externally-managed
[16.139s] DEBUG:colcon.colcon_core.event_handler.log_command:Invoked command in '/home/tony_stark/ros2_ws/src/fan_simulation' returned '0': PYTHONPATH=/home/tony_stark/ros2_ws/build/fan_simulation/prefix_override:/home/tony_stark/ros2_ws/install/fan_simulation/lib/python3.10/site-packages:${PYTHONPATH} /usr/bin/python3 setup.py egg_info --egg-base ../../build/fan_simulation build --build-base /home/tony_stark/ros2_ws/build/fan_simulation/build install --record /home/tony_stark/ros2_ws/build/fan_simulation/install.log --single-version-externally-managed
[18.490s] Level 1:colcon.colcon_core.environment:checking '/home/tony_stark/ros2_ws/install/fan_simulation' for CMake module files
[18.854s] Level 1:colcon.colcon_core.environment:checking '/home/tony_stark/ros2_ws/install/fan_simulation' for CMake config files
[18.883s] Level 1:colcon.colcon_core.environment:checking '/home/tony_stark/ros2_ws/install/fan_simulation/lib'
[18.884s] Level 1:colcon.colcon_core.environment:checking '/home/tony_stark/ros2_ws/install/fan_simulation/bin'
[18.884s] Level 1:colcon.colcon_core.environment:checking '/home/tony_stark/ros2_ws/install/fan_simulation/lib/pkgconfig/fan_simulation.pc'
[18.885s] Level 1:colcon.colcon_core.environment:checking '/home/tony_stark/ros2_ws/install/fan_simulation/lib/python3.10/site-packages'
[18.885s] Level 1:colcon.colcon_core.shell:create_environment_hook('fan_simulation', 'pythonpath')
[18.891s] INFO:colcon.colcon_core.shell:Creating environment hook '/home/tony_stark/ros2_ws/install/fan_simulation/share/fan_simulation/hook/pythonpath.ps1'
[18.893s] INFO:colcon.colcon_core.shell:Creating environment descriptor '/home/tony_stark/ros2_ws/install/fan_simulation/share/fan_simulation/hook/pythonpath.dsv'
[18.894s] INFO:colcon.colcon_core.shell:Creating environment hook '/home/tony_stark/ros2_ws/install/fan_simulation/share/fan_simulation/hook/pythonpath.sh'
[18.896s] Level 1:colcon.colcon_core.environment:checking '/home/tony_stark/ros2_ws/install/fan_simulation/bin'
[18.897s] Level 1:colcon.colcon_core.environment:create_environment_scripts_only(fan_simulation)
[18.902s] INFO:colcon.colcon_core.shell:Creating package script '/home/tony_stark/ros2_ws/install/fan_simulation/share/fan_simulation/package.ps1'
[18.962s] INFO:colcon.colcon_core.shell:Creating package descriptor '/home/tony_stark/ros2_ws/install/fan_simulation/share/fan_simulation/package.dsv'
[19.006s] INFO:colcon.colcon_core.shell:Creating package script '/home/tony_stark/ros2_ws/install/fan_simulation/share/fan_simulation/package.sh'
[19.009s] INFO:colcon.colcon_core.shell:Creating package script '/home/tony_stark/ros2_ws/install/fan_simulation/share/fan_simulation/package.bash'
[19.062s] INFO:colcon.colcon_core.shell:Creating package script '/home/tony_stark/ros2_ws/install/fan_simulation/share/fan_simulation/package.zsh'
[19.120s] Level 1:colcon.colcon_core.environment:create_file_with_runtime_dependencies(/home/tony_stark/ros2_ws/install/fan_simulation/share/colcon-core/packages/fan_simulation)
[19.124s] INFO:colcon.colcon_ros.task.ament_python.build:Building ROS package in '/home/tony_stark/ros2_ws/src/sample_package' with build type 'ament_python'
[19.125s] Level 1:colcon.colcon_core.shell:create_environment_hook('sample_package', 'ament_prefix_path')
[19.131s] INFO:colcon.colcon_core.shell:Creating environment hook '/home/tony_stark/ros2_ws/install/sample_package/share/sample_package/hook/ament_prefix_path.ps1'
[19.439s] INFO:colcon.colcon_core.shell:Creating environment descriptor '/home/tony_stark/ros2_ws/install/sample_package/share/sample_package/hook/ament_prefix_path.dsv'
[19.441s] INFO:colcon.colcon_core.shell:Creating environment hook '/home/tony_stark/ros2_ws/install/sample_package/share/sample_package/hook/ament_prefix_path.sh'
[19.449s] INFO:colcon.colcon_core.shell:Skip shell extension 'powershell' for command environment: Not usable outside of PowerShell
[19.450s] DEBUG:colcon.colcon_core.shell:Skip shell extension 'dsv' for command environment
[19.476s] Level 1:colcon.colcon_core.environment:checking '/home/tony_stark/ros2_ws/install/msgs' for CMake module files
[19.477s] DEBUG:colcon.colcon_core.event_handler.log_command:Invoked command in '/home/tony_stark/ros2_ws/src/msgs' returned '0': PYTHONPATH=/home/tony_stark/ros2_ws/build/msgs/prefix_override:/home/tony_stark/ros2_ws/install/msgs/lib/python3.10/site-packages:${PYTHONPATH} /usr/bin/python3 setup.py egg_info --egg-base ../../build/msgs build --build-base /home/tony_stark/ros2_ws/build/msgs/build install --record /home/tony_stark/ros2_ws/build/msgs/install.log --single-version-externally-managed
[19.556s] Level 1:colcon.colcon_core.environment:checking '/home/tony_stark/ros2_ws/install/msgs' for CMake config files
[19.559s] Level 1:colcon.colcon_core.environment:checking '/home/tony_stark/ros2_ws/install/msgs/lib'
[19.560s] Level 1:colcon.colcon_core.environment:checking '/home/tony_stark/ros2_ws/install/msgs/bin'
[19.560s] Level 1:colcon.colcon_core.environment:checking '/home/tony_stark/ros2_ws/install/msgs/lib/pkgconfig/msgs.pc'
[19.561s] Level 1:colcon.colcon_core.environment:checking '/home/tony_stark/ros2_ws/install/msgs/lib/python3.10/site-packages'
[19.561s] Level 1:colcon.colcon_core.shell:create_environment_hook('msgs', 'pythonpath')
[19.567s] INFO:colcon.colcon_core.shell:Creating environment hook '/home/tony_stark/ros2_ws/install/msgs/share/msgs/hook/pythonpath.ps1'
[19.568s] INFO:colcon.colcon_core.shell:Creating environment descriptor '/home/tony_stark/ros2_ws/install/msgs/share/msgs/hook/pythonpath.dsv'
[19.569s] INFO:colcon.colcon_core.shell:Creating environment hook '/home/tony_stark/ros2_ws/install/msgs/share/msgs/hook/pythonpath.sh'
[19.571s] Level 1:colcon.colcon_core.environment:checking '/home/tony_stark/ros2_ws/install/msgs/bin'
[19.571s] Level 1:colcon.colcon_core.environment:create_environment_scripts_only(msgs)
[19.576s] INFO:colcon.colcon_core.shell:Creating package script '/home/tony_stark/ros2_ws/install/msgs/share/msgs/package.ps1'
[19.578s] INFO:colcon.colcon_core.shell:Creating package descriptor '/home/tony_stark/ros2_ws/install/msgs/share/msgs/package.dsv'
[19.579s] INFO:colcon.colcon_core.shell:Creating package script '/home/tony_stark/ros2_ws/install/msgs/share/msgs/package.sh'
[19.581s] INFO:colcon.colcon_core.shell:Creating package script '/home/tony_stark/ros2_ws/install/msgs/share/msgs/package.bash'
[19.582s] INFO:colcon.colcon_core.shell:Creating package script '/home/tony_stark/ros2_ws/install/msgs/share/msgs/package.zsh'
[19.583s] Level 1:colcon.colcon_core.environment:create_file_with_runtime_dependencies(/home/tony_stark/ros2_ws/install/msgs/share/colcon-core/packages/msgs)
[20.867s] INFO:colcon.colcon_core.task.python.build:Building Python package in '/home/tony_stark/ros2_ws/src/sample_package'
[20.870s] INFO:colcon.colcon_core.shell:Skip shell extension 'powershell' for command environment: Not usable outside of PowerShell
[20.870s] DEBUG:colcon.colcon_core.shell:Skip shell extension 'dsv' for command environment
[21.992s] DEBUG:colcon.colcon_core.event_handler.log_command:Invoking command in '/home/tony_stark/ros2_ws/src/sample_package': PYTHONPATH=/home/tony_stark/ros2_ws/build/sample_package/prefix_override:/home/tony_stark/ros2_ws/install/sample_package/lib/python3.10/site-packages:${PYTHONPATH} /usr/bin/python3 setup.py egg_info --egg-base ../../build/sample_package build --build-base /home/tony_stark/ros2_ws/build/sample_package/build install --record /home/tony_stark/ros2_ws/build/sample_package/install.log --single-version-externally-managed
[22.982s] Level 1:colcon.colcon_core.environment:checking '/home/tony_stark/ros2_ws/install/sample_package' for CMake module files
[22.983s] DEBUG:colcon.colcon_core.event_handler.log_command:Invoked command in '/home/tony_stark/ros2_ws/src/sample_package' returned '0': PYTHONPATH=/home/tony_stark/ros2_ws/build/sample_package/prefix_override:/home/tony_stark/ros2_ws/install/sample_package/lib/python3.10/site-packages:${PYTHONPATH} /usr/bin/python3 setup.py egg_info --egg-base ../../build/sample_package build --build-base /home/tony_stark/ros2_ws/build/sample_package/build install --record /home/tony_stark/ros2_ws/build/sample_package/install.log --single-version-externally-managed
[22.985s] Level 1:colcon.colcon_core.environment:checking '/home/tony_stark/ros2_ws/install/sample_package' for CMake config files
[22.988s] Level 1:colcon.colcon_core.environment:checking '/home/tony_stark/ros2_ws/install/sample_package/lib'
[22.989s] Level 1:colcon.colcon_core.environment:checking '/home/tony_stark/ros2_ws/install/sample_package/bin'
[22.991s] Level 1:colcon.colcon_core.environment:checking '/home/tony_stark/ros2_ws/install/sample_package/lib/pkgconfig/sample_package.pc'
[22.992s] Level 1:colcon.colcon_core.environment:checking '/home/tony_stark/ros2_ws/install/sample_package/lib/python3.10/site-packages'
[22.992s] Level 1:colcon.colcon_core.shell:create_environment_hook('sample_package', 'pythonpath')
[22.995s] INFO:colcon.colcon_core.shell:Creating environment hook '/home/tony_stark/ros2_ws/install/sample_package/share/sample_package/hook/pythonpath.ps1'
[22.997s] INFO:colcon.colcon_core.shell:Creating environment descriptor '/home/tony_stark/ros2_ws/install/sample_package/share/sample_package/hook/pythonpath.dsv'
[22.998s] INFO:colcon.colcon_core.shell:Creating environment hook '/home/tony_stark/ros2_ws/install/sample_package/share/sample_package/hook/pythonpath.sh'
[22.999s] Level 1:colcon.colcon_core.environment:checking '/home/tony_stark/ros2_ws/install/sample_package/bin'
[22.999s] Level 1:colcon.colcon_core.environment:create_environment_scripts_only(sample_package)
[23.002s] INFO:colcon.colcon_core.shell:Creating package script '/home/tony_stark/ros2_ws/install/sample_package/share/sample_package/package.ps1'
[23.003s] INFO:colcon.colcon_core.shell:Creating package descriptor '/home/tony_stark/ros2_ws/install/sample_package/share/sample_package/package.dsv'
[23.004s] INFO:colcon.colcon_core.shell:Creating package script '/home/tony_stark/ros2_ws/install/sample_package/share/sample_package/package.sh'
[23.005s] INFO:colcon.colcon_core.shell:Creating package script '/home/tony_stark/ros2_ws/install/sample_package/share/sample_package/package.bash'
[23.006s] INFO:colcon.colcon_core.shell:Creating package script '/home/tony_stark/ros2_ws/install/sample_package/share/sample_package/package.zsh'
[23.007s] Level 1:colcon.colcon_core.environment:create_file_with_runtime_dependencies(/home/tony_stark/ros2_ws/install/sample_package/share/colcon-core/packages/sample_package)
[23.008s] DEBUG:colcon.colcon_parallel_executor.executor.parallel:closing loop
[23.009s] DEBUG:colcon.colcon_parallel_executor.executor.parallel:loop closed
[23.009s] DEBUG:colcon.colcon_parallel_executor.executor.parallel:run_until_complete finished with '0'
[23.009s] DEBUG:colcon.colcon_core.event_reactor:joining thread
[23.279s] INFO:colcon.colcon_core.plugin_system:Skipping extension 'colcon_notification.desktop_notification.terminal_notifier': Not used on non-Darwin systems
[23.279s] INFO:colcon.colcon_core.plugin_system:Skipping extension 'colcon_notification.desktop_notification.win32': Not used on non-Windows systems
[23.279s] INFO:colcon.colcon_notification.desktop_notification:Sending desktop notification using 'notify2'
[23.936s] DEBUG:colcon.colcon_core.event_reactor:joined thread
[23.942s] INFO:colcon.colcon_core.shell:Creating prefix script '/home/tony_stark/ros2_ws/install/local_setup.ps1'
[23.996s] INFO:colcon.colcon_core.shell:Creating prefix util module '/home/tony_stark/ros2_ws/install/_local_setup_util_ps1.py'
[24.051s] INFO:colcon.colcon_core.shell:Creating prefix chain script '/home/tony_stark/ros2_ws/install/setup.ps1'
[24.055s] INFO:colcon.colcon_core.shell:Creating prefix script '/home/tony_stark/ros2_ws/install/local_setup.sh'
[24.060s] INFO:colcon.colcon_core.shell:Creating prefix util module '/home/tony_stark/ros2_ws/install/_local_setup_util_sh.py'
[24.062s] INFO:colcon.colcon_core.shell:Creating prefix chain script '/home/tony_stark/ros2_ws/install/setup.sh'
[24.066s] INFO:colcon.colcon_core.shell:Creating prefix script '/home/tony_stark/ros2_ws/install/local_setup.bash'
[24.083s] INFO:colcon.colcon_core.shell:Creating prefix chain script '/home/tony_stark/ros2_ws/install/setup.bash'
[24.088s] INFO:colcon.colcon_core.shell:Creating prefix script '/home/tony_stark/ros2_ws/install/local_setup.zsh'
[24.090s] INFO:colcon.colcon_core.shell:Creating prefix chain script '/home/tony_stark/ros2_ws/install/setup.zsh'
