[2.384s] DEBUG:colcon:Command line arguments: ['/usr/bin/colcon', 'build']
[2.385s] DEBUG:colcon:Parsed command line arguments: Namespace(log_base=None, log_level=None, verb_name='build', build_base='build', install_base='install', merge_install=False, symlink_install=False, test_result_base=None, continue_on_error=False, executor='parallel', parallel_workers=4, event_handlers=None, ignore_user_meta=False, metas=['./colcon.meta'], base_paths=['.'], packages_ignore=None, packages_ignore_regex=None, paths=None, packages_up_to=None, packages_up_to_regex=None, packages_above=None, packages_above_and_dependencies=None, packages_above_depth=None, packages_select_by_dep=None, packages_skip_by_dep=None, packages_skip_up_to=None, packages_select_build_failed=False, packages_skip_build_finished=False, packages_select_test_failures=False, packages_skip_test_passed=False, packages_select=None, packages_skip=None, packages_select_regex=None, packages_skip_regex=None, packages_start=None, packages_end=None, allow_overriding=[], cmake_args=None, cmake_target=None, cmake_target_skip_unavailable=False, cmake_clean_cache=False, cmake_clean_first=False, cmake_force_configure=False, ament_cmake_args=None, catkin_cmake_args=None, catkin_skip_building_tests=False, verb_parser=<colcon_defaults.argument_parser.defaults.DefaultArgumentsDecorator object at 0xffffb379e8c0>, verb_extension=<colcon_core.verb.build.BuildVerb object at 0xffffb401b9a0>, main=<bound method BuildVerb.main of <colcon_core.verb.build.BuildVerb object at 0xffffb401b9a0>>)
[2.606s] Level 1:colcon.colcon_core.package_discovery:discover_packages(colcon_meta) check parameters
[2.607s] Level 1:colcon.colcon_core.package_discovery:discover_packages(recursive) check parameters
[2.607s] Level 1:colcon.colcon_core.package_discovery:discover_packages(ignore) check parameters
[2.607s] Level 1:colcon.colcon_core.package_discovery:discover_packages(path) check parameters
[2.607s] Level 1:colcon.colcon_core.package_discovery:discover_packages(colcon_meta) discover
[2.608s] Level 1:colcon.colcon_core.package_discovery:discover_packages(recursive) discover
[2.608s] INFO:colcon.colcon_core.package_discovery:Crawling recursively for packages in '/home/Isaac/ros2_ws'
[2.608s] Level 1:colcon.colcon_core.package_identification:_identify(.) by extensions ['ignore', 'ignore_ament_install']
[2.609s] Level 1:colcon.colcon_core.package_identification:_identify(.) by extension 'ignore'
[2.609s] Level 1:colcon.colcon_core.package_identification:_identify(.) by extension 'ignore_ament_install'
[2.610s] Level 1:colcon.colcon_core.package_identification:_identify(.) by extensions ['colcon_pkg']
[2.610s] Level 1:colcon.colcon_core.package_identification:_identify(.) by extension 'colcon_pkg'
[2.610s] Level 1:colcon.colcon_core.package_identification:_identify(.) by extensions ['colcon_meta']
[2.610s] Level 1:colcon.colcon_core.package_identification:_identify(.) by extension 'colcon_meta'
[2.610s] Level 1:colcon.colcon_core.package_identification:_identify(.) by extensions ['ros']
[2.611s] Level 1:colcon.colcon_core.package_identification:_identify(.) by extension 'ros'
[2.687s] Level 1:colcon.colcon_core.package_identification:_identify(.) by extensions ['cmake', 'python']
[2.687s] Level 1:colcon.colcon_core.package_identification:_identify(.) by extension 'cmake'
[2.687s] Level 1:colcon.colcon_core.package_identification:_identify(.) by extension 'python'
[2.687s] Level 1:colcon.colcon_core.package_identification:_identify(.) by extensions ['python_setup_py']
[2.687s] Level 1:colcon.colcon_core.package_identification:_identify(.) by extension 'python_setup_py'
[2.688s] Level 1:colcon.colcon_core.package_identification:_identify(build) by extensions ['ignore', 'ignore_ament_install']
[2.688s] Level 1:colcon.colcon_core.package_identification:_identify(build) by extension 'ignore'
[2.688s] Level 1:colcon.colcon_core.package_identification:_identify(build) ignored
[2.689s] Level 1:colcon.colcon_core.package_identification:_identify(install) by extensions ['ignore', 'ignore_ament_install']
[2.689s] Level 1:colcon.colcon_core.package_identification:_identify(install) by extension 'ignore'
[2.690s] Level 1:colcon.colcon_core.package_identification:_identify(install) ignored
[2.699s] Level 1:colcon.colcon_core.package_identification:_identify(log) by extensions ['ignore', 'ignore_ament_install']
[2.700s] Level 1:colcon.colcon_core.package_identification:_identify(log) by extension 'ignore'
[2.700s] Level 1:colcon.colcon_core.package_identification:_identify(log) ignored
[2.701s] Level 1:colcon.colcon_core.package_identification:_identify(maps) by extensions ['ignore', 'ignore_ament_install']
[2.701s] Level 1:colcon.colcon_core.package_identification:_identify(maps) by extension 'ignore'
[2.702s] Level 1:colcon.colcon_core.package_identification:_identify(maps) by extension 'ignore_ament_install'
[2.702s] Level 1:colcon.colcon_core.package_identification:_identify(maps) by extensions ['colcon_pkg']
[2.702s] Level 1:colcon.colcon_core.package_identification:_identify(maps) by extension 'colcon_pkg'
[2.702s] Level 1:colcon.colcon_core.package_identification:_identify(maps) by extensions ['colcon_meta']
[2.702s] Level 1:colcon.colcon_core.package_identification:_identify(maps) by extension 'colcon_meta'
[2.703s] Level 1:colcon.colcon_core.package_identification:_identify(maps) by extensions ['ros']
[2.703s] Level 1:colcon.colcon_core.package_identification:_identify(maps) by extension 'ros'
[2.703s] Level 1:colcon.colcon_core.package_identification:_identify(maps) by extensions ['cmake', 'python']
[2.703s] Level 1:colcon.colcon_core.package_identification:_identify(maps) by extension 'cmake'
[2.703s] Level 1:colcon.colcon_core.package_identification:_identify(maps) by extension 'python'
[2.704s] Level 1:colcon.colcon_core.package_identification:_identify(maps) by extensions ['python_setup_py']
[2.704s] Level 1:colcon.colcon_core.package_identification:_identify(maps) by extension 'python_setup_py'
[2.705s] Level 1:colcon.colcon_core.package_identification:_identify(models) by extensions ['ignore', 'ignore_ament_install']
[2.705s] Level 1:colcon.colcon_core.package_identification:_identify(models) by extension 'ignore'
[2.705s] Level 1:colcon.colcon_core.package_identification:_identify(models) by extension 'ignore_ament_install'
[2.706s] Level 1:colcon.colcon_core.package_identification:_identify(models) by extensions ['colcon_pkg']
[2.706s] Level 1:colcon.colcon_core.package_identification:_identify(models) by extension 'colcon_pkg'
[2.706s] Level 1:colcon.colcon_core.package_identification:_identify(models) by extensions ['colcon_meta']
[2.706s] Level 1:colcon.colcon_core.package_identification:_identify(models) by extension 'colcon_meta'
[2.706s] Level 1:colcon.colcon_core.package_identification:_identify(models) by extensions ['ros']
[2.706s] Level 1:colcon.colcon_core.package_identification:_identify(models) by extension 'ros'
[2.707s] Level 1:colcon.colcon_core.package_identification:_identify(models) by extensions ['cmake', 'python']
[2.707s] Level 1:colcon.colcon_core.package_identification:_identify(models) by extension 'cmake'
[2.707s] Level 1:colcon.colcon_core.package_identification:_identify(models) by extension 'python'
[2.707s] Level 1:colcon.colcon_core.package_identification:_identify(models) by extensions ['python_setup_py']
[2.707s] Level 1:colcon.colcon_core.package_identification:_identify(models) by extension 'python_setup_py'
[2.708s] Level 1:colcon.colcon_core.package_identification:_identify(src) by extensions ['ignore', 'ignore_ament_install']
[2.708s] Level 1:colcon.colcon_core.package_identification:_identify(src) by extension 'ignore'
[2.708s] Level 1:colcon.colcon_core.package_identification:_identify(src) by extension 'ignore_ament_install'
[2.709s] Level 1:colcon.colcon_core.package_identification:_identify(src) by extensions ['colcon_pkg']
[2.709s] Level 1:colcon.colcon_core.package_identification:_identify(src) by extension 'colcon_pkg'
[2.709s] Level 1:colcon.colcon_core.package_identification:_identify(src) by extensions ['colcon_meta']
[2.709s] Level 1:colcon.colcon_core.package_identification:_identify(src) by extension 'colcon_meta'
[2.709s] Level 1:colcon.colcon_core.package_identification:_identify(src) by extensions ['ros']
[2.710s] Level 1:colcon.colcon_core.package_identification:_identify(src) by extension 'ros'
[2.710s] Level 1:colcon.colcon_core.package_identification:_identify(src) by extensions ['cmake', 'python']
[2.710s] Level 1:colcon.colcon_core.package_identification:_identify(src) by extension 'cmake'
[2.710s] Level 1:colcon.colcon_core.package_identification:_identify(src) by extension 'python'
[2.710s] Level 1:colcon.colcon_core.package_identification:_identify(src) by extensions ['python_setup_py']
[2.711s] Level 1:colcon.colcon_core.package_identification:_identify(src) by extension 'python_setup_py'
[2.712s] Level 1:colcon.colcon_core.package_identification:_identify(src/autonomous_exploration) by extensions ['ignore', 'ignore_ament_install']
[2.712s] Level 1:colcon.colcon_core.package_identification:_identify(src/autonomous_exploration) by extension 'ignore'
[2.713s] Level 1:colcon.colcon_core.package_identification:_identify(src/autonomous_exploration) by extension 'ignore_ament_install'
[2.713s] Level 1:colcon.colcon_core.package_identification:_identify(src/autonomous_exploration) by extensions ['colcon_pkg']
[2.713s] Level 1:colcon.colcon_core.package_identification:_identify(src/autonomous_exploration) by extension 'colcon_pkg'
[2.713s] Level 1:colcon.colcon_core.package_identification:_identify(src/autonomous_exploration) by extensions ['colcon_meta']
[2.713s] Level 1:colcon.colcon_core.package_identification:_identify(src/autonomous_exploration) by extension 'colcon_meta'
[2.714s] Level 1:colcon.colcon_core.package_identification:_identify(src/autonomous_exploration) by extensions ['ros']
[2.714s] Level 1:colcon.colcon_core.package_identification:_identify(src/autonomous_exploration) by extension 'ros'
[2.725s] DEBUG:colcon.colcon_core.package_identification:Package 'src/autonomous_exploration' with type 'ros.ament_python' and name 'autonomous_exploration'
[2.726s] Level 1:colcon.colcon_core.package_identification:_identify(src/diffdrive_arduino) by extensions ['ignore', 'ignore_ament_install']
[2.726s] Level 1:colcon.colcon_core.package_identification:_identify(src/diffdrive_arduino) by extension 'ignore'
[2.726s] Level 1:colcon.colcon_core.package_identification:_identify(src/diffdrive_arduino) by extension 'ignore_ament_install'
[2.727s] Level 1:colcon.colcon_core.package_identification:_identify(src/diffdrive_arduino) by extensions ['colcon_pkg']
[2.727s] Level 1:colcon.colcon_core.package_identification:_identify(src/diffdrive_arduino) by extension 'colcon_pkg'
[2.727s] Level 1:colcon.colcon_core.package_identification:_identify(src/diffdrive_arduino) by extensions ['colcon_meta']
[2.727s] Level 1:colcon.colcon_core.package_identification:_identify(src/diffdrive_arduino) by extension 'colcon_meta'
[2.727s] Level 1:colcon.colcon_core.package_identification:_identify(src/diffdrive_arduino) by extensions ['ros']
[2.727s] Level 1:colcon.colcon_core.package_identification:_identify(src/diffdrive_arduino) by extension 'ros'
[2.733s] DEBUG:colcon.colcon_core.package_identification:Package 'src/diffdrive_arduino' with type 'ros.ament_cmake' and name 'diffdrive_arduino'
[2.734s] Level 1:colcon.colcon_core.package_identification:_identify(src/msgs) by extensions ['ignore', 'ignore_ament_install']
[2.735s] Level 1:colcon.colcon_core.package_identification:_identify(src/msgs) by extension 'ignore'
[2.735s] Level 1:colcon.colcon_core.package_identification:_identify(src/msgs) by extension 'ignore_ament_install'
[2.735s] Level 1:colcon.colcon_core.package_identification:_identify(src/msgs) by extensions ['colcon_pkg']
[2.735s] Level 1:colcon.colcon_core.package_identification:_identify(src/msgs) by extension 'colcon_pkg'
[2.736s] Level 1:colcon.colcon_core.package_identification:_identify(src/msgs) by extensions ['colcon_meta']
[2.736s] Level 1:colcon.colcon_core.package_identification:_identify(src/msgs) by extension 'colcon_meta'
[2.736s] Level 1:colcon.colcon_core.package_identification:_identify(src/msgs) by extensions ['ros']
[2.736s] Level 1:colcon.colcon_core.package_identification:_identify(src/msgs) by extension 'ros'
[2.740s] DEBUG:colcon.colcon_core.package_identification:Package 'src/msgs' with type 'ros.ament_python' and name 'msgs'
[2.741s] Level 1:colcon.colcon_core.package_identification:_identify(src/sample_package) by extensions ['ignore', 'ignore_ament_install']
[2.741s] Level 1:colcon.colcon_core.package_identification:_identify(src/sample_package) by extension 'ignore'
[2.741s] Level 1:colcon.colcon_core.package_identification:_identify(src/sample_package) by extension 'ignore_ament_install'
[2.742s] Level 1:colcon.colcon_core.package_identification:_identify(src/sample_package) by extensions ['colcon_pkg']
[2.742s] Level 1:colcon.colcon_core.package_identification:_identify(src/sample_package) by extension 'colcon_pkg'
[2.742s] Level 1:colcon.colcon_core.package_identification:_identify(src/sample_package) by extensions ['colcon_meta']
[2.742s] Level 1:colcon.colcon_core.package_identification:_identify(src/sample_package) by extension 'colcon_meta'
[2.742s] Level 1:colcon.colcon_core.package_identification:_identify(src/sample_package) by extensions ['ros']
[2.742s] Level 1:colcon.colcon_core.package_identification:_identify(src/sample_package) by extension 'ros'
[2.745s] DEBUG:colcon.colcon_core.package_identification:Package 'src/sample_package' with type 'ros.ament_python' and name 'sample_package'
[2.746s] Level 1:colcon.colcon_core.package_identification:_identify(src/serial) by extensions ['ignore', 'ignore_ament_install']
[2.747s] Level 1:colcon.colcon_core.package_identification:_identify(src/serial) by extension 'ignore'
[2.747s] Level 1:colcon.colcon_core.package_identification:_identify(src/serial) by extension 'ignore_ament_install'
[2.747s] Level 1:colcon.colcon_core.package_identification:_identify(src/serial) by extensions ['colcon_pkg']
[2.747s] Level 1:colcon.colcon_core.package_identification:_identify(src/serial) by extension 'colcon_pkg'
[2.747s] Level 1:colcon.colcon_core.package_identification:_identify(src/serial) by extensions ['colcon_meta']
[2.748s] Level 1:colcon.colcon_core.package_identification:_identify(src/serial) by extension 'colcon_meta'
[2.748s] Level 1:colcon.colcon_core.package_identification:_identify(src/serial) by extensions ['ros']
[2.748s] Level 1:colcon.colcon_core.package_identification:_identify(src/serial) by extension 'ros'
[2.751s] DEBUG:colcon.colcon_core.package_identification:Package 'src/serial' with type 'ros.ament_cmake' and name 'serial'
[2.756s] Level 1:colcon.colcon_core.package_identification:_identify(src/serial_motor_demo) by extensions ['ignore', 'ignore_ament_install']
[2.756s] Level 1:colcon.colcon_core.package_identification:_identify(src/serial_motor_demo) by extension 'ignore'
[2.756s] Level 1:colcon.colcon_core.package_identification:_identify(src/serial_motor_demo) by extension 'ignore_ament_install'
[2.757s] Level 1:colcon.colcon_core.package_identification:_identify(src/serial_motor_demo) by extensions ['colcon_pkg']
[2.757s] Level 1:colcon.colcon_core.package_identification:_identify(src/serial_motor_demo) by extension 'colcon_pkg'
[2.757s] Level 1:colcon.colcon_core.package_identification:_identify(src/serial_motor_demo) by extensions ['colcon_meta']
[2.757s] Level 1:colcon.colcon_core.package_identification:_identify(src/serial_motor_demo) by extension 'colcon_meta'
[2.758s] Level 1:colcon.colcon_core.package_identification:_identify(src/serial_motor_demo) by extensions ['ros']
[2.758s] Level 1:colcon.colcon_core.package_identification:_identify(src/serial_motor_demo) by extension 'ros'
[2.758s] Level 1:colcon.colcon_core.package_identification:_identify(src/serial_motor_demo) by extensions ['cmake', 'python']
[2.758s] Level 1:colcon.colcon_core.package_identification:_identify(src/serial_motor_demo) by extension 'cmake'
[2.759s] Level 1:colcon.colcon_core.package_identification:_identify(src/serial_motor_demo) by extension 'python'
[2.759s] Level 1:colcon.colcon_core.package_identification:_identify(src/serial_motor_demo) by extensions ['python_setup_py']
[2.759s] Level 1:colcon.colcon_core.package_identification:_identify(src/serial_motor_demo) by extension 'python_setup_py'
[2.764s] Level 1:colcon.colcon_core.package_identification:_identify(src/serial_motor_demo/serial_motor_demo) by extensions ['ignore', 'ignore_ament_install']
[2.764s] Level 1:colcon.colcon_core.package_identification:_identify(src/serial_motor_demo/serial_motor_demo) by extension 'ignore'
[2.765s] Level 1:colcon.colcon_core.package_identification:_identify(src/serial_motor_demo/serial_motor_demo) by extension 'ignore_ament_install'
[2.765s] Level 1:colcon.colcon_core.package_identification:_identify(src/serial_motor_demo/serial_motor_demo) by extensions ['colcon_pkg']
[2.765s] Level 1:colcon.colcon_core.package_identification:_identify(src/serial_motor_demo/serial_motor_demo) by extension 'colcon_pkg'
[2.765s] Level 1:colcon.colcon_core.package_identification:_identify(src/serial_motor_demo/serial_motor_demo) by extensions ['colcon_meta']
[2.766s] Level 1:colcon.colcon_core.package_identification:_identify(src/serial_motor_demo/serial_motor_demo) by extension 'colcon_meta'
[2.766s] Level 1:colcon.colcon_core.package_identification:_identify(src/serial_motor_demo/serial_motor_demo) by extensions ['ros']
[2.766s] Level 1:colcon.colcon_core.package_identification:_identify(src/serial_motor_demo/serial_motor_demo) by extension 'ros'
[2.770s] DEBUG:colcon.colcon_core.package_identification:Package 'src/serial_motor_demo/serial_motor_demo' with type 'ros.ament_python' and name 'serial_motor_demo'
[2.771s] Level 1:colcon.colcon_core.package_identification:_identify(src/serial_motor_demo/serial_motor_demo_msgs) by extensions ['ignore', 'ignore_ament_install']
[2.772s] Level 1:colcon.colcon_core.package_identification:_identify(src/serial_motor_demo/serial_motor_demo_msgs) by extension 'ignore'
[2.772s] Level 1:colcon.colcon_core.package_identification:_identify(src/serial_motor_demo/serial_motor_demo_msgs) by extension 'ignore_ament_install'
[2.773s] Level 1:colcon.colcon_core.package_identification:_identify(src/serial_motor_demo/serial_motor_demo_msgs) by extensions ['colcon_pkg']
[2.773s] Level 1:colcon.colcon_core.package_identification:_identify(src/serial_motor_demo/serial_motor_demo_msgs) by extension 'colcon_pkg'
[2.773s] Level 1:colcon.colcon_core.package_identification:_identify(src/serial_motor_demo/serial_motor_demo_msgs) by extensions ['colcon_meta']
[2.773s] Level 1:colcon.colcon_core.package_identification:_identify(src/serial_motor_demo/serial_motor_demo_msgs) by extension 'colcon_meta'
[2.773s] Level 1:colcon.colcon_core.package_identification:_identify(src/serial_motor_demo/serial_motor_demo_msgs) by extensions ['ros']
[2.774s] Level 1:colcon.colcon_core.package_identification:_identify(src/serial_motor_demo/serial_motor_demo_msgs) by extension 'ros'
[2.777s] DEBUG:colcon.colcon_core.package_identification:Package 'src/serial_motor_demo/serial_motor_demo_msgs' with type 'ros.ament_cmake' and name 'serial_motor_demo_msgs'
[2.777s] Level 1:colcon.colcon_core.package_discovery:discover_packages(recursive) using defaults
[2.777s] Level 1:colcon.colcon_core.package_discovery:discover_packages(ignore) discover
[2.778s] Level 1:colcon.colcon_core.package_discovery:discover_packages(ignore) using defaults
[2.778s] Level 1:colcon.colcon_core.package_discovery:discover_packages(path) discover
[2.778s] Level 1:colcon.colcon_core.package_discovery:discover_packages(path) using defaults
[2.925s] Level 1:colcon.colcon_core.package_discovery:discover_packages(prefix_path) check parameters
[2.926s] Level 1:colcon.colcon_core.package_discovery:discover_packages(prefix_path) discover
[2.946s] DEBUG:colcon.colcon_installed_package_information.package_discovery:Found 7 installed packages in /home/Isaac/ros2_ws/install
[2.960s] DEBUG:colcon.colcon_installed_package_information.package_discovery:Found 357 installed packages in /opt/ros/humble
[2.968s] Level 1:colcon.colcon_core.package_discovery:discover_packages(prefix_path) using defaults
[3.283s] Level 5:colcon.colcon_core.verb:set package 'autonomous_exploration' build argument 'cmake_args' from command line to 'None'
[3.283s] Level 5:colcon.colcon_core.verb:set package 'autonomous_exploration' build argument 'cmake_target' from command line to 'None'
[3.283s] Level 5:colcon.colcon_core.verb:set package 'autonomous_exploration' build argument 'cmake_target_skip_unavailable' from command line to 'False'
[3.283s] Level 5:colcon.colcon_core.verb:set package 'autonomous_exploration' build argument 'cmake_clean_cache' from command line to 'False'
[3.284s] Level 5:colcon.colcon_core.verb:set package 'autonomous_exploration' build argument 'cmake_clean_first' from command line to 'False'
[3.284s] Level 5:colcon.colcon_core.verb:set package 'autonomous_exploration' build argument 'cmake_force_configure' from command line to 'False'
[3.284s] Level 5:colcon.colcon_core.verb:set package 'autonomous_exploration' build argument 'ament_cmake_args' from command line to 'None'
[3.284s] Level 5:colcon.colcon_core.verb:set package 'autonomous_exploration' build argument 'catkin_cmake_args' from command line to 'None'
[3.284s] Level 5:colcon.colcon_core.verb:set package 'autonomous_exploration' build argument 'catkin_skip_building_tests' from command line to 'False'
[3.284s] DEBUG:colcon.colcon_core.verb:Building package 'autonomous_exploration' with the following arguments: {'ament_cmake_args': None, 'build_base': '/home/Isaac/ros2_ws/build/autonomous_exploration', 'catkin_cmake_args': None, 'catkin_skip_building_tests': False, 'cmake_args': None, 'cmake_clean_cache': False, 'cmake_clean_first': False, 'cmake_force_configure': False, 'cmake_target': None, 'cmake_target_skip_unavailable': False, 'install_base': '/home/Isaac/ros2_ws/install/autonomous_exploration', 'merge_install': False, 'path': '/home/Isaac/ros2_ws/src/autonomous_exploration', 'symlink_install': False, 'test_result_base': None}
[3.288s] Level 5:colcon.colcon_core.verb:set package 'diffdrive_arduino' build argument 'cmake_args' from command line to 'None'
[3.288s] Level 5:colcon.colcon_core.verb:set package 'diffdrive_arduino' build argument 'cmake_target' from command line to 'None'
[3.289s] Level 5:colcon.colcon_core.verb:set package 'diffdrive_arduino' build argument 'cmake_target_skip_unavailable' from command line to 'False'
[3.289s] Level 5:colcon.colcon_core.verb:set package 'diffdrive_arduino' build argument 'cmake_clean_cache' from command line to 'False'
[3.289s] Level 5:colcon.colcon_core.verb:set package 'diffdrive_arduino' build argument 'cmake_clean_first' from command line to 'False'
[3.289s] Level 5:colcon.colcon_core.verb:set package 'diffdrive_arduino' build argument 'cmake_force_configure' from command line to 'False'
[3.289s] Level 5:colcon.colcon_core.verb:set package 'diffdrive_arduino' build argument 'ament_cmake_args' from command line to 'None'
[3.289s] Level 5:colcon.colcon_core.verb:set package 'diffdrive_arduino' build argument 'catkin_cmake_args' from command line to 'None'
[3.289s] Level 5:colcon.colcon_core.verb:set package 'diffdrive_arduino' build argument 'catkin_skip_building_tests' from command line to 'False'
[3.289s] DEBUG:colcon.colcon_core.verb:Building package 'diffdrive_arduino' with the following arguments: {'ament_cmake_args': None, 'build_base': '/home/Isaac/ros2_ws/build/diffdrive_arduino', 'catkin_cmake_args': None, 'catkin_skip_building_tests': False, 'cmake_args': None, 'cmake_clean_cache': False, 'cmake_clean_first': False, 'cmake_force_configure': False, 'cmake_target': None, 'cmake_target_skip_unavailable': False, 'install_base': '/home/Isaac/ros2_ws/install/diffdrive_arduino', 'merge_install': False, 'path': '/home/Isaac/ros2_ws/src/diffdrive_arduino', 'symlink_install': False, 'test_result_base': None}
[3.293s] Level 5:colcon.colcon_core.verb:set package 'msgs' build argument 'cmake_args' from command line to 'None'
[3.294s] Level 5:colcon.colcon_core.verb:set package 'msgs' build argument 'cmake_target' from command line to 'None'
[3.294s] Level 5:colcon.colcon_core.verb:set package 'msgs' build argument 'cmake_target_skip_unavailable' from command line to 'False'
[3.294s] Level 5:colcon.colcon_core.verb:set package 'msgs' build argument 'cmake_clean_cache' from command line to 'False'
[3.294s] Level 5:colcon.colcon_core.verb:set package 'msgs' build argument 'cmake_clean_first' from command line to 'False'
[3.294s] Level 5:colcon.colcon_core.verb:set package 'msgs' build argument 'cmake_force_configure' from command line to 'False'
[3.294s] Level 5:colcon.colcon_core.verb:set package 'msgs' build argument 'ament_cmake_args' from command line to 'None'
[3.294s] Level 5:colcon.colcon_core.verb:set package 'msgs' build argument 'catkin_cmake_args' from command line to 'None'
[3.294s] Level 5:colcon.colcon_core.verb:set package 'msgs' build argument 'catkin_skip_building_tests' from command line to 'False'
[3.294s] DEBUG:colcon.colcon_core.verb:Building package 'msgs' with the following arguments: {'ament_cmake_args': None, 'build_base': '/home/Isaac/ros2_ws/build/msgs', 'catkin_cmake_args': None, 'catkin_skip_building_tests': False, 'cmake_args': None, 'cmake_clean_cache': False, 'cmake_clean_first': False, 'cmake_force_configure': False, 'cmake_target': None, 'cmake_target_skip_unavailable': False, 'install_base': '/home/Isaac/ros2_ws/install/msgs', 'merge_install': False, 'path': '/home/Isaac/ros2_ws/src/msgs', 'symlink_install': False, 'test_result_base': None}
[3.298s] Level 5:colcon.colcon_core.verb:set package 'sample_package' build argument 'cmake_args' from command line to 'None'
[3.299s] Level 5:colcon.colcon_core.verb:set package 'sample_package' build argument 'cmake_target' from command line to 'None'
[3.299s] Level 5:colcon.colcon_core.verb:set package 'sample_package' build argument 'cmake_target_skip_unavailable' from command line to 'False'
[3.299s] Level 5:colcon.colcon_core.verb:set package 'sample_package' build argument 'cmake_clean_cache' from command line to 'False'
[3.299s] Level 5:colcon.colcon_core.verb:set package 'sample_package' build argument 'cmake_clean_first' from command line to 'False'
[3.299s] Level 5:colcon.colcon_core.verb:set package 'sample_package' build argument 'cmake_force_configure' from command line to 'False'
[3.299s] Level 5:colcon.colcon_core.verb:set package 'sample_package' build argument 'ament_cmake_args' from command line to 'None'
[3.299s] Level 5:colcon.colcon_core.verb:set package 'sample_package' build argument 'catkin_cmake_args' from command line to 'None'
[3.299s] Level 5:colcon.colcon_core.verb:set package 'sample_package' build argument 'catkin_skip_building_tests' from command line to 'False'
[3.299s] DEBUG:colcon.colcon_core.verb:Building package 'sample_package' with the following arguments: {'ament_cmake_args': None, 'build_base': '/home/Isaac/ros2_ws/build/sample_package', 'catkin_cmake_args': None, 'catkin_skip_building_tests': False, 'cmake_args': None, 'cmake_clean_cache': False, 'cmake_clean_first': False, 'cmake_force_configure': False, 'cmake_target': None, 'cmake_target_skip_unavailable': False, 'install_base': '/home/Isaac/ros2_ws/install/sample_package', 'merge_install': False, 'path': '/home/Isaac/ros2_ws/src/sample_package', 'symlink_install': False, 'test_result_base': None}
[3.303s] Level 5:colcon.colcon_core.verb:set package 'serial' build argument 'cmake_args' from command line to 'None'
[3.304s] Level 5:colcon.colcon_core.verb:set package 'serial' build argument 'cmake_target' from command line to 'None'
[3.304s] Level 5:colcon.colcon_core.verb:set package 'serial' build argument 'cmake_target_skip_unavailable' from command line to 'False'
[3.304s] Level 5:colcon.colcon_core.verb:set package 'serial' build argument 'cmake_clean_cache' from command line to 'False'
[3.304s] Level 5:colcon.colcon_core.verb:set package 'serial' build argument 'cmake_clean_first' from command line to 'False'
[3.304s] Level 5:colcon.colcon_core.verb:set package 'serial' build argument 'cmake_force_configure' from command line to 'False'
[3.304s] Level 5:colcon.colcon_core.verb:set package 'serial' build argument 'ament_cmake_args' from command line to 'None'
[3.304s] Level 5:colcon.colcon_core.verb:set package 'serial' build argument 'catkin_cmake_args' from command line to 'None'
[3.304s] Level 5:colcon.colcon_core.verb:set package 'serial' build argument 'catkin_skip_building_tests' from command line to 'False'
[3.304s] DEBUG:colcon.colcon_core.verb:Building package 'serial' with the following arguments: {'ament_cmake_args': None, 'build_base': '/home/Isaac/ros2_ws/build/serial', 'catkin_cmake_args': None, 'catkin_skip_building_tests': False, 'cmake_args': None, 'cmake_clean_cache': False, 'cmake_clean_first': False, 'cmake_force_configure': False, 'cmake_target': None, 'cmake_target_skip_unavailable': False, 'install_base': '/home/Isaac/ros2_ws/install/serial', 'merge_install': False, 'path': '/home/Isaac/ros2_ws/src/serial', 'symlink_install': False, 'test_result_base': None}
[3.309s] Level 5:colcon.colcon_core.verb:set package 'serial_motor_demo_msgs' build argument 'cmake_args' from command line to 'None'
[3.309s] Level 5:colcon.colcon_core.verb:set package 'serial_motor_demo_msgs' build argument 'cmake_target' from command line to 'None'
[3.309s] Level 5:colcon.colcon_core.verb:set package 'serial_motor_demo_msgs' build argument 'cmake_target_skip_unavailable' from command line to 'False'
[3.309s] Level 5:colcon.colcon_core.verb:set package 'serial_motor_demo_msgs' build argument 'cmake_clean_cache' from command line to 'False'
[3.309s] Level 5:colcon.colcon_core.verb:set package 'serial_motor_demo_msgs' build argument 'cmake_clean_first' from command line to 'False'
[3.309s] Level 5:colcon.colcon_core.verb:set package 'serial_motor_demo_msgs' build argument 'cmake_force_configure' from command line to 'False'
[3.309s] Level 5:colcon.colcon_core.verb:set package 'serial_motor_demo_msgs' build argument 'ament_cmake_args' from command line to 'None'
[3.309s] Level 5:colcon.colcon_core.verb:set package 'serial_motor_demo_msgs' build argument 'catkin_cmake_args' from command line to 'None'
[3.309s] Level 5:colcon.colcon_core.verb:set package 'serial_motor_demo_msgs' build argument 'catkin_skip_building_tests' from command line to 'False'
[3.310s] DEBUG:colcon.colcon_core.verb:Building package 'serial_motor_demo_msgs' with the following arguments: {'ament_cmake_args': None, 'build_base': '/home/Isaac/ros2_ws/build/serial_motor_demo_msgs', 'catkin_cmake_args': None, 'catkin_skip_building_tests': False, 'cmake_args': None, 'cmake_clean_cache': False, 'cmake_clean_first': False, 'cmake_force_configure': False, 'cmake_target': None, 'cmake_target_skip_unavailable': False, 'install_base': '/home/Isaac/ros2_ws/install/serial_motor_demo_msgs', 'merge_install': False, 'path': '/home/Isaac/ros2_ws/src/serial_motor_demo/serial_motor_demo_msgs', 'symlink_install': False, 'test_result_base': None}
[3.314s] Level 5:colcon.colcon_core.verb:set package 'serial_motor_demo' build argument 'cmake_args' from command line to 'None'
[3.314s] Level 5:colcon.colcon_core.verb:set package 'serial_motor_demo' build argument 'cmake_target' from command line to 'None'
[3.314s] Level 5:colcon.colcon_core.verb:set package 'serial_motor_demo' build argument 'cmake_target_skip_unavailable' from command line to 'False'
[3.314s] Level 5:colcon.colcon_core.verb:set package 'serial_motor_demo' build argument 'cmake_clean_cache' from command line to 'False'
[3.314s] Level 5:colcon.colcon_core.verb:set package 'serial_motor_demo' build argument 'cmake_clean_first' from command line to 'False'
[3.314s] Level 5:colcon.colcon_core.verb:set package 'serial_motor_demo' build argument 'cmake_force_configure' from command line to 'False'
[3.314s] Level 5:colcon.colcon_core.verb:set package 'serial_motor_demo' build argument 'ament_cmake_args' from command line to 'None'
[3.314s] Level 5:colcon.colcon_core.verb:set package 'serial_motor_demo' build argument 'catkin_cmake_args' from command line to 'None'
[3.314s] Level 5:colcon.colcon_core.verb:set package 'serial_motor_demo' build argument 'catkin_skip_building_tests' from command line to 'False'
[3.315s] DEBUG:colcon.colcon_core.verb:Building package 'serial_motor_demo' with the following arguments: {'ament_cmake_args': None, 'build_base': '/home/Isaac/ros2_ws/build/serial_motor_demo', 'catkin_cmake_args': None, 'catkin_skip_building_tests': False, 'cmake_args': None, 'cmake_clean_cache': False, 'cmake_clean_first': False, 'cmake_force_configure': False, 'cmake_target': None, 'cmake_target_skip_unavailable': False, 'install_base': '/home/Isaac/ros2_ws/install/serial_motor_demo', 'merge_install': False, 'path': '/home/Isaac/ros2_ws/src/serial_motor_demo/serial_motor_demo', 'symlink_install': False, 'test_result_base': None}
[3.317s] INFO:colcon.colcon_core.executor:Executing jobs using 'parallel' executor
[3.330s] DEBUG:colcon.colcon_parallel_executor.executor.parallel:run_until_complete
[3.331s] INFO:colcon.colcon_ros.task.ament_cmake.build:Building ROS package in '/home/Isaac/ros2_ws/src/serial_motor_demo/serial_motor_demo_msgs' with build type 'ament_cmake'
[3.332s] INFO:colcon.colcon_cmake.task.cmake.build:Building CMake package in '/home/Isaac/ros2_ws/src/serial_motor_demo/serial_motor_demo_msgs'
[3.364s] INFO:colcon.colcon_core.plugin_system:Skipping extension 'colcon_core.shell.bat': Not used on non-Windows systems
[3.365s] INFO:colcon.colcon_core.shell:Skip shell extension 'powershell' for command environment: Not usable outside of PowerShell
[3.366s] DEBUG:colcon.colcon_core.shell:Skip shell extension 'dsv' for command environment
[3.396s] INFO:colcon.colcon_ros.task.ament_python.build:Building ROS package in '/home/Isaac/ros2_ws/src/autonomous_exploration' with build type 'ament_python'
[3.397s] Level 1:colcon.colcon_core.shell:create_environment_hook('autonomous_exploration', 'ament_prefix_path')
[3.404s] INFO:colcon.colcon_core.shell:Creating environment hook '/home/Isaac/ros2_ws/install/autonomous_exploration/share/autonomous_exploration/hook/ament_prefix_path.ps1'
[3.408s] INFO:colcon.colcon_core.shell:Creating environment descriptor '/home/Isaac/ros2_ws/install/autonomous_exploration/share/autonomous_exploration/hook/ament_prefix_path.dsv'
[3.422s] INFO:colcon.colcon_core.shell:Creating environment hook '/home/Isaac/ros2_ws/install/autonomous_exploration/share/autonomous_exploration/hook/ament_prefix_path.sh'
[3.443s] INFO:colcon.colcon_core.shell:Skip shell extension 'powershell' for command environment: Not usable outside of PowerShell
[3.444s] DEBUG:colcon.colcon_core.shell:Skip shell extension 'dsv' for command environment
[3.473s] INFO:colcon.colcon_ros.task.ament_cmake.build:Building ROS package in '/home/Isaac/ros2_ws/src/diffdrive_arduino' with build type 'ament_cmake'
[3.473s] INFO:colcon.colcon_cmake.task.cmake.build:Building CMake package in '/home/Isaac/ros2_ws/src/diffdrive_arduino'
[3.479s] INFO:colcon.colcon_core.shell:Skip shell extension 'powershell' for command environment: Not usable outside of PowerShell
[3.480s] DEBUG:colcon.colcon_core.shell:Skip shell extension 'dsv' for command environment
[3.511s] INFO:colcon.colcon_ros.task.ament_python.build:Building ROS package in '/home/Isaac/ros2_ws/src/msgs' with build type 'ament_python'
[3.512s] Level 1:colcon.colcon_core.shell:create_environment_hook('msgs', 'ament_prefix_path')
[3.518s] INFO:colcon.colcon_core.shell:Creating environment hook '/home/Isaac/ros2_ws/install/msgs/share/msgs/hook/ament_prefix_path.ps1'
[3.521s] INFO:colcon.colcon_core.shell:Creating environment descriptor '/home/Isaac/ros2_ws/install/msgs/share/msgs/hook/ament_prefix_path.dsv'
[3.522s] INFO:colcon.colcon_core.shell:Creating environment hook '/home/Isaac/ros2_ws/install/msgs/share/msgs/hook/ament_prefix_path.sh'
[3.529s] INFO:colcon.colcon_core.shell:Skip shell extension 'powershell' for command environment: Not usable outside of PowerShell
[3.529s] DEBUG:colcon.colcon_core.shell:Skip shell extension 'dsv' for command environment
[3.575s] DEBUG:colcon.colcon_core.event_handler.log_command:Invoking command in '/home/Isaac/ros2_ws/build/serial_motor_demo_msgs': CMAKE_PREFIX_PATH=${CMAKE_PREFIX_PATH}:/home/Isaac/ros2_ws/install/serial_motor_demo:/home/Isaac/ros2_ws/install/sample_package:/home/Isaac/ros2_ws/install/msgs:/home/Isaac/ros2_ws/install/autonomous_exploration:/opt/ros/humble /usr/bin/cmake --build /home/Isaac/ros2_ws/build/serial_motor_demo_msgs -- -j4 -l4
[5.261s] INFO:colcon.colcon_core.task.python.build:Building Python package in '/home/Isaac/ros2_ws/src/autonomous_exploration'
[5.267s] INFO:colcon.colcon_core.shell:Skip shell extension 'powershell' for command environment: Not usable outside of PowerShell
[5.268s] DEBUG:colcon.colcon_core.shell:Skip shell extension 'dsv' for command environment
[5.314s] DEBUG:colcon.colcon_core.event_handler.log_command:Invoking command in '/home/Isaac/ros2_ws/build/diffdrive_arduino': CMAKE_PREFIX_PATH=${CMAKE_PREFIX_PATH}:/home/Isaac/ros2_ws/install/serial_motor_demo:/home/Isaac/ros2_ws/install/sample_package:/home/Isaac/ros2_ws/install/msgs:/home/Isaac/ros2_ws/install/autonomous_exploration:/opt/ros/humble /usr/bin/cmake --build /home/Isaac/ros2_ws/build/diffdrive_arduino -- -j4 -l4
[6.736s] INFO:colcon.colcon_core.task.python.build:Building Python package in '/home/Isaac/ros2_ws/src/msgs'
[6.741s] INFO:colcon.colcon_core.shell:Skip shell extension 'powershell' for command environment: Not usable outside of PowerShell
[6.741s] DEBUG:colcon.colcon_core.shell:Skip shell extension 'dsv' for command environment
[6.786s] DEBUG:colcon.colcon_core.event_handler.log_command:Invoked command in '/home/Isaac/ros2_ws/build/diffdrive_arduino' returned '0': CMAKE_PREFIX_PATH=${CMAKE_PREFIX_PATH}:/home/Isaac/ros2_ws/install/serial_motor_demo:/home/Isaac/ros2_ws/install/sample_package:/home/Isaac/ros2_ws/install/msgs:/home/Isaac/ros2_ws/install/autonomous_exploration:/opt/ros/humble /usr/bin/cmake --build /home/Isaac/ros2_ws/build/diffdrive_arduino -- -j4 -l4
[6.792s] DEBUG:colcon.colcon_core.event_handler.log_command:Invoked command in '/home/Isaac/ros2_ws/build/serial_motor_demo_msgs' returned '0': CMAKE_PREFIX_PATH=${CMAKE_PREFIX_PATH}:/home/Isaac/ros2_ws/install/serial_motor_demo:/home/Isaac/ros2_ws/install/sample_package:/home/Isaac/ros2_ws/install/msgs:/home/Isaac/ros2_ws/install/autonomous_exploration:/opt/ros/humble /usr/bin/cmake --build /home/Isaac/ros2_ws/build/serial_motor_demo_msgs -- -j4 -l4
[7.001s] DEBUG:colcon.colcon_core.event_handler.log_command:Invoking command in '/home/Isaac/ros2_ws/build/diffdrive_arduino': CMAKE_PREFIX_PATH=${CMAKE_PREFIX_PATH}:/home/Isaac/ros2_ws/install/serial_motor_demo:/home/Isaac/ros2_ws/install/sample_package:/home/Isaac/ros2_ws/install/msgs:/home/Isaac/ros2_ws/install/autonomous_exploration:/opt/ros/humble /usr/bin/cmake --install /home/Isaac/ros2_ws/build/diffdrive_arduino
[7.135s] Level 1:colcon.colcon_core.environment:create_environment_scripts_only(diffdrive_arduino)
[7.144s] DEBUG:colcon.colcon_core.event_handler.log_command:Invoked command in '/home/Isaac/ros2_ws/build/diffdrive_arduino' returned '0': CMAKE_PREFIX_PATH=${CMAKE_PREFIX_PATH}:/home/Isaac/ros2_ws/install/serial_motor_demo:/home/Isaac/ros2_ws/install/sample_package:/home/Isaac/ros2_ws/install/msgs:/home/Isaac/ros2_ws/install/autonomous_exploration:/opt/ros/humble /usr/bin/cmake --install /home/Isaac/ros2_ws/build/diffdrive_arduino
[7.189s] Level 1:colcon.colcon_core.environment:checking '/home/Isaac/ros2_ws/install/diffdrive_arduino' for CMake module files
[7.194s] Level 1:colcon.colcon_core.environment:checking '/home/Isaac/ros2_ws/install/diffdrive_arduino' for CMake config files
[7.198s] Level 1:colcon.colcon_core.shell:create_environment_hook('diffdrive_arduino', 'cmake_prefix_path')
[7.204s] INFO:colcon.colcon_core.shell:Creating environment hook '/home/Isaac/ros2_ws/install/diffdrive_arduino/share/diffdrive_arduino/hook/cmake_prefix_path.ps1'
[7.206s] INFO:colcon.colcon_core.shell:Creating environment descriptor '/home/Isaac/ros2_ws/install/diffdrive_arduino/share/diffdrive_arduino/hook/cmake_prefix_path.dsv'
[7.209s] INFO:colcon.colcon_core.shell:Creating environment hook '/home/Isaac/ros2_ws/install/diffdrive_arduino/share/diffdrive_arduino/hook/cmake_prefix_path.sh'
[7.214s] Level 1:colcon.colcon_core.environment:checking '/home/Isaac/ros2_ws/install/diffdrive_arduino/lib'
[7.215s] Level 1:colcon.colcon_core.shell:create_environment_hook('diffdrive_arduino', 'ld_library_path_lib')
[7.223s] INFO:colcon.colcon_core.shell:Creating environment hook '/home/Isaac/ros2_ws/install/diffdrive_arduino/share/diffdrive_arduino/hook/ld_library_path_lib.ps1'
[7.226s] INFO:colcon.colcon_core.shell:Creating environment descriptor '/home/Isaac/ros2_ws/install/diffdrive_arduino/share/diffdrive_arduino/hook/ld_library_path_lib.dsv'
[7.228s] INFO:colcon.colcon_core.shell:Creating environment hook '/home/Isaac/ros2_ws/install/diffdrive_arduino/share/diffdrive_arduino/hook/ld_library_path_lib.sh'
[7.231s] Level 1:colcon.colcon_core.environment:checking '/home/Isaac/ros2_ws/install/diffdrive_arduino/bin'
[7.232s] Level 1:colcon.colcon_core.environment:checking '/home/Isaac/ros2_ws/install/diffdrive_arduino/lib/pkgconfig/diffdrive_arduino.pc'
[7.233s] Level 1:colcon.colcon_core.environment:checking '/home/Isaac/ros2_ws/install/diffdrive_arduino/lib/python3.10/site-packages'
[7.234s] Level 1:colcon.colcon_core.environment:checking '/home/Isaac/ros2_ws/install/diffdrive_arduino/bin'
[7.242s] INFO:colcon.colcon_core.shell:Creating package script '/home/Isaac/ros2_ws/install/diffdrive_arduino/share/diffdrive_arduino/package.ps1'
[7.247s] INFO:colcon.colcon_core.shell:Creating package descriptor '/home/Isaac/ros2_ws/install/diffdrive_arduino/share/diffdrive_arduino/package.dsv'
[7.251s] INFO:colcon.colcon_core.shell:Creating package script '/home/Isaac/ros2_ws/install/diffdrive_arduino/share/diffdrive_arduino/package.sh'
[7.256s] INFO:colcon.colcon_core.shell:Creating package script '/home/Isaac/ros2_ws/install/diffdrive_arduino/share/diffdrive_arduino/package.bash'
[7.265s] INFO:colcon.colcon_core.shell:Creating package script '/home/Isaac/ros2_ws/install/diffdrive_arduino/share/diffdrive_arduino/package.zsh'
[7.270s] Level 1:colcon.colcon_core.environment:create_file_with_runtime_dependencies(/home/Isaac/ros2_ws/install/diffdrive_arduino/share/colcon-core/packages/diffdrive_arduino)
[7.431s] Level 1:colcon.colcon_core.environment:create_environment_scripts_only(diffdrive_arduino)
[7.441s] Level 1:colcon.colcon_core.environment:checking '/home/Isaac/ros2_ws/install/diffdrive_arduino' for CMake module files
[7.445s] Level 1:colcon.colcon_core.environment:checking '/home/Isaac/ros2_ws/install/diffdrive_arduino' for CMake config files
[7.448s] Level 1:colcon.colcon_core.shell:create_environment_hook('diffdrive_arduino', 'cmake_prefix_path')
[7.455s] INFO:colcon.colcon_core.shell:Creating environment hook '/home/Isaac/ros2_ws/install/diffdrive_arduino/share/diffdrive_arduino/hook/cmake_prefix_path.ps1'
[7.457s] INFO:colcon.colcon_core.shell:Creating environment descriptor '/home/Isaac/ros2_ws/install/diffdrive_arduino/share/diffdrive_arduino/hook/cmake_prefix_path.dsv'
[7.459s] INFO:colcon.colcon_core.shell:Creating environment hook '/home/Isaac/ros2_ws/install/diffdrive_arduino/share/diffdrive_arduino/hook/cmake_prefix_path.sh'
[7.462s] Level 1:colcon.colcon_core.environment:checking '/home/Isaac/ros2_ws/install/diffdrive_arduino/lib'
[7.463s] Level 1:colcon.colcon_core.shell:create_environment_hook('diffdrive_arduino', 'ld_library_path_lib')
[7.470s] INFO:colcon.colcon_core.shell:Creating environment hook '/home/Isaac/ros2_ws/install/diffdrive_arduino/share/diffdrive_arduino/hook/ld_library_path_lib.ps1'
[7.474s] INFO:colcon.colcon_core.shell:Creating environment descriptor '/home/Isaac/ros2_ws/install/diffdrive_arduino/share/diffdrive_arduino/hook/ld_library_path_lib.dsv'
[7.476s] INFO:colcon.colcon_core.shell:Creating environment hook '/home/Isaac/ros2_ws/install/diffdrive_arduino/share/diffdrive_arduino/hook/ld_library_path_lib.sh'
[7.479s] Level 1:colcon.colcon_core.environment:checking '/home/Isaac/ros2_ws/install/diffdrive_arduino/bin'
[7.479s] Level 1:colcon.colcon_core.environment:checking '/home/Isaac/ros2_ws/install/diffdrive_arduino/lib/pkgconfig/diffdrive_arduino.pc'
[7.480s] Level 1:colcon.colcon_core.environment:checking '/home/Isaac/ros2_ws/install/diffdrive_arduino/lib/python3.10/site-packages'
[7.482s] Level 1:colcon.colcon_core.environment:checking '/home/Isaac/ros2_ws/install/diffdrive_arduino/bin'
[7.489s] INFO:colcon.colcon_core.shell:Creating package script '/home/Isaac/ros2_ws/install/diffdrive_arduino/share/diffdrive_arduino/package.ps1'
[7.492s] INFO:colcon.colcon_core.shell:Creating package descriptor '/home/Isaac/ros2_ws/install/diffdrive_arduino/share/diffdrive_arduino/package.dsv'
[7.495s] INFO:colcon.colcon_core.shell:Creating package script '/home/Isaac/ros2_ws/install/diffdrive_arduino/share/diffdrive_arduino/package.sh'
[7.498s] INFO:colcon.colcon_core.shell:Creating package script '/home/Isaac/ros2_ws/install/diffdrive_arduino/share/diffdrive_arduino/package.bash'
[7.500s] INFO:colcon.colcon_core.shell:Creating package script '/home/Isaac/ros2_ws/install/diffdrive_arduino/share/diffdrive_arduino/package.zsh'
[7.503s] Level 1:colcon.colcon_core.environment:create_file_with_runtime_dependencies(/home/Isaac/ros2_ws/install/diffdrive_arduino/share/colcon-core/packages/diffdrive_arduino)
[7.508s] INFO:colcon.colcon_ros.task.ament_python.build:Building ROS package in '/home/Isaac/ros2_ws/src/sample_package' with build type 'ament_python'
[7.509s] Level 1:colcon.colcon_core.shell:create_environment_hook('sample_package', 'ament_prefix_path')
[7.516s] INFO:colcon.colcon_core.shell:Creating environment hook '/home/Isaac/ros2_ws/install/sample_package/share/sample_package/hook/ament_prefix_path.ps1'
[7.518s] INFO:colcon.colcon_core.shell:Creating environment descriptor '/home/Isaac/ros2_ws/install/sample_package/share/sample_package/hook/ament_prefix_path.dsv'
[7.520s] INFO:colcon.colcon_core.shell:Creating environment hook '/home/Isaac/ros2_ws/install/sample_package/share/sample_package/hook/ament_prefix_path.sh'
[7.530s] INFO:colcon.colcon_core.shell:Skip shell extension 'powershell' for command environment: Not usable outside of PowerShell
[7.531s] DEBUG:colcon.colcon_core.shell:Skip shell extension 'dsv' for command environment
[7.574s] DEBUG:colcon.colcon_core.event_handler.log_command:Invoking command in '/home/Isaac/ros2_ws/build/serial_motor_demo_msgs': CMAKE_PREFIX_PATH=${CMAKE_PREFIX_PATH}:/home/Isaac/ros2_ws/install/serial_motor_demo:/home/Isaac/ros2_ws/install/sample_package:/home/Isaac/ros2_ws/install/msgs:/home/Isaac/ros2_ws/install/autonomous_exploration:/opt/ros/humble /usr/bin/cmake --install /home/Isaac/ros2_ws/build/serial_motor_demo_msgs
[9.252s] INFO:colcon.colcon_core.task.python.build:Building Python package in '/home/Isaac/ros2_ws/src/sample_package'
[9.260s] INFO:colcon.colcon_core.shell:Skip shell extension 'powershell' for command environment: Not usable outside of PowerShell
[9.261s] DEBUG:colcon.colcon_core.shell:Skip shell extension 'dsv' for command environment
[9.296s] Level 1:colcon.colcon_core.environment:create_environment_scripts_only(serial_motor_demo_msgs)
[9.306s] Level 1:colcon.colcon_core.environment:checking '/home/Isaac/ros2_ws/install/serial_motor_demo_msgs' for CMake module files
[9.308s] DEBUG:colcon.colcon_core.event_handler.log_command:Invoked command in '/home/Isaac/ros2_ws/build/serial_motor_demo_msgs' returned '0': CMAKE_PREFIX_PATH=${CMAKE_PREFIX_PATH}:/home/Isaac/ros2_ws/install/serial_motor_demo:/home/Isaac/ros2_ws/install/sample_package:/home/Isaac/ros2_ws/install/msgs:/home/Isaac/ros2_ws/install/autonomous_exploration:/opt/ros/humble /usr/bin/cmake --install /home/Isaac/ros2_ws/build/serial_motor_demo_msgs
[9.312s] Level 1:colcon.colcon_core.environment:checking '/home/Isaac/ros2_ws/install/serial_motor_demo_msgs' for CMake config files
[9.319s] Level 1:colcon.colcon_core.shell:create_environment_hook('serial_motor_demo_msgs', 'cmake_prefix_path')
[9.325s] INFO:colcon.colcon_core.shell:Creating environment hook '/home/Isaac/ros2_ws/install/serial_motor_demo_msgs/share/serial_motor_demo_msgs/hook/cmake_prefix_path.ps1'
[9.330s] INFO:colcon.colcon_core.shell:Creating environment descriptor '/home/Isaac/ros2_ws/install/serial_motor_demo_msgs/share/serial_motor_demo_msgs/hook/cmake_prefix_path.dsv'
[9.337s] INFO:colcon.colcon_core.shell:Creating environment hook '/home/Isaac/ros2_ws/install/serial_motor_demo_msgs/share/serial_motor_demo_msgs/hook/cmake_prefix_path.sh'
[9.345s] Level 1:colcon.colcon_core.environment:checking '/home/Isaac/ros2_ws/install/serial_motor_demo_msgs/lib'
[9.347s] Level 1:colcon.colcon_core.shell:create_environment_hook('serial_motor_demo_msgs', 'ld_library_path_lib')
[9.364s] INFO:colcon.colcon_core.shell:Creating environment hook '/home/Isaac/ros2_ws/install/serial_motor_demo_msgs/share/serial_motor_demo_msgs/hook/ld_library_path_lib.ps1'
[9.370s] INFO:colcon.colcon_core.shell:Creating environment descriptor '/home/Isaac/ros2_ws/install/serial_motor_demo_msgs/share/serial_motor_demo_msgs/hook/ld_library_path_lib.dsv'
[9.375s] INFO:colcon.colcon_core.shell:Creating environment hook '/home/Isaac/ros2_ws/install/serial_motor_demo_msgs/share/serial_motor_demo_msgs/hook/ld_library_path_lib.sh'
[9.380s] Level 1:colcon.colcon_core.environment:checking '/home/Isaac/ros2_ws/install/serial_motor_demo_msgs/bin'
[9.381s] Level 1:colcon.colcon_core.environment:checking '/home/Isaac/ros2_ws/install/serial_motor_demo_msgs/lib/pkgconfig/serial_motor_demo_msgs.pc'
[9.383s] Level 1:colcon.colcon_core.environment:checking '/home/Isaac/ros2_ws/install/serial_motor_demo_msgs/lib/python3.10/site-packages'
[9.386s] Level 1:colcon.colcon_core.environment:checking '/home/Isaac/ros2_ws/install/serial_motor_demo_msgs/bin'
[9.406s] INFO:colcon.colcon_core.shell:Creating package script '/home/Isaac/ros2_ws/install/serial_motor_demo_msgs/share/serial_motor_demo_msgs/package.ps1'
[9.416s] INFO:colcon.colcon_core.shell:Creating package descriptor '/home/Isaac/ros2_ws/install/serial_motor_demo_msgs/share/serial_motor_demo_msgs/package.dsv'
[9.424s] INFO:colcon.colcon_core.shell:Creating package script '/home/Isaac/ros2_ws/install/serial_motor_demo_msgs/share/serial_motor_demo_msgs/package.sh'
[9.431s] INFO:colcon.colcon_core.shell:Creating package script '/home/Isaac/ros2_ws/install/serial_motor_demo_msgs/share/serial_motor_demo_msgs/package.bash'
[9.436s] INFO:colcon.colcon_core.shell:Creating package script '/home/Isaac/ros2_ws/install/serial_motor_demo_msgs/share/serial_motor_demo_msgs/package.zsh'
[9.441s] Level 1:colcon.colcon_core.environment:create_file_with_runtime_dependencies(/home/Isaac/ros2_ws/install/serial_motor_demo_msgs/share/colcon-core/packages/serial_motor_demo_msgs)
[9.603s] DEBUG:colcon.colcon_core.event_handler.log_command:Invoking command in '/home/Isaac/ros2_ws/src/autonomous_exploration': PYTHONPATH=/home/Isaac/ros2_ws/build/autonomous_exploration/prefix_override:/home/Isaac/ros2_ws/install/autonomous_exploration/lib/python3.10/site-packages:${PYTHONPATH} /usr/bin/python3 setup.py egg_info --egg-base ../../build/autonomous_exploration build --build-base /home/Isaac/ros2_ws/build/autonomous_exploration/build install --record /home/Isaac/ros2_ws/build/autonomous_exploration/install.log --single-version-externally-managed
[9.627s] DEBUG:colcon.colcon_core.event_handler.log_command:Invoking command in '/home/Isaac/ros2_ws/src/msgs': PYTHONPATH=/home/Isaac/ros2_ws/build/msgs/prefix_override:/home/Isaac/ros2_ws/install/msgs/lib/python3.10/site-packages:${PYTHONPATH} /usr/bin/python3 setup.py egg_info --egg-base ../../build/msgs build --build-base /home/Isaac/ros2_ws/build/msgs/build install --record /home/Isaac/ros2_ws/build/msgs/install.log --single-version-externally-managed
[10.640s] Level 1:colcon.colcon_core.environment:create_environment_scripts_only(serial_motor_demo_msgs)
[10.649s] Level 1:colcon.colcon_core.environment:checking '/home/Isaac/ros2_ws/install/serial_motor_demo_msgs' for CMake module files
[10.655s] Level 1:colcon.colcon_core.environment:checking '/home/Isaac/ros2_ws/install/serial_motor_demo_msgs' for CMake config files
[10.662s] Level 1:colcon.colcon_core.shell:create_environment_hook('serial_motor_demo_msgs', 'cmake_prefix_path')
[10.669s] INFO:colcon.colcon_core.shell:Creating environment hook '/home/Isaac/ros2_ws/install/serial_motor_demo_msgs/share/serial_motor_demo_msgs/hook/cmake_prefix_path.ps1'
[10.671s] INFO:colcon.colcon_core.shell:Creating environment descriptor '/home/Isaac/ros2_ws/install/serial_motor_demo_msgs/share/serial_motor_demo_msgs/hook/cmake_prefix_path.dsv'
[10.673s] INFO:colcon.colcon_core.shell:Creating environment hook '/home/Isaac/ros2_ws/install/serial_motor_demo_msgs/share/serial_motor_demo_msgs/hook/cmake_prefix_path.sh'
[10.677s] Level 1:colcon.colcon_core.environment:checking '/home/Isaac/ros2_ws/install/serial_motor_demo_msgs/lib'
[10.677s] Level 1:colcon.colcon_core.shell:create_environment_hook('serial_motor_demo_msgs', 'ld_library_path_lib')
[10.684s] INFO:colcon.colcon_core.shell:Creating environment hook '/home/Isaac/ros2_ws/install/serial_motor_demo_msgs/share/serial_motor_demo_msgs/hook/ld_library_path_lib.ps1'
[10.686s] INFO:colcon.colcon_core.shell:Creating environment descriptor '/home/Isaac/ros2_ws/install/serial_motor_demo_msgs/share/serial_motor_demo_msgs/hook/ld_library_path_lib.dsv'
[10.688s] INFO:colcon.colcon_core.shell:Creating environment hook '/home/Isaac/ros2_ws/install/serial_motor_demo_msgs/share/serial_motor_demo_msgs/hook/ld_library_path_lib.sh'
[10.692s] Level 1:colcon.colcon_core.environment:checking '/home/Isaac/ros2_ws/install/serial_motor_demo_msgs/bin'
[10.692s] Level 1:colcon.colcon_core.environment:checking '/home/Isaac/ros2_ws/install/serial_motor_demo_msgs/lib/pkgconfig/serial_motor_demo_msgs.pc'
[10.694s] Level 1:colcon.colcon_core.environment:checking '/home/Isaac/ros2_ws/install/serial_motor_demo_msgs/lib/python3.10/site-packages'
[10.695s] Level 1:colcon.colcon_core.environment:checking '/home/Isaac/ros2_ws/install/serial_motor_demo_msgs/bin'
[10.702s] INFO:colcon.colcon_core.shell:Creating package script '/home/Isaac/ros2_ws/install/serial_motor_demo_msgs/share/serial_motor_demo_msgs/package.ps1'
[10.705s] INFO:colcon.colcon_core.shell:Creating package descriptor '/home/Isaac/ros2_ws/install/serial_motor_demo_msgs/share/serial_motor_demo_msgs/package.dsv'
[10.708s] INFO:colcon.colcon_core.shell:Creating package script '/home/Isaac/ros2_ws/install/serial_motor_demo_msgs/share/serial_motor_demo_msgs/package.sh'
[10.710s] INFO:colcon.colcon_core.shell:Creating package script '/home/Isaac/ros2_ws/install/serial_motor_demo_msgs/share/serial_motor_demo_msgs/package.bash'
[10.713s] INFO:colcon.colcon_core.shell:Creating package script '/home/Isaac/ros2_ws/install/serial_motor_demo_msgs/share/serial_motor_demo_msgs/package.zsh'
[10.715s] Level 1:colcon.colcon_core.environment:create_file_with_runtime_dependencies(/home/Isaac/ros2_ws/install/serial_motor_demo_msgs/share/colcon-core/packages/serial_motor_demo_msgs)
[10.720s] INFO:colcon.colcon_ros.task.ament_cmake.build:Building ROS package in '/home/Isaac/ros2_ws/src/serial' with build type 'ament_cmake'
[10.721s] INFO:colcon.colcon_cmake.task.cmake.build:Building CMake package in '/home/Isaac/ros2_ws/src/serial'
[10.728s] INFO:colcon.colcon_core.shell:Skip shell extension 'powershell' for command environment: Not usable outside of PowerShell
[10.728s] DEBUG:colcon.colcon_core.shell:Skip shell extension 'dsv' for command environment
[10.784s] DEBUG:colcon.colcon_core.event_handler.log_command:Invoking command in '/home/Isaac/ros2_ws/build/serial': CMAKE_PREFIX_PATH=${CMAKE_PREFIX_PATH}:/home/Isaac/ros2_ws/install/serial_motor_demo:/home/Isaac/ros2_ws/install/sample_package:/home/Isaac/ros2_ws/install/msgs:/home/Isaac/ros2_ws/install/autonomous_exploration:/opt/ros/humble /usr/bin/cmake --build /home/Isaac/ros2_ws/build/serial -- -j4 -l4
[11.630s] DEBUG:colcon.colcon_core.event_handler.log_command:Invoked command in '/home/Isaac/ros2_ws/build/serial' returned '0': CMAKE_PREFIX_PATH=${CMAKE_PREFIX_PATH}:/home/Isaac/ros2_ws/install/serial_motor_demo:/home/Isaac/ros2_ws/install/sample_package:/home/Isaac/ros2_ws/install/msgs:/home/Isaac/ros2_ws/install/autonomous_exploration:/opt/ros/humble /usr/bin/cmake --build /home/Isaac/ros2_ws/build/serial -- -j4 -l4
[11.793s] Level 1:colcon.colcon_core.environment:checking '/home/Isaac/ros2_ws/install/autonomous_exploration' for CMake module files
[11.794s] DEBUG:colcon.colcon_core.event_handler.log_command:Invoked command in '/home/Isaac/ros2_ws/src/autonomous_exploration' returned '0': PYTHONPATH=/home/Isaac/ros2_ws/build/autonomous_exploration/prefix_override:/home/Isaac/ros2_ws/install/autonomous_exploration/lib/python3.10/site-packages:${PYTHONPATH} /usr/bin/python3 setup.py egg_info --egg-base ../../build/autonomous_exploration build --build-base /home/Isaac/ros2_ws/build/autonomous_exploration/build install --record /home/Isaac/ros2_ws/build/autonomous_exploration/install.log --single-version-externally-managed
[11.799s] Level 1:colcon.colcon_core.environment:checking '/home/Isaac/ros2_ws/install/autonomous_exploration' for CMake config files
[11.806s] Level 1:colcon.colcon_core.environment:checking '/home/Isaac/ros2_ws/install/autonomous_exploration/lib'
[11.808s] Level 1:colcon.colcon_core.environment:checking '/home/Isaac/ros2_ws/install/autonomous_exploration/bin'
[11.809s] Level 1:colcon.colcon_core.environment:checking '/home/Isaac/ros2_ws/install/autonomous_exploration/lib/pkgconfig/autonomous_exploration.pc'
[11.812s] Level 1:colcon.colcon_core.environment:checking '/home/Isaac/ros2_ws/install/autonomous_exploration/lib/python3.10/site-packages'
[11.813s] Level 1:colcon.colcon_core.shell:create_environment_hook('autonomous_exploration', 'pythonpath')
[11.827s] INFO:colcon.colcon_core.shell:Creating environment hook '/home/Isaac/ros2_ws/install/autonomous_exploration/share/autonomous_exploration/hook/pythonpath.ps1'
[11.832s] INFO:colcon.colcon_core.shell:Creating environment descriptor '/home/Isaac/ros2_ws/install/autonomous_exploration/share/autonomous_exploration/hook/pythonpath.dsv'
[11.836s] INFO:colcon.colcon_core.shell:Creating environment hook '/home/Isaac/ros2_ws/install/autonomous_exploration/share/autonomous_exploration/hook/pythonpath.sh'
[11.841s] Level 1:colcon.colcon_core.environment:checking '/home/Isaac/ros2_ws/install/autonomous_exploration/bin'
[11.842s] Level 1:colcon.colcon_core.environment:create_environment_scripts_only(autonomous_exploration)
[11.855s] INFO:colcon.colcon_core.shell:Creating package script '/home/Isaac/ros2_ws/install/autonomous_exploration/share/autonomous_exploration/package.ps1'
[11.860s] INFO:colcon.colcon_core.shell:Creating package descriptor '/home/Isaac/ros2_ws/install/autonomous_exploration/share/autonomous_exploration/package.dsv'
[11.868s] INFO:colcon.colcon_core.shell:Creating package script '/home/Isaac/ros2_ws/install/autonomous_exploration/share/autonomous_exploration/package.sh'
[11.873s] INFO:colcon.colcon_core.shell:Creating package script '/home/Isaac/ros2_ws/install/autonomous_exploration/share/autonomous_exploration/package.bash'
[11.876s] INFO:colcon.colcon_core.shell:Creating package script '/home/Isaac/ros2_ws/install/autonomous_exploration/share/autonomous_exploration/package.zsh'
[11.881s] Level 1:colcon.colcon_core.environment:create_file_with_runtime_dependencies(/home/Isaac/ros2_ws/install/autonomous_exploration/share/colcon-core/packages/autonomous_exploration)
[11.890s] INFO:colcon.colcon_ros.task.ament_python.build:Building ROS package in '/home/Isaac/ros2_ws/src/serial_motor_demo/serial_motor_demo' with build type 'ament_python'
[11.893s] Level 1:colcon.colcon_core.shell:create_environment_hook('serial_motor_demo', 'ament_prefix_path')
[11.903s] INFO:colcon.colcon_core.shell:Creating environment hook '/home/Isaac/ros2_ws/install/serial_motor_demo/share/serial_motor_demo/hook/ament_prefix_path.ps1'
[11.907s] INFO:colcon.colcon_core.shell:Creating environment descriptor '/home/Isaac/ros2_ws/install/serial_motor_demo/share/serial_motor_demo/hook/ament_prefix_path.dsv'
[11.911s] INFO:colcon.colcon_core.shell:Creating environment hook '/home/Isaac/ros2_ws/install/serial_motor_demo/share/serial_motor_demo/hook/ament_prefix_path.sh'
[11.927s] INFO:colcon.colcon_core.shell:Skip shell extension 'powershell' for command environment: Not usable outside of PowerShell
[11.928s] DEBUG:colcon.colcon_core.shell:Skip shell extension 'dsv' for command environment
[11.982s] DEBUG:colcon.colcon_core.event_handler.log_command:Invoking command in '/home/Isaac/ros2_ws/build/serial': CMAKE_PREFIX_PATH=${CMAKE_PREFIX_PATH}:/home/Isaac/ros2_ws/install/serial_motor_demo:/home/Isaac/ros2_ws/install/sample_package:/home/Isaac/ros2_ws/install/msgs:/home/Isaac/ros2_ws/install/autonomous_exploration:/opt/ros/humble /usr/bin/cmake --install /home/Isaac/ros2_ws/build/serial
[12.000s] Level 1:colcon.colcon_core.environment:checking '/home/Isaac/ros2_ws/install/msgs' for CMake module files
[12.000s] DEBUG:colcon.colcon_core.event_handler.log_command:Invoked command in '/home/Isaac/ros2_ws/src/msgs' returned '0': PYTHONPATH=/home/Isaac/ros2_ws/build/msgs/prefix_override:/home/Isaac/ros2_ws/install/msgs/lib/python3.10/site-packages:${PYTHONPATH} /usr/bin/python3 setup.py egg_info --egg-base ../../build/msgs build --build-base /home/Isaac/ros2_ws/build/msgs/build install --record /home/Isaac/ros2_ws/build/msgs/install.log --single-version-externally-managed
[12.004s] Level 1:colcon.colcon_core.environment:checking '/home/Isaac/ros2_ws/install/msgs' for CMake config files
[12.009s] Level 1:colcon.colcon_core.environment:checking '/home/Isaac/ros2_ws/install/msgs/lib'
[12.010s] Level 1:colcon.colcon_core.environment:checking '/home/Isaac/ros2_ws/install/msgs/bin'
[12.011s] Level 1:colcon.colcon_core.environment:checking '/home/Isaac/ros2_ws/install/msgs/lib/pkgconfig/msgs.pc'
[12.012s] Level 1:colcon.colcon_core.environment:checking '/home/Isaac/ros2_ws/install/msgs/lib/python3.10/site-packages'
[12.012s] Level 1:colcon.colcon_core.shell:create_environment_hook('msgs', 'pythonpath')
[12.021s] INFO:colcon.colcon_core.shell:Creating environment hook '/home/Isaac/ros2_ws/install/msgs/share/msgs/hook/pythonpath.ps1'
[12.025s] INFO:colcon.colcon_core.shell:Creating environment descriptor '/home/Isaac/ros2_ws/install/msgs/share/msgs/hook/pythonpath.dsv'
[12.035s] INFO:colcon.colcon_core.shell:Creating environment hook '/home/Isaac/ros2_ws/install/msgs/share/msgs/hook/pythonpath.sh'
[12.047s] Level 1:colcon.colcon_core.environment:checking '/home/Isaac/ros2_ws/install/msgs/bin'
[12.049s] Level 1:colcon.colcon_core.environment:create_environment_scripts_only(msgs)
[12.062s] INFO:colcon.colcon_core.shell:Creating package script '/home/Isaac/ros2_ws/install/msgs/share/msgs/package.ps1'
[12.072s] INFO:colcon.colcon_core.shell:Creating package descriptor '/home/Isaac/ros2_ws/install/msgs/share/msgs/package.dsv'
[12.080s] INFO:colcon.colcon_core.shell:Creating package script '/home/Isaac/ros2_ws/install/msgs/share/msgs/package.sh'
[12.087s] INFO:colcon.colcon_core.shell:Creating package script '/home/Isaac/ros2_ws/install/msgs/share/msgs/package.bash'
[12.093s] INFO:colcon.colcon_core.shell:Creating package script '/home/Isaac/ros2_ws/install/msgs/share/msgs/package.zsh'
[12.096s] Level 1:colcon.colcon_core.environment:create_file_with_runtime_dependencies(/home/Isaac/ros2_ws/install/msgs/share/colcon-core/packages/msgs)
[13.333s] INFO:colcon.colcon_core.task.python.build:Building Python package in '/home/Isaac/ros2_ws/src/serial_motor_demo/serial_motor_demo'
[13.338s] INFO:colcon.colcon_core.shell:Skip shell extension 'powershell' for command environment: Not usable outside of PowerShell
[13.338s] DEBUG:colcon.colcon_core.shell:Skip shell extension 'dsv' for command environment
[13.369s] Level 1:colcon.colcon_core.environment:create_environment_scripts_only(serial)
[13.379s] Level 1:colcon.colcon_core.environment:checking '/home/Isaac/ros2_ws/install/serial' for CMake module files
[13.380s] DEBUG:colcon.colcon_core.event_handler.log_command:Invoked command in '/home/Isaac/ros2_ws/build/serial' returned '0': CMAKE_PREFIX_PATH=${CMAKE_PREFIX_PATH}:/home/Isaac/ros2_ws/install/serial_motor_demo:/home/Isaac/ros2_ws/install/sample_package:/home/Isaac/ros2_ws/install/msgs:/home/Isaac/ros2_ws/install/autonomous_exploration:/opt/ros/humble /usr/bin/cmake --install /home/Isaac/ros2_ws/build/serial
[13.383s] Level 1:colcon.colcon_core.environment:checking '/home/Isaac/ros2_ws/install/serial' for CMake config files
[13.386s] Level 1:colcon.colcon_core.shell:create_environment_hook('serial', 'cmake_prefix_path')
[13.391s] INFO:colcon.colcon_core.shell:Creating environment hook '/home/Isaac/ros2_ws/install/serial/share/serial/hook/cmake_prefix_path.ps1'
[13.393s] INFO:colcon.colcon_core.shell:Creating environment descriptor '/home/Isaac/ros2_ws/install/serial/share/serial/hook/cmake_prefix_path.dsv'
[13.395s] INFO:colcon.colcon_core.shell:Creating environment hook '/home/Isaac/ros2_ws/install/serial/share/serial/hook/cmake_prefix_path.sh'
[13.397s] Level 1:colcon.colcon_core.environment:checking '/home/Isaac/ros2_ws/install/serial/lib'
[13.398s] Level 1:colcon.colcon_core.environment:checking '/home/Isaac/ros2_ws/install/serial/bin'
[13.398s] Level 1:colcon.colcon_core.environment:checking '/home/Isaac/ros2_ws/install/serial/lib/pkgconfig/serial.pc'
[13.399s] Level 1:colcon.colcon_core.environment:checking '/home/Isaac/ros2_ws/install/serial/lib/python3.10/site-packages'
[13.400s] Level 1:colcon.colcon_core.environment:checking '/home/Isaac/ros2_ws/install/serial/bin'
[13.405s] INFO:colcon.colcon_core.shell:Creating package script '/home/Isaac/ros2_ws/install/serial/share/serial/package.ps1'
[13.407s] INFO:colcon.colcon_core.shell:Creating package descriptor '/home/Isaac/ros2_ws/install/serial/share/serial/package.dsv'
[13.409s] INFO:colcon.colcon_core.shell:Creating package script '/home/Isaac/ros2_ws/install/serial/share/serial/package.sh'
[13.410s] INFO:colcon.colcon_core.shell:Creating package script '/home/Isaac/ros2_ws/install/serial/share/serial/package.bash'
[13.412s] INFO:colcon.colcon_core.shell:Creating package script '/home/Isaac/ros2_ws/install/serial/share/serial/package.zsh'
[13.414s] Level 1:colcon.colcon_core.environment:create_file_with_runtime_dependencies(/home/Isaac/ros2_ws/install/serial/share/colcon-core/packages/serial)
[13.433s] DEBUG:colcon.colcon_core.event_handler.log_command:Invoking command in '/home/Isaac/ros2_ws/src/sample_package': PYTHONPATH=/home/Isaac/ros2_ws/build/sample_package/prefix_override:/home/Isaac/ros2_ws/install/sample_package/lib/python3.10/site-packages:${PYTHONPATH} /usr/bin/python3 setup.py egg_info --egg-base ../../build/sample_package build --build-base /home/Isaac/ros2_ws/build/sample_package/build install --record /home/Isaac/ros2_ws/build/sample_package/install.log --single-version-externally-managed
[13.634s] Level 1:colcon.colcon_core.environment:create_environment_scripts_only(serial)
[13.643s] Level 1:colcon.colcon_core.environment:checking '/home/Isaac/ros2_ws/install/serial' for CMake module files
[13.646s] Level 1:colcon.colcon_core.environment:checking '/home/Isaac/ros2_ws/install/serial' for CMake config files
[13.651s] Level 1:colcon.colcon_core.shell:create_environment_hook('serial', 'cmake_prefix_path')
[13.658s] INFO:colcon.colcon_core.shell:Creating environment hook '/home/Isaac/ros2_ws/install/serial/share/serial/hook/cmake_prefix_path.ps1'
[13.660s] INFO:colcon.colcon_core.shell:Creating environment descriptor '/home/Isaac/ros2_ws/install/serial/share/serial/hook/cmake_prefix_path.dsv'
[13.662s] INFO:colcon.colcon_core.shell:Creating environment hook '/home/Isaac/ros2_ws/install/serial/share/serial/hook/cmake_prefix_path.sh'
[13.665s] Level 1:colcon.colcon_core.environment:checking '/home/Isaac/ros2_ws/install/serial/lib'
[13.666s] Level 1:colcon.colcon_core.environment:checking '/home/Isaac/ros2_ws/install/serial/bin'
[13.667s] Level 1:colcon.colcon_core.environment:checking '/home/Isaac/ros2_ws/install/serial/lib/pkgconfig/serial.pc'
[13.668s] Level 1:colcon.colcon_core.environment:checking '/home/Isaac/ros2_ws/install/serial/lib/python3.10/site-packages'
[13.670s] Level 1:colcon.colcon_core.environment:checking '/home/Isaac/ros2_ws/install/serial/bin'
[13.678s] INFO:colcon.colcon_core.shell:Creating package script '/home/Isaac/ros2_ws/install/serial/share/serial/package.ps1'
[13.680s] INFO:colcon.colcon_core.shell:Creating package descriptor '/home/Isaac/ros2_ws/install/serial/share/serial/package.dsv'
[13.683s] INFO:colcon.colcon_core.shell:Creating package script '/home/Isaac/ros2_ws/install/serial/share/serial/package.sh'
[13.687s] INFO:colcon.colcon_core.shell:Creating package script '/home/Isaac/ros2_ws/install/serial/share/serial/package.bash'
[13.689s] INFO:colcon.colcon_core.shell:Creating package script '/home/Isaac/ros2_ws/install/serial/share/serial/package.zsh'
[13.692s] Level 1:colcon.colcon_core.environment:create_file_with_runtime_dependencies(/home/Isaac/ros2_ws/install/serial/share/colcon-core/packages/serial)
[15.021s] Level 1:colcon.colcon_core.environment:checking '/home/Isaac/ros2_ws/install/sample_package' for CMake module files
[15.022s] DEBUG:colcon.colcon_core.event_handler.log_command:Invoked command in '/home/Isaac/ros2_ws/src/sample_package' returned '0': PYTHONPATH=/home/Isaac/ros2_ws/build/sample_package/prefix_override:/home/Isaac/ros2_ws/install/sample_package/lib/python3.10/site-packages:${PYTHONPATH} /usr/bin/python3 setup.py egg_info --egg-base ../../build/sample_package build --build-base /home/Isaac/ros2_ws/build/sample_package/build install --record /home/Isaac/ros2_ws/build/sample_package/install.log --single-version-externally-managed
[15.024s] Level 1:colcon.colcon_core.environment:checking '/home/Isaac/ros2_ws/install/sample_package' for CMake config files
[15.028s] Level 1:colcon.colcon_core.environment:checking '/home/Isaac/ros2_ws/install/sample_package/lib'
[15.028s] Level 1:colcon.colcon_core.environment:checking '/home/Isaac/ros2_ws/install/sample_package/bin'
[15.028s] Level 1:colcon.colcon_core.environment:checking '/home/Isaac/ros2_ws/install/sample_package/lib/pkgconfig/sample_package.pc'
[15.029s] Level 1:colcon.colcon_core.environment:checking '/home/Isaac/ros2_ws/install/sample_package/lib/python3.10/site-packages'
[15.030s] Level 1:colcon.colcon_core.shell:create_environment_hook('sample_package', 'pythonpath')
[15.035s] INFO:colcon.colcon_core.shell:Creating environment hook '/home/Isaac/ros2_ws/install/sample_package/share/sample_package/hook/pythonpath.ps1'
[15.037s] INFO:colcon.colcon_core.shell:Creating environment descriptor '/home/Isaac/ros2_ws/install/sample_package/share/sample_package/hook/pythonpath.dsv'
[15.039s] INFO:colcon.colcon_core.shell:Creating environment hook '/home/Isaac/ros2_ws/install/sample_package/share/sample_package/hook/pythonpath.sh'
[15.042s] Level 1:colcon.colcon_core.environment:checking '/home/Isaac/ros2_ws/install/sample_package/bin'
[15.042s] Level 1:colcon.colcon_core.environment:create_environment_scripts_only(sample_package)
[15.048s] INFO:colcon.colcon_core.shell:Creating package script '/home/Isaac/ros2_ws/install/sample_package/share/sample_package/package.ps1'
[15.051s] INFO:colcon.colcon_core.shell:Creating package descriptor '/home/Isaac/ros2_ws/install/sample_package/share/sample_package/package.dsv'
[15.053s] INFO:colcon.colcon_core.shell:Creating package script '/home/Isaac/ros2_ws/install/sample_package/share/sample_package/package.sh'
[15.055s] INFO:colcon.colcon_core.shell:Creating package script '/home/Isaac/ros2_ws/install/sample_package/share/sample_package/package.bash'
[15.057s] INFO:colcon.colcon_core.shell:Creating package script '/home/Isaac/ros2_ws/install/sample_package/share/sample_package/package.zsh'
[15.059s] Level 1:colcon.colcon_core.environment:create_file_with_runtime_dependencies(/home/Isaac/ros2_ws/install/sample_package/share/colcon-core/packages/sample_package)
[15.322s] DEBUG:colcon.colcon_core.event_handler.log_command:Invoking command in '/home/Isaac/ros2_ws/src/serial_motor_demo/serial_motor_demo': PYTHONPATH=/home/Isaac/ros2_ws/build/serial_motor_demo/prefix_override:/home/Isaac/ros2_ws/install/serial_motor_demo/lib/python3.10/site-packages:${PYTHONPATH} /usr/bin/python3 setup.py egg_info --egg-base ../../../build/serial_motor_demo build --build-base /home/Isaac/ros2_ws/build/serial_motor_demo/build install --record /home/Isaac/ros2_ws/build/serial_motor_demo/install.log --install-scripts $base/lib/serial_motor_demo --single-version-externally-managed
[16.690s] Level 1:colcon.colcon_core.environment:checking '/home/Isaac/ros2_ws/install/serial_motor_demo' for CMake module files
[16.691s] DEBUG:colcon.colcon_core.event_handler.log_command:Invoked command in '/home/Isaac/ros2_ws/src/serial_motor_demo/serial_motor_demo' returned '0': PYTHONPATH=/home/Isaac/ros2_ws/build/serial_motor_demo/prefix_override:/home/Isaac/ros2_ws/install/serial_motor_demo/lib/python3.10/site-packages:${PYTHONPATH} /usr/bin/python3 setup.py egg_info --egg-base ../../../build/serial_motor_demo build --build-base /home/Isaac/ros2_ws/build/serial_motor_demo/build install --record /home/Isaac/ros2_ws/build/serial_motor_demo/install.log --install-scripts $base/lib/serial_motor_demo --single-version-externally-managed
[16.693s] Level 1:colcon.colcon_core.environment:checking '/home/Isaac/ros2_ws/install/serial_motor_demo' for CMake config files
[16.696s] Level 1:colcon.colcon_core.environment:checking '/home/Isaac/ros2_ws/install/serial_motor_demo/lib'
[16.697s] Level 1:colcon.colcon_core.environment:checking '/home/Isaac/ros2_ws/install/serial_motor_demo/bin'
[16.697s] Level 1:colcon.colcon_core.environment:checking '/home/Isaac/ros2_ws/install/serial_motor_demo/lib/pkgconfig/serial_motor_demo.pc'
[16.698s] Level 1:colcon.colcon_core.environment:checking '/home/Isaac/ros2_ws/install/serial_motor_demo/lib/python3.10/site-packages'
[16.698s] Level 1:colcon.colcon_core.shell:create_environment_hook('serial_motor_demo', 'pythonpath')
[16.703s] INFO:colcon.colcon_core.shell:Creating environment hook '/home/Isaac/ros2_ws/install/serial_motor_demo/share/serial_motor_demo/hook/pythonpath.ps1'
[16.705s] INFO:colcon.colcon_core.shell:Creating environment descriptor '/home/Isaac/ros2_ws/install/serial_motor_demo/share/serial_motor_demo/hook/pythonpath.dsv'
[16.707s] INFO:colcon.colcon_core.shell:Creating environment hook '/home/Isaac/ros2_ws/install/serial_motor_demo/share/serial_motor_demo/hook/pythonpath.sh'
[16.709s] Level 1:colcon.colcon_core.environment:checking '/home/Isaac/ros2_ws/install/serial_motor_demo/bin'
[16.709s] Level 1:colcon.colcon_core.environment:create_environment_scripts_only(serial_motor_demo)
[16.715s] INFO:colcon.colcon_core.shell:Creating package script '/home/Isaac/ros2_ws/install/serial_motor_demo/share/serial_motor_demo/package.ps1'
[16.718s] INFO:colcon.colcon_core.shell:Creating package descriptor '/home/Isaac/ros2_ws/install/serial_motor_demo/share/serial_motor_demo/package.dsv'
[16.720s] INFO:colcon.colcon_core.shell:Creating package script '/home/Isaac/ros2_ws/install/serial_motor_demo/share/serial_motor_demo/package.sh'
[16.722s] INFO:colcon.colcon_core.shell:Creating package script '/home/Isaac/ros2_ws/install/serial_motor_demo/share/serial_motor_demo/package.bash'
[16.723s] INFO:colcon.colcon_core.shell:Creating package script '/home/Isaac/ros2_ws/install/serial_motor_demo/share/serial_motor_demo/package.zsh'
[16.725s] Level 1:colcon.colcon_core.environment:create_file_with_runtime_dependencies(/home/Isaac/ros2_ws/install/serial_motor_demo/share/colcon-core/packages/serial_motor_demo)
[16.726s] DEBUG:colcon.colcon_parallel_executor.executor.parallel:closing loop
[16.727s] DEBUG:colcon.colcon_parallel_executor.executor.parallel:loop closed
[16.728s] DEBUG:colcon.colcon_parallel_executor.executor.parallel:run_until_complete finished with '0'
[16.728s] DEBUG:colcon.colcon_core.event_reactor:joining thread
[16.757s] INFO:colcon.colcon_core.plugin_system:Skipping extension 'colcon_notification.desktop_notification.notify_send': Could not find 'notify-send'
[16.758s] INFO:colcon.colcon_core.plugin_system:Skipping extension 'colcon_notification.desktop_notification.terminal_notifier': Not used on non-Darwin systems
[16.758s] INFO:colcon.colcon_core.plugin_system:Skipping extension 'colcon_notification.desktop_notification.win32': Not used on non-Windows systems
[16.758s] INFO:colcon.colcon_notification.desktop_notification:Sending desktop notification using 'notify2'
[16.761s] DEBUG:colcon.colcon_notification.desktop_notification.notify2:Failed to initialize notify2: org.freedesktop.DBus.Error.ServiceUnknown: The name org.freedesktop.Notifications was not provided by any .service files
[16.762s] DEBUG:colcon.colcon_core.event_reactor:joined thread
[16.767s] INFO:colcon.colcon_core.shell:Creating prefix script '/home/Isaac/ros2_ws/install/local_setup.ps1'
[16.772s] INFO:colcon.colcon_core.shell:Creating prefix util module '/home/Isaac/ros2_ws/install/_local_setup_util_ps1.py'
[16.779s] INFO:colcon.colcon_core.shell:Creating prefix chain script '/home/Isaac/ros2_ws/install/setup.ps1'
[16.787s] INFO:colcon.colcon_core.shell:Creating prefix script '/home/Isaac/ros2_ws/install/local_setup.sh'
[16.790s] INFO:colcon.colcon_core.shell:Creating prefix util module '/home/Isaac/ros2_ws/install/_local_setup_util_sh.py'
[16.792s] INFO:colcon.colcon_core.shell:Creating prefix chain script '/home/Isaac/ros2_ws/install/setup.sh'
[16.801s] INFO:colcon.colcon_core.shell:Creating prefix script '/home/Isaac/ros2_ws/install/local_setup.bash'
[16.803s] INFO:colcon.colcon_core.shell:Creating prefix chain script '/home/Isaac/ros2_ws/install/setup.bash'
[16.811s] INFO:colcon.colcon_core.shell:Creating prefix script '/home/Isaac/ros2_ws/install/local_setup.zsh'
[16.814s] INFO:colcon.colcon_core.shell:Creating prefix chain script '/home/Isaac/ros2_ws/install/setup.zsh'
