[4.075s] Invoking command in '/home/tony_stark/ros2_ws/src/navigation_module': PYTHONPATH=/home/tony_stark/ros2_ws/build/navigation_module/prefix_override:/home/tony_stark/ros2_ws/install/navigation_module/lib/python3.10/site-packages:${PYTHONPATH} /usr/bin/python3 setup.py egg_info --egg-base ../../build/navigation_module build --build-base /home/tony_stark/ros2_ws/build/navigation_module/build install --record /home/tony_stark/ros2_ws/build/navigation_module/install.log --single-version-externally-managed
[5.239s] running egg_info
[5.330s] writing ../../build/navigation_module/navigation_module.egg-info/PKG-INFO
[5.331s] writing dependency_links to ../../build/navigation_module/navigation_module.egg-info/dependency_links.txt
[5.333s] writing requirements to ../../build/navigation_module/navigation_module.egg-info/requires.txt
[5.333s] writing top-level names to ../../build/navigation_module/navigation_module.egg-info/top_level.txt
[5.501s] reading manifest file '../../build/navigation_module/navigation_module.egg-info/SOURCES.txt'
[5.507s] writing manifest file '../../build/navigation_module/navigation_module.egg-info/SOURCES.txt'
[5.508s] running build
[5.508s] running build_py
[5.510s] running install
[5.511s] /home/tony_stark/.local/lib/python3.10/site-packages/setuptools/_distutils/cmd.py:66: SetuptoolsDeprecationWarning: setup.py install is deprecated.
[5.512s] !!
[5.512s] 
[5.512s]         ********************************************************************************
[5.513s]         Please avoid running ``setup.py`` directly.
[5.513s]         Instead, use pypa/build, pypa/installer, pypa/build or
[5.513s]         other standards-based tools.
[5.513s] 
[5.514s]         See https://blog.ganssle.io/articles/2021/10/setup-py-deprecated.html for details.
[5.514s]         ********************************************************************************
[5.514s] 
[5.515s] !!
[5.515s]   self.initialize_options()
[5.542s] running install_lib
[5.625s] running install_data
[5.709s] error: can't copy 'worlds/Untitled': doesn't exist or not a regular file
[5.813s] Invoked command in '/home/tony_stark/ros2_ws/src/navigation_module' returned '1': PYTHONPATH=/home/tony_stark/ros2_ws/build/navigation_module/prefix_override:/home/tony_stark/ros2_ws/install/navigation_module/lib/python3.10/site-packages:${PYTHONPATH} /usr/bin/python3 setup.py egg_info --egg-base ../../build/navigation_module build --build-base /home/tony_stark/ros2_ws/build/navigation_module/build install --record /home/tony_stark/ros2_ws/build/navigation_module/install.log --single-version-externally-managed
