[2.424s] Invoking command in '/home/tony_stark/ros2_ws/src/navigation_module': PYTHONPATH=/home/tony_stark/ros2_ws/build/navigation_module/prefix_override:/home/tony_stark/ros2_ws/install/navigation_module/lib/python3.10/site-packages:${PYTHONPATH} /usr/bin/python3 setup.py egg_info --egg-base ../../build/navigation_module build --build-base /home/tony_stark/ros2_ws/build/navigation_module/build install --record /home/tony_stark/ros2_ws/build/navigation_module/install.log --single-version-externally-managed
[3.163s] running egg_info
[3.167s] writing ../../build/navigation_module/navigation_module.egg-info/PKG-INFO
[3.169s] writing dependency_links to ../../build/navigation_module/navigation_module.egg-info/dependency_links.txt
[3.170s] writing entry points to ../../build/navigation_module/navigation_module.egg-info/entry_points.txt
[3.171s] writing requirements to ../../build/navigation_module/navigation_module.egg-info/requires.txt
[3.172s] writing top-level names to ../../build/navigation_module/navigation_module.egg-info/top_level.txt
[3.179s] reading manifest file '../../build/navigation_module/navigation_module.egg-info/SOURCES.txt'
[3.183s] writing manifest file '../../build/navigation_module/navigation_module.egg-info/SOURCES.txt'
[3.184s] running build
[3.184s] running build_py
[3.185s] running install
[3.190s] running install_lib
[3.193s] running install_data
[3.195s] copying launch/houselaunch.py -> /home/tony_stark/ros2_ws/install/navigation_module/share/navigation_module
[3.197s] running install_egg_info
[3.201s] removing '/home/tony_stark/ros2_ws/install/navigation_module/lib/python3.10/site-packages/navigation_module-0.0.0-py3.10.egg-info' (and everything under it)
[3.202s] Copying ../../build/navigation_module/navigation_module.egg-info to /home/tony_stark/ros2_ws/install/navigation_module/lib/python3.10/site-packages/navigation_module-0.0.0-py3.10.egg-info
[3.207s] running install_scripts
[3.265s] writing list of installed files to '/home/tony_stark/ros2_ws/build/navigation_module/install.log'
[3.392s] Invoked command in '/home/tony_stark/ros2_ws/src/navigation_module' returned '0': PYTHONPATH=/home/tony_stark/ros2_ws/build/navigation_module/prefix_override:/home/tony_stark/ros2_ws/install/navigation_module/lib/python3.10/site-packages:${PYTHONPATH} /usr/bin/python3 setup.py egg_info --egg-base ../../build/navigation_module build --build-base /home/tony_stark/ros2_ws/build/navigation_module/build install --record /home/tony_stark/ros2_ws/build/navigation_module/install.log --single-version-externally-managed
