[3.427s] Invoking command in '/home/Isaac/ros2_ws/src/serial_motor_demo/serial_motor_demo': PYTHONPATH=/home/Isaac/ros2_ws/build/serial_motor_demo/prefix_override:/home/Isaac/ros2_ws/install/serial_motor_demo/lib/python3.10/site-packages:${PYTHONPATH} /usr/bin/python3 setup.py egg_info --egg-base ../../../build/serial_motor_demo build --build-base /home/Isaac/ros2_ws/build/serial_motor_demo/build install --record /home/Isaac/ros2_ws/build/serial_motor_demo/install.log --install-scripts $base/lib/serial_motor_demo --single-version-externally-managed
[4.496s] /usr/lib/python3/dist-packages/setuptools/dist.py:723: UserWarning: Usage of dash-separated 'script-dir' will not be supported in future versions. Please use the underscore name 'script_dir' instead
[4.497s]   warnings.warn(
[4.528s] running egg_info
[4.531s] writing ../../../build/serial_motor_demo/serial_motor_demo.egg-info/PKG-INFO
[4.532s] writing dependency_links to ../../../build/serial_motor_demo/serial_motor_demo.egg-info/dependency_links.txt
[4.533s] writing entry points to ../../../build/serial_motor_demo/serial_motor_demo.egg-info/entry_points.txt
[4.534s] writing requirements to ../../../build/serial_motor_demo/serial_motor_demo.egg-info/requires.txt
[4.534s] writing top-level names to ../../../build/serial_motor_demo/serial_motor_demo.egg-info/top_level.txt
[4.543s] reading manifest file '../../../build/serial_motor_demo/serial_motor_demo.egg-info/SOURCES.txt'
[4.546s] writing manifest file '../../../build/serial_motor_demo/serial_motor_demo.egg-info/SOURCES.txt'
[4.547s] running build
[4.547s] running build_py
[4.549s] running install
[4.549s] /usr/lib/python3/dist-packages/setuptools/command/install.py:34: SetuptoolsDeprecationWarning: setup.py install is deprecated. Use build and pip and other standards-based tools.
[4.550s]   warnings.warn(
[4.551s] running install_lib
[4.556s] running install_data
[4.559s] running install_egg_info
[4.565s] removing '/home/Isaac/ros2_ws/install/serial_motor_demo/lib/python3.10/site-packages/serial_motor_demo-0.0.0-py3.10.egg-info' (and everything under it)
[4.567s] Copying ../../../build/serial_motor_demo/serial_motor_demo.egg-info to /home/Isaac/ros2_ws/install/serial_motor_demo/lib/python3.10/site-packages/serial_motor_demo-0.0.0-py3.10.egg-info
[4.572s] running install_scripts
[4.652s] Installing driver script to /home/Isaac/ros2_ws/install/serial_motor_demo/lib/serial_motor_demo
[4.653s] Installing gui script to /home/Isaac/ros2_ws/install/serial_motor_demo/lib/serial_motor_demo
[4.655s] writing list of installed files to '/home/Isaac/ros2_ws/build/serial_motor_demo/install.log'
[4.779s] Invoked command in '/home/Isaac/ros2_ws/src/serial_motor_demo/serial_motor_demo' returned '0': PYTHONPATH=/home/Isaac/ros2_ws/build/serial_motor_demo/prefix_override:/home/Isaac/ros2_ws/install/serial_motor_demo/lib/python3.10/site-packages:${PYTHONPATH} /usr/bin/python3 setup.py egg_info --egg-base ../../../build/serial_motor_demo build --build-base /home/Isaac/ros2_ws/build/serial_motor_demo/build install --record /home/Isaac/ros2_ws/build/serial_motor_demo/install.log --install-scripts $base/lib/serial_motor_demo --single-version-externally-managed
