[1.456s] Invoking command in '/home/tony_stark/ros2_ws/src/sample_package': PYTHONPATH=/home/tony_stark/ros2_ws/build/sample_package/prefix_override:/home/tony_stark/ros2_ws/install/sample_package/lib/python3.10/site-packages:${PYTHONPATH} /usr/bin/python3 setup.py egg_info --egg-base ../../build/sample_package build --build-base /home/tony_stark/ros2_ws/build/sample_package/build install --record /home/tony_stark/ros2_ws/build/sample_package/install.log --single-version-externally-managed
[1.947s] running egg_info
[1.950s] writing ../../build/sample_package/sample_package.egg-info/PKG-INFO
[1.950s] writing dependency_links to ../../build/sample_package/sample_package.egg-info/dependency_links.txt
[1.951s] writing entry points to ../../build/sample_package/sample_package.egg-info/entry_points.txt
[1.951s] writing requirements to ../../build/sample_package/sample_package.egg-info/requires.txt
[1.952s] writing top-level names to ../../build/sample_package/sample_package.egg-info/top_level.txt
[1.955s] reading manifest file '../../build/sample_package/sample_package.egg-info/SOURCES.txt'
[1.981s] writing manifest file '../../build/sample_package/sample_package.egg-info/SOURCES.txt'
[1.983s] running build
[1.983s] running build_py
[1.984s] running install
[1.984s] running install_lib
[1.987s] running install_data
[1.989s] running install_egg_info
[1.991s] removing '/home/tony_stark/ros2_ws/install/sample_package/lib/python3.10/site-packages/sample_package-0.0.0-py3.10.egg-info' (and everything under it)
[1.992s] Copying ../../build/sample_package/sample_package.egg-info to /home/tony_stark/ros2_ws/install/sample_package/lib/python3.10/site-packages/sample_package-0.0.0-py3.10.egg-info
[1.993s] running install_scripts
[2.031s] Installing fan_sub script to /home/tony_stark/ros2_ws/install/sample_package/lib/sample_package
[2.032s] Installing process script to /home/tony_stark/ros2_ws/install/sample_package/lib/sample_package
[2.032s] Installing senpub script to /home/tony_stark/ros2_ws/install/sample_package/lib/sample_package
[2.033s] Installing talk script to /home/tony_stark/ros2_ws/install/sample_package/lib/sample_package
[2.033s] writing list of installed files to '/home/tony_stark/ros2_ws/build/sample_package/install.log'
[2.110s] Invoked command in '/home/tony_stark/ros2_ws/src/sample_package' returned '0': PYTHONPATH=/home/tony_stark/ros2_ws/build/sample_package/prefix_override:/home/tony_stark/ros2_ws/install/sample_package/lib/python3.10/site-packages:${PYTHONPATH} /usr/bin/python3 setup.py egg_info --egg-base ../../build/sample_package build --build-base /home/tony_stark/ros2_ws/build/sample_package/build install --record /home/tony_stark/ros2_ws/build/sample_package/install.log --single-version-externally-managed
