[0.062s] Invoking command in '/home/Isaac/ros2_ws/build/serial': CMAKE_PREFIX_PATH=${CMAKE_PREFIX_PATH}:/home/Isaac/ros2_ws/install/serial_motor_demo:/home/Isaac/ros2_ws/install/sample_package:/home/Isaac/ros2_ws/install/msgs:/home/Isaac/ros2_ws/install/autonomous_exploration:/opt/ros/humble /usr/bin/cmake --build /home/Isaac/ros2_ws/build/serial -- -j4 -l4
[0.489s] [ 14%] Built target gtest_main
[0.493s] [ 42%] Built target serial
[0.513s] [ 57%] Built target gtest
[0.712s] [ 71%] Built target serial_example
[0.811s] [ 85%] Built target serial-test-timer
[1.301s] [100%] Built target serial-test
[1.362s] Invoked command in '/home/Isaac/ros2_ws/build/serial' returned '0': CMAKE_PREFIX_PATH=${CMAKE_PREFIX_PATH}:/home/Isaac/ros2_ws/install/serial_motor_demo:/home/Isaac/ros2_ws/install/sample_package:/home/Isaac/ros2_ws/install/msgs:/home/Isaac/ros2_ws/install/autonomous_exploration:/opt/ros/humble /usr/bin/cmake --build /home/Isaac/ros2_ws/build/serial -- -j4 -l4
[1.863s] Invoking command in '/home/Isaac/ros2_ws/build/serial': CMAKE_PREFIX_PATH=${CMAKE_PREFIX_PATH}:/home/Isaac/ros2_ws/install/serial_motor_demo:/home/Isaac/ros2_ws/install/sample_package:/home/Isaac/ros2_ws/install/msgs:/home/Isaac/ros2_ws/install/autonomous_exploration:/opt/ros/humble /usr/bin/cmake --install /home/Isaac/ros2_ws/build/serial
[1.896s] -- Install configuration: ""
[1.897s] -- Up-to-date: /home/Isaac/ros2_ws/install/serial/lib/libserial.a
[1.898s] -- Up-to-date: /home/Isaac/ros2_ws/install/serial/include/serial/serial.h
[1.899s] -- Up-to-date: /home/Isaac/ros2_ws/install/serial/include/serial/v8stdint.h
[1.899s] -- Up-to-date: /home/Isaac/ros2_ws/install/serial/share/serial/environment/library_path.sh
[1.900s] -- Up-to-date: /home/Isaac/ros2_ws/install/serial/share/serial/environment/library_path.dsv
[1.900s] -- Up-to-date: /home/Isaac/ros2_ws/install/serial/share/ament_index/resource_index/package_run_dependencies/serial
[1.902s] -- Up-to-date: /home/Isaac/ros2_ws/install/serial/share/ament_index/resource_index/parent_prefix_path/serial
[1.903s] -- Up-to-date: /home/Isaac/ros2_ws/install/serial/share/serial/environment/ament_prefix_path.sh
[1.904s] -- Up-to-date: /home/Isaac/ros2_ws/install/serial/share/serial/environment/ament_prefix_path.dsv
[1.905s] -- Up-to-date: /home/Isaac/ros2_ws/install/serial/share/serial/environment/path.sh
[1.905s] -- Up-to-date: /home/Isaac/ros2_ws/install/serial/share/serial/environment/path.dsv
[1.906s] -- Up-to-date: /home/Isaac/ros2_ws/install/serial/share/serial/local_setup.bash
[1.907s] -- Up-to-date: /home/Isaac/ros2_ws/install/serial/share/serial/local_setup.sh
[1.907s] -- Up-to-date: /home/Isaac/ros2_ws/install/serial/share/serial/local_setup.zsh
[1.908s] -- Up-to-date: /home/Isaac/ros2_ws/install/serial/share/serial/local_setup.dsv
[1.909s] -- Installing: /home/Isaac/ros2_ws/install/serial/share/serial/package.dsv
[1.911s] -- Up-to-date: /home/Isaac/ros2_ws/install/serial/share/ament_index/resource_index/packages/serial
[1.913s] -- Up-to-date: /home/Isaac/ros2_ws/install/serial/share/serial/cmake/ament_cmake_export_include_directories-extras.cmake
[1.914s] -- Up-to-date: /home/Isaac/ros2_ws/install/serial/share/serial/cmake/ament_cmake_export_libraries-extras.cmake
[1.914s] -- Up-to-date: /home/Isaac/ros2_ws/install/serial/share/serial/cmake/serialConfig.cmake
[1.915s] -- Up-to-date: /home/Isaac/ros2_ws/install/serial/share/serial/cmake/serialConfig-version.cmake
[1.916s] -- Up-to-date: /home/Isaac/ros2_ws/install/serial/share/serial/package.xml
[3.327s] Invoked command in '/home/Isaac/ros2_ws/build/serial' returned '0': CMAKE_PREFIX_PATH=${CMAKE_PREFIX_PATH}:/home/Isaac/ros2_ws/install/serial_motor_demo:/home/Isaac/ros2_ws/install/sample_package:/home/Isaac/ros2_ws/install/msgs:/home/Isaac/ros2_ws/install/autonomous_exploration:/opt/ros/humble /usr/bin/cmake --install /home/Isaac/ros2_ws/build/serial
