[5.668s] Invoking command in '/home/Isaac/ros2_ws/src/sample_package': PYTHONPATH=/home/Isaac/ros2_ws/build/sample_package/prefix_override:/home/Isaac/ros2_ws/install/sample_package/lib/python3.10/site-packages:${PYTHONPATH} /usr/bin/python3 setup.py egg_info --egg-base ../../build/sample_package build --build-base /home/Isaac/ros2_ws/build/sample_package/build install --record /home/Isaac/ros2_ws/build/sample_package/install.log --single-version-externally-managed
[6.969s] running egg_info
[6.972s] writing ../../build/sample_package/sample_package.egg-info/PKG-INFO
[6.973s] writing dependency_links to ../../build/sample_package/sample_package.egg-info/dependency_links.txt
[6.975s] writing entry points to ../../build/sample_package/sample_package.egg-info/entry_points.txt
[6.975s] writing requirements to ../../build/sample_package/sample_package.egg-info/requires.txt
[6.976s] writing top-level names to ../../build/sample_package/sample_package.egg-info/top_level.txt
[6.986s] reading manifest file '../../build/sample_package/sample_package.egg-info/SOURCES.txt'
[6.990s] writing manifest file '../../build/sample_package/sample_package.egg-info/SOURCES.txt'
[6.991s] running build
[6.991s] running build_py
[6.995s] running install
[6.996s] /usr/lib/python3/dist-packages/setuptools/command/install.py:34: SetuptoolsDeprecationWarning: setup.py install is deprecated. Use build and pip and other standards-based tools.
[6.996s]   warnings.warn(
[6.997s] running install_lib
[7.004s] running install_data
[7.007s] running install_egg_info
[7.016s] removing '/home/Isaac/ros2_ws/install/sample_package/lib/python3.10/site-packages/sample_package-0.0.0-py3.10.egg-info' (and everything under it)
[7.019s] Copying ../../build/sample_package/sample_package.egg-info to /home/Isaac/ros2_ws/install/sample_package/lib/python3.10/site-packages/sample_package-0.0.0-py3.10.egg-info
[7.025s] running install_scripts
[7.115s] Installing fan_sub script to /home/Isaac/ros2_ws/install/sample_package/lib/sample_package
[7.116s] Installing process script to /home/Isaac/ros2_ws/install/sample_package/lib/sample_package
[7.117s] Installing senpub script to /home/Isaac/ros2_ws/install/sample_package/lib/sample_package
[7.118s] Installing talk script to /home/Isaac/ros2_ws/install/sample_package/lib/sample_package
[7.122s] writing list of installed files to '/home/Isaac/ros2_ws/build/sample_package/install.log'
[7.256s] Invoked command in '/home/Isaac/ros2_ws/src/sample_package' returned '0': PYTHONPATH=/home/Isaac/ros2_ws/build/sample_package/prefix_override:/home/Isaac/ros2_ws/install/sample_package/lib/python3.10/site-packages:${PYTHONPATH} /usr/bin/python3 setup.py egg_info --egg-base ../../build/sample_package build --build-base /home/Isaac/ros2_ws/build/sample_package/build install --record /home/Isaac/ros2_ws/build/sample_package/install.log --single-version-externally-managed
