[2.443s] Invoking command in '/home/tony_stark/ros2_ws/src/autonomous_exploration': PYTHONPATH=/home/tony_stark/ros2_ws/build/autonomous_exploration/prefix_override:/home/tony_stark/ros2_ws/install/autonomous_exploration/lib/python3.10/site-packages:${PYTHONPATH} /usr/bin/python3 setup.py egg_info --egg-base ../../build/autonomous_exploration build --build-base /home/tony_stark/ros2_ws/build/autonomous_exploration/build install --record /home/tony_stark/ros2_ws/build/autonomous_exploration/install.log --single-version-externally-managed
[3.105s] running egg_info
[3.107s] creating ../../build/autonomous_exploration/autonomous_exploration.egg-info
[3.157s] writing ../../build/autonomous_exploration/autonomous_exploration.egg-info/PKG-INFO
[3.159s] writing dependency_links to ../../build/autonomous_exploration/autonomous_exploration.egg-info/dependency_links.txt
[3.160s] writing entry points to ../../build/autonomous_exploration/autonomous_exploration.egg-info/entry_points.txt
[3.161s] writing requirements to ../../build/autonomous_exploration/autonomous_exploration.egg-info/requires.txt
[3.162s] writing top-level names to ../../build/autonomous_exploration/autonomous_exploration.egg-info/top_level.txt
[3.163s] writing manifest file '../../build/autonomous_exploration/autonomous_exploration.egg-info/SOURCES.txt'
[3.255s] reading manifest file '../../build/autonomous_exploration/autonomous_exploration.egg-info/SOURCES.txt'
[3.258s] writing manifest file '../../build/autonomous_exploration/autonomous_exploration.egg-info/SOURCES.txt'
[3.259s] running build
[3.260s] running build_py
[3.261s] creating /home/tony_stark/ros2_ws/build/autonomous_exploration/build
[3.262s] creating /home/tony_stark/ros2_ws/build/autonomous_exploration/build/lib
[3.263s] creating /home/tony_stark/ros2_ws/build/autonomous_exploration/build/lib/autonomous_exploration
[3.263s] copying autonomous_exploration/control.py -> /home/tony_stark/ros2_ws/build/autonomous_exploration/build/lib/autonomous_exploration
[3.264s] copying autonomous_exploration/__init__.py -> /home/tony_stark/ros2_ws/build/autonomous_exploration/build/lib/autonomous_exploration
[3.266s] running install
[3.267s] /home/tony_stark/.local/lib/python3.10/site-packages/setuptools/_distutils/cmd.py:66: SetuptoolsDeprecationWarning: setup.py install is deprecated.
[3.267s] !!
[3.267s] 
[3.268s]         ********************************************************************************
[3.268s]         Please avoid running ``setup.py`` directly.
[3.268s]         Instead, use pypa/build, pypa/installer, pypa/build or
[3.269s]         other standards-based tools.
[3.269s] 
[3.269s]         See https://blog.ganssle.io/articles/2021/10/setup-py-deprecated.html for details.
[3.270s]         ********************************************************************************
[3.270s] 
[3.271s] !!
[3.271s]   self.initialize_options()
[3.288s] running install_lib
[3.331s] creating /home/tony_stark/ros2_ws/install/autonomous_exploration/lib/python3.10/site-packages/autonomous_exploration
[3.332s] copying /home/tony_stark/ros2_ws/build/autonomous_exploration/build/lib/autonomous_exploration/control.py -> /home/tony_stark/ros2_ws/install/autonomous_exploration/lib/python3.10/site-packages/autonomous_exploration
[3.333s] copying /home/tony_stark/ros2_ws/build/autonomous_exploration/build/lib/autonomous_exploration/__init__.py -> /home/tony_stark/ros2_ws/install/autonomous_exploration/lib/python3.10/site-packages/autonomous_exploration
[3.337s] byte-compiling /home/tony_stark/ros2_ws/install/autonomous_exploration/lib/python3.10/site-packages/autonomous_exploration/control.py to control.cpython-310.pyc
[3.348s] byte-compiling /home/tony_stark/ros2_ws/install/autonomous_exploration/lib/python3.10/site-packages/autonomous_exploration/__init__.py to __init__.cpython-310.pyc
[3.350s] running install_data
[3.396s] creating /home/tony_stark/ros2_ws/install/autonomous_exploration/share/ament_index
[3.396s] creating /home/tony_stark/ros2_ws/install/autonomous_exploration/share/ament_index/resource_index
[3.397s] creating /home/tony_stark/ros2_ws/install/autonomous_exploration/share/ament_index/resource_index/packages
[3.398s] copying resource/autonomous_exploration -> /home/tony_stark/ros2_ws/install/autonomous_exploration/share/ament_index/resource_index/packages
[3.399s] copying package.xml -> /home/tony_stark/ros2_ws/install/autonomous_exploration/share/autonomous_exploration
[3.400s] running install_egg_info
[3.450s] Copying ../../build/autonomous_exploration/autonomous_exploration.egg-info to /home/tony_stark/ros2_ws/install/autonomous_exploration/lib/python3.10/site-packages/autonomous_exploration-0.0.0-py3.10.egg-info
[3.453s] running install_scripts
[4.008s] Installing control script to /home/tony_stark/ros2_ws/install/autonomous_exploration/lib/autonomous_exploration
[4.010s] writing list of installed files to '/home/tony_stark/ros2_ws/build/autonomous_exploration/install.log'
[4.532s] Invoked command in '/home/tony_stark/ros2_ws/src/autonomous_exploration' returned '0': PYTHONPATH=/home/tony_stark/ros2_ws/build/autonomous_exploration/prefix_override:/home/tony_stark/ros2_ws/install/autonomous_exploration/lib/python3.10/site-packages:${PYTHONPATH} /usr/bin/python3 setup.py egg_info --egg-base ../../build/autonomous_exploration build --build-base /home/tony_stark/ros2_ws/build/autonomous_exploration/build install --record /home/tony_stark/ros2_ws/build/autonomous_exploration/install.log --single-version-externally-managed
