[3.358s] Invoking command in '/home/tony_stark/ros2_ws/src/navigation_module': PYTHONPATH=/home/tony_stark/ros2_ws/build/navigation_module/prefix_override:/home/tony_stark/ros2_ws/install/navigation_module/lib/python3.10/site-packages:${PYTHONPATH} /usr/bin/python3 setup.py egg_info --egg-base ../../build/navigation_module build --build-base /home/tony_stark/ros2_ws/build/navigation_module/build install --record /home/tony_stark/ros2_ws/build/navigation_module/install.log --single-version-externally-managed
[4.091s] running egg_info
[4.096s] writing ../../build/navigation_module/navigation_module.egg-info/PKG-INFO
[4.200s] writing dependency_links to ../../build/navigation_module/navigation_module.egg-info/dependency_links.txt
[4.201s] writing entry points to ../../build/navigation_module/navigation_module.egg-info/entry_points.txt
[4.201s] writing requirements to ../../build/navigation_module/navigation_module.egg-info/requires.txt
[4.201s] writing top-level names to ../../build/navigation_module/navigation_module.egg-info/top_level.txt
[4.207s] reading manifest file '../../build/navigation_module/navigation_module.egg-info/SOURCES.txt'
[4.234s] writing manifest file '../../build/navigation_module/navigation_module.egg-info/SOURCES.txt'
[4.255s] running build
[4.256s] running build_py
[4.256s] running install
[4.257s] running install_lib
[4.260s] running install_data
[4.263s] copying launch/navigation_launch.launch.py -> /home/tony_stark/ros2_ws/install/navigation_module/share/navigation_module
[4.263s] running install_egg_info
[4.271s] removing '/home/tony_stark/ros2_ws/install/navigation_module/lib/python3.10/site-packages/navigation_module-0.0.0-py3.10.egg-info' (and everything under it)
[4.271s] Copying ../../build/navigation_module/navigation_module.egg-info to /home/tony_stark/ros2_ws/install/navigation_module/lib/python3.10/site-packages/navigation_module-0.0.0-py3.10.egg-info
[4.291s] running install_scripts
[4.343s] writing list of installed files to '/home/tony_stark/ros2_ws/build/navigation_module/install.log'
[4.615s] Invoked command in '/home/tony_stark/ros2_ws/src/navigation_module' returned '0': PYTHONPATH=/home/tony_stark/ros2_ws/build/navigation_module/prefix_override:/home/tony_stark/ros2_ws/install/navigation_module/lib/python3.10/site-packages:${PYTHONPATH} /usr/bin/python3 setup.py egg_info --egg-base ../../build/navigation_module build --build-base /home/tony_stark/ros2_ws/build/navigation_module/build install --record /home/tony_stark/ros2_ws/build/navigation_module/install.log --single-version-externally-managed
