[2.532s] Invoking command in '/home/tony_stark/ros2_ws/src/autonomous_exploration': PYTHONPATH=/home/tony_stark/ros2_ws/build/autonomous_exploration/prefix_override:/home/tony_stark/ros2_ws/install/autonomous_exploration/lib/python3.10/site-packages:${PYTHONPATH} /usr/bin/python3 setup.py egg_info --egg-base ../../build/autonomous_exploration build --build-base /home/tony_stark/ros2_ws/build/autonomous_exploration/build install --record /home/tony_stark/ros2_ws/build/autonomous_exploration/install.log --single-version-externally-managed
[3.200s] running egg_info
[3.261s] writing ../../build/autonomous_exploration/autonomous_exploration.egg-info/PKG-INFO
[3.262s] writing dependency_links to ../../build/autonomous_exploration/autonomous_exploration.egg-info/dependency_links.txt
[3.264s] writing entry points to ../../build/autonomous_exploration/autonomous_exploration.egg-info/entry_points.txt
[3.265s] writing requirements to ../../build/autonomous_exploration/autonomous_exploration.egg-info/requires.txt
[3.266s] writing top-level names to ../../build/autonomous_exploration/autonomous_exploration.egg-info/top_level.txt
[3.362s] reading manifest file '../../build/autonomous_exploration/autonomous_exploration.egg-info/SOURCES.txt'
[3.365s] writing manifest file '../../build/autonomous_exploration/autonomous_exploration.egg-info/SOURCES.txt'
[3.365s] running build
[3.366s] running build_py
[3.367s] copying autonomous_exploration/control.py -> /home/tony_stark/ros2_ws/build/autonomous_exploration/build/lib/autonomous_exploration
[3.369s] running install
[3.370s] /home/tony_stark/.local/lib/python3.10/site-packages/setuptools/_distutils/cmd.py:66: SetuptoolsDeprecationWarning: setup.py install is deprecated.
[3.370s] !!
[3.371s] 
[3.371s]         ********************************************************************************
[3.371s]         Please avoid running ``setup.py`` directly.
[3.371s]         Instead, use pypa/build, pypa/installer, pypa/build or
[3.371s]         other standards-based tools.
[3.372s] 
[3.372s]         See https://blog.ganssle.io/articles/2021/10/setup-py-deprecated.html for details.
[3.372s]         ********************************************************************************
[3.372s] 
[3.372s] !!
[3.373s]   self.initialize_options()
[3.390s] running install_lib
[3.428s] copying /home/tony_stark/ros2_ws/build/autonomous_exploration/build/lib/autonomous_exploration/control.py -> /home/tony_stark/ros2_ws/install/autonomous_exploration/lib/python3.10/site-packages/autonomous_exploration
[3.430s] byte-compiling /home/tony_stark/ros2_ws/install/autonomous_exploration/lib/python3.10/site-packages/autonomous_exploration/control.py to control.cpython-310.pyc
[3.440s] running install_data
[3.487s] running install_egg_info
[3.532s] removing '/home/tony_stark/ros2_ws/install/autonomous_exploration/lib/python3.10/site-packages/autonomous_exploration-0.0.0-py3.10.egg-info' (and everything under it)
[3.534s] Copying ../../build/autonomous_exploration/autonomous_exploration.egg-info to /home/tony_stark/ros2_ws/install/autonomous_exploration/lib/python3.10/site-packages/autonomous_exploration-0.0.0-py3.10.egg-info
[3.537s] running install_scripts
[4.083s] Installing control script to /home/tony_stark/ros2_ws/install/autonomous_exploration/lib/autonomous_exploration
[4.086s] writing list of installed files to '/home/tony_stark/ros2_ws/build/autonomous_exploration/install.log'
[4.212s] Invoked command in '/home/tony_stark/ros2_ws/src/autonomous_exploration' returned '0': PYTHONPATH=/home/tony_stark/ros2_ws/build/autonomous_exploration/prefix_override:/home/tony_stark/ros2_ws/install/autonomous_exploration/lib/python3.10/site-packages:${PYTHONPATH} /usr/bin/python3 setup.py egg_info --egg-base ../../build/autonomous_exploration build --build-base /home/tony_stark/ros2_ws/build/autonomous_exploration/build install --record /home/tony_stark/ros2_ws/build/autonomous_exploration/install.log --single-version-externally-managed
