[4.014s] Invoking command in '/home/tony_stark/ros2_ws/src/msgs': PYTHONPATH=/home/tony_stark/ros2_ws/build/msgs/prefix_override:/home/tony_stark/ros2_ws/install/msgs/lib/python3.10/site-packages:${PYTHONPATH} /usr/bin/python3 setup.py egg_info --egg-base ../../build/msgs build --build-base /home/tony_stark/ros2_ws/build/msgs/build install --record /home/tony_stark/ros2_ws/build/msgs/install.log --single-version-externally-managed
[4.678s] running egg_info
[4.679s] writing ../../build/msgs/msgs.egg-info/PKG-INFO
[4.712s] writing dependency_links to ../../build/msgs/msgs.egg-info/dependency_links.txt
[4.712s] writing entry points to ../../build/msgs/msgs.egg-info/entry_points.txt
[4.715s] writing requirements to ../../build/msgs/msgs.egg-info/requires.txt
[4.716s] writing top-level names to ../../build/msgs/msgs.egg-info/top_level.txt
[4.720s] reading manifest file '../../build/msgs/msgs.egg-info/SOURCES.txt'
[4.756s] writing manifest file '../../build/msgs/msgs.egg-info/SOURCES.txt'
[4.756s] running build
[4.756s] running build_py
[4.757s] running install
[4.758s] running install_lib
[4.797s] running install_data
[4.799s] running install_egg_info
[4.804s] removing '/home/tony_stark/ros2_ws/install/msgs/lib/python3.10/site-packages/msgs-0.0.0-py3.10.egg-info' (and everything under it)
[4.838s] Copying ../../build/msgs/msgs.egg-info to /home/tony_stark/ros2_ws/install/msgs/lib/python3.10/site-packages/msgs-0.0.0-py3.10.egg-info
[4.852s] running install_scripts
[4.919s] Installing floatlist script to /home/tony_stark/ros2_ws/install/msgs/lib/msgs
[4.920s] writing list of installed files to '/home/tony_stark/ros2_ws/build/msgs/install.log'
[5.018s] Invoked command in '/home/tony_stark/ros2_ws/src/msgs' returned '0': PYTHONPATH=/home/tony_stark/ros2_ws/build/msgs/prefix_override:/home/tony_stark/ros2_ws/install/msgs/lib/python3.10/site-packages:${PYTHONPATH} /usr/bin/python3 setup.py egg_info --egg-base ../../build/msgs build --build-base /home/tony_stark/ros2_ws/build/msgs/build install --record /home/tony_stark/ros2_ws/build/msgs/install.log --single-version-externally-managed
