[2.388s] Invoking command in '/home/tony_stark/ros2_ws/src/navigation_module': PYTHONPATH=/home/tony_stark/ros2_ws/build/navigation_module/prefix_override:/home/tony_stark/ros2_ws/install/navigation_module/lib/python3.10/site-packages:${PYTHONPATH} /usr/bin/python3 setup.py egg_info --egg-base ../../build/navigation_module build --build-base /home/tony_stark/ros2_ws/build/navigation_module/build install --record /home/tony_stark/ros2_ws/build/navigation_module/install.log --single-version-externally-managed
[3.147s] running egg_info
[3.150s] writing ../../build/navigation_module/navigation_module.egg-info/PKG-INFO
[3.151s] writing dependency_links to ../../build/navigation_module/navigation_module.egg-info/dependency_links.txt
[3.152s] writing entry points to ../../build/navigation_module/navigation_module.egg-info/entry_points.txt
[3.153s] writing requirements to ../../build/navigation_module/navigation_module.egg-info/requires.txt
[3.154s] writing top-level names to ../../build/navigation_module/navigation_module.egg-info/top_level.txt
[3.162s] reading manifest file '../../build/navigation_module/navigation_module.egg-info/SOURCES.txt'
[3.167s] writing manifest file '../../build/navigation_module/navigation_module.egg-info/SOURCES.txt'
[3.168s] running build
[3.168s] running build_py
[3.170s] running install
[3.171s] running install_lib
[3.177s] running install_data
[3.181s] copying launch/houselaunch.py -> /home/tony_stark/ros2_ws/install/navigation_module/share/navigation_module
[3.183s] running install_egg_info
[3.190s] removing '/home/tony_stark/ros2_ws/install/navigation_module/lib/python3.10/site-packages/navigation_module-0.0.0-py3.10.egg-info' (and everything under it)
[3.191s] Copying ../../build/navigation_module/navigation_module.egg-info to /home/tony_stark/ros2_ws/install/navigation_module/lib/python3.10/site-packages/navigation_module-0.0.0-py3.10.egg-info
[3.194s] running install_scripts
[3.250s] writing list of installed files to '/home/tony_stark/ros2_ws/build/navigation_module/install.log'
[3.357s] Invoked command in '/home/tony_stark/ros2_ws/src/navigation_module' returned '0': PYTHONPATH=/home/tony_stark/ros2_ws/build/navigation_module/prefix_override:/home/tony_stark/ros2_ws/install/navigation_module/lib/python3.10/site-packages:${PYTHONPATH} /usr/bin/python3 setup.py egg_info --egg-base ../../build/navigation_module build --build-base /home/tony_stark/ros2_ws/build/navigation_module/build install --record /home/tony_stark/ros2_ws/build/navigation_module/install.log --single-version-externally-managed
