[2.238s] Invoking command in '/home/tony_stark/ros2_ws/src/sample_package': PYTHONPATH=/home/tony_stark/ros2_ws/build/sample_package/prefix_override:/home/tony_stark/ros2_ws/install/sample_package/lib/python3.10/site-packages:${PYTHONPATH} /usr/bin/python3 setup.py egg_info --egg-base ../../build/sample_package build --build-base /home/tony_stark/ros2_ws/build/sample_package/build install --record /home/tony_stark/ros2_ws/build/sample_package/install.log --single-version-externally-managed
[2.745s] running egg_info
[2.773s] writing ../../build/sample_package/sample_package.egg-info/PKG-INFO
[2.774s] writing dependency_links to ../../build/sample_package/sample_package.egg-info/dependency_links.txt
[2.774s] writing entry points to ../../build/sample_package/sample_package.egg-info/entry_points.txt
[2.775s] writing requirements to ../../build/sample_package/sample_package.egg-info/requires.txt
[2.776s] writing top-level names to ../../build/sample_package/sample_package.egg-info/top_level.txt
[2.827s] reading manifest file '../../build/sample_package/sample_package.egg-info/SOURCES.txt'
[2.829s] writing manifest file '../../build/sample_package/sample_package.egg-info/SOURCES.txt'
[2.829s] running build
[2.830s] running build_py
[2.830s] running install
[2.831s] /home/tony_stark/.local/lib/python3.10/site-packages/setuptools/_distutils/cmd.py:66: SetuptoolsDeprecationWarning: setup.py install is deprecated.
[2.831s] !!
[2.831s] 
[2.831s]         ********************************************************************************
[2.832s]         Please avoid running ``setup.py`` directly.
[2.832s]         Instead, use pypa/build, pypa/installer, pypa/build or
[2.832s]         other standards-based tools.
[2.832s] 
[2.832s]         See https://blog.ganssle.io/articles/2021/10/setup-py-deprecated.html for details.
[2.832s]         ********************************************************************************
[2.832s] 
[2.833s] !!
[2.833s]   self.initialize_options()
[2.841s] running install_lib
[2.870s] running install_data
[2.896s] running install_egg_info
[2.925s] removing '/home/tony_stark/ros2_ws/install/sample_package/lib/python3.10/site-packages/sample_package-0.0.0-py3.10.egg-info' (and everything under it)
[2.925s] Copying ../../build/sample_package/sample_package.egg-info to /home/tony_stark/ros2_ws/install/sample_package/lib/python3.10/site-packages/sample_package-0.0.0-py3.10.egg-info
[2.927s] running install_scripts
[3.230s] Installing fan_sub script to /home/tony_stark/ros2_ws/install/sample_package/lib/sample_package
[3.230s] Installing process script to /home/tony_stark/ros2_ws/install/sample_package/lib/sample_package
[3.230s] Installing senpub script to /home/tony_stark/ros2_ws/install/sample_package/lib/sample_package
[3.231s] Installing talk script to /home/tony_stark/ros2_ws/install/sample_package/lib/sample_package
[3.232s] writing list of installed files to '/home/tony_stark/ros2_ws/build/sample_package/install.log'
