[2.515s] Invoking command in '/home/tony_stark/ros2_ws/src/msgs': PYTHONPATH=/home/tony_stark/ros2_ws/build/msgs/prefix_override:/home/tony_stark/ros2_ws/install/msgs/lib/python3.10/site-packages:${PYTHONPATH} /usr/bin/python3 setup.py egg_info --egg-base ../../build/msgs build --build-base /home/tony_stark/ros2_ws/build/msgs/build install --record /home/tony_stark/ros2_ws/build/msgs/install.log --single-version-externally-managed
[3.168s] running egg_info
[3.212s] writing ../../build/msgs/msgs.egg-info/PKG-INFO
[3.213s] writing dependency_links to ../../build/msgs/msgs.egg-info/dependency_links.txt
[3.214s] writing entry points to ../../build/msgs/msgs.egg-info/entry_points.txt
[3.214s] writing requirements to ../../build/msgs/msgs.egg-info/requires.txt
[3.215s] writing top-level names to ../../build/msgs/msgs.egg-info/top_level.txt
[3.337s] reading manifest file '../../build/msgs/msgs.egg-info/SOURCES.txt'
[3.339s] writing manifest file '../../build/msgs/msgs.egg-info/SOURCES.txt'
[3.340s] running build
[3.340s] running build_py
[3.340s] running install
[3.342s] /home/tony_stark/.local/lib/python3.10/site-packages/setuptools/_distutils/cmd.py:66: SetuptoolsDeprecationWarning: setup.py install is deprecated.
[3.342s] !!
[3.342s] 
[3.342s]         ********************************************************************************
[3.342s]         Please avoid running ``setup.py`` directly.
[3.342s]         Instead, use pypa/build, pypa/installer, pypa/build or
[3.343s]         other standards-based tools.
[3.343s] 
[3.343s]         See https://blog.ganssle.io/articles/2021/10/setup-py-deprecated.html for details.
[3.343s]         ********************************************************************************
[3.343s] 
[3.344s] !!
[3.344s]   self.initialize_options()
[3.358s] running install_lib
[3.398s] running install_data
[3.447s] running install_egg_info
[3.493s] removing '/home/tony_stark/ros2_ws/install/msgs/lib/python3.10/site-packages/msgs-0.0.0-py3.10.egg-info' (and everything under it)
[3.494s] Copying ../../build/msgs/msgs.egg-info to /home/tony_stark/ros2_ws/install/msgs/lib/python3.10/site-packages/msgs-0.0.0-py3.10.egg-info
[3.496s] running install_scripts
[4.036s] Installing floatlist script to /home/tony_stark/ros2_ws/install/msgs/lib/msgs
[4.039s] writing list of installed files to '/home/tony_stark/ros2_ws/build/msgs/install.log'
[4.195s] Invoked command in '/home/tony_stark/ros2_ws/src/msgs' returned '0': PYTHONPATH=/home/tony_stark/ros2_ws/build/msgs/prefix_override:/home/tony_stark/ros2_ws/install/msgs/lib/python3.10/site-packages:${PYTHONPATH} /usr/bin/python3 setup.py egg_info --egg-base ../../build/msgs build --build-base /home/tony_stark/ros2_ws/build/msgs/build install --record /home/tony_stark/ros2_ws/build/msgs/install.log --single-version-externally-managed
