[2.279s] Invoking command in '/home/tony_stark/ros2_ws/src/sample_package': PYTHONPATH=/home/tony_stark/ros2_ws/build/sample_package/prefix_override:/home/tony_stark/ros2_ws/install/sample_package/lib/python3.10/site-packages:${PYTHONPATH} /usr/bin/python3 setup.py egg_info --egg-base ../../build/sample_package build --build-base /home/tony_stark/ros2_ws/build/sample_package/build install --record /home/tony_stark/ros2_ws/build/sample_package/install.log --single-version-externally-managed
[2.813s] running egg_info
[2.836s] writing ../../build/sample_package/sample_package.egg-info/PKG-INFO
[2.837s] writing dependency_links to ../../build/sample_package/sample_package.egg-info/dependency_links.txt
[2.838s] writing entry points to ../../build/sample_package/sample_package.egg-info/entry_points.txt
[2.838s] writing requirements to ../../build/sample_package/sample_package.egg-info/requires.txt
[2.839s] writing top-level names to ../../build/sample_package/sample_package.egg-info/top_level.txt
[2.888s] reading manifest file '../../build/sample_package/sample_package.egg-info/SOURCES.txt'
[2.889s] writing manifest file '../../build/sample_package/sample_package.egg-info/SOURCES.txt'
[2.890s] running build
[2.890s] running build_py
[2.891s] running install
[2.892s] /home/tony_stark/.local/lib/python3.10/site-packages/setuptools/_distutils/cmd.py:66: SetuptoolsDeprecationWarning: setup.py install is deprecated.
[2.892s] !!
[2.892s] 
[2.892s]         ********************************************************************************
[2.892s]         Please avoid running ``setup.py`` directly.
[2.892s]         Instead, use pypa/build, pypa/installer, pypa/build or
[2.892s]         other standards-based tools.
[2.893s] 
[2.893s]         See https://blog.ganssle.io/articles/2021/10/setup-py-deprecated.html for details.
[2.893s]         ********************************************************************************
[2.893s] 
[2.893s] !!
[2.893s]   self.initialize_options()
[2.901s] running install_lib
[2.929s] running install_data
[2.953s] running install_egg_info
[2.979s] removing '/home/tony_stark/ros2_ws/install/sample_package/lib/python3.10/site-packages/sample_package-0.0.0-py3.10.egg-info' (and everything under it)
[2.980s] Copying ../../build/sample_package/sample_package.egg-info to /home/tony_stark/ros2_ws/install/sample_package/lib/python3.10/site-packages/sample_package-0.0.0-py3.10.egg-info
[2.981s] running install_scripts
[3.272s] Installing fan_sub script to /home/tony_stark/ros2_ws/install/sample_package/lib/sample_package
[3.273s] Installing process script to /home/tony_stark/ros2_ws/install/sample_package/lib/sample_package
[3.273s] Installing senpub script to /home/tony_stark/ros2_ws/install/sample_package/lib/sample_package
[3.274s] Installing talk script to /home/tony_stark/ros2_ws/install/sample_package/lib/sample_package
[3.275s] writing list of installed files to '/home/tony_stark/ros2_ws/build/sample_package/install.log'
