[2.997s] Invoking command in '/home/tony_stark/ros2_ws/src/navigation_module': PYTHONPATH=/home/tony_stark/ros2_ws/build/navigation_module/prefix_override:/home/tony_stark/ros2_ws/install/navigation_module/lib/python3.10/site-packages:${PYTHONPATH} /usr/bin/python3 setup.py egg_info --egg-base ../../build/navigation_module build --build-base /home/tony_stark/ros2_ws/build/navigation_module/build install --record /home/tony_stark/ros2_ws/build/navigation_module/install.log --single-version-externally-managed
[3.767s] running egg_info
[3.769s] writing ../../build/navigation_module/navigation_module.egg-info/PKG-INFO
[3.770s] writing dependency_links to ../../build/navigation_module/navigation_module.egg-info/dependency_links.txt
[3.771s] writing entry points to ../../build/navigation_module/navigation_module.egg-info/entry_points.txt
[3.772s] writing requirements to ../../build/navigation_module/navigation_module.egg-info/requires.txt
[3.773s] writing top-level names to ../../build/navigation_module/navigation_module.egg-info/top_level.txt
[3.781s] reading manifest file '../../build/navigation_module/navigation_module.egg-info/SOURCES.txt'
[3.863s] writing manifest file '../../build/navigation_module/navigation_module.egg-info/SOURCES.txt'
[3.865s] running build
[3.866s] running build_py
[3.867s] running install
[3.867s] running install_lib
[3.870s] running install_data
[3.871s] copying launch/navigation_launch.launch.py -> /home/tony_stark/ros2_ws/install/navigation_module/share/navigation_module
[3.872s] running install_egg_info
[3.876s] removing '/home/tony_stark/ros2_ws/install/navigation_module/lib/python3.10/site-packages/navigation_module-0.0.0-py3.10.egg-info' (and everything under it)
[3.884s] Copying ../../build/navigation_module/navigation_module.egg-info to /home/tony_stark/ros2_ws/install/navigation_module/lib/python3.10/site-packages/navigation_module-0.0.0-py3.10.egg-info
[3.922s] running install_scripts
[3.977s] writing list of installed files to '/home/tony_stark/ros2_ws/build/navigation_module/install.log'
[4.070s] Invoked command in '/home/tony_stark/ros2_ws/src/navigation_module' returned '0': PYTHONPATH=/home/tony_stark/ros2_ws/build/navigation_module/prefix_override:/home/tony_stark/ros2_ws/install/navigation_module/lib/python3.10/site-packages:${PYTHONPATH} /usr/bin/python3 setup.py egg_info --egg-base ../../build/navigation_module build --build-base /home/tony_stark/ros2_ws/build/navigation_module/build install --record /home/tony_stark/ros2_ws/build/navigation_module/install.log --single-version-externally-managed
