[2.122s] Invoking command in '/home/tony_stark/ros2_ws/src/navigation_module': PYTHONPATH=/home/tony_stark/ros2_ws/build/navigation_module/prefix_override:/home/tony_stark/ros2_ws/install/navigation_module/lib/python3.10/site-packages:${PYTHONPATH} /usr/bin/python3 setup.py egg_info --egg-base ../../build/navigation_module build --build-base /home/tony_stark/ros2_ws/build/navigation_module/build install --record /home/tony_stark/ros2_ws/build/navigation_module/install.log --single-version-externally-managed
[2.931s] running egg_info
[2.936s] writing ../../build/navigation_module/navigation_module.egg-info/PKG-INFO
[2.939s] writing dependency_links to ../../build/navigation_module/navigation_module.egg-info/dependency_links.txt
[2.942s] writing entry points to ../../build/navigation_module/navigation_module.egg-info/entry_points.txt
[2.945s] writing requirements to ../../build/navigation_module/navigation_module.egg-info/requires.txt
[2.948s] writing top-level names to ../../build/navigation_module/navigation_module.egg-info/top_level.txt
[2.957s] reading manifest file '../../build/navigation_module/navigation_module.egg-info/SOURCES.txt'
[2.962s] writing manifest file '../../build/navigation_module/navigation_module.egg-info/SOURCES.txt'
[2.965s] running build
[2.968s] running build_py
[2.971s] running install
[2.974s] running install_lib
[2.979s] running install_data
[2.982s] copying launch/houselaunch.py -> /home/tony_stark/ros2_ws/install/navigation_module/share/navigation_module
[2.987s] running install_egg_info
[2.997s] removing '/home/tony_stark/ros2_ws/install/navigation_module/lib/python3.10/site-packages/navigation_module-0.0.0-py3.10.egg-info' (and everything under it)
[3.014s] Copying ../../build/navigation_module/navigation_module.egg-info to /home/tony_stark/ros2_ws/install/navigation_module/lib/python3.10/site-packages/navigation_module-0.0.0-py3.10.egg-info
[3.021s] running install_scripts
[3.079s] writing list of installed files to '/home/tony_stark/ros2_ws/build/navigation_module/install.log'
[3.182s] Invoked command in '/home/tony_stark/ros2_ws/src/navigation_module' returned '0': PYTHONPATH=/home/tony_stark/ros2_ws/build/navigation_module/prefix_override:/home/tony_stark/ros2_ws/install/navigation_module/lib/python3.10/site-packages:${PYTHONPATH} /usr/bin/python3 setup.py egg_info --egg-base ../../build/navigation_module build --build-base /home/tony_stark/ros2_ws/build/navigation_module/build install --record /home/tony_stark/ros2_ws/build/navigation_module/install.log --single-version-externally-managed
