running egg_info
writing ../../build/msgs/msgs.egg-info/PKG-INFO
writing dependency_links to ../../build/msgs/msgs.egg-info/dependency_links.txt
writing entry points to ../../build/msgs/msgs.egg-info/entry_points.txt
writing requirements to ../../build/msgs/msgs.egg-info/requires.txt
writing top-level names to ../../build/msgs/msgs.egg-info/top_level.txt
reading manifest file '../../build/msgs/msgs.egg-info/SOURCES.txt'
writing manifest file '../../build/msgs/msgs.egg-info/SOURCES.txt'
running build
running build_py
/usr/lib/python3/dist-packages/setuptools/command/install.py:34: SetuptoolsDeprecationWarning: setup.py install is deprecated. Use build and pip and other standards-based tools.
  warnings.warn(
running install
running install_lib
running install_data
running install_egg_info
removing '/home/Isaac/ros2_ws/install/msgs/lib/python3.10/site-packages/msgs-0.0.0-py3.10.egg-info' (and everything under it)
Copying ../../build/msgs/msgs.egg-info to /home/Isaac/ros2_ws/install/msgs/lib/python3.10/site-packages/msgs-0.0.0-py3.10.egg-info
running install_scripts
Installing floatlist script to /home/Isaac/ros2_ws/install/msgs/lib/msgs
writing list of installed files to '/home/Isaac/ros2_ws/build/msgs/install.log'
