[2.543s] Invoking command in '/home/tony_stark/ros2_ws/src/sample_package': PYTHONPATH=/home/tony_stark/ros2_ws/build/sample_package/prefix_override:/home/tony_stark/ros2_ws/install/sample_package/lib/python3.10/site-packages:${PYTHONPATH} /usr/bin/python3 setup.py egg_info --egg-base ../../build/sample_package build --build-base /home/tony_stark/ros2_ws/build/sample_package/build install --record /home/tony_stark/ros2_ws/build/sample_package/install.log --single-version-externally-managed
[3.180s] running egg_info
[3.224s] writing ../../build/sample_package/sample_package.egg-info/PKG-INFO
[3.224s] writing dependency_links to ../../build/sample_package/sample_package.egg-info/dependency_links.txt
[3.225s] writing entry points to ../../build/sample_package/sample_package.egg-info/entry_points.txt
[3.226s] writing requirements to ../../build/sample_package/sample_package.egg-info/requires.txt
[3.226s] writing top-level names to ../../build/sample_package/sample_package.egg-info/top_level.txt
[3.330s] reading manifest file '../../build/sample_package/sample_package.egg-info/SOURCES.txt'
[3.332s] writing manifest file '../../build/sample_package/sample_package.egg-info/SOURCES.txt'
[3.333s] running build
[3.333s] running build_py
[3.335s] running install
[3.335s] /home/tony_stark/.local/lib/python3.10/site-packages/setuptools/_distutils/cmd.py:66: SetuptoolsDeprecationWarning: setup.py install is deprecated.
[3.335s] !!
[3.336s] 
[3.336s]         ********************************************************************************
[3.336s]         Please avoid running ``setup.py`` directly.
[3.336s]         Instead, use pypa/build, pypa/installer, pypa/build or
[3.336s]         other standards-based tools.
[3.336s] 
[3.337s]         See https://blog.ganssle.io/articles/2021/10/setup-py-deprecated.html for details.
[3.337s]         ********************************************************************************
[3.337s] 
[3.337s] !!
[3.337s]   self.initialize_options()
[3.351s] running install_lib
[3.387s] running install_data
[3.421s] running install_egg_info
[3.452s] removing '/home/tony_stark/ros2_ws/install/sample_package/lib/python3.10/site-packages/sample_package-0.0.0-py3.10.egg-info' (and everything under it)
[3.453s] Copying ../../build/sample_package/sample_package.egg-info to /home/tony_stark/ros2_ws/install/sample_package/lib/python3.10/site-packages/sample_package-0.0.0-py3.10.egg-info
[3.455s] running install_scripts
[3.757s] Installing fan_sub script to /home/tony_stark/ros2_ws/install/sample_package/lib/sample_package
[3.758s] Installing process script to /home/tony_stark/ros2_ws/install/sample_package/lib/sample_package
[3.758s] Installing senpub script to /home/tony_stark/ros2_ws/install/sample_package/lib/sample_package
[3.759s] Installing talk script to /home/tony_stark/ros2_ws/install/sample_package/lib/sample_package
[3.760s] writing list of installed files to '/home/tony_stark/ros2_ws/build/sample_package/install.log'
