[0.148s] Invoking command in '/home/tony_stark/ros2_ws/build/hardware_interface': CMAKE_PREFIX_PATH=/home/tony_stark/ros2_ws/install/ros2_control_test_assets:/home/tony_stark/ros2_ws/install/turtlebot3_simulations:/home/tony_stark/ros2_ws/install/turtlebot3_gazebo:/home/tony_stark/ros2_ws/install/turtlebot3_fake_node:/home/tony_stark/ros2_ws/install/sample_package:/home/tony_stark/ros2_ws/install/rosgpt:/home/tony_stark/ros2_ws/install/navigation_module:/home/tony_stark/ros2_ws/install/msgs:/home/tony_stark/ros2_ws/install/autonomous_exploration:/opt/ros/humble /usr/bin/cmake /home/tony_stark/ros2_ws/src/ros2_control/hardware_interface -DCMAKE_INSTALL_PREFIX=/home/tony_stark/ros2_ws/install/hardware_interface
[0.853s] -- Found ament_cmake: 1.3.4 (/opt/ros/humble/share/ament_cmake/cmake)
[2.892s] [31mCMake Error at CMakeLists.txt:21 (find_package):
[2.895s]   By not providing "Findcontrol_msgs.cmake" in CMAKE_MODULE_PATH this project
[2.898s]   has asked CMake to find a package configuration file provided by
[2.900s]   "control_msgs", but CMake did not find one.
[2.903s] 
[2.905s]   Could not find a package configuration file provided by "control_msgs" with
[2.908s]   any of the following names:
[2.911s] 
[2.915s]     control_msgsConfig.cmake
[2.921s]     control_msgs-config.cmake
[2.926s] 
[2.930s]   Add the installation prefix of "control_msgs" to CMAKE_PREFIX_PATH or set
[2.938s]   "control_msgs_DIR" to a directory containing one of the above files.  If
[2.938s]   "control_msgs" provides a separate development package or SDK, be sure it
[2.939s]   has been installed.
[2.939s] 
[2.939s] [0m
[2.940s] -- Configuring incomplete, errors occurred!
[2.940s] See also "/home/tony_stark/ros2_ws/build/hardware_interface/CMakeFiles/CMakeOutput.log".
[2.960s] Invoked command in '/home/tony_stark/ros2_ws/build/hardware_interface' returned '1': CMAKE_PREFIX_PATH=/home/tony_stark/ros2_ws/install/ros2_control_test_assets:/home/tony_stark/ros2_ws/install/turtlebot3_simulations:/home/tony_stark/ros2_ws/install/turtlebot3_gazebo:/home/tony_stark/ros2_ws/install/turtlebot3_fake_node:/home/tony_stark/ros2_ws/install/sample_package:/home/tony_stark/ros2_ws/install/rosgpt:/home/tony_stark/ros2_ws/install/navigation_module:/home/tony_stark/ros2_ws/install/msgs:/home/tony_stark/ros2_ws/install/autonomous_exploration:/opt/ros/humble /usr/bin/cmake /home/tony_stark/ros2_ws/src/ros2_control/hardware_interface -DCMAKE_INSTALL_PREFIX=/home/tony_stark/ros2_ws/install/hardware_interface
