[2.888s] Invoking command in '/home/tony_stark/ros2_ws/src/msgs': PYTHONPATH=/home/tony_stark/ros2_ws/build/msgs/prefix_override:/home/tony_stark/ros2_ws/install/msgs/lib/python3.10/site-packages:${PYTHONPATH} /usr/bin/python3 setup.py egg_info --egg-base ../../build/msgs build --build-base /home/tony_stark/ros2_ws/build/msgs/build install --record /home/tony_stark/ros2_ws/build/msgs/install.log --single-version-externally-managed
[3.723s] running egg_info
[3.785s] writing ../../build/msgs/msgs.egg-info/PKG-INFO
[3.786s] writing dependency_links to ../../build/msgs/msgs.egg-info/dependency_links.txt
[3.788s] writing entry points to ../../build/msgs/msgs.egg-info/entry_points.txt
[3.789s] writing requirements to ../../build/msgs/msgs.egg-info/requires.txt
[3.790s] writing top-level names to ../../build/msgs/msgs.egg-info/top_level.txt
[3.957s] reading manifest file '../../build/msgs/msgs.egg-info/SOURCES.txt'
[3.962s] writing manifest file '../../build/msgs/msgs.egg-info/SOURCES.txt'
[3.963s] running build
[3.963s] running build_py
[3.965s] running install
[3.967s] /home/tony_stark/.local/lib/python3.10/site-packages/setuptools/_distutils/cmd.py:66: SetuptoolsDeprecationWarning: setup.py install is deprecated.
[3.967s] !!
[3.967s] 
[3.967s]         ********************************************************************************
[3.968s]         Please avoid running ``setup.py`` directly.
[3.969s]         Instead, use pypa/build, pypa/installer, pypa/build or
[3.969s]         other standards-based tools.
[3.969s] 
[3.969s]         See https://blog.ganssle.io/articles/2021/10/setup-py-deprecated.html for details.
[3.969s]         ********************************************************************************
[3.970s] 
[3.970s] !!
[3.970s]   self.initialize_options()
[3.990s] running install_lib
[4.055s] running install_data
[4.113s] running install_egg_info
[4.172s] removing '/home/tony_stark/ros2_ws/install/msgs/lib/python3.10/site-packages/msgs-0.0.0-py3.10.egg-info' (and everything under it)
[4.174s] Copying ../../build/msgs/msgs.egg-info to /home/tony_stark/ros2_ws/install/msgs/lib/python3.10/site-packages/msgs-0.0.0-py3.10.egg-info
[4.184s] running install_scripts
[4.873s] Installing floatlist script to /home/tony_stark/ros2_ws/install/msgs/lib/msgs
[4.876s] writing list of installed files to '/home/tony_stark/ros2_ws/build/msgs/install.log'
[4.996s] Invoked command in '/home/tony_stark/ros2_ws/src/msgs' returned '0': PYTHONPATH=/home/tony_stark/ros2_ws/build/msgs/prefix_override:/home/tony_stark/ros2_ws/install/msgs/lib/python3.10/site-packages:${PYTHONPATH} /usr/bin/python3 setup.py egg_info --egg-base ../../build/msgs build --build-base /home/tony_stark/ros2_ws/build/msgs/build install --record /home/tony_stark/ros2_ws/build/msgs/install.log --single-version-externally-managed
