[0.185s] Invoking command in '/home/Isaac/ros2_ws/build/serial_motor_demo_msgs': CMAKE_PREFIX_PATH=${CMAKE_PREFIX_PATH}:/home/Isaac/ros2_ws/install/serial_motor_demo:/home/Isaac/ros2_ws/install/sample_package:/home/Isaac/ros2_ws/install/msgs:/home/Isaac/ros2_ws/install/autonomous_exploration:/opt/ros/humble /usr/bin/cmake --build /home/Isaac/ros2_ws/build/serial_motor_demo_msgs -- -j4 -l4
[1.858s] [  2%] Built target serial_motor_demo_msgs__cpp
[1.859s] [ 12%] Built target serial_motor_demo_msgs__rosidl_generator_c
[1.859s] [ 12%] Built target ament_cmake_python_copy_serial_motor_demo_msgs
[1.860s] [ 23%] Built target serial_motor_demo_msgs__rosidl_typesupport_cpp
[1.860s] [ 34%] Built target serial_motor_demo_msgs__rosidl_typesupport_fastrtps_cpp
[1.860s] [ 44%] Built target serial_motor_demo_msgs__rosidl_typesupport_introspection_cpp
[1.861s] [ 55%] Built target serial_motor_demo_msgs__rosidl_typesupport_fastrtps_c
[1.861s] [ 65%] Built target serial_motor_demo_msgs__rosidl_typesupport_introspection_c
[1.862s] [ 76%] Built target serial_motor_demo_msgs__rosidl_typesupport_c
[1.862s] [ 76%] Built target serial_motor_demo_msgs
[1.863s] [ 78%] Built target serial_motor_demo_msgs__py
[1.863s] [ 87%] Built target serial_motor_demo_msgs__rosidl_generator_py
[1.864s] [ 91%] Built target serial_motor_demo_msgs__rosidl_typesupport_fastrtps_c__pyext
[1.864s] [ 95%] Built target serial_motor_demo_msgs__rosidl_typesupport_introspection_c__pyext
[1.865s] [100%] Built target serial_motor_demo_msgs__rosidl_typesupport_c__pyext
[2.154s] running egg_info
[2.158s] writing serial_motor_demo_msgs.egg-info/PKG-INFO
[2.160s] writing dependency_links to serial_motor_demo_msgs.egg-info/dependency_links.txt
[2.161s] writing top-level names to serial_motor_demo_msgs.egg-info/top_level.txt
[2.175s] reading manifest file 'serial_motor_demo_msgs.egg-info/SOURCES.txt'
[2.178s] writing manifest file 'serial_motor_demo_msgs.egg-info/SOURCES.txt'
[2.323s] [100%] Built target ament_cmake_python_build_serial_motor_demo_msgs_egg
[3.227s] Invoked command in '/home/Isaac/ros2_ws/build/serial_motor_demo_msgs' returned '0': CMAKE_PREFIX_PATH=${CMAKE_PREFIX_PATH}:/home/Isaac/ros2_ws/install/serial_motor_demo:/home/Isaac/ros2_ws/install/sample_package:/home/Isaac/ros2_ws/install/msgs:/home/Isaac/ros2_ws/install/autonomous_exploration:/opt/ros/humble /usr/bin/cmake --build /home/Isaac/ros2_ws/build/serial_motor_demo_msgs -- -j4 -l4
[5.710s] Invoking command in '/home/Isaac/ros2_ws/build/serial_motor_demo_msgs': CMAKE_PREFIX_PATH=${CMAKE_PREFIX_PATH}:/home/Isaac/ros2_ws/install/serial_motor_demo:/home/Isaac/ros2_ws/install/sample_package:/home/Isaac/ros2_ws/install/msgs:/home/Isaac/ros2_ws/install/autonomous_exploration:/opt/ros/humble /usr/bin/cmake --install /home/Isaac/ros2_ws/build/serial_motor_demo_msgs
[5.748s] -- Install configuration: ""
[5.749s] -- Up-to-date: /home/Isaac/ros2_ws/install/serial_motor_demo_msgs/share/ament_index/resource_index/rosidl_interfaces/serial_motor_demo_msgs
[5.750s] -- Up-to-date: /home/Isaac/ros2_ws/install/serial_motor_demo_msgs/include/serial_motor_demo_msgs/serial_motor_demo_msgs
[5.751s] -- Up-to-date: /home/Isaac/ros2_ws/install/serial_motor_demo_msgs/include/serial_motor_demo_msgs/serial_motor_demo_msgs/msg
[5.752s] -- Up-to-date: /home/Isaac/ros2_ws/install/serial_motor_demo_msgs/include/serial_motor_demo_msgs/serial_motor_demo_msgs/msg/detail
[5.753s] -- Up-to-date: /home/Isaac/ros2_ws/install/serial_motor_demo_msgs/include/serial_motor_demo_msgs/serial_motor_demo_msgs/msg/detail/encoder_vals__type_support.h
[5.757s] -- Up-to-date: /home/Isaac/ros2_ws/install/serial_motor_demo_msgs/include/serial_motor_demo_msgs/serial_motor_demo_msgs/msg/detail/encoder_vals__struct.h
[5.759s] -- Up-to-date: /home/Isaac/ros2_ws/install/serial_motor_demo_msgs/include/serial_motor_demo_msgs/serial_motor_demo_msgs/msg/detail/motor_command__functions.h
[5.760s] -- Up-to-date: /home/Isaac/ros2_ws/install/serial_motor_demo_msgs/include/serial_motor_demo_msgs/serial_motor_demo_msgs/msg/detail/motor_command__type_support.h
[5.760s] -- Up-to-date: /home/Isaac/ros2_ws/install/serial_motor_demo_msgs/include/serial_motor_demo_msgs/serial_motor_demo_msgs/msg/detail/encoder_vals__functions.h
[5.763s] -- Up-to-date: /home/Isaac/ros2_ws/install/serial_motor_demo_msgs/include/serial_motor_demo_msgs/serial_motor_demo_msgs/msg/detail/motor_vels__functions.h
[5.764s] -- Up-to-date: /home/Isaac/ros2_ws/install/serial_motor_demo_msgs/include/serial_motor_demo_msgs/serial_motor_demo_msgs/msg/detail/motor_command__struct.h
[5.768s] -- Up-to-date: /home/Isaac/ros2_ws/install/serial_motor_demo_msgs/include/serial_motor_demo_msgs/serial_motor_demo_msgs/msg/detail/motor_command__functions.c
[5.768s] -- Up-to-date: /home/Isaac/ros2_ws/install/serial_motor_demo_msgs/include/serial_motor_demo_msgs/serial_motor_demo_msgs/msg/detail/motor_vels__struct.h
[5.769s] -- Up-to-date: /home/Isaac/ros2_ws/install/serial_motor_demo_msgs/include/serial_motor_demo_msgs/serial_motor_demo_msgs/msg/detail/motor_vels__functions.c
[5.770s] -- Up-to-date: /home/Isaac/ros2_ws/install/serial_motor_demo_msgs/include/serial_motor_demo_msgs/serial_motor_demo_msgs/msg/detail/motor_vels__type_support.h
[5.770s] -- Up-to-date: /home/Isaac/ros2_ws/install/serial_motor_demo_msgs/include/serial_motor_demo_msgs/serial_motor_demo_msgs/msg/detail/encoder_vals__functions.c
[5.771s] -- Up-to-date: /home/Isaac/ros2_ws/install/serial_motor_demo_msgs/include/serial_motor_demo_msgs/serial_motor_demo_msgs/msg/motor_vels.h
[5.772s] -- Up-to-date: /home/Isaac/ros2_ws/install/serial_motor_demo_msgs/include/serial_motor_demo_msgs/serial_motor_demo_msgs/msg/rosidl_generator_c__visibility_control.h
[5.773s] -- Up-to-date: /home/Isaac/ros2_ws/install/serial_motor_demo_msgs/include/serial_motor_demo_msgs/serial_motor_demo_msgs/msg/encoder_vals.h
[5.776s] -- Up-to-date: /home/Isaac/ros2_ws/install/serial_motor_demo_msgs/include/serial_motor_demo_msgs/serial_motor_demo_msgs/msg/motor_command.h
[5.777s] -- Up-to-date: /home/Isaac/ros2_ws/install/serial_motor_demo_msgs/share/serial_motor_demo_msgs/environment/library_path.sh
[5.777s] -- Up-to-date: /home/Isaac/ros2_ws/install/serial_motor_demo_msgs/share/serial_motor_demo_msgs/environment/library_path.dsv
[5.780s] -- Up-to-date: /home/Isaac/ros2_ws/install/serial_motor_demo_msgs/lib/libserial_motor_demo_msgs__rosidl_generator_c.so
[5.785s] -- Up-to-date: /home/Isaac/ros2_ws/install/serial_motor_demo_msgs/include/serial_motor_demo_msgs/serial_motor_demo_msgs
[5.787s] -- Up-to-date: /home/Isaac/ros2_ws/install/serial_motor_demo_msgs/include/serial_motor_demo_msgs/serial_motor_demo_msgs/msg
[5.789s] -- Up-to-date: /home/Isaac/ros2_ws/install/serial_motor_demo_msgs/include/serial_motor_demo_msgs/serial_motor_demo_msgs/msg/rosidl_typesupport_fastrtps_c__visibility_control.h
[5.790s] -- Up-to-date: /home/Isaac/ros2_ws/install/serial_motor_demo_msgs/include/serial_motor_demo_msgs/serial_motor_demo_msgs/msg/detail
[5.792s] -- Up-to-date: /home/Isaac/ros2_ws/install/serial_motor_demo_msgs/include/serial_motor_demo_msgs/serial_motor_demo_msgs/msg/detail/motor_command__rosidl_typesupport_fastrtps_c.h
[5.794s] -- Up-to-date: /home/Isaac/ros2_ws/install/serial_motor_demo_msgs/include/serial_motor_demo_msgs/serial_motor_demo_msgs/msg/detail/motor_vels__rosidl_typesupport_fastrtps_c.h
[5.795s] -- Up-to-date: /home/Isaac/ros2_ws/install/serial_motor_demo_msgs/include/serial_motor_demo_msgs/serial_motor_demo_msgs/msg/detail/encoder_vals__rosidl_typesupport_fastrtps_c.h
[5.799s] -- Up-to-date: /home/Isaac/ros2_ws/install/serial_motor_demo_msgs/lib/libserial_motor_demo_msgs__rosidl_typesupport_fastrtps_c.so
[5.802s] -- Up-to-date: /home/Isaac/ros2_ws/install/serial_motor_demo_msgs/include/serial_motor_demo_msgs/serial_motor_demo_msgs
[5.804s] -- Up-to-date: /home/Isaac/ros2_ws/install/serial_motor_demo_msgs/include/serial_motor_demo_msgs/serial_motor_demo_msgs/msg
[5.806s] -- Up-to-date: /home/Isaac/ros2_ws/install/serial_motor_demo_msgs/include/serial_motor_demo_msgs/serial_motor_demo_msgs/msg/detail
[5.808s] -- Up-to-date: /home/Isaac/ros2_ws/install/serial_motor_demo_msgs/include/serial_motor_demo_msgs/serial_motor_demo_msgs/msg/detail/motor_vels__rosidl_typesupport_introspection_c.h
[5.810s] -- Up-to-date: /home/Isaac/ros2_ws/install/serial_motor_demo_msgs/include/serial_motor_demo_msgs/serial_motor_demo_msgs/msg/detail/motor_command__type_support.c
[5.811s] -- Up-to-date: /home/Isaac/ros2_ws/install/serial_motor_demo_msgs/include/serial_motor_demo_msgs/serial_motor_demo_msgs/msg/detail/motor_vels__type_support.c
[5.814s] -- Up-to-date: /home/Isaac/ros2_ws/install/serial_motor_demo_msgs/include/serial_motor_demo_msgs/serial_motor_demo_msgs/msg/detail/encoder_vals__rosidl_typesupport_introspection_c.h
[5.814s] -- Up-to-date: /home/Isaac/ros2_ws/install/serial_motor_demo_msgs/include/serial_motor_demo_msgs/serial_motor_demo_msgs/msg/detail/motor_command__rosidl_typesupport_introspection_c.h
[5.815s] -- Up-to-date: /home/Isaac/ros2_ws/install/serial_motor_demo_msgs/include/serial_motor_demo_msgs/serial_motor_demo_msgs/msg/detail/encoder_vals__type_support.c
[5.820s] -- Up-to-date: /home/Isaac/ros2_ws/install/serial_motor_demo_msgs/include/serial_motor_demo_msgs/serial_motor_demo_msgs/msg/rosidl_typesupport_introspection_c__visibility_control.h
[5.820s] -- Up-to-date: /home/Isaac/ros2_ws/install/serial_motor_demo_msgs/lib/libserial_motor_demo_msgs__rosidl_typesupport_introspection_c.so
[5.824s] -- Up-to-date: /home/Isaac/ros2_ws/install/serial_motor_demo_msgs/lib/libserial_motor_demo_msgs__rosidl_typesupport_c.so
[5.827s] -- Up-to-date: /home/Isaac/ros2_ws/install/serial_motor_demo_msgs/include/serial_motor_demo_msgs/serial_motor_demo_msgs
[5.829s] -- Up-to-date: /home/Isaac/ros2_ws/install/serial_motor_demo_msgs/include/serial_motor_demo_msgs/serial_motor_demo_msgs/msg
[5.830s] -- Up-to-date: /home/Isaac/ros2_ws/install/serial_motor_demo_msgs/include/serial_motor_demo_msgs/serial_motor_demo_msgs/msg/encoder_vals.hpp
[5.831s] -- Up-to-date: /home/Isaac/ros2_ws/install/serial_motor_demo_msgs/include/serial_motor_demo_msgs/serial_motor_demo_msgs/msg/detail
[5.833s] -- Up-to-date: /home/Isaac/ros2_ws/install/serial_motor_demo_msgs/include/serial_motor_demo_msgs/serial_motor_demo_msgs/msg/detail/motor_command__traits.hpp
[5.835s] -- Up-to-date: /home/Isaac/ros2_ws/install/serial_motor_demo_msgs/include/serial_motor_demo_msgs/serial_motor_demo_msgs/msg/detail/motor_vels__builder.hpp
[5.836s] -- Up-to-date: /home/Isaac/ros2_ws/install/serial_motor_demo_msgs/include/serial_motor_demo_msgs/serial_motor_demo_msgs/msg/detail/encoder_vals__traits.hpp
[5.838s] -- Up-to-date: /home/Isaac/ros2_ws/install/serial_motor_demo_msgs/include/serial_motor_demo_msgs/serial_motor_demo_msgs/msg/detail/motor_vels__traits.hpp
[5.839s] -- Up-to-date: /home/Isaac/ros2_ws/install/serial_motor_demo_msgs/include/serial_motor_demo_msgs/serial_motor_demo_msgs/msg/detail/encoder_vals__builder.hpp
[5.841s] -- Up-to-date: /home/Isaac/ros2_ws/install/serial_motor_demo_msgs/include/serial_motor_demo_msgs/serial_motor_demo_msgs/msg/detail/motor_vels__struct.hpp
[5.842s] -- Up-to-date: /home/Isaac/ros2_ws/install/serial_motor_demo_msgs/include/serial_motor_demo_msgs/serial_motor_demo_msgs/msg/detail/encoder_vals__struct.hpp
[5.844s] -- Up-to-date: /home/Isaac/ros2_ws/install/serial_motor_demo_msgs/include/serial_motor_demo_msgs/serial_motor_demo_msgs/msg/detail/motor_command__builder.hpp
[5.846s] -- Up-to-date: /home/Isaac/ros2_ws/install/serial_motor_demo_msgs/include/serial_motor_demo_msgs/serial_motor_demo_msgs/msg/detail/motor_command__struct.hpp
[5.849s] -- Up-to-date: /home/Isaac/ros2_ws/install/serial_motor_demo_msgs/include/serial_motor_demo_msgs/serial_motor_demo_msgs/msg/motor_command.hpp
[5.850s] -- Up-to-date: /home/Isaac/ros2_ws/install/serial_motor_demo_msgs/include/serial_motor_demo_msgs/serial_motor_demo_msgs/msg/motor_vels.hpp
[5.855s] -- Up-to-date: /home/Isaac/ros2_ws/install/serial_motor_demo_msgs/include/serial_motor_demo_msgs/serial_motor_demo_msgs
[5.856s] -- Up-to-date: /home/Isaac/ros2_ws/install/serial_motor_demo_msgs/include/serial_motor_demo_msgs/serial_motor_demo_msgs/msg
[5.857s] -- Up-to-date: /home/Isaac/ros2_ws/install/serial_motor_demo_msgs/include/serial_motor_demo_msgs/serial_motor_demo_msgs/msg/detail
[5.857s] -- Up-to-date: /home/Isaac/ros2_ws/install/serial_motor_demo_msgs/include/serial_motor_demo_msgs/serial_motor_demo_msgs/msg/detail/dds_fastrtps
[5.862s] -- Up-to-date: /home/Isaac/ros2_ws/install/serial_motor_demo_msgs/include/serial_motor_demo_msgs/serial_motor_demo_msgs/msg/detail/motor_vels__rosidl_typesupport_fastrtps_cpp.hpp
[5.863s] -- Up-to-date: /home/Isaac/ros2_ws/install/serial_motor_demo_msgs/include/serial_motor_demo_msgs/serial_motor_demo_msgs/msg/detail/encoder_vals__rosidl_typesupport_fastrtps_cpp.hpp
[5.863s] -- Up-to-date: /home/Isaac/ros2_ws/install/serial_motor_demo_msgs/include/serial_motor_demo_msgs/serial_motor_demo_msgs/msg/detail/motor_command__rosidl_typesupport_fastrtps_cpp.hpp
[5.864s] -- Up-to-date: /home/Isaac/ros2_ws/install/serial_motor_demo_msgs/include/serial_motor_demo_msgs/serial_motor_demo_msgs/msg/rosidl_typesupport_fastrtps_cpp__visibility_control.h
[5.864s] -- Up-to-date: /home/Isaac/ros2_ws/install/serial_motor_demo_msgs/lib/libserial_motor_demo_msgs__rosidl_typesupport_fastrtps_cpp.so
[5.868s] -- Up-to-date: /home/Isaac/ros2_ws/install/serial_motor_demo_msgs/include/serial_motor_demo_msgs/serial_motor_demo_msgs
[5.869s] -- Up-to-date: /home/Isaac/ros2_ws/install/serial_motor_demo_msgs/include/serial_motor_demo_msgs/serial_motor_demo_msgs/msg
[5.869s] -- Up-to-date: /home/Isaac/ros2_ws/install/serial_motor_demo_msgs/include/serial_motor_demo_msgs/serial_motor_demo_msgs/msg/detail
[5.872s] -- Up-to-date: /home/Isaac/ros2_ws/install/serial_motor_demo_msgs/include/serial_motor_demo_msgs/serial_motor_demo_msgs/msg/detail/motor_command__type_support.cpp
[5.872s] -- Up-to-date: /home/Isaac/ros2_ws/install/serial_motor_demo_msgs/include/serial_motor_demo_msgs/serial_motor_demo_msgs/msg/detail/encoder_vals__type_support.cpp
[5.875s] -- Up-to-date: /home/Isaac/ros2_ws/install/serial_motor_demo_msgs/include/serial_motor_demo_msgs/serial_motor_demo_msgs/msg/detail/motor_command__rosidl_typesupport_introspection_cpp.hpp
[5.880s] -- Up-to-date: /home/Isaac/ros2_ws/install/serial_motor_demo_msgs/include/serial_motor_demo_msgs/serial_motor_demo_msgs/msg/detail/motor_vels__type_support.cpp
[5.881s] -- Up-to-date: /home/Isaac/ros2_ws/install/serial_motor_demo_msgs/include/serial_motor_demo_msgs/serial_motor_demo_msgs/msg/detail/encoder_vals__rosidl_typesupport_introspection_cpp.hpp
[5.882s] -- Up-to-date: /home/Isaac/ros2_ws/install/serial_motor_demo_msgs/include/serial_motor_demo_msgs/serial_motor_demo_msgs/msg/detail/motor_vels__rosidl_typesupport_introspection_cpp.hpp
[5.882s] -- Up-to-date: /home/Isaac/ros2_ws/install/serial_motor_demo_msgs/lib/libserial_motor_demo_msgs__rosidl_typesupport_introspection_cpp.so
[5.886s] -- Up-to-date: /home/Isaac/ros2_ws/install/serial_motor_demo_msgs/lib/libserial_motor_demo_msgs__rosidl_typesupport_cpp.so
[5.889s] -- Up-to-date: /home/Isaac/ros2_ws/install/serial_motor_demo_msgs/share/serial_motor_demo_msgs/environment/pythonpath.sh
[5.891s] -- Up-to-date: /home/Isaac/ros2_ws/install/serial_motor_demo_msgs/share/serial_motor_demo_msgs/environment/pythonpath.dsv
[5.892s] -- Up-to-date: /home/Isaac/ros2_ws/install/serial_motor_demo_msgs/local/lib/python3.10/dist-packages/serial_motor_demo_msgs-0.0.0-py3.10.egg-info
[5.894s] -- Installing: /home/Isaac/ros2_ws/install/serial_motor_demo_msgs/local/lib/python3.10/dist-packages/serial_motor_demo_msgs-0.0.0-py3.10.egg-info/dependency_links.txt
[5.897s] -- Installing: /home/Isaac/ros2_ws/install/serial_motor_demo_msgs/local/lib/python3.10/dist-packages/serial_motor_demo_msgs-0.0.0-py3.10.egg-info/top_level.txt
[5.901s] -- Installing: /home/Isaac/ros2_ws/install/serial_motor_demo_msgs/local/lib/python3.10/dist-packages/serial_motor_demo_msgs-0.0.0-py3.10.egg-info/SOURCES.txt
[5.903s] -- Installing: /home/Isaac/ros2_ws/install/serial_motor_demo_msgs/local/lib/python3.10/dist-packages/serial_motor_demo_msgs-0.0.0-py3.10.egg-info/PKG-INFO
[5.907s] -- Up-to-date: /home/Isaac/ros2_ws/install/serial_motor_demo_msgs/local/lib/python3.10/dist-packages/serial_motor_demo_msgs
[5.909s] -- Up-to-date: /home/Isaac/ros2_ws/install/serial_motor_demo_msgs/local/lib/python3.10/dist-packages/serial_motor_demo_msgs/msg
[5.911s] -- Up-to-date: /home/Isaac/ros2_ws/install/serial_motor_demo_msgs/local/lib/python3.10/dist-packages/serial_motor_demo_msgs/msg/_encoder_vals_s.c
[5.912s] -- Up-to-date: /home/Isaac/ros2_ws/install/serial_motor_demo_msgs/local/lib/python3.10/dist-packages/serial_motor_demo_msgs/msg/_motor_command.py
[5.914s] -- Up-to-date: /home/Isaac/ros2_ws/install/serial_motor_demo_msgs/local/lib/python3.10/dist-packages/serial_motor_demo_msgs/msg/__init__.py
[5.916s] -- Up-to-date: /home/Isaac/ros2_ws/install/serial_motor_demo_msgs/local/lib/python3.10/dist-packages/serial_motor_demo_msgs/msg/_motor_vels_s.c
[5.917s] -- Up-to-date: /home/Isaac/ros2_ws/install/serial_motor_demo_msgs/local/lib/python3.10/dist-packages/serial_motor_demo_msgs/msg/_encoder_vals.py
[5.919s] -- Up-to-date: /home/Isaac/ros2_ws/install/serial_motor_demo_msgs/local/lib/python3.10/dist-packages/serial_motor_demo_msgs/msg/_motor_vels.py
[5.921s] -- Up-to-date: /home/Isaac/ros2_ws/install/serial_motor_demo_msgs/local/lib/python3.10/dist-packages/serial_motor_demo_msgs/msg/_motor_command_s.c
[5.922s] -- Up-to-date: /home/Isaac/ros2_ws/install/serial_motor_demo_msgs/local/lib/python3.10/dist-packages/serial_motor_demo_msgs/_serial_motor_demo_msgs_s.ep.rosidl_typesupport_fastrtps_c.c
[5.924s] -- Up-to-date: /home/Isaac/ros2_ws/install/serial_motor_demo_msgs/local/lib/python3.10/dist-packages/serial_motor_demo_msgs/serial_motor_demo_msgs_s__rosidl_typesupport_introspection_c.cpython-310-aarch64-linux-gnu.so
[5.925s] -- Up-to-date: /home/Isaac/ros2_ws/install/serial_motor_demo_msgs/local/lib/python3.10/dist-packages/serial_motor_demo_msgs/_serial_motor_demo_msgs_s.ep.rosidl_typesupport_c.c
[5.927s] -- Up-to-date: /home/Isaac/ros2_ws/install/serial_motor_demo_msgs/local/lib/python3.10/dist-packages/serial_motor_demo_msgs/__init__.py
[5.929s] -- Up-to-date: /home/Isaac/ros2_ws/install/serial_motor_demo_msgs/local/lib/python3.10/dist-packages/serial_motor_demo_msgs/_serial_motor_demo_msgs_s.ep.rosidl_typesupport_introspection_c.c
[5.931s] -- Up-to-date: /home/Isaac/ros2_ws/install/serial_motor_demo_msgs/local/lib/python3.10/dist-packages/serial_motor_demo_msgs/serial_motor_demo_msgs_s__rosidl_typesupport_fastrtps_c.cpython-310-aarch64-linux-gnu.so
[5.933s] -- Up-to-date: /home/Isaac/ros2_ws/install/serial_motor_demo_msgs/local/lib/python3.10/dist-packages/serial_motor_demo_msgs/serial_motor_demo_msgs_s__rosidl_typesupport_c.cpython-310-aarch64-linux-gnu.so
[5.934s] -- Up-to-date: /home/Isaac/ros2_ws/install/serial_motor_demo_msgs/local/lib/python3.10/dist-packages/serial_motor_demo_msgs/libserial_motor_demo_msgs__rosidl_generator_py.so
[6.161s] Listing '/home/Isaac/ros2_ws/install/serial_motor_demo_msgs/local/lib/python3.10/dist-packages/serial_motor_demo_msgs'...
[6.162s] Listing '/home/Isaac/ros2_ws/install/serial_motor_demo_msgs/local/lib/python3.10/dist-packages/serial_motor_demo_msgs/msg'...
[6.203s] -- Up-to-date: /home/Isaac/ros2_ws/install/serial_motor_demo_msgs/local/lib/python3.10/dist-packages/serial_motor_demo_msgs/serial_motor_demo_msgs_s__rosidl_typesupport_fastrtps_c.cpython-310-aarch64-linux-gnu.so
[6.208s] -- Up-to-date: /home/Isaac/ros2_ws/install/serial_motor_demo_msgs/local/lib/python3.10/dist-packages/serial_motor_demo_msgs/serial_motor_demo_msgs_s__rosidl_typesupport_introspection_c.cpython-310-aarch64-linux-gnu.so
[6.212s] -- Up-to-date: /home/Isaac/ros2_ws/install/serial_motor_demo_msgs/local/lib/python3.10/dist-packages/serial_motor_demo_msgs/serial_motor_demo_msgs_s__rosidl_typesupport_c.cpython-310-aarch64-linux-gnu.so
[6.217s] -- Up-to-date: /home/Isaac/ros2_ws/install/serial_motor_demo_msgs/lib/libserial_motor_demo_msgs__rosidl_generator_py.so
[6.220s] -- Up-to-date: /home/Isaac/ros2_ws/install/serial_motor_demo_msgs/share/serial_motor_demo_msgs/msg/MotorCommand.idl
[6.222s] -- Up-to-date: /home/Isaac/ros2_ws/install/serial_motor_demo_msgs/share/serial_motor_demo_msgs/msg/MotorVels.idl
[6.224s] -- Up-to-date: /home/Isaac/ros2_ws/install/serial_motor_demo_msgs/share/serial_motor_demo_msgs/msg/EncoderVals.idl
[6.226s] -- Up-to-date: /home/Isaac/ros2_ws/install/serial_motor_demo_msgs/share/serial_motor_demo_msgs/msg/MotorCommand.msg
[6.227s] -- Up-to-date: /home/Isaac/ros2_ws/install/serial_motor_demo_msgs/share/serial_motor_demo_msgs/msg/MotorVels.msg
[6.229s] -- Up-to-date: /home/Isaac/ros2_ws/install/serial_motor_demo_msgs/share/serial_motor_demo_msgs/msg/EncoderVals.msg
[6.231s] -- Up-to-date: /home/Isaac/ros2_ws/install/serial_motor_demo_msgs/share/ament_index/resource_index/package_run_dependencies/serial_motor_demo_msgs
[6.233s] -- Up-to-date: /home/Isaac/ros2_ws/install/serial_motor_demo_msgs/share/ament_index/resource_index/parent_prefix_path/serial_motor_demo_msgs
[6.236s] -- Up-to-date: /home/Isaac/ros2_ws/install/serial_motor_demo_msgs/share/serial_motor_demo_msgs/environment/ament_prefix_path.sh
[6.239s] -- Up-to-date: /home/Isaac/ros2_ws/install/serial_motor_demo_msgs/share/serial_motor_demo_msgs/environment/ament_prefix_path.dsv
[6.241s] -- Up-to-date: /home/Isaac/ros2_ws/install/serial_motor_demo_msgs/share/serial_motor_demo_msgs/environment/path.sh
[6.243s] -- Up-to-date: /home/Isaac/ros2_ws/install/serial_motor_demo_msgs/share/serial_motor_demo_msgs/environment/path.dsv
[6.245s] -- Up-to-date: /home/Isaac/ros2_ws/install/serial_motor_demo_msgs/share/serial_motor_demo_msgs/local_setup.bash
[6.247s] -- Up-to-date: /home/Isaac/ros2_ws/install/serial_motor_demo_msgs/share/serial_motor_demo_msgs/local_setup.sh
[6.249s] -- Up-to-date: /home/Isaac/ros2_ws/install/serial_motor_demo_msgs/share/serial_motor_demo_msgs/local_setup.zsh
[6.251s] -- Up-to-date: /home/Isaac/ros2_ws/install/serial_motor_demo_msgs/share/serial_motor_demo_msgs/local_setup.dsv
[6.253s] -- Installing: /home/Isaac/ros2_ws/install/serial_motor_demo_msgs/share/serial_motor_demo_msgs/package.dsv
[6.256s] -- Up-to-date: /home/Isaac/ros2_ws/install/serial_motor_demo_msgs/share/ament_index/resource_index/packages/serial_motor_demo_msgs
[6.259s] -- Up-to-date: /home/Isaac/ros2_ws/install/serial_motor_demo_msgs/share/serial_motor_demo_msgs/cmake/export_serial_motor_demo_msgs__rosidl_generator_cExport.cmake
[6.261s] -- Up-to-date: /home/Isaac/ros2_ws/install/serial_motor_demo_msgs/share/serial_motor_demo_msgs/cmake/export_serial_motor_demo_msgs__rosidl_generator_cExport-noconfig.cmake
[6.265s] -- Up-to-date: /home/Isaac/ros2_ws/install/serial_motor_demo_msgs/share/serial_motor_demo_msgs/cmake/export_serial_motor_demo_msgs__rosidl_typesupport_fastrtps_cExport.cmake
[6.267s] -- Up-to-date: /home/Isaac/ros2_ws/install/serial_motor_demo_msgs/share/serial_motor_demo_msgs/cmake/export_serial_motor_demo_msgs__rosidl_typesupport_fastrtps_cExport-noconfig.cmake
[6.269s] -- Up-to-date: /home/Isaac/ros2_ws/install/serial_motor_demo_msgs/share/serial_motor_demo_msgs/cmake/serial_motor_demo_msgs__rosidl_typesupport_introspection_cExport.cmake
[6.272s] -- Up-to-date: /home/Isaac/ros2_ws/install/serial_motor_demo_msgs/share/serial_motor_demo_msgs/cmake/serial_motor_demo_msgs__rosidl_typesupport_introspection_cExport-noconfig.cmake
[6.274s] -- Up-to-date: /home/Isaac/ros2_ws/install/serial_motor_demo_msgs/share/serial_motor_demo_msgs/cmake/serial_motor_demo_msgs__rosidl_typesupport_cExport.cmake
[6.276s] -- Up-to-date: /home/Isaac/ros2_ws/install/serial_motor_demo_msgs/share/serial_motor_demo_msgs/cmake/serial_motor_demo_msgs__rosidl_typesupport_cExport-noconfig.cmake
[6.280s] -- Up-to-date: /home/Isaac/ros2_ws/install/serial_motor_demo_msgs/share/serial_motor_demo_msgs/cmake/export_serial_motor_demo_msgs__rosidl_generator_cppExport.cmake
[6.283s] -- Up-to-date: /home/Isaac/ros2_ws/install/serial_motor_demo_msgs/share/serial_motor_demo_msgs/cmake/export_serial_motor_demo_msgs__rosidl_typesupport_fastrtps_cppExport.cmake
[6.285s] -- Up-to-date: /home/Isaac/ros2_ws/install/serial_motor_demo_msgs/share/serial_motor_demo_msgs/cmake/export_serial_motor_demo_msgs__rosidl_typesupport_fastrtps_cppExport-noconfig.cmake
[6.288s] -- Up-to-date: /home/Isaac/ros2_ws/install/serial_motor_demo_msgs/share/serial_motor_demo_msgs/cmake/serial_motor_demo_msgs__rosidl_typesupport_introspection_cppExport.cmake
[6.290s] -- Up-to-date: /home/Isaac/ros2_ws/install/serial_motor_demo_msgs/share/serial_motor_demo_msgs/cmake/serial_motor_demo_msgs__rosidl_typesupport_introspection_cppExport-noconfig.cmake
[6.292s] -- Up-to-date: /home/Isaac/ros2_ws/install/serial_motor_demo_msgs/share/serial_motor_demo_msgs/cmake/serial_motor_demo_msgs__rosidl_typesupport_cppExport.cmake
[6.295s] -- Up-to-date: /home/Isaac/ros2_ws/install/serial_motor_demo_msgs/share/serial_motor_demo_msgs/cmake/serial_motor_demo_msgs__rosidl_typesupport_cppExport-noconfig.cmake
[6.298s] -- Up-to-date: /home/Isaac/ros2_ws/install/serial_motor_demo_msgs/share/serial_motor_demo_msgs/cmake/export_serial_motor_demo_msgs__rosidl_generator_pyExport.cmake
[6.299s] -- Up-to-date: /home/Isaac/ros2_ws/install/serial_motor_demo_msgs/share/serial_motor_demo_msgs/cmake/export_serial_motor_demo_msgs__rosidl_generator_pyExport-noconfig.cmake
[6.301s] -- Up-to-date: /home/Isaac/ros2_ws/install/serial_motor_demo_msgs/share/serial_motor_demo_msgs/cmake/rosidl_cmake-extras.cmake
[6.303s] -- Up-to-date: /home/Isaac/ros2_ws/install/serial_motor_demo_msgs/share/serial_motor_demo_msgs/cmake/ament_cmake_export_include_directories-extras.cmake
[6.305s] -- Up-to-date: /home/Isaac/ros2_ws/install/serial_motor_demo_msgs/share/serial_motor_demo_msgs/cmake/ament_cmake_export_libraries-extras.cmake
[6.306s] -- Up-to-date: /home/Isaac/ros2_ws/install/serial_motor_demo_msgs/share/serial_motor_demo_msgs/cmake/ament_cmake_export_targets-extras.cmake
[6.308s] -- Up-to-date: /home/Isaac/ros2_ws/install/serial_motor_demo_msgs/share/serial_motor_demo_msgs/cmake/rosidl_cmake_export_typesupport_targets-extras.cmake
[6.310s] -- Up-to-date: /home/Isaac/ros2_ws/install/serial_motor_demo_msgs/share/serial_motor_demo_msgs/cmake/ament_cmake_export_dependencies-extras.cmake
[6.312s] -- Up-to-date: /home/Isaac/ros2_ws/install/serial_motor_demo_msgs/share/serial_motor_demo_msgs/cmake/rosidl_cmake_export_typesupport_libraries-extras.cmake
[6.314s] -- Up-to-date: /home/Isaac/ros2_ws/install/serial_motor_demo_msgs/share/serial_motor_demo_msgs/cmake/serial_motor_demo_msgsConfig.cmake
[6.316s] -- Up-to-date: /home/Isaac/ros2_ws/install/serial_motor_demo_msgs/share/serial_motor_demo_msgs/cmake/serial_motor_demo_msgsConfig-version.cmake
[6.318s] -- Up-to-date: /home/Isaac/ros2_ws/install/serial_motor_demo_msgs/share/serial_motor_demo_msgs/package.xml
[6.337s] Invoked command in '/home/Isaac/ros2_ws/build/serial_motor_demo_msgs' returned '0': CMAKE_PREFIX_PATH=${CMAKE_PREFIX_PATH}:/home/Isaac/ros2_ws/install/serial_motor_demo:/home/Isaac/ros2_ws/install/sample_package:/home/Isaac/ros2_ws/install/msgs:/home/Isaac/ros2_ws/install/autonomous_exploration:/opt/ros/humble /usr/bin/cmake --install /home/Isaac/ros2_ws/build/serial_motor_demo_msgs
