[4.254s] Invoking command in '/home/tony_stark/ros2_ws/src/fan_sim': PYTHONPATH=/home/tony_stark/ros2_ws/build/fan_sim/prefix_override:/home/tony_stark/ros2_ws/install/fan_sim/lib/python3.10/site-packages:${PYTHONPATH} /usr/bin/python3 setup.py egg_info --egg-base ../../build/fan_sim build --build-base /home/tony_stark/ros2_ws/build/fan_sim/build install --record /home/tony_stark/ros2_ws/build/fan_sim/install.log --single-version-externally-managed
[5.921s] running egg_info
[5.921s] writing ../../build/fan_sim/fan_sim.egg-info/PKG-INFO
[5.921s] writing dependency_links to ../../build/fan_sim/fan_sim.egg-info/dependency_links.txt
[5.922s] writing entry points to ../../build/fan_sim/fan_sim.egg-info/entry_points.txt
[5.922s] writing requirements to ../../build/fan_sim/fan_sim.egg-info/requires.txt
[5.922s] writing top-level names to ../../build/fan_sim/fan_sim.egg-info/top_level.txt
[5.927s] reading manifest file '../../build/fan_sim/fan_sim.egg-info/SOURCES.txt'
[5.929s] writing manifest file '../../build/fan_sim/fan_sim.egg-info/SOURCES.txt'
[5.930s] running build
[5.933s] running build_py
[5.933s] running install
[5.933s] running install_lib
[5.950s] running install_data
[5.951s] copying launch/fan_l.launch.py -> /home/tony_stark/ros2_ws/install/fan_sim/share/fan_sim
[5.951s] running install_egg_info
[5.962s] removing '/home/tony_stark/ros2_ws/install/fan_sim/lib/python3.10/site-packages/fan_sim-0.0.0-py3.10.egg-info' (and everything under it)
[5.962s] Copying ../../build/fan_sim/fan_sim.egg-info to /home/tony_stark/ros2_ws/install/fan_sim/lib/python3.10/site-packages/fan_sim-0.0.0-py3.10.egg-info
[5.962s] running install_scripts
[6.076s] writing list of installed files to '/home/tony_stark/ros2_ws/build/fan_sim/install.log'
[7.159s] Invoked command in '/home/tony_stark/ros2_ws/src/fan_sim' returned '0': PYTHONPATH=/home/tony_stark/ros2_ws/build/fan_sim/prefix_override:/home/tony_stark/ros2_ws/install/fan_sim/lib/python3.10/site-packages:${PYTHONPATH} /usr/bin/python3 setup.py egg_info --egg-base ../../build/fan_sim build --build-base /home/tony_stark/ros2_ws/build/fan_sim/build install --record /home/tony_stark/ros2_ws/build/fan_sim/install.log --single-version-externally-managed
