[5.721s] Invoking command in '/home/Isaac/ros2_ws/src/msgs': PYTHONPATH=/home/Isaac/ros2_ws/build/msgs/prefix_override:/home/Isaac/ros2_ws/install/msgs/lib/python3.10/site-packages:${PYTHONPATH} /usr/bin/python3 setup.py egg_info --egg-base ../../build/msgs build --build-base /home/Isaac/ros2_ws/build/msgs/build install --record /home/Isaac/ros2_ws/build/msgs/install.log --single-version-externally-managed
[7.399s] running egg_info
[7.404s] writing ../../build/msgs/msgs.egg-info/PKG-INFO
[7.408s] writing dependency_links to ../../build/msgs/msgs.egg-info/dependency_links.txt
[7.411s] writing entry points to ../../build/msgs/msgs.egg-info/entry_points.txt
[7.418s] writing requirements to ../../build/msgs/msgs.egg-info/requires.txt
[7.420s] writing top-level names to ../../build/msgs/msgs.egg-info/top_level.txt
[7.441s] reading manifest file '../../build/msgs/msgs.egg-info/SOURCES.txt'
[7.452s] writing manifest file '../../build/msgs/msgs.egg-info/SOURCES.txt'
[7.454s] running build
[7.455s] running build_py
[7.456s] running install
[7.457s] /usr/lib/python3/dist-packages/setuptools/command/install.py:34: SetuptoolsDeprecationWarning: setup.py install is deprecated. Use build and pip and other standards-based tools.
[7.458s]   warnings.warn(
[7.459s] running install_lib
[7.466s] running install_data
[7.470s] running install_egg_info
[7.480s] removing '/home/Isaac/ros2_ws/install/msgs/lib/python3.10/site-packages/msgs-0.0.0-py3.10.egg-info' (and everything under it)
[7.482s] Copying ../../build/msgs/msgs.egg-info to /home/Isaac/ros2_ws/install/msgs/lib/python3.10/site-packages/msgs-0.0.0-py3.10.egg-info
[7.494s] running install_scripts
[7.640s] Installing floatlist script to /home/Isaac/ros2_ws/install/msgs/lib/msgs
[7.643s] writing list of installed files to '/home/Isaac/ros2_ws/build/msgs/install.log'
[7.940s] Invoked command in '/home/Isaac/ros2_ws/src/msgs' returned '0': PYTHONPATH=/home/Isaac/ros2_ws/build/msgs/prefix_override:/home/Isaac/ros2_ws/install/msgs/lib/python3.10/site-packages:${PYTHONPATH} /usr/bin/python3 setup.py egg_info --egg-base ../../build/msgs build --build-base /home/Isaac/ros2_ws/build/msgs/build install --record /home/Isaac/ros2_ws/build/msgs/install.log --single-version-externally-managed
