[1.910s] Invoking command in '/home/tony_stark/ros2_ws/src/navigation_module': PYTHONPATH=/home/tony_stark/ros2_ws/build/navigation_module/prefix_override:/home/tony_stark/ros2_ws/install/navigation_module/lib/python3.10/site-packages:${PYTHONPATH} /usr/bin/python3 setup.py egg_info --egg-base ../../build/navigation_module build --build-base /home/tony_stark/ros2_ws/build/navigation_module/build install --record /home/tony_stark/ros2_ws/build/navigation_module/install.log --single-version-externally-managed
[2.663s] running egg_info
[2.666s] writing ../../build/navigation_module/navigation_module.egg-info/PKG-INFO
[2.667s] writing dependency_links to ../../build/navigation_module/navigation_module.egg-info/dependency_links.txt
[2.668s] writing entry points to ../../build/navigation_module/navigation_module.egg-info/entry_points.txt
[2.669s] writing requirements to ../../build/navigation_module/navigation_module.egg-info/requires.txt
[2.669s] writing top-level names to ../../build/navigation_module/navigation_module.egg-info/top_level.txt
[2.676s] reading manifest file '../../build/navigation_module/navigation_module.egg-info/SOURCES.txt'
[2.682s] writing manifest file '../../build/navigation_module/navigation_module.egg-info/SOURCES.txt'
[2.682s] running build
[2.682s] running build_py
[2.682s] running install
[2.683s] running install_lib
[2.688s] running install_data
[2.690s] copying launch/houselaunch.py -> /home/tony_stark/ros2_ws/install/navigation_module/share/navigation_module
[2.691s] running install_egg_info
[2.696s] removing '/home/tony_stark/ros2_ws/install/navigation_module/lib/python3.10/site-packages/navigation_module-0.0.0-py3.10.egg-info' (and everything under it)
[2.697s] Copying ../../build/navigation_module/navigation_module.egg-info to /home/tony_stark/ros2_ws/install/navigation_module/lib/python3.10/site-packages/navigation_module-0.0.0-py3.10.egg-info
[2.700s] running install_scripts
[2.755s] writing list of installed files to '/home/tony_stark/ros2_ws/build/navigation_module/install.log'
[2.858s] Invoked command in '/home/tony_stark/ros2_ws/src/navigation_module' returned '0': PYTHONPATH=/home/tony_stark/ros2_ws/build/navigation_module/prefix_override:/home/tony_stark/ros2_ws/install/navigation_module/lib/python3.10/site-packages:${PYTHONPATH} /usr/bin/python3 setup.py egg_info --egg-base ../../build/navigation_module build --build-base /home/tony_stark/ros2_ws/build/navigation_module/build install --record /home/tony_stark/ros2_ws/build/navigation_module/install.log --single-version-externally-managed
