[4.083s] Invoking command in '/home/tony_stark/ros2_ws/src/msgs': PYTHONPATH=/home/tony_stark/ros2_ws/build/msgs/prefix_override:/home/tony_stark/ros2_ws/install/msgs/lib/python3.10/site-packages:${PYTHONPATH} /usr/bin/python3 setup.py egg_info --egg-base ../../build/msgs build --build-base /home/tony_stark/ros2_ws/build/msgs/build install --record /home/tony_stark/ros2_ws/build/msgs/install.log --single-version-externally-managed
[4.598s] running egg_info
[4.629s] writing ../../build/msgs/msgs.egg-info/PKG-INFO
[4.635s] writing dependency_links to ../../build/msgs/msgs.egg-info/dependency_links.txt
[4.636s] writing entry points to ../../build/msgs/msgs.egg-info/entry_points.txt
[4.637s] writing requirements to ../../build/msgs/msgs.egg-info/requires.txt
[4.637s] writing top-level names to ../../build/msgs/msgs.egg-info/top_level.txt
[4.708s] reading manifest file '../../build/msgs/msgs.egg-info/SOURCES.txt'
[4.751s] writing manifest file '../../build/msgs/msgs.egg-info/SOURCES.txt'
[4.753s] running build
[4.754s] running build_py
[4.759s] running install
[4.760s] /home/tony_stark/.local/lib/python3.10/site-packages/setuptools/_distutils/cmd.py:66: SetuptoolsDeprecationWarning: setup.py install is deprecated.
[4.760s] !!
[4.760s] 
[4.760s]         ********************************************************************************
[4.761s]         Please avoid running ``setup.py`` directly.
[4.761s]         Instead, use pypa/build, pypa/installer, pypa/build or
[4.761s]         other standards-based tools.
[4.761s] 
[4.761s]         See https://blog.ganssle.io/articles/2021/10/setup-py-deprecated.html for details.
[4.761s]         ********************************************************************************
[4.761s] 
[4.761s] !!
[4.761s]   self.initialize_options()
[4.773s] running install_lib
[4.806s] running install_data
[4.866s] running install_egg_info
[4.896s] removing '/home/tony_stark/ros2_ws/install/msgs/lib/python3.10/site-packages/msgs-0.0.0-py3.10.egg-info' (and everything under it)
[4.897s] Copying ../../build/msgs/msgs.egg-info to /home/tony_stark/ros2_ws/install/msgs/lib/python3.10/site-packages/msgs-0.0.0-py3.10.egg-info
[4.910s] running install_scripts
[5.367s] Installing floatlist script to /home/tony_stark/ros2_ws/install/msgs/lib/msgs
[5.369s] writing list of installed files to '/home/tony_stark/ros2_ws/build/msgs/install.log'
[5.469s] Invoked command in '/home/tony_stark/ros2_ws/src/msgs' returned '0': PYTHONPATH=/home/tony_stark/ros2_ws/build/msgs/prefix_override:/home/tony_stark/ros2_ws/install/msgs/lib/python3.10/site-packages:${PYTHONPATH} /usr/bin/python3 setup.py egg_info --egg-base ../../build/msgs build --build-base /home/tony_stark/ros2_ws/build/msgs/build install --record /home/tony_stark/ros2_ws/build/msgs/install.log --single-version-externally-managed
