[2.277s] Invoking command in '/home/tony_stark/ros2_ws/src/msgs': PYTHONPATH=/home/tony_stark/ros2_ws/build/msgs/prefix_override:/home/tony_stark/ros2_ws/install/msgs/lib/python3.10/site-packages:${PYTHONPATH} /usr/bin/python3 setup.py egg_info --egg-base ../../build/msgs build --build-base /home/tony_stark/ros2_ws/build/msgs/build install --record /home/tony_stark/ros2_ws/build/msgs/install.log --single-version-externally-managed
[3.011s] running egg_info
[3.013s] writing ../../build/msgs/msgs.egg-info/PKG-INFO
[3.014s] writing dependency_links to ../../build/msgs/msgs.egg-info/dependency_links.txt
[3.017s] writing entry points to ../../build/msgs/msgs.egg-info/entry_points.txt
[3.018s] writing requirements to ../../build/msgs/msgs.egg-info/requires.txt
[3.018s] writing top-level names to ../../build/msgs/msgs.egg-info/top_level.txt
[3.023s] reading manifest file '../../build/msgs/msgs.egg-info/SOURCES.txt'
[3.026s] writing manifest file '../../build/msgs/msgs.egg-info/SOURCES.txt'
[3.026s] running build
[3.026s] running build_py
[3.027s] running install
[3.028s] running install_lib
[3.032s] running install_data
[3.033s] running install_egg_info
[3.037s] removing '/home/tony_stark/ros2_ws/install/msgs/lib/python3.10/site-packages/msgs-0.0.0-py3.10.egg-info' (and everything under it)
[3.038s] Copying ../../build/msgs/msgs.egg-info to /home/tony_stark/ros2_ws/install/msgs/lib/python3.10/site-packages/msgs-0.0.0-py3.10.egg-info
[3.040s] running install_scripts
[3.093s] Installing floatlist script to /home/tony_stark/ros2_ws/install/msgs/lib/msgs
[3.093s] writing list of installed files to '/home/tony_stark/ros2_ws/build/msgs/install.log'
[3.186s] Invoked command in '/home/tony_stark/ros2_ws/src/msgs' returned '0': PYTHONPATH=/home/tony_stark/ros2_ws/build/msgs/prefix_override:/home/tony_stark/ros2_ws/install/msgs/lib/python3.10/site-packages:${PYTHONPATH} /usr/bin/python3 setup.py egg_info --egg-base ../../build/msgs build --build-base /home/tony_stark/ros2_ws/build/msgs/build install --record /home/tony_stark/ros2_ws/build/msgs/install.log --single-version-externally-managed
