[0.063s] Invoking command in '/home/Isaac/ros2_ws/build/serial': CMAKE_PREFIX_PATH=/opt/ros/humble /usr/bin/cmake --build /home/Isaac/ros2_ws/build/serial -- -j4 -l4
[0.423s] [ 28%] Built target serial
[0.466s] [ 42%] Built target gtest_main
[0.485s] [ 57%] Built target gtest
[0.596s] [ 71%] Built target serial_example
[0.725s] [ 85%] Built target serial-test-timer
[0.757s] [100%] Built target serial-test
[0.809s] Invoked command in '/home/Isaac/ros2_ws/build/serial' returned '0': CMAKE_PREFIX_PATH=/opt/ros/humble /usr/bin/cmake --build /home/Isaac/ros2_ws/build/serial -- -j4 -l4
[1.035s] Invoking command in '/home/Isaac/ros2_ws/build/serial': CMAKE_PREFIX_PATH=/opt/ros/humble /usr/bin/cmake --install /home/Isaac/ros2_ws/build/serial
[1.077s] -- Install configuration: ""
[1.080s] -- Up-to-date: /home/Isaac/ros2_ws/install/serial/lib/libserial.a
[1.082s] -- Up-to-date: /home/Isaac/ros2_ws/install/serial/include/serial/serial.h
[1.084s] -- Up-to-date: /home/Isaac/ros2_ws/install/serial/include/serial/v8stdint.h
[1.088s] -- Up-to-date: /home/Isaac/ros2_ws/install/serial/share/serial/environment/library_path.sh
[1.090s] -- Up-to-date: /home/Isaac/ros2_ws/install/serial/share/serial/environment/library_path.dsv
[1.093s] -- Up-to-date: /home/Isaac/ros2_ws/install/serial/share/ament_index/resource_index/package_run_dependencies/serial
[1.096s] -- Up-to-date: /home/Isaac/ros2_ws/install/serial/share/ament_index/resource_index/parent_prefix_path/serial
[1.098s] -- Up-to-date: /home/Isaac/ros2_ws/install/serial/share/serial/environment/ament_prefix_path.sh
[1.100s] -- Up-to-date: /home/Isaac/ros2_ws/install/serial/share/serial/environment/ament_prefix_path.dsv
[1.101s] -- Up-to-date: /home/Isaac/ros2_ws/install/serial/share/serial/environment/path.sh
[1.103s] -- Up-to-date: /home/Isaac/ros2_ws/install/serial/share/serial/environment/path.dsv
[1.105s] -- Up-to-date: /home/Isaac/ros2_ws/install/serial/share/serial/local_setup.bash
[1.107s] -- Up-to-date: /home/Isaac/ros2_ws/install/serial/share/serial/local_setup.sh
[1.108s] -- Up-to-date: /home/Isaac/ros2_ws/install/serial/share/serial/local_setup.zsh
[1.110s] -- Up-to-date: /home/Isaac/ros2_ws/install/serial/share/serial/local_setup.dsv
[1.111s] -- Installing: /home/Isaac/ros2_ws/install/serial/share/serial/package.dsv
[1.116s] -- Up-to-date: /home/Isaac/ros2_ws/install/serial/share/ament_index/resource_index/packages/serial
[1.118s] -- Up-to-date: /home/Isaac/ros2_ws/install/serial/share/serial/cmake/ament_cmake_export_include_directories-extras.cmake
[1.120s] -- Up-to-date: /home/Isaac/ros2_ws/install/serial/share/serial/cmake/ament_cmake_export_libraries-extras.cmake
[1.122s] -- Up-to-date: /home/Isaac/ros2_ws/install/serial/share/serial/cmake/serialConfig.cmake
[1.123s] -- Up-to-date: /home/Isaac/ros2_ws/install/serial/share/serial/cmake/serialConfig-version.cmake
[1.125s] -- Up-to-date: /home/Isaac/ros2_ws/install/serial/share/serial/package.xml
[1.150s] Invoked command in '/home/Isaac/ros2_ws/build/serial' returned '0': CMAKE_PREFIX_PATH=/opt/ros/humble /usr/bin/cmake --install /home/Isaac/ros2_ws/build/serial
