[5.804s] Invoking command in '/home/Isaac/ros2_ws/src/msgs': PYTHONPATH=/home/Isaac/ros2_ws/build/msgs/prefix_override:/home/Isaac/ros2_ws/install/msgs/lib/python3.10/site-packages:${PYTHONPATH} /usr/bin/python3 setup.py egg_info --egg-base ../../build/msgs build --build-base /home/Isaac/ros2_ws/build/msgs/build install --record /home/Isaac/ros2_ws/build/msgs/install.log --single-version-externally-managed
[7.552s] running egg_info
[7.558s] writing ../../build/msgs/msgs.egg-info/PKG-INFO
[7.560s] writing dependency_links to ../../build/msgs/msgs.egg-info/dependency_links.txt
[7.562s] writing entry points to ../../build/msgs/msgs.egg-info/entry_points.txt
[7.566s] writing requirements to ../../build/msgs/msgs.egg-info/requires.txt
[7.568s] writing top-level names to ../../build/msgs/msgs.egg-info/top_level.txt
[7.578s] reading manifest file '../../build/msgs/msgs.egg-info/SOURCES.txt'
[7.583s] writing manifest file '../../build/msgs/msgs.egg-info/SOURCES.txt'
[7.584s] running build
[7.585s] running build_py
[7.586s] running install
[7.587s] /usr/lib/python3/dist-packages/setuptools/command/install.py:34: SetuptoolsDeprecationWarning: setup.py install is deprecated. Use build and pip and other standards-based tools.
[7.588s]   warnings.warn(
[7.589s] running install_lib
[7.594s] running install_data
[7.597s] running install_egg_info
[7.606s] removing '/home/Isaac/ros2_ws/install/msgs/lib/python3.10/site-packages/msgs-0.0.0-py3.10.egg-info' (and everything under it)
[7.608s] Copying ../../build/msgs/msgs.egg-info to /home/Isaac/ros2_ws/install/msgs/lib/python3.10/site-packages/msgs-0.0.0-py3.10.egg-info
[7.620s] running install_scripts
[7.737s] Installing floatlist script to /home/Isaac/ros2_ws/install/msgs/lib/msgs
[7.739s] writing list of installed files to '/home/Isaac/ros2_ws/build/msgs/install.log'
[7.976s] Invoked command in '/home/Isaac/ros2_ws/src/msgs' returned '0': PYTHONPATH=/home/Isaac/ros2_ws/build/msgs/prefix_override:/home/Isaac/ros2_ws/install/msgs/lib/python3.10/site-packages:${PYTHONPATH} /usr/bin/python3 setup.py egg_info --egg-base ../../build/msgs build --build-base /home/Isaac/ros2_ws/build/msgs/build install --record /home/Isaac/ros2_ws/build/msgs/install.log --single-version-externally-managed
