[2.426s] Invoking command in '/home/tony_stark/ros2_ws/src/navigation_module': PYTHONPATH=/home/tony_stark/ros2_ws/build/navigation_module/prefix_override:/home/tony_stark/ros2_ws/install/navigation_module/lib/python3.10/site-packages:${PYTHONPATH} /usr/bin/python3 setup.py egg_info --egg-base ../../build/navigation_module build --build-base /home/tony_stark/ros2_ws/build/navigation_module/build install --record /home/tony_stark/ros2_ws/build/navigation_module/install.log --single-version-externally-managed
[3.034s] running egg_info
[3.075s] writing ../../build/navigation_module/navigation_module.egg-info/PKG-INFO
[3.076s] writing dependency_links to ../../build/navigation_module/navigation_module.egg-info/dependency_links.txt
[3.077s] writing requirements to ../../build/navigation_module/navigation_module.egg-info/requires.txt
[3.078s] writing top-level names to ../../build/navigation_module/navigation_module.egg-info/top_level.txt
[3.167s] reading manifest file '../../build/navigation_module/navigation_module.egg-info/SOURCES.txt'
[3.169s] writing manifest file '../../build/navigation_module/navigation_module.egg-info/SOURCES.txt'
[3.170s] running build
[3.170s] running build_py
[3.171s] running install
[3.171s] /home/tony_stark/.local/lib/python3.10/site-packages/setuptools/_distutils/cmd.py:66: SetuptoolsDeprecationWarning: setup.py install is deprecated.
[3.172s] !!
[3.172s] 
[3.172s]         ********************************************************************************
[3.172s]         Please avoid running ``setup.py`` directly.
[3.172s]         Instead, use pypa/build, pypa/installer, pypa/build or
[3.173s]         other standards-based tools.
[3.173s] 
[3.173s]         See https://blog.ganssle.io/articles/2021/10/setup-py-deprecated.html for details.
[3.173s]         ********************************************************************************
[3.173s] 
[3.174s] !!
[3.174s]   self.initialize_options()
[3.186s] running install_lib
[3.227s] running install_data
[3.265s] error: can't copy 'worlds/Untitled': doesn't exist or not a regular file
[3.336s] Invoked command in '/home/tony_stark/ros2_ws/src/navigation_module' returned '1': PYTHONPATH=/home/tony_stark/ros2_ws/build/navigation_module/prefix_override:/home/tony_stark/ros2_ws/install/navigation_module/lib/python3.10/site-packages:${PYTHONPATH} /usr/bin/python3 setup.py egg_info --egg-base ../../build/navigation_module build --build-base /home/tony_stark/ros2_ws/build/navigation_module/build install --record /home/tony_stark/ros2_ws/build/navigation_module/install.log --single-version-externally-managed
