[2.291s] Invoking command in '/home/tony_stark/ros2_ws/src/msgs': PYTHONPATH=/home/tony_stark/ros2_ws/build/msgs/prefix_override:/home/tony_stark/ros2_ws/install/msgs/lib/python3.10/site-packages:${PYTHONPATH} /usr/bin/python3 setup.py egg_info --egg-base ../../build/msgs build --build-base /home/tony_stark/ros2_ws/build/msgs/build install --record /home/tony_stark/ros2_ws/build/msgs/install.log --single-version-externally-managed
[2.937s] running egg_info
[2.982s] writing ../../build/msgs/msgs.egg-info/PKG-INFO
[2.983s] writing dependency_links to ../../build/msgs/msgs.egg-info/dependency_links.txt
[2.984s] writing entry points to ../../build/msgs/msgs.egg-info/entry_points.txt
[2.984s] writing requirements to ../../build/msgs/msgs.egg-info/requires.txt
[2.985s] writing top-level names to ../../build/msgs/msgs.egg-info/top_level.txt
[3.081s] reading manifest file '../../build/msgs/msgs.egg-info/SOURCES.txt'
[3.083s] writing manifest file '../../build/msgs/msgs.egg-info/SOURCES.txt'
[3.084s] running build
[3.084s] running build_py
[3.085s] running install
[3.086s] /home/tony_stark/.local/lib/python3.10/site-packages/setuptools/_distutils/cmd.py:66: SetuptoolsDeprecationWarning: setup.py install is deprecated.
[3.086s] !!
[3.087s] 
[3.087s]         ********************************************************************************
[3.087s]         Please avoid running ``setup.py`` directly.
[3.087s]         Instead, use pypa/build, pypa/installer, pypa/build or
[3.087s]         other standards-based tools.
[3.088s] 
[3.088s]         See https://blog.ganssle.io/articles/2021/10/setup-py-deprecated.html for details.
[3.088s]         ********************************************************************************
[3.088s] 
[3.088s] !!
[3.088s]   self.initialize_options()
[3.103s] running install_lib
[3.147s] running install_data
[3.188s] running install_egg_info
[3.236s] removing '/home/tony_stark/ros2_ws/install/msgs/lib/python3.10/site-packages/msgs-0.0.0-py3.10.egg-info' (and everything under it)
[3.237s] Copying ../../build/msgs/msgs.egg-info to /home/tony_stark/ros2_ws/install/msgs/lib/python3.10/site-packages/msgs-0.0.0-py3.10.egg-info
[3.240s] running install_scripts
[3.785s] Installing floatlist script to /home/tony_stark/ros2_ws/install/msgs/lib/msgs
[3.786s] writing list of installed files to '/home/tony_stark/ros2_ws/build/msgs/install.log'
[3.908s] Invoked command in '/home/tony_stark/ros2_ws/src/msgs' returned '0': PYTHONPATH=/home/tony_stark/ros2_ws/build/msgs/prefix_override:/home/tony_stark/ros2_ws/install/msgs/lib/python3.10/site-packages:${PYTHONPATH} /usr/bin/python3 setup.py egg_info --egg-base ../../build/msgs build --build-base /home/tony_stark/ros2_ws/build/msgs/build install --record /home/tony_stark/ros2_ws/build/msgs/install.log --single-version-externally-managed
