[3.834s] Invoking command in '/home/tony_stark/ros2_ws/src/msgs': PYTHONPATH=/home/tony_stark/ros2_ws/build/msgs/prefix_override:/home/tony_stark/ros2_ws/install/msgs/lib/python3.10/site-packages:${PYTHONPATH} /usr/bin/python3 setup.py egg_info --egg-base ../../build/msgs build --build-base /home/tony_stark/ros2_ws/build/msgs/build install --record /home/tony_stark/ros2_ws/build/msgs/install.log --single-version-externally-managed
[5.395s] running egg_info
[5.397s] writing ../../build/msgs/msgs.egg-info/PKG-INFO
[5.398s] writing dependency_links to ../../build/msgs/msgs.egg-info/dependency_links.txt
[5.399s] writing entry points to ../../build/msgs/msgs.egg-info/entry_points.txt
[5.399s] writing requirements to ../../build/msgs/msgs.egg-info/requires.txt
[5.400s] writing top-level names to ../../build/msgs/msgs.egg-info/top_level.txt
[5.414s] reading manifest file '../../build/msgs/msgs.egg-info/SOURCES.txt'
[5.414s] writing manifest file '../../build/msgs/msgs.egg-info/SOURCES.txt'
[5.415s] running build
[5.416s] running build_py
[5.417s] running install
[5.417s] running install_lib
[5.417s] running install_data
[5.418s] running install_egg_info
[5.425s] removing '/home/tony_stark/ros2_ws/install/msgs/lib/python3.10/site-packages/msgs-0.0.0-py3.10.egg-info' (and everything under it)
[5.426s] Copying ../../build/msgs/msgs.egg-info to /home/tony_stark/ros2_ws/install/msgs/lib/python3.10/site-packages/msgs-0.0.0-py3.10.egg-info
[5.429s] running install_scripts
[5.493s] Installing floatlist script to /home/tony_stark/ros2_ws/install/msgs/lib/msgs
[5.494s] writing list of installed files to '/home/tony_stark/ros2_ws/build/msgs/install.log'
[5.978s] Invoked command in '/home/tony_stark/ros2_ws/src/msgs' returned '0': PYTHONPATH=/home/tony_stark/ros2_ws/build/msgs/prefix_override:/home/tony_stark/ros2_ws/install/msgs/lib/python3.10/site-packages:${PYTHONPATH} /usr/bin/python3 setup.py egg_info --egg-base ../../build/msgs build --build-base /home/tony_stark/ros2_ws/build/msgs/build install --record /home/tony_stark/ros2_ws/build/msgs/install.log --single-version-externally-managed
