[0.072s] Invoking command in '/home/Isaac/ros2_ws/build/serial': CMAKE_PREFIX_PATH=${CMAKE_PREFIX_PATH}:/home/Isaac/ros2_ws/install/serial_motor_demo:/home/Isaac/ros2_ws/install/sample_package:/home/Isaac/ros2_ws/install/msgs:/home/Isaac/ros2_ws/install/autonomous_exploration:/opt/ros/humble /usr/bin/cmake --build /home/Isaac/ros2_ws/build/serial -- -j4 -l4
[0.415s] [ 14%] Built target gtest_main
[0.474s] [ 42%] Built target serial
[0.506s] [ 57%] Built target gtest
[0.746s] [ 71%] Built target serial_example
[0.778s] [ 85%] Built target serial-test
[0.819s] [100%] Built target serial-test-timer
[0.911s] Invoked command in '/home/Isaac/ros2_ws/build/serial' returned '0': CMAKE_PREFIX_PATH=${CMAKE_PREFIX_PATH}:/home/Isaac/ros2_ws/install/serial_motor_demo:/home/Isaac/ros2_ws/install/sample_package:/home/Isaac/ros2_ws/install/msgs:/home/Isaac/ros2_ws/install/autonomous_exploration:/opt/ros/humble /usr/bin/cmake --build /home/Isaac/ros2_ws/build/serial -- -j4 -l4
[2.286s] Invoking command in '/home/Isaac/ros2_ws/build/serial': CMAKE_PREFIX_PATH=${CMAKE_PREFIX_PATH}:/home/Isaac/ros2_ws/install/serial_motor_demo:/home/Isaac/ros2_ws/install/sample_package:/home/Isaac/ros2_ws/install/msgs:/home/Isaac/ros2_ws/install/autonomous_exploration:/opt/ros/humble /usr/bin/cmake --install /home/Isaac/ros2_ws/build/serial
[2.311s] -- Install configuration: ""
[2.311s] -- Up-to-date: /home/Isaac/ros2_ws/install/serial/lib/libserial.a
[2.312s] -- Up-to-date: /home/Isaac/ros2_ws/install/serial/include/serial/serial.h
[2.313s] -- Up-to-date: /home/Isaac/ros2_ws/install/serial/include/serial/v8stdint.h
[2.314s] -- Up-to-date: /home/Isaac/ros2_ws/install/serial/share/serial/environment/library_path.sh
[2.315s] -- Up-to-date: /home/Isaac/ros2_ws/install/serial/share/serial/environment/library_path.dsv
[2.316s] -- Up-to-date: /home/Isaac/ros2_ws/install/serial/share/ament_index/resource_index/package_run_dependencies/serial
[2.317s] -- Up-to-date: /home/Isaac/ros2_ws/install/serial/share/ament_index/resource_index/parent_prefix_path/serial
[2.318s] -- Up-to-date: /home/Isaac/ros2_ws/install/serial/share/serial/environment/ament_prefix_path.sh
[2.319s] -- Up-to-date: /home/Isaac/ros2_ws/install/serial/share/serial/environment/ament_prefix_path.dsv
[2.320s] -- Up-to-date: /home/Isaac/ros2_ws/install/serial/share/serial/environment/path.sh
[2.320s] -- Up-to-date: /home/Isaac/ros2_ws/install/serial/share/serial/environment/path.dsv
[2.321s] -- Up-to-date: /home/Isaac/ros2_ws/install/serial/share/serial/local_setup.bash
[2.321s] -- Up-to-date: /home/Isaac/ros2_ws/install/serial/share/serial/local_setup.sh
[2.322s] -- Up-to-date: /home/Isaac/ros2_ws/install/serial/share/serial/local_setup.zsh
[2.322s] -- Up-to-date: /home/Isaac/ros2_ws/install/serial/share/serial/local_setup.dsv
[2.323s] -- Installing: /home/Isaac/ros2_ws/install/serial/share/serial/package.dsv
[2.324s] -- Up-to-date: /home/Isaac/ros2_ws/install/serial/share/ament_index/resource_index/packages/serial
[2.325s] -- Up-to-date: /home/Isaac/ros2_ws/install/serial/share/serial/cmake/ament_cmake_export_include_directories-extras.cmake
[2.326s] -- Up-to-date: /home/Isaac/ros2_ws/install/serial/share/serial/cmake/ament_cmake_export_libraries-extras.cmake
[2.341s] -- Up-to-date: /home/Isaac/ros2_ws/install/serial/share/serial/cmake/serialConfig.cmake
[2.343s] -- Up-to-date: /home/Isaac/ros2_ws/install/serial/share/serial/cmake/serialConfig-version.cmake
[2.344s] -- Up-to-date: /home/Isaac/ros2_ws/install/serial/share/serial/package.xml
[2.345s] Invoked command in '/home/Isaac/ros2_ws/build/serial' returned '0': CMAKE_PREFIX_PATH=${CMAKE_PREFIX_PATH}:/home/Isaac/ros2_ws/install/serial_motor_demo:/home/Isaac/ros2_ws/install/sample_package:/home/Isaac/ros2_ws/install/msgs:/home/Isaac/ros2_ws/install/autonomous_exploration:/opt/ros/humble /usr/bin/cmake --install /home/Isaac/ros2_ws/build/serial
