[2.381s] Invoking command in '/home/tony_stark/ros2_ws/src/sample_package': PYTHONPATH=/home/tony_stark/ros2_ws/build/sample_package/prefix_override:/home/tony_stark/ros2_ws/install/sample_package/lib/python3.10/site-packages:${PYTHONPATH} /usr/bin/python3 setup.py egg_info --egg-base ../../build/sample_package build --build-base /home/tony_stark/ros2_ws/build/sample_package/build install --record /home/tony_stark/ros2_ws/build/sample_package/install.log --single-version-externally-managed
[3.173s] running egg_info
[3.175s] writing ../../build/sample_package/sample_package.egg-info/PKG-INFO
[3.176s] writing dependency_links to ../../build/sample_package/sample_package.egg-info/dependency_links.txt
[3.177s] writing entry points to ../../build/sample_package/sample_package.egg-info/entry_points.txt
[3.178s] writing requirements to ../../build/sample_package/sample_package.egg-info/requires.txt
[3.179s] writing top-level names to ../../build/sample_package/sample_package.egg-info/top_level.txt
[3.185s] reading manifest file '../../build/sample_package/sample_package.egg-info/SOURCES.txt'
[3.188s] writing manifest file '../../build/sample_package/sample_package.egg-info/SOURCES.txt'
[3.189s] running build
[3.189s] running build_py
[3.191s] running install
[3.193s] running install_lib
[3.197s] running install_data
[3.199s] running install_egg_info
[3.204s] removing '/home/tony_stark/ros2_ws/install/sample_package/lib/python3.10/site-packages/sample_package-0.0.0-py3.10.egg-info' (and everything under it)
[3.206s] Copying ../../build/sample_package/sample_package.egg-info to /home/tony_stark/ros2_ws/install/sample_package/lib/python3.10/site-packages/sample_package-0.0.0-py3.10.egg-info
[3.212s] running install_scripts
[3.272s] Installing fan_sub script to /home/tony_stark/ros2_ws/install/sample_package/lib/sample_package
[3.274s] Installing process script to /home/tony_stark/ros2_ws/install/sample_package/lib/sample_package
[3.275s] Installing senpub script to /home/tony_stark/ros2_ws/install/sample_package/lib/sample_package
[3.276s] Installing talk script to /home/tony_stark/ros2_ws/install/sample_package/lib/sample_package
[3.277s] writing list of installed files to '/home/tony_stark/ros2_ws/build/sample_package/install.log'
[3.383s] Invoked command in '/home/tony_stark/ros2_ws/src/sample_package' returned '0': PYTHONPATH=/home/tony_stark/ros2_ws/build/sample_package/prefix_override:/home/tony_stark/ros2_ws/install/sample_package/lib/python3.10/site-packages:${PYTHONPATH} /usr/bin/python3 setup.py egg_info --egg-base ../../build/sample_package build --build-base /home/tony_stark/ros2_ws/build/sample_package/build install --record /home/tony_stark/ros2_ws/build/sample_package/install.log --single-version-externally-managed
