[2.011s] Invoking command in '/home/tony_stark/ros2_ws/src/navigation_module': PYTHONPATH=/home/tony_stark/ros2_ws/build/navigation_module/prefix_override:/home/tony_stark/ros2_ws/install/navigation_module/lib/python3.10/site-packages:${PYTHONPATH} /usr/bin/python3 setup.py egg_info --egg-base ../../build/navigation_module build --build-base /home/tony_stark/ros2_ws/build/navigation_module/build install --record /home/tony_stark/ros2_ws/build/navigation_module/install.log --single-version-externally-managed
[2.793s] running egg_info
[2.796s] writing ../../build/navigation_module/navigation_module.egg-info/PKG-INFO
[2.797s] writing dependency_links to ../../build/navigation_module/navigation_module.egg-info/dependency_links.txt
[2.798s] writing entry points to ../../build/navigation_module/navigation_module.egg-info/entry_points.txt
[2.799s] writing requirements to ../../build/navigation_module/navigation_module.egg-info/requires.txt
[2.801s] writing top-level names to ../../build/navigation_module/navigation_module.egg-info/top_level.txt
[2.808s] reading manifest file '../../build/navigation_module/navigation_module.egg-info/SOURCES.txt'
[2.812s] writing manifest file '../../build/navigation_module/navigation_module.egg-info/SOURCES.txt'
[2.813s] running build
[2.814s] running build_py
[2.815s] running install
[2.817s] running install_lib
[2.821s] running install_data
[2.824s] copying launch/houselaunch.py -> /home/tony_stark/ros2_ws/install/navigation_module/share/navigation_module
[2.826s] running install_egg_info
[2.835s] removing '/home/tony_stark/ros2_ws/install/navigation_module/lib/python3.10/site-packages/navigation_module-0.0.0-py3.10.egg-info' (and everything under it)
[2.835s] Copying ../../build/navigation_module/navigation_module.egg-info to /home/tony_stark/ros2_ws/install/navigation_module/lib/python3.10/site-packages/navigation_module-0.0.0-py3.10.egg-info
[2.835s] running install_scripts
[2.889s] writing list of installed files to '/home/tony_stark/ros2_ws/build/navigation_module/install.log'
[2.985s] Invoked command in '/home/tony_stark/ros2_ws/src/navigation_module' returned '0': PYTHONPATH=/home/tony_stark/ros2_ws/build/navigation_module/prefix_override:/home/tony_stark/ros2_ws/install/navigation_module/lib/python3.10/site-packages:${PYTHONPATH} /usr/bin/python3 setup.py egg_info --egg-base ../../build/navigation_module build --build-base /home/tony_stark/ros2_ws/build/navigation_module/build install --record /home/tony_stark/ros2_ws/build/navigation_module/install.log --single-version-externally-managed
