[2.777s] Invoking command in '/home/tony_stark/ros2_ws/src/sample_package': PYTHONPATH=/home/tony_stark/ros2_ws/build/sample_package/prefix_override:/home/tony_stark/ros2_ws/install/sample_package/lib/python3.10/site-packages:${PYTHONPATH} /usr/bin/python3 setup.py egg_info --egg-base ../../build/sample_package build --build-base /home/tony_stark/ros2_ws/build/sample_package/build install --record /home/tony_stark/ros2_ws/build/sample_package/install.log --single-version-externally-managed
[3.620s] running egg_info
[3.623s] writing ../../build/sample_package/sample_package.egg-info/PKG-INFO
[3.626s] writing dependency_links to ../../build/sample_package/sample_package.egg-info/dependency_links.txt
[3.628s] writing entry points to ../../build/sample_package/sample_package.egg-info/entry_points.txt
[3.630s] writing requirements to ../../build/sample_package/sample_package.egg-info/requires.txt
[3.632s] writing top-level names to ../../build/sample_package/sample_package.egg-info/top_level.txt
[3.638s] reading manifest file '../../build/sample_package/sample_package.egg-info/SOURCES.txt'
[3.702s] writing manifest file '../../build/sample_package/sample_package.egg-info/SOURCES.txt'
[3.711s] running build
[3.713s] running build_py
[3.715s] running install
[3.716s] running install_lib
[3.717s] running install_data
[3.733s] running install_egg_info
[3.736s] removing '/home/tony_stark/ros2_ws/install/sample_package/lib/python3.10/site-packages/sample_package-0.0.0-py3.10.egg-info' (and everything under it)
[3.744s] Copying ../../build/sample_package/sample_package.egg-info to /home/tony_stark/ros2_ws/install/sample_package/lib/python3.10/site-packages/sample_package-0.0.0-py3.10.egg-info
[3.748s] running install_scripts
[3.798s] Installing fan_sub script to /home/tony_stark/ros2_ws/install/sample_package/lib/sample_package
[3.800s] Installing process script to /home/tony_stark/ros2_ws/install/sample_package/lib/sample_package
[3.809s] Installing senpub script to /home/tony_stark/ros2_ws/install/sample_package/lib/sample_package
[3.812s] Installing talk script to /home/tony_stark/ros2_ws/install/sample_package/lib/sample_package
[3.818s] writing list of installed files to '/home/tony_stark/ros2_ws/build/sample_package/install.log'
[3.952s] Invoked command in '/home/tony_stark/ros2_ws/src/sample_package' returned '0': PYTHONPATH=/home/tony_stark/ros2_ws/build/sample_package/prefix_override:/home/tony_stark/ros2_ws/install/sample_package/lib/python3.10/site-packages:${PYTHONPATH} /usr/bin/python3 setup.py egg_info --egg-base ../../build/sample_package build --build-base /home/tony_stark/ros2_ws/build/sample_package/build install --record /home/tony_stark/ros2_ws/build/sample_package/install.log --single-version-externally-managed
