[2.183s] Invoking command in '/home/tony_stark/ros2_ws/src/navigation_module': PYTHONPATH=/home/tony_stark/ros2_ws/build/navigation_module/prefix_override:/home/tony_stark/ros2_ws/install/navigation_module/lib/python3.10/site-packages:${PYTHONPATH} /usr/bin/python3 setup.py egg_info --egg-base ../../build/navigation_module build --build-base /home/tony_stark/ros2_ws/build/navigation_module/build install --record /home/tony_stark/ros2_ws/build/navigation_module/install.log --single-version-externally-managed
[2.896s] running egg_info
[2.937s] writing ../../build/navigation_module/navigation_module.egg-info/PKG-INFO
[2.937s] writing dependency_links to ../../build/navigation_module/navigation_module.egg-info/dependency_links.txt
[2.938s] writing requirements to ../../build/navigation_module/navigation_module.egg-info/requires.txt
[2.939s] writing top-level names to ../../build/navigation_module/navigation_module.egg-info/top_level.txt
[3.035s] reading manifest file '../../build/navigation_module/navigation_module.egg-info/SOURCES.txt'
[3.039s] writing manifest file '../../build/navigation_module/navigation_module.egg-info/SOURCES.txt'
[3.039s] running build
[3.039s] running build_py
[3.040s] running install
[3.040s] /home/tony_stark/.local/lib/python3.10/site-packages/setuptools/_distutils/cmd.py:66: SetuptoolsDeprecationWarning: setup.py install is deprecated.
[3.041s] !!
[3.041s] 
[3.041s]         ********************************************************************************
[3.041s]         Please avoid running ``setup.py`` directly.
[3.041s]         Instead, use pypa/build, pypa/installer, pypa/build or
[3.041s]         other standards-based tools.
[3.042s] 
[3.042s]         See https://blog.ganssle.io/articles/2021/10/setup-py-deprecated.html for details.
[3.042s]         ********************************************************************************
[3.042s] 
[3.042s] !!
[3.042s]   self.initialize_options()
[3.057s] running install_lib
[3.103s] running install_data
[3.148s] error: can't copy 'worlds/Untitled': doesn't exist or not a regular file
[3.222s] Invoked command in '/home/tony_stark/ros2_ws/src/navigation_module' returned '1': PYTHONPATH=/home/tony_stark/ros2_ws/build/navigation_module/prefix_override:/home/tony_stark/ros2_ws/install/navigation_module/lib/python3.10/site-packages:${PYTHONPATH} /usr/bin/python3 setup.py egg_info --egg-base ../../build/navigation_module build --build-base /home/tony_stark/ros2_ws/build/navigation_module/build install --record /home/tony_stark/ros2_ws/build/navigation_module/install.log --single-version-externally-managed
