[8.224s] Invoking command in '/home/Isaac/ros2_ws/src/sample_package': PYTHONPATH=/home/Isaac/ros2_ws/build/sample_package/prefix_override:/home/Isaac/ros2_ws/install/sample_package/lib/python3.10/site-packages:${PYTHONPATH} /usr/bin/python3 setup.py egg_info --egg-base ../../build/sample_package build --build-base /home/Isaac/ros2_ws/build/sample_package/build install --record /home/Isaac/ros2_ws/build/sample_package/install.log --single-version-externally-managed
[10.041s] running egg_info
[10.046s] writing ../../build/sample_package/sample_package.egg-info/PKG-INFO
[10.051s] writing dependency_links to ../../build/sample_package/sample_package.egg-info/dependency_links.txt
[10.059s] writing entry points to ../../build/sample_package/sample_package.egg-info/entry_points.txt
[10.060s] writing requirements to ../../build/sample_package/sample_package.egg-info/requires.txt
[10.060s] writing top-level names to ../../build/sample_package/sample_package.egg-info/top_level.txt
[10.065s] reading manifest file '../../build/sample_package/sample_package.egg-info/SOURCES.txt'
[10.076s] writing manifest file '../../build/sample_package/sample_package.egg-info/SOURCES.txt'
[10.079s] running build
[10.080s] running build_py
[10.091s] running install
[10.093s] /usr/lib/python3/dist-packages/setuptools/command/install.py:34: SetuptoolsDeprecationWarning: setup.py install is deprecated. Use build and pip and other standards-based tools.
[10.094s]   warnings.warn(
[10.096s] running install_lib
[10.110s] running install_data
[10.118s] running install_egg_info
[10.126s] removing '/home/Isaac/ros2_ws/install/sample_package/lib/python3.10/site-packages/sample_package-0.0.0-py3.10.egg-info' (and everything under it)
[10.129s] Copying ../../build/sample_package/sample_package.egg-info to /home/Isaac/ros2_ws/install/sample_package/lib/python3.10/site-packages/sample_package-0.0.0-py3.10.egg-info
[10.141s] running install_scripts
[10.300s] Installing fan_sub script to /home/Isaac/ros2_ws/install/sample_package/lib/sample_package
[10.304s] Installing process script to /home/Isaac/ros2_ws/install/sample_package/lib/sample_package
[10.307s] Installing senpub script to /home/Isaac/ros2_ws/install/sample_package/lib/sample_package
[10.310s] Installing talk script to /home/Isaac/ros2_ws/install/sample_package/lib/sample_package
[10.314s] writing list of installed files to '/home/Isaac/ros2_ws/build/sample_package/install.log'
[10.739s] Invoked command in '/home/Isaac/ros2_ws/src/sample_package' returned '0': PYTHONPATH=/home/Isaac/ros2_ws/build/sample_package/prefix_override:/home/Isaac/ros2_ws/install/sample_package/lib/python3.10/site-packages:${PYTHONPATH} /usr/bin/python3 setup.py egg_info --egg-base ../../build/sample_package build --build-base /home/Isaac/ros2_ws/build/sample_package/build install --record /home/Isaac/ros2_ws/build/sample_package/install.log --single-version-externally-managed
