[1.841s] Invoking command in '/home/tony_stark/ros2_ws/src/navigation_module': PYTHONPATH=/home/tony_stark/ros2_ws/build/navigation_module/prefix_override:/home/tony_stark/ros2_ws/install/navigation_module/lib/python3.10/site-packages:${PYTHONPATH} /usr/bin/python3 setup.py egg_info --egg-base ../../build/navigation_module build --build-base /home/tony_stark/ros2_ws/build/navigation_module/build install --record /home/tony_stark/ros2_ws/build/navigation_module/install.log --single-version-externally-managed
[2.662s] running egg_info
[2.665s] writing ../../build/navigation_module/navigation_module.egg-info/PKG-INFO
[2.667s] writing dependency_links to ../../build/navigation_module/navigation_module.egg-info/dependency_links.txt
[2.668s] writing entry points to ../../build/navigation_module/navigation_module.egg-info/entry_points.txt
[2.670s] writing requirements to ../../build/navigation_module/navigation_module.egg-info/requires.txt
[2.671s] writing top-level names to ../../build/navigation_module/navigation_module.egg-info/top_level.txt
[2.679s] reading manifest file '../../build/navigation_module/navigation_module.egg-info/SOURCES.txt'
[2.686s] writing manifest file '../../build/navigation_module/navigation_module.egg-info/SOURCES.txt'
[2.687s] running build
[2.687s] running build_py
[2.689s] running install
[2.691s] running install_lib
[2.696s] running install_data
[2.699s] copying launch/houselaunch.py -> /home/tony_stark/ros2_ws/install/navigation_module/share/navigation_module
[2.701s] running install_egg_info
[2.707s] removing '/home/tony_stark/ros2_ws/install/navigation_module/lib/python3.10/site-packages/navigation_module-0.0.0-py3.10.egg-info' (and everything under it)
[2.709s] Copying ../../build/navigation_module/navigation_module.egg-info to /home/tony_stark/ros2_ws/install/navigation_module/lib/python3.10/site-packages/navigation_module-0.0.0-py3.10.egg-info
[2.713s] running install_scripts
[2.774s] Installing current_goal script to /home/tony_stark/ros2_ws/install/navigation_module/lib/navigation_module
[2.776s] Installing get_pose script to /home/tony_stark/ros2_ws/install/navigation_module/lib/navigation_module
[2.777s] writing list of installed files to '/home/tony_stark/ros2_ws/build/navigation_module/install.log'
[2.880s] Invoked command in '/home/tony_stark/ros2_ws/src/navigation_module' returned '0': PYTHONPATH=/home/tony_stark/ros2_ws/build/navigation_module/prefix_override:/home/tony_stark/ros2_ws/install/navigation_module/lib/python3.10/site-packages:${PYTHONPATH} /usr/bin/python3 setup.py egg_info --egg-base ../../build/navigation_module build --build-base /home/tony_stark/ros2_ws/build/navigation_module/build install --record /home/tony_stark/ros2_ws/build/navigation_module/install.log --single-version-externally-managed
