[4.687s] Invoking command in '/home/tony_stark/ros2_ws/src/msgs': PYTHONPATH=/home/tony_stark/ros2_ws/build/msgs/prefix_override:/home/tony_stark/ros2_ws/install/msgs/lib/python3.10/site-packages:${PYTHONPATH} /usr/bin/python3 setup.py egg_info --egg-base ../../build/msgs build --build-base /home/tony_stark/ros2_ws/build/msgs/build install --record /home/tony_stark/ros2_ws/build/msgs/install.log --single-version-externally-managed
[5.666s] running egg_info
[5.669s] writing ../../build/msgs/msgs.egg-info/PKG-INFO
[5.669s] writing dependency_links to ../../build/msgs/msgs.egg-info/dependency_links.txt
[5.670s] writing entry points to ../../build/msgs/msgs.egg-info/entry_points.txt
[5.670s] writing requirements to ../../build/msgs/msgs.egg-info/requires.txt
[5.672s] writing top-level names to ../../build/msgs/msgs.egg-info/top_level.txt
[5.703s] reading manifest file '../../build/msgs/msgs.egg-info/SOURCES.txt'
[5.704s] writing manifest file '../../build/msgs/msgs.egg-info/SOURCES.txt'
[5.705s] running build
[5.705s] running build_py
[5.705s] running install
[5.710s] running install_lib
[5.713s] running install_data
[5.715s] running install_egg_info
[5.721s] removing '/home/tony_stark/ros2_ws/install/msgs/lib/python3.10/site-packages/msgs-0.0.0-py3.10.egg-info' (and everything under it)
[5.725s] Copying ../../build/msgs/msgs.egg-info to /home/tony_stark/ros2_ws/install/msgs/lib/python3.10/site-packages/msgs-0.0.0-py3.10.egg-info
[5.734s] running install_scripts
[5.803s] Installing floatlist script to /home/tony_stark/ros2_ws/install/msgs/lib/msgs
[5.805s] writing list of installed files to '/home/tony_stark/ros2_ws/build/msgs/install.log'
[5.927s] Invoked command in '/home/tony_stark/ros2_ws/src/msgs' returned '0': PYTHONPATH=/home/tony_stark/ros2_ws/build/msgs/prefix_override:/home/tony_stark/ros2_ws/install/msgs/lib/python3.10/site-packages:${PYTHONPATH} /usr/bin/python3 setup.py egg_info --egg-base ../../build/msgs build --build-base /home/tony_stark/ros2_ws/build/msgs/build install --record /home/tony_stark/ros2_ws/build/msgs/install.log --single-version-externally-managed
