[2.710s] Invoking command in '/home/tony_stark/ros2_ws/src/fan_simulation': PYTHONPATH=/home/tony_stark/ros2_ws/build/fan_simulation/prefix_override:/home/tony_stark/ros2_ws/install/fan_simulation/lib/python3.10/site-packages:${PYTHONPATH} /usr/bin/python3 setup.py egg_info --egg-base ../../build/fan_simulation build --build-base /home/tony_stark/ros2_ws/build/fan_simulation/build install --record /home/tony_stark/ros2_ws/build/fan_simulation/install.log --single-version-externally-managed
[3.613s] running egg_info
[3.616s] writing ../../build/fan_simulation/fan_simulation.egg-info/PKG-INFO
[3.618s] writing dependency_links to ../../build/fan_simulation/fan_simulation.egg-info/dependency_links.txt
[3.620s] writing entry points to ../../build/fan_simulation/fan_simulation.egg-info/entry_points.txt
[3.622s] writing requirements to ../../build/fan_simulation/fan_simulation.egg-info/requires.txt
[3.624s] writing top-level names to ../../build/fan_simulation/fan_simulation.egg-info/top_level.txt
[3.638s] reading manifest file '../../build/fan_simulation/fan_simulation.egg-info/SOURCES.txt'
[3.642s] writing manifest file '../../build/fan_simulation/fan_simulation.egg-info/SOURCES.txt'
[3.652s] running build
[3.652s] running build_py
[3.652s] running install
[3.653s] running install_lib
[3.660s] running install_data
[3.664s] copying launch/gazebo_fanlaunch.launch.py -> /home/tony_stark/ros2_ws/install/fan_simulation/share/fan_simulation
[3.666s] running install_egg_info
[3.671s] removing '/home/tony_stark/ros2_ws/install/fan_simulation/lib/python3.10/site-packages/fan_simulation-0.0.0-py3.10.egg-info' (and everything under it)
[3.680s] Copying ../../build/fan_simulation/fan_simulation.egg-info to /home/tony_stark/ros2_ws/install/fan_simulation/lib/python3.10/site-packages/fan_simulation-0.0.0-py3.10.egg-info
[3.685s] running install_scripts
[3.759s] writing list of installed files to '/home/tony_stark/ros2_ws/build/fan_simulation/install.log'
[3.879s] Invoked command in '/home/tony_stark/ros2_ws/src/fan_simulation' returned '0': PYTHONPATH=/home/tony_stark/ros2_ws/build/fan_simulation/prefix_override:/home/tony_stark/ros2_ws/install/fan_simulation/lib/python3.10/site-packages:${PYTHONPATH} /usr/bin/python3 setup.py egg_info --egg-base ../../build/fan_simulation build --build-base /home/tony_stark/ros2_ws/build/fan_simulation/build install --record /home/tony_stark/ros2_ws/build/fan_simulation/install.log --single-version-externally-managed
