[2.320s] DEBUG:colcon:Command line arguments: ['/usr/bin/colcon', 'build']
[2.320s] DEBUG:colcon:Parsed command line arguments: Namespace(log_base=None, log_level=None, verb_name='build', build_base='build', install_base='install', merge_install=False, symlink_install=False, test_result_base=None, continue_on_error=False, executor='parallel', parallel_workers=4, event_handlers=None, ignore_user_meta=False, metas=['./colcon.meta'], base_paths=['.'], packages_ignore=None, packages_ignore_regex=None, paths=None, packages_up_to=None, packages_up_to_regex=None, packages_above=None, packages_above_and_dependencies=None, packages_above_depth=None, packages_select_by_dep=None, packages_skip_by_dep=None, packages_skip_up_to=None, packages_select_build_failed=False, packages_skip_build_finished=False, packages_select_test_failures=False, packages_skip_test_passed=False, packages_select=None, packages_skip=None, packages_select_regex=None, packages_skip_regex=None, packages_start=None, packages_end=None, allow_overriding=[], cmake_args=None, cmake_target=None, cmake_target_skip_unavailable=False, cmake_clean_cache=False, cmake_clean_first=False, cmake_force_configure=False, ament_cmake_args=None, catkin_cmake_args=None, catkin_skip_building_tests=False, verb_parser=<colcon_defaults.argument_parser.defaults.DefaultArgumentsDecorator object at 0xffffb5e692d0>, verb_extension=<colcon_core.verb.build.BuildVerb object at 0xffffb66e0c70>, main=<bound method BuildVerb.main of <colcon_core.verb.build.BuildVerb object at 0xffffb66e0c70>>)
[2.542s] Level 1:colcon.colcon_core.package_discovery:discover_packages(colcon_meta) check parameters
[2.543s] Level 1:colcon.colcon_core.package_discovery:discover_packages(recursive) check parameters
[2.543s] Level 1:colcon.colcon_core.package_discovery:discover_packages(ignore) check parameters
[2.543s] Level 1:colcon.colcon_core.package_discovery:discover_packages(path) check parameters
[2.543s] Level 1:colcon.colcon_core.package_discovery:discover_packages(colcon_meta) discover
[2.543s] Level 1:colcon.colcon_core.package_discovery:discover_packages(recursive) discover
[2.544s] INFO:colcon.colcon_core.package_discovery:Crawling recursively for packages in '/home/Isaac/ros2_ws'
[2.544s] Level 1:colcon.colcon_core.package_identification:_identify(.) by extensions ['ignore', 'ignore_ament_install']
[2.545s] Level 1:colcon.colcon_core.package_identification:_identify(.) by extension 'ignore'
[2.545s] Level 1:colcon.colcon_core.package_identification:_identify(.) by extension 'ignore_ament_install'
[2.546s] Level 1:colcon.colcon_core.package_identification:_identify(.) by extensions ['colcon_pkg']
[2.546s] Level 1:colcon.colcon_core.package_identification:_identify(.) by extension 'colcon_pkg'
[2.546s] Level 1:colcon.colcon_core.package_identification:_identify(.) by extensions ['colcon_meta']
[2.546s] Level 1:colcon.colcon_core.package_identification:_identify(.) by extension 'colcon_meta'
[2.547s] Level 1:colcon.colcon_core.package_identification:_identify(.) by extensions ['ros']
[2.547s] Level 1:colcon.colcon_core.package_identification:_identify(.) by extension 'ros'
[2.622s] Level 1:colcon.colcon_core.package_identification:_identify(.) by extensions ['cmake', 'python']
[2.622s] Level 1:colcon.colcon_core.package_identification:_identify(.) by extension 'cmake'
[2.623s] Level 1:colcon.colcon_core.package_identification:_identify(.) by extension 'python'
[2.623s] Level 1:colcon.colcon_core.package_identification:_identify(.) by extensions ['python_setup_py']
[2.623s] Level 1:colcon.colcon_core.package_identification:_identify(.) by extension 'python_setup_py'
[2.623s] Level 1:colcon.colcon_core.package_identification:_identify(build) by extensions ['ignore', 'ignore_ament_install']
[2.624s] Level 1:colcon.colcon_core.package_identification:_identify(build) by extension 'ignore'
[2.624s] Level 1:colcon.colcon_core.package_identification:_identify(build) ignored
[2.624s] Level 1:colcon.colcon_core.package_identification:_identify(install) by extensions ['ignore', 'ignore_ament_install']
[2.625s] Level 1:colcon.colcon_core.package_identification:_identify(install) by extension 'ignore'
[2.625s] Level 1:colcon.colcon_core.package_identification:_identify(install) ignored
[2.635s] Level 1:colcon.colcon_core.package_identification:_identify(log) by extensions ['ignore', 'ignore_ament_install']
[2.635s] Level 1:colcon.colcon_core.package_identification:_identify(log) by extension 'ignore'
[2.635s] Level 1:colcon.colcon_core.package_identification:_identify(log) ignored
[2.636s] Level 1:colcon.colcon_core.package_identification:_identify(maps) by extensions ['ignore', 'ignore_ament_install']
[2.637s] Level 1:colcon.colcon_core.package_identification:_identify(maps) by extension 'ignore'
[2.637s] Level 1:colcon.colcon_core.package_identification:_identify(maps) by extension 'ignore_ament_install'
[2.637s] Level 1:colcon.colcon_core.package_identification:_identify(maps) by extensions ['colcon_pkg']
[2.637s] Level 1:colcon.colcon_core.package_identification:_identify(maps) by extension 'colcon_pkg'
[2.637s] Level 1:colcon.colcon_core.package_identification:_identify(maps) by extensions ['colcon_meta']
[2.638s] Level 1:colcon.colcon_core.package_identification:_identify(maps) by extension 'colcon_meta'
[2.638s] Level 1:colcon.colcon_core.package_identification:_identify(maps) by extensions ['ros']
[2.638s] Level 1:colcon.colcon_core.package_identification:_identify(maps) by extension 'ros'
[2.638s] Level 1:colcon.colcon_core.package_identification:_identify(maps) by extensions ['cmake', 'python']
[2.639s] Level 1:colcon.colcon_core.package_identification:_identify(maps) by extension 'cmake'
[2.639s] Level 1:colcon.colcon_core.package_identification:_identify(maps) by extension 'python'
[2.639s] Level 1:colcon.colcon_core.package_identification:_identify(maps) by extensions ['python_setup_py']
[2.639s] Level 1:colcon.colcon_core.package_identification:_identify(maps) by extension 'python_setup_py'
[2.640s] Level 1:colcon.colcon_core.package_identification:_identify(models) by extensions ['ignore', 'ignore_ament_install']
[2.640s] Level 1:colcon.colcon_core.package_identification:_identify(models) by extension 'ignore'
[2.641s] Level 1:colcon.colcon_core.package_identification:_identify(models) by extension 'ignore_ament_install'
[2.641s] Level 1:colcon.colcon_core.package_identification:_identify(models) by extensions ['colcon_pkg']
[2.641s] Level 1:colcon.colcon_core.package_identification:_identify(models) by extension 'colcon_pkg'
[2.641s] Level 1:colcon.colcon_core.package_identification:_identify(models) by extensions ['colcon_meta']
[2.641s] Level 1:colcon.colcon_core.package_identification:_identify(models) by extension 'colcon_meta'
[2.641s] Level 1:colcon.colcon_core.package_identification:_identify(models) by extensions ['ros']
[2.642s] Level 1:colcon.colcon_core.package_identification:_identify(models) by extension 'ros'
[2.642s] Level 1:colcon.colcon_core.package_identification:_identify(models) by extensions ['cmake', 'python']
[2.642s] Level 1:colcon.colcon_core.package_identification:_identify(models) by extension 'cmake'
[2.642s] Level 1:colcon.colcon_core.package_identification:_identify(models) by extension 'python'
[2.643s] Level 1:colcon.colcon_core.package_identification:_identify(models) by extensions ['python_setup_py']
[2.643s] Level 1:colcon.colcon_core.package_identification:_identify(models) by extension 'python_setup_py'
[2.643s] Level 1:colcon.colcon_core.package_identification:_identify(src) by extensions ['ignore', 'ignore_ament_install']
[2.643s] Level 1:colcon.colcon_core.package_identification:_identify(src) by extension 'ignore'
[2.644s] Level 1:colcon.colcon_core.package_identification:_identify(src) by extension 'ignore_ament_install'
[2.644s] Level 1:colcon.colcon_core.package_identification:_identify(src) by extensions ['colcon_pkg']
[2.644s] Level 1:colcon.colcon_core.package_identification:_identify(src) by extension 'colcon_pkg'
[2.644s] Level 1:colcon.colcon_core.package_identification:_identify(src) by extensions ['colcon_meta']
[2.644s] Level 1:colcon.colcon_core.package_identification:_identify(src) by extension 'colcon_meta'
[2.645s] Level 1:colcon.colcon_core.package_identification:_identify(src) by extensions ['ros']
[2.645s] Level 1:colcon.colcon_core.package_identification:_identify(src) by extension 'ros'
[2.645s] Level 1:colcon.colcon_core.package_identification:_identify(src) by extensions ['cmake', 'python']
[2.645s] Level 1:colcon.colcon_core.package_identification:_identify(src) by extension 'cmake'
[2.645s] Level 1:colcon.colcon_core.package_identification:_identify(src) by extension 'python'
[2.646s] Level 1:colcon.colcon_core.package_identification:_identify(src) by extensions ['python_setup_py']
[2.646s] Level 1:colcon.colcon_core.package_identification:_identify(src) by extension 'python_setup_py'
[2.647s] Level 1:colcon.colcon_core.package_identification:_identify(src/autonomous_exploration) by extensions ['ignore', 'ignore_ament_install']
[2.648s] Level 1:colcon.colcon_core.package_identification:_identify(src/autonomous_exploration) by extension 'ignore'
[2.648s] Level 1:colcon.colcon_core.package_identification:_identify(src/autonomous_exploration) by extension 'ignore_ament_install'
[2.648s] Level 1:colcon.colcon_core.package_identification:_identify(src/autonomous_exploration) by extensions ['colcon_pkg']
[2.648s] Level 1:colcon.colcon_core.package_identification:_identify(src/autonomous_exploration) by extension 'colcon_pkg'
[2.649s] Level 1:colcon.colcon_core.package_identification:_identify(src/autonomous_exploration) by extensions ['colcon_meta']
[2.649s] Level 1:colcon.colcon_core.package_identification:_identify(src/autonomous_exploration) by extension 'colcon_meta'
[2.649s] Level 1:colcon.colcon_core.package_identification:_identify(src/autonomous_exploration) by extensions ['ros']
[2.649s] Level 1:colcon.colcon_core.package_identification:_identify(src/autonomous_exploration) by extension 'ros'
[2.661s] DEBUG:colcon.colcon_core.package_identification:Package 'src/autonomous_exploration' with type 'ros.ament_python' and name 'autonomous_exploration'
[2.661s] Level 1:colcon.colcon_core.package_identification:_identify(src/diffdrive_arduino) by extensions ['ignore', 'ignore_ament_install']
[2.662s] Level 1:colcon.colcon_core.package_identification:_identify(src/diffdrive_arduino) by extension 'ignore'
[2.662s] Level 1:colcon.colcon_core.package_identification:_identify(src/diffdrive_arduino) by extension 'ignore_ament_install'
[2.662s] Level 1:colcon.colcon_core.package_identification:_identify(src/diffdrive_arduino) by extensions ['colcon_pkg']
[2.663s] Level 1:colcon.colcon_core.package_identification:_identify(src/diffdrive_arduino) by extension 'colcon_pkg'
[2.663s] Level 1:colcon.colcon_core.package_identification:_identify(src/diffdrive_arduino) by extensions ['colcon_meta']
[2.663s] Level 1:colcon.colcon_core.package_identification:_identify(src/diffdrive_arduino) by extension 'colcon_meta'
[2.663s] Level 1:colcon.colcon_core.package_identification:_identify(src/diffdrive_arduino) by extensions ['ros']
[2.663s] Level 1:colcon.colcon_core.package_identification:_identify(src/diffdrive_arduino) by extension 'ros'
[2.668s] DEBUG:colcon.colcon_core.package_identification:Package 'src/diffdrive_arduino' with type 'ros.ament_cmake' and name 'diffdrive_arduino'
[2.669s] Level 1:colcon.colcon_core.package_identification:_identify(src/msgs) by extensions ['ignore', 'ignore_ament_install']
[2.670s] Level 1:colcon.colcon_core.package_identification:_identify(src/msgs) by extension 'ignore'
[2.670s] Level 1:colcon.colcon_core.package_identification:_identify(src/msgs) by extension 'ignore_ament_install'
[2.670s] Level 1:colcon.colcon_core.package_identification:_identify(src/msgs) by extensions ['colcon_pkg']
[2.670s] Level 1:colcon.colcon_core.package_identification:_identify(src/msgs) by extension 'colcon_pkg'
[2.671s] Level 1:colcon.colcon_core.package_identification:_identify(src/msgs) by extensions ['colcon_meta']
[2.671s] Level 1:colcon.colcon_core.package_identification:_identify(src/msgs) by extension 'colcon_meta'
[2.671s] Level 1:colcon.colcon_core.package_identification:_identify(src/msgs) by extensions ['ros']
[2.671s] Level 1:colcon.colcon_core.package_identification:_identify(src/msgs) by extension 'ros'
[2.675s] DEBUG:colcon.colcon_core.package_identification:Package 'src/msgs' with type 'ros.ament_python' and name 'msgs'
[2.676s] Level 1:colcon.colcon_core.package_identification:_identify(src/sample_package) by extensions ['ignore', 'ignore_ament_install']
[2.676s] Level 1:colcon.colcon_core.package_identification:_identify(src/sample_package) by extension 'ignore'
[2.676s] Level 1:colcon.colcon_core.package_identification:_identify(src/sample_package) by extension 'ignore_ament_install'
[2.677s] Level 1:colcon.colcon_core.package_identification:_identify(src/sample_package) by extensions ['colcon_pkg']
[2.677s] Level 1:colcon.colcon_core.package_identification:_identify(src/sample_package) by extension 'colcon_pkg'
[2.677s] Level 1:colcon.colcon_core.package_identification:_identify(src/sample_package) by extensions ['colcon_meta']
[2.677s] Level 1:colcon.colcon_core.package_identification:_identify(src/sample_package) by extension 'colcon_meta'
[2.677s] Level 1:colcon.colcon_core.package_identification:_identify(src/sample_package) by extensions ['ros']
[2.677s] Level 1:colcon.colcon_core.package_identification:_identify(src/sample_package) by extension 'ros'
[2.680s] DEBUG:colcon.colcon_core.package_identification:Package 'src/sample_package' with type 'ros.ament_python' and name 'sample_package'
[2.681s] Level 1:colcon.colcon_core.package_identification:_identify(src/serial) by extensions ['ignore', 'ignore_ament_install']
[2.682s] Level 1:colcon.colcon_core.package_identification:_identify(src/serial) by extension 'ignore'
[2.682s] Level 1:colcon.colcon_core.package_identification:_identify(src/serial) by extension 'ignore_ament_install'
[2.683s] Level 1:colcon.colcon_core.package_identification:_identify(src/serial) by extensions ['colcon_pkg']
[2.683s] Level 1:colcon.colcon_core.package_identification:_identify(src/serial) by extension 'colcon_pkg'
[2.683s] Level 1:colcon.colcon_core.package_identification:_identify(src/serial) by extensions ['colcon_meta']
[2.683s] Level 1:colcon.colcon_core.package_identification:_identify(src/serial) by extension 'colcon_meta'
[2.683s] Level 1:colcon.colcon_core.package_identification:_identify(src/serial) by extensions ['ros']
[2.683s] Level 1:colcon.colcon_core.package_identification:_identify(src/serial) by extension 'ros'
[2.686s] DEBUG:colcon.colcon_core.package_identification:Package 'src/serial' with type 'ros.ament_cmake' and name 'serial'
[2.691s] Level 1:colcon.colcon_core.package_identification:_identify(src/serial_motor_demo) by extensions ['ignore', 'ignore_ament_install']
[2.691s] Level 1:colcon.colcon_core.package_identification:_identify(src/serial_motor_demo) by extension 'ignore'
[2.692s] Level 1:colcon.colcon_core.package_identification:_identify(src/serial_motor_demo) by extension 'ignore_ament_install'
[2.692s] Level 1:colcon.colcon_core.package_identification:_identify(src/serial_motor_demo) by extensions ['colcon_pkg']
[2.692s] Level 1:colcon.colcon_core.package_identification:_identify(src/serial_motor_demo) by extension 'colcon_pkg'
[2.692s] Level 1:colcon.colcon_core.package_identification:_identify(src/serial_motor_demo) by extensions ['colcon_meta']
[2.692s] Level 1:colcon.colcon_core.package_identification:_identify(src/serial_motor_demo) by extension 'colcon_meta'
[2.693s] Level 1:colcon.colcon_core.package_identification:_identify(src/serial_motor_demo) by extensions ['ros']
[2.693s] Level 1:colcon.colcon_core.package_identification:_identify(src/serial_motor_demo) by extension 'ros'
[2.693s] Level 1:colcon.colcon_core.package_identification:_identify(src/serial_motor_demo) by extensions ['cmake', 'python']
[2.694s] Level 1:colcon.colcon_core.package_identification:_identify(src/serial_motor_demo) by extension 'cmake'
[2.694s] Level 1:colcon.colcon_core.package_identification:_identify(src/serial_motor_demo) by extension 'python'
[2.694s] Level 1:colcon.colcon_core.package_identification:_identify(src/serial_motor_demo) by extensions ['python_setup_py']
[2.694s] Level 1:colcon.colcon_core.package_identification:_identify(src/serial_motor_demo) by extension 'python_setup_py'
[2.699s] Level 1:colcon.colcon_core.package_identification:_identify(src/serial_motor_demo/serial_motor_demo) by extensions ['ignore', 'ignore_ament_install']
[2.700s] Level 1:colcon.colcon_core.package_identification:_identify(src/serial_motor_demo/serial_motor_demo) by extension 'ignore'
[2.700s] Level 1:colcon.colcon_core.package_identification:_identify(src/serial_motor_demo/serial_motor_demo) by extension 'ignore_ament_install'
[2.701s] Level 1:colcon.colcon_core.package_identification:_identify(src/serial_motor_demo/serial_motor_demo) by extensions ['colcon_pkg']
[2.701s] Level 1:colcon.colcon_core.package_identification:_identify(src/serial_motor_demo/serial_motor_demo) by extension 'colcon_pkg'
[2.701s] Level 1:colcon.colcon_core.package_identification:_identify(src/serial_motor_demo/serial_motor_demo) by extensions ['colcon_meta']
[2.701s] Level 1:colcon.colcon_core.package_identification:_identify(src/serial_motor_demo/serial_motor_demo) by extension 'colcon_meta'
[2.701s] Level 1:colcon.colcon_core.package_identification:_identify(src/serial_motor_demo/serial_motor_demo) by extensions ['ros']
[2.702s] Level 1:colcon.colcon_core.package_identification:_identify(src/serial_motor_demo/serial_motor_demo) by extension 'ros'
[2.706s] DEBUG:colcon.colcon_core.package_identification:Package 'src/serial_motor_demo/serial_motor_demo' with type 'ros.ament_python' and name 'serial_motor_demo'
[2.707s] Level 1:colcon.colcon_core.package_identification:_identify(src/serial_motor_demo/serial_motor_demo_msgs) by extensions ['ignore', 'ignore_ament_install']
[2.708s] Level 1:colcon.colcon_core.package_identification:_identify(src/serial_motor_demo/serial_motor_demo_msgs) by extension 'ignore'
[2.708s] Level 1:colcon.colcon_core.package_identification:_identify(src/serial_motor_demo/serial_motor_demo_msgs) by extension 'ignore_ament_install'
[2.709s] Level 1:colcon.colcon_core.package_identification:_identify(src/serial_motor_demo/serial_motor_demo_msgs) by extensions ['colcon_pkg']
[2.709s] Level 1:colcon.colcon_core.package_identification:_identify(src/serial_motor_demo/serial_motor_demo_msgs) by extension 'colcon_pkg'
[2.709s] Level 1:colcon.colcon_core.package_identification:_identify(src/serial_motor_demo/serial_motor_demo_msgs) by extensions ['colcon_meta']
[2.709s] Level 1:colcon.colcon_core.package_identification:_identify(src/serial_motor_demo/serial_motor_demo_msgs) by extension 'colcon_meta'
[2.710s] Level 1:colcon.colcon_core.package_identification:_identify(src/serial_motor_demo/serial_motor_demo_msgs) by extensions ['ros']
[2.710s] Level 1:colcon.colcon_core.package_identification:_identify(src/serial_motor_demo/serial_motor_demo_msgs) by extension 'ros'
[2.713s] DEBUG:colcon.colcon_core.package_identification:Package 'src/serial_motor_demo/serial_motor_demo_msgs' with type 'ros.ament_cmake' and name 'serial_motor_demo_msgs'
[2.714s] Level 1:colcon.colcon_core.package_discovery:discover_packages(recursive) using defaults
[2.714s] Level 1:colcon.colcon_core.package_discovery:discover_packages(ignore) discover
[2.714s] Level 1:colcon.colcon_core.package_discovery:discover_packages(ignore) using defaults
[2.714s] Level 1:colcon.colcon_core.package_discovery:discover_packages(path) discover
[2.714s] Level 1:colcon.colcon_core.package_discovery:discover_packages(path) using defaults
[2.858s] Level 1:colcon.colcon_core.package_discovery:discover_packages(prefix_path) check parameters
[2.858s] Level 1:colcon.colcon_core.package_discovery:discover_packages(prefix_path) discover
[2.884s] DEBUG:colcon.colcon_installed_package_information.package_discovery:Found 357 installed packages in /opt/ros/humble
[2.893s] Level 1:colcon.colcon_core.package_discovery:discover_packages(prefix_path) using defaults
[3.189s] Level 5:colcon.colcon_core.verb:set package 'autonomous_exploration' build argument 'cmake_args' from command line to 'None'
[3.189s] Level 5:colcon.colcon_core.verb:set package 'autonomous_exploration' build argument 'cmake_target' from command line to 'None'
[3.190s] Level 5:colcon.colcon_core.verb:set package 'autonomous_exploration' build argument 'cmake_target_skip_unavailable' from command line to 'False'
[3.190s] Level 5:colcon.colcon_core.verb:set package 'autonomous_exploration' build argument 'cmake_clean_cache' from command line to 'False'
[3.190s] Level 5:colcon.colcon_core.verb:set package 'autonomous_exploration' build argument 'cmake_clean_first' from command line to 'False'
[3.190s] Level 5:colcon.colcon_core.verb:set package 'autonomous_exploration' build argument 'cmake_force_configure' from command line to 'False'
[3.190s] Level 5:colcon.colcon_core.verb:set package 'autonomous_exploration' build argument 'ament_cmake_args' from command line to 'None'
[3.190s] Level 5:colcon.colcon_core.verb:set package 'autonomous_exploration' build argument 'catkin_cmake_args' from command line to 'None'
[3.190s] Level 5:colcon.colcon_core.verb:set package 'autonomous_exploration' build argument 'catkin_skip_building_tests' from command line to 'False'
[3.190s] DEBUG:colcon.colcon_core.verb:Building package 'autonomous_exploration' with the following arguments: {'ament_cmake_args': None, 'build_base': '/home/Isaac/ros2_ws/build/autonomous_exploration', 'catkin_cmake_args': None, 'catkin_skip_building_tests': False, 'cmake_args': None, 'cmake_clean_cache': False, 'cmake_clean_first': False, 'cmake_force_configure': False, 'cmake_target': None, 'cmake_target_skip_unavailable': False, 'install_base': '/home/Isaac/ros2_ws/install/autonomous_exploration', 'merge_install': False, 'path': '/home/Isaac/ros2_ws/src/autonomous_exploration', 'symlink_install': False, 'test_result_base': None}
[3.194s] Level 5:colcon.colcon_core.verb:set package 'diffdrive_arduino' build argument 'cmake_args' from command line to 'None'
[3.195s] Level 5:colcon.colcon_core.verb:set package 'diffdrive_arduino' build argument 'cmake_target' from command line to 'None'
[3.195s] Level 5:colcon.colcon_core.verb:set package 'diffdrive_arduino' build argument 'cmake_target_skip_unavailable' from command line to 'False'
[3.195s] Level 5:colcon.colcon_core.verb:set package 'diffdrive_arduino' build argument 'cmake_clean_cache' from command line to 'False'
[3.195s] Level 5:colcon.colcon_core.verb:set package 'diffdrive_arduino' build argument 'cmake_clean_first' from command line to 'False'
[3.195s] Level 5:colcon.colcon_core.verb:set package 'diffdrive_arduino' build argument 'cmake_force_configure' from command line to 'False'
[3.195s] Level 5:colcon.colcon_core.verb:set package 'diffdrive_arduino' build argument 'ament_cmake_args' from command line to 'None'
[3.195s] Level 5:colcon.colcon_core.verb:set package 'diffdrive_arduino' build argument 'catkin_cmake_args' from command line to 'None'
[3.195s] Level 5:colcon.colcon_core.verb:set package 'diffdrive_arduino' build argument 'catkin_skip_building_tests' from command line to 'False'
[3.195s] DEBUG:colcon.colcon_core.verb:Building package 'diffdrive_arduino' with the following arguments: {'ament_cmake_args': None, 'build_base': '/home/Isaac/ros2_ws/build/diffdrive_arduino', 'catkin_cmake_args': None, 'catkin_skip_building_tests': False, 'cmake_args': None, 'cmake_clean_cache': False, 'cmake_clean_first': False, 'cmake_force_configure': False, 'cmake_target': None, 'cmake_target_skip_unavailable': False, 'install_base': '/home/Isaac/ros2_ws/install/diffdrive_arduino', 'merge_install': False, 'path': '/home/Isaac/ros2_ws/src/diffdrive_arduino', 'symlink_install': False, 'test_result_base': None}
[3.199s] Level 5:colcon.colcon_core.verb:set package 'msgs' build argument 'cmake_args' from command line to 'None'
[3.199s] Level 5:colcon.colcon_core.verb:set package 'msgs' build argument 'cmake_target' from command line to 'None'
[3.200s] Level 5:colcon.colcon_core.verb:set package 'msgs' build argument 'cmake_target_skip_unavailable' from command line to 'False'
[3.200s] Level 5:colcon.colcon_core.verb:set package 'msgs' build argument 'cmake_clean_cache' from command line to 'False'
[3.200s] Level 5:colcon.colcon_core.verb:set package 'msgs' build argument 'cmake_clean_first' from command line to 'False'
[3.200s] Level 5:colcon.colcon_core.verb:set package 'msgs' build argument 'cmake_force_configure' from command line to 'False'
[3.200s] Level 5:colcon.colcon_core.verb:set package 'msgs' build argument 'ament_cmake_args' from command line to 'None'
[3.200s] Level 5:colcon.colcon_core.verb:set package 'msgs' build argument 'catkin_cmake_args' from command line to 'None'
[3.200s] Level 5:colcon.colcon_core.verb:set package 'msgs' build argument 'catkin_skip_building_tests' from command line to 'False'
[3.200s] DEBUG:colcon.colcon_core.verb:Building package 'msgs' with the following arguments: {'ament_cmake_args': None, 'build_base': '/home/Isaac/ros2_ws/build/msgs', 'catkin_cmake_args': None, 'catkin_skip_building_tests': False, 'cmake_args': None, 'cmake_clean_cache': False, 'cmake_clean_first': False, 'cmake_force_configure': False, 'cmake_target': None, 'cmake_target_skip_unavailable': False, 'install_base': '/home/Isaac/ros2_ws/install/msgs', 'merge_install': False, 'path': '/home/Isaac/ros2_ws/src/msgs', 'symlink_install': False, 'test_result_base': None}
[3.204s] Level 5:colcon.colcon_core.verb:set package 'sample_package' build argument 'cmake_args' from command line to 'None'
[3.204s] Level 5:colcon.colcon_core.verb:set package 'sample_package' build argument 'cmake_target' from command line to 'None'
[3.205s] Level 5:colcon.colcon_core.verb:set package 'sample_package' build argument 'cmake_target_skip_unavailable' from command line to 'False'
[3.205s] Level 5:colcon.colcon_core.verb:set package 'sample_package' build argument 'cmake_clean_cache' from command line to 'False'
[3.205s] Level 5:colcon.colcon_core.verb:set package 'sample_package' build argument 'cmake_clean_first' from command line to 'False'
[3.205s] Level 5:colcon.colcon_core.verb:set package 'sample_package' build argument 'cmake_force_configure' from command line to 'False'
[3.205s] Level 5:colcon.colcon_core.verb:set package 'sample_package' build argument 'ament_cmake_args' from command line to 'None'
[3.205s] Level 5:colcon.colcon_core.verb:set package 'sample_package' build argument 'catkin_cmake_args' from command line to 'None'
[3.205s] Level 5:colcon.colcon_core.verb:set package 'sample_package' build argument 'catkin_skip_building_tests' from command line to 'False'
[3.205s] DEBUG:colcon.colcon_core.verb:Building package 'sample_package' with the following arguments: {'ament_cmake_args': None, 'build_base': '/home/Isaac/ros2_ws/build/sample_package', 'catkin_cmake_args': None, 'catkin_skip_building_tests': False, 'cmake_args': None, 'cmake_clean_cache': False, 'cmake_clean_first': False, 'cmake_force_configure': False, 'cmake_target': None, 'cmake_target_skip_unavailable': False, 'install_base': '/home/Isaac/ros2_ws/install/sample_package', 'merge_install': False, 'path': '/home/Isaac/ros2_ws/src/sample_package', 'symlink_install': False, 'test_result_base': None}
[3.209s] Level 5:colcon.colcon_core.verb:set package 'serial' build argument 'cmake_args' from command line to 'None'
[3.209s] Level 5:colcon.colcon_core.verb:set package 'serial' build argument 'cmake_target' from command line to 'None'
[3.209s] Level 5:colcon.colcon_core.verb:set package 'serial' build argument 'cmake_target_skip_unavailable' from command line to 'False'
[3.210s] Level 5:colcon.colcon_core.verb:set package 'serial' build argument 'cmake_clean_cache' from command line to 'False'
[3.210s] Level 5:colcon.colcon_core.verb:set package 'serial' build argument 'cmake_clean_first' from command line to 'False'
[3.210s] Level 5:colcon.colcon_core.verb:set package 'serial' build argument 'cmake_force_configure' from command line to 'False'
[3.210s] Level 5:colcon.colcon_core.verb:set package 'serial' build argument 'ament_cmake_args' from command line to 'None'
[3.210s] Level 5:colcon.colcon_core.verb:set package 'serial' build argument 'catkin_cmake_args' from command line to 'None'
[3.210s] Level 5:colcon.colcon_core.verb:set package 'serial' build argument 'catkin_skip_building_tests' from command line to 'False'
[3.210s] DEBUG:colcon.colcon_core.verb:Building package 'serial' with the following arguments: {'ament_cmake_args': None, 'build_base': '/home/Isaac/ros2_ws/build/serial', 'catkin_cmake_args': None, 'catkin_skip_building_tests': False, 'cmake_args': None, 'cmake_clean_cache': False, 'cmake_clean_first': False, 'cmake_force_configure': False, 'cmake_target': None, 'cmake_target_skip_unavailable': False, 'install_base': '/home/Isaac/ros2_ws/install/serial', 'merge_install': False, 'path': '/home/Isaac/ros2_ws/src/serial', 'symlink_install': False, 'test_result_base': None}
[3.214s] Level 5:colcon.colcon_core.verb:set package 'serial_motor_demo_msgs' build argument 'cmake_args' from command line to 'None'
[3.214s] Level 5:colcon.colcon_core.verb:set package 'serial_motor_demo_msgs' build argument 'cmake_target' from command line to 'None'
[3.214s] Level 5:colcon.colcon_core.verb:set package 'serial_motor_demo_msgs' build argument 'cmake_target_skip_unavailable' from command line to 'False'
[3.215s] Level 5:colcon.colcon_core.verb:set package 'serial_motor_demo_msgs' build argument 'cmake_clean_cache' from command line to 'False'
[3.215s] Level 5:colcon.colcon_core.verb:set package 'serial_motor_demo_msgs' build argument 'cmake_clean_first' from command line to 'False'
[3.215s] Level 5:colcon.colcon_core.verb:set package 'serial_motor_demo_msgs' build argument 'cmake_force_configure' from command line to 'False'
[3.215s] Level 5:colcon.colcon_core.verb:set package 'serial_motor_demo_msgs' build argument 'ament_cmake_args' from command line to 'None'
[3.215s] Level 5:colcon.colcon_core.verb:set package 'serial_motor_demo_msgs' build argument 'catkin_cmake_args' from command line to 'None'
[3.215s] Level 5:colcon.colcon_core.verb:set package 'serial_motor_demo_msgs' build argument 'catkin_skip_building_tests' from command line to 'False'
[3.215s] DEBUG:colcon.colcon_core.verb:Building package 'serial_motor_demo_msgs' with the following arguments: {'ament_cmake_args': None, 'build_base': '/home/Isaac/ros2_ws/build/serial_motor_demo_msgs', 'catkin_cmake_args': None, 'catkin_skip_building_tests': False, 'cmake_args': None, 'cmake_clean_cache': False, 'cmake_clean_first': False, 'cmake_force_configure': False, 'cmake_target': None, 'cmake_target_skip_unavailable': False, 'install_base': '/home/Isaac/ros2_ws/install/serial_motor_demo_msgs', 'merge_install': False, 'path': '/home/Isaac/ros2_ws/src/serial_motor_demo/serial_motor_demo_msgs', 'symlink_install': False, 'test_result_base': None}
[3.219s] Level 5:colcon.colcon_core.verb:set package 'serial_motor_demo' build argument 'cmake_args' from command line to 'None'
[3.219s] Level 5:colcon.colcon_core.verb:set package 'serial_motor_demo' build argument 'cmake_target' from command line to 'None'
[3.219s] Level 5:colcon.colcon_core.verb:set package 'serial_motor_demo' build argument 'cmake_target_skip_unavailable' from command line to 'False'
[3.219s] Level 5:colcon.colcon_core.verb:set package 'serial_motor_demo' build argument 'cmake_clean_cache' from command line to 'False'
[3.219s] Level 5:colcon.colcon_core.verb:set package 'serial_motor_demo' build argument 'cmake_clean_first' from command line to 'False'
[3.220s] Level 5:colcon.colcon_core.verb:set package 'serial_motor_demo' build argument 'cmake_force_configure' from command line to 'False'
[3.220s] Level 5:colcon.colcon_core.verb:set package 'serial_motor_demo' build argument 'ament_cmake_args' from command line to 'None'
[3.220s] Level 5:colcon.colcon_core.verb:set package 'serial_motor_demo' build argument 'catkin_cmake_args' from command line to 'None'
[3.220s] Level 5:colcon.colcon_core.verb:set package 'serial_motor_demo' build argument 'catkin_skip_building_tests' from command line to 'False'
[3.220s] DEBUG:colcon.colcon_core.verb:Building package 'serial_motor_demo' with the following arguments: {'ament_cmake_args': None, 'build_base': '/home/Isaac/ros2_ws/build/serial_motor_demo', 'catkin_cmake_args': None, 'catkin_skip_building_tests': False, 'cmake_args': None, 'cmake_clean_cache': False, 'cmake_clean_first': False, 'cmake_force_configure': False, 'cmake_target': None, 'cmake_target_skip_unavailable': False, 'install_base': '/home/Isaac/ros2_ws/install/serial_motor_demo', 'merge_install': False, 'path': '/home/Isaac/ros2_ws/src/serial_motor_demo/serial_motor_demo', 'symlink_install': False, 'test_result_base': None}
[3.223s] INFO:colcon.colcon_core.executor:Executing jobs using 'parallel' executor
[3.235s] DEBUG:colcon.colcon_parallel_executor.executor.parallel:run_until_complete
[3.236s] INFO:colcon.colcon_ros.task.ament_cmake.build:Building ROS package in '/home/Isaac/ros2_ws/src/serial_motor_demo/serial_motor_demo_msgs' with build type 'ament_cmake'
[3.237s] INFO:colcon.colcon_cmake.task.cmake.build:Building CMake package in '/home/Isaac/ros2_ws/src/serial_motor_demo/serial_motor_demo_msgs'
[3.269s] INFO:colcon.colcon_core.plugin_system:Skipping extension 'colcon_core.shell.bat': Not used on non-Windows systems
[3.271s] INFO:colcon.colcon_core.shell:Skip shell extension 'powershell' for command environment: Not usable outside of PowerShell
[3.271s] DEBUG:colcon.colcon_core.shell:Skip shell extension 'dsv' for command environment
[3.294s] INFO:colcon.colcon_ros.task.ament_python.build:Building ROS package in '/home/Isaac/ros2_ws/src/autonomous_exploration' with build type 'ament_python'
[3.295s] Level 1:colcon.colcon_core.shell:create_environment_hook('autonomous_exploration', 'ament_prefix_path')
[3.301s] INFO:colcon.colcon_core.shell:Creating environment hook '/home/Isaac/ros2_ws/install/autonomous_exploration/share/autonomous_exploration/hook/ament_prefix_path.ps1'
[3.306s] INFO:colcon.colcon_core.shell:Creating environment descriptor '/home/Isaac/ros2_ws/install/autonomous_exploration/share/autonomous_exploration/hook/ament_prefix_path.dsv'
[3.309s] INFO:colcon.colcon_core.shell:Creating environment hook '/home/Isaac/ros2_ws/install/autonomous_exploration/share/autonomous_exploration/hook/ament_prefix_path.sh'
[3.318s] INFO:colcon.colcon_core.shell:Skip shell extension 'powershell' for command environment: Not usable outside of PowerShell
[3.318s] DEBUG:colcon.colcon_core.shell:Skip shell extension 'dsv' for command environment
[3.339s] INFO:colcon.colcon_ros.task.ament_cmake.build:Building ROS package in '/home/Isaac/ros2_ws/src/diffdrive_arduino' with build type 'ament_cmake'
[3.340s] INFO:colcon.colcon_cmake.task.cmake.build:Building CMake package in '/home/Isaac/ros2_ws/src/diffdrive_arduino'
[3.345s] INFO:colcon.colcon_core.shell:Skip shell extension 'powershell' for command environment: Not usable outside of PowerShell
[3.346s] DEBUG:colcon.colcon_core.shell:Skip shell extension 'dsv' for command environment
[3.368s] INFO:colcon.colcon_ros.task.ament_python.build:Building ROS package in '/home/Isaac/ros2_ws/src/msgs' with build type 'ament_python'
[3.369s] Level 1:colcon.colcon_core.shell:create_environment_hook('msgs', 'ament_prefix_path')
[3.376s] INFO:colcon.colcon_core.shell:Creating environment hook '/home/Isaac/ros2_ws/install/msgs/share/msgs/hook/ament_prefix_path.ps1'
[3.380s] INFO:colcon.colcon_core.shell:Creating environment descriptor '/home/Isaac/ros2_ws/install/msgs/share/msgs/hook/ament_prefix_path.dsv'
[3.381s] INFO:colcon.colcon_core.shell:Creating environment hook '/home/Isaac/ros2_ws/install/msgs/share/msgs/hook/ament_prefix_path.sh'
[3.388s] INFO:colcon.colcon_core.shell:Skip shell extension 'powershell' for command environment: Not usable outside of PowerShell
[3.389s] DEBUG:colcon.colcon_core.shell:Skip shell extension 'dsv' for command environment
[3.431s] DEBUG:colcon.colcon_core.event_handler.log_command:Invoking command in '/home/Isaac/ros2_ws/build/serial_motor_demo_msgs': CMAKE_PREFIX_PATH=/opt/ros/humble /usr/bin/cmake --build /home/Isaac/ros2_ws/build/serial_motor_demo_msgs -- -j4 -l4
[5.108s] INFO:colcon.colcon_core.task.python.build:Building Python package in '/home/Isaac/ros2_ws/src/autonomous_exploration'
[5.114s] INFO:colcon.colcon_core.shell:Skip shell extension 'powershell' for command environment: Not usable outside of PowerShell
[5.114s] DEBUG:colcon.colcon_core.shell:Skip shell extension 'dsv' for command environment
[5.150s] DEBUG:colcon.colcon_core.event_handler.log_command:Invoking command in '/home/Isaac/ros2_ws/build/diffdrive_arduino': CMAKE_PREFIX_PATH=/opt/ros/humble /usr/bin/cmake --build /home/Isaac/ros2_ws/build/diffdrive_arduino -- -j4 -l4
[6.514s] INFO:colcon.colcon_core.task.python.build:Building Python package in '/home/Isaac/ros2_ws/src/msgs'
[6.519s] INFO:colcon.colcon_core.shell:Skip shell extension 'powershell' for command environment: Not usable outside of PowerShell
[6.519s] DEBUG:colcon.colcon_core.shell:Skip shell extension 'dsv' for command environment
[6.554s] DEBUG:colcon.colcon_core.event_handler.log_command:Invoked command in '/home/Isaac/ros2_ws/build/diffdrive_arduino' returned '0': CMAKE_PREFIX_PATH=/opt/ros/humble /usr/bin/cmake --build /home/Isaac/ros2_ws/build/diffdrive_arduino -- -j4 -l4
[6.561s] DEBUG:colcon.colcon_core.event_handler.log_command:Invoked command in '/home/Isaac/ros2_ws/build/serial_motor_demo_msgs' returned '0': CMAKE_PREFIX_PATH=/opt/ros/humble /usr/bin/cmake --build /home/Isaac/ros2_ws/build/serial_motor_demo_msgs -- -j4 -l4
[6.746s] DEBUG:colcon.colcon_core.event_handler.log_command:Invoking command in '/home/Isaac/ros2_ws/build/diffdrive_arduino': CMAKE_PREFIX_PATH=/opt/ros/humble /usr/bin/cmake --install /home/Isaac/ros2_ws/build/diffdrive_arduino
[6.870s] Level 1:colcon.colcon_core.environment:create_environment_scripts_only(diffdrive_arduino)
[6.875s] DEBUG:colcon.colcon_core.event_handler.log_command:Invoked command in '/home/Isaac/ros2_ws/build/diffdrive_arduino' returned '0': CMAKE_PREFIX_PATH=/opt/ros/humble /usr/bin/cmake --install /home/Isaac/ros2_ws/build/diffdrive_arduino
[6.917s] Level 1:colcon.colcon_core.environment:checking '/home/Isaac/ros2_ws/install/diffdrive_arduino' for CMake module files
[6.922s] Level 1:colcon.colcon_core.environment:checking '/home/Isaac/ros2_ws/install/diffdrive_arduino' for CMake config files
[6.931s] Level 1:colcon.colcon_core.shell:create_environment_hook('diffdrive_arduino', 'cmake_prefix_path')
[6.939s] INFO:colcon.colcon_core.shell:Creating environment hook '/home/Isaac/ros2_ws/install/diffdrive_arduino/share/diffdrive_arduino/hook/cmake_prefix_path.ps1'
[6.943s] INFO:colcon.colcon_core.shell:Creating environment descriptor '/home/Isaac/ros2_ws/install/diffdrive_arduino/share/diffdrive_arduino/hook/cmake_prefix_path.dsv'
[6.946s] INFO:colcon.colcon_core.shell:Creating environment hook '/home/Isaac/ros2_ws/install/diffdrive_arduino/share/diffdrive_arduino/hook/cmake_prefix_path.sh'
[6.951s] Level 1:colcon.colcon_core.environment:checking '/home/Isaac/ros2_ws/install/diffdrive_arduino/lib'
[6.952s] Level 1:colcon.colcon_core.shell:create_environment_hook('diffdrive_arduino', 'ld_library_path_lib')
[6.959s] INFO:colcon.colcon_core.shell:Creating environment hook '/home/Isaac/ros2_ws/install/diffdrive_arduino/share/diffdrive_arduino/hook/ld_library_path_lib.ps1'
[6.962s] INFO:colcon.colcon_core.shell:Creating environment descriptor '/home/Isaac/ros2_ws/install/diffdrive_arduino/share/diffdrive_arduino/hook/ld_library_path_lib.dsv'
[6.965s] INFO:colcon.colcon_core.shell:Creating environment hook '/home/Isaac/ros2_ws/install/diffdrive_arduino/share/diffdrive_arduino/hook/ld_library_path_lib.sh'
[6.970s] Level 1:colcon.colcon_core.environment:checking '/home/Isaac/ros2_ws/install/diffdrive_arduino/bin'
[6.971s] Level 1:colcon.colcon_core.environment:checking '/home/Isaac/ros2_ws/install/diffdrive_arduino/lib/pkgconfig/diffdrive_arduino.pc'
[6.972s] Level 1:colcon.colcon_core.environment:checking '/home/Isaac/ros2_ws/install/diffdrive_arduino/lib/python3.10/site-packages'
[6.974s] Level 1:colcon.colcon_core.environment:checking '/home/Isaac/ros2_ws/install/diffdrive_arduino/bin'
[6.983s] INFO:colcon.colcon_core.shell:Creating package script '/home/Isaac/ros2_ws/install/diffdrive_arduino/share/diffdrive_arduino/package.ps1'
[6.989s] INFO:colcon.colcon_core.shell:Creating package descriptor '/home/Isaac/ros2_ws/install/diffdrive_arduino/share/diffdrive_arduino/package.dsv'
[6.994s] INFO:colcon.colcon_core.shell:Creating package script '/home/Isaac/ros2_ws/install/diffdrive_arduino/share/diffdrive_arduino/package.sh'
[6.999s] INFO:colcon.colcon_core.shell:Creating package script '/home/Isaac/ros2_ws/install/diffdrive_arduino/share/diffdrive_arduino/package.bash'
[7.005s] INFO:colcon.colcon_core.shell:Creating package script '/home/Isaac/ros2_ws/install/diffdrive_arduino/share/diffdrive_arduino/package.zsh'
[7.011s] Level 1:colcon.colcon_core.environment:create_file_with_runtime_dependencies(/home/Isaac/ros2_ws/install/diffdrive_arduino/share/colcon-core/packages/diffdrive_arduino)
[7.159s] Level 1:colcon.colcon_core.environment:create_environment_scripts_only(diffdrive_arduino)
[7.170s] Level 1:colcon.colcon_core.environment:checking '/home/Isaac/ros2_ws/install/diffdrive_arduino' for CMake module files
[7.173s] Level 1:colcon.colcon_core.environment:checking '/home/Isaac/ros2_ws/install/diffdrive_arduino' for CMake config files
[7.178s] Level 1:colcon.colcon_core.shell:create_environment_hook('diffdrive_arduino', 'cmake_prefix_path')
[7.185s] INFO:colcon.colcon_core.shell:Creating environment hook '/home/Isaac/ros2_ws/install/diffdrive_arduino/share/diffdrive_arduino/hook/cmake_prefix_path.ps1'
[7.188s] INFO:colcon.colcon_core.shell:Creating environment descriptor '/home/Isaac/ros2_ws/install/diffdrive_arduino/share/diffdrive_arduino/hook/cmake_prefix_path.dsv'
[7.191s] INFO:colcon.colcon_core.shell:Creating environment hook '/home/Isaac/ros2_ws/install/diffdrive_arduino/share/diffdrive_arduino/hook/cmake_prefix_path.sh'
[7.196s] Level 1:colcon.colcon_core.environment:checking '/home/Isaac/ros2_ws/install/diffdrive_arduino/lib'
[7.197s] Level 1:colcon.colcon_core.shell:create_environment_hook('diffdrive_arduino', 'ld_library_path_lib')
[7.203s] INFO:colcon.colcon_core.shell:Creating environment hook '/home/Isaac/ros2_ws/install/diffdrive_arduino/share/diffdrive_arduino/hook/ld_library_path_lib.ps1'
[7.205s] INFO:colcon.colcon_core.shell:Creating environment descriptor '/home/Isaac/ros2_ws/install/diffdrive_arduino/share/diffdrive_arduino/hook/ld_library_path_lib.dsv'
[7.208s] INFO:colcon.colcon_core.shell:Creating environment hook '/home/Isaac/ros2_ws/install/diffdrive_arduino/share/diffdrive_arduino/hook/ld_library_path_lib.sh'
[7.210s] Level 1:colcon.colcon_core.environment:checking '/home/Isaac/ros2_ws/install/diffdrive_arduino/bin'
[7.211s] Level 1:colcon.colcon_core.environment:checking '/home/Isaac/ros2_ws/install/diffdrive_arduino/lib/pkgconfig/diffdrive_arduino.pc'
[7.212s] Level 1:colcon.colcon_core.environment:checking '/home/Isaac/ros2_ws/install/diffdrive_arduino/lib/python3.10/site-packages'
[7.214s] Level 1:colcon.colcon_core.environment:checking '/home/Isaac/ros2_ws/install/diffdrive_arduino/bin'
[7.220s] INFO:colcon.colcon_core.shell:Creating package script '/home/Isaac/ros2_ws/install/diffdrive_arduino/share/diffdrive_arduino/package.ps1'
[7.224s] INFO:colcon.colcon_core.shell:Creating package descriptor '/home/Isaac/ros2_ws/install/diffdrive_arduino/share/diffdrive_arduino/package.dsv'
[7.227s] INFO:colcon.colcon_core.shell:Creating package script '/home/Isaac/ros2_ws/install/diffdrive_arduino/share/diffdrive_arduino/package.sh'
[7.230s] INFO:colcon.colcon_core.shell:Creating package script '/home/Isaac/ros2_ws/install/diffdrive_arduino/share/diffdrive_arduino/package.bash'
[7.233s] INFO:colcon.colcon_core.shell:Creating package script '/home/Isaac/ros2_ws/install/diffdrive_arduino/share/diffdrive_arduino/package.zsh'
[7.236s] Level 1:colcon.colcon_core.environment:create_file_with_runtime_dependencies(/home/Isaac/ros2_ws/install/diffdrive_arduino/share/colcon-core/packages/diffdrive_arduino)
[7.241s] INFO:colcon.colcon_ros.task.ament_python.build:Building ROS package in '/home/Isaac/ros2_ws/src/sample_package' with build type 'ament_python'
[7.242s] Level 1:colcon.colcon_core.shell:create_environment_hook('sample_package', 'ament_prefix_path')
[7.249s] INFO:colcon.colcon_core.shell:Creating environment hook '/home/Isaac/ros2_ws/install/sample_package/share/sample_package/hook/ament_prefix_path.ps1'
[7.255s] INFO:colcon.colcon_core.shell:Creating environment descriptor '/home/Isaac/ros2_ws/install/sample_package/share/sample_package/hook/ament_prefix_path.dsv'
[7.257s] INFO:colcon.colcon_core.shell:Creating environment hook '/home/Isaac/ros2_ws/install/sample_package/share/sample_package/hook/ament_prefix_path.sh'
[7.264s] INFO:colcon.colcon_core.shell:Skip shell extension 'powershell' for command environment: Not usable outside of PowerShell
[7.264s] DEBUG:colcon.colcon_core.shell:Skip shell extension 'dsv' for command environment
[7.293s] DEBUG:colcon.colcon_core.event_handler.log_command:Invoking command in '/home/Isaac/ros2_ws/build/serial_motor_demo_msgs': CMAKE_PREFIX_PATH=/opt/ros/humble /usr/bin/cmake --install /home/Isaac/ros2_ws/build/serial_motor_demo_msgs
[8.920s] INFO:colcon.colcon_core.task.python.build:Building Python package in '/home/Isaac/ros2_ws/src/sample_package'
[8.927s] INFO:colcon.colcon_core.shell:Skip shell extension 'powershell' for command environment: Not usable outside of PowerShell
[8.927s] DEBUG:colcon.colcon_core.shell:Skip shell extension 'dsv' for command environment
[8.953s] Level 1:colcon.colcon_core.environment:create_environment_scripts_only(serial_motor_demo_msgs)
[8.954s] DEBUG:colcon.colcon_core.event_handler.log_command:Invoked command in '/home/Isaac/ros2_ws/build/serial_motor_demo_msgs' returned '0': CMAKE_PREFIX_PATH=/opt/ros/humble /usr/bin/cmake --install /home/Isaac/ros2_ws/build/serial_motor_demo_msgs
[8.964s] Level 1:colcon.colcon_core.environment:checking '/home/Isaac/ros2_ws/install/serial_motor_demo_msgs' for CMake module files
[8.970s] Level 1:colcon.colcon_core.environment:checking '/home/Isaac/ros2_ws/install/serial_motor_demo_msgs' for CMake config files
[8.979s] Level 1:colcon.colcon_core.shell:create_environment_hook('serial_motor_demo_msgs', 'cmake_prefix_path')
[8.986s] INFO:colcon.colcon_core.shell:Creating environment hook '/home/Isaac/ros2_ws/install/serial_motor_demo_msgs/share/serial_motor_demo_msgs/hook/cmake_prefix_path.ps1'
[8.993s] INFO:colcon.colcon_core.shell:Creating environment descriptor '/home/Isaac/ros2_ws/install/serial_motor_demo_msgs/share/serial_motor_demo_msgs/hook/cmake_prefix_path.dsv'
[8.997s] INFO:colcon.colcon_core.shell:Creating environment hook '/home/Isaac/ros2_ws/install/serial_motor_demo_msgs/share/serial_motor_demo_msgs/hook/cmake_prefix_path.sh'
[9.001s] Level 1:colcon.colcon_core.environment:checking '/home/Isaac/ros2_ws/install/serial_motor_demo_msgs/lib'
[9.001s] Level 1:colcon.colcon_core.shell:create_environment_hook('serial_motor_demo_msgs', 'ld_library_path_lib')
[9.007s] INFO:colcon.colcon_core.shell:Creating environment hook '/home/Isaac/ros2_ws/install/serial_motor_demo_msgs/share/serial_motor_demo_msgs/hook/ld_library_path_lib.ps1'
[9.010s] INFO:colcon.colcon_core.shell:Creating environment descriptor '/home/Isaac/ros2_ws/install/serial_motor_demo_msgs/share/serial_motor_demo_msgs/hook/ld_library_path_lib.dsv'
[9.013s] INFO:colcon.colcon_core.shell:Creating environment hook '/home/Isaac/ros2_ws/install/serial_motor_demo_msgs/share/serial_motor_demo_msgs/hook/ld_library_path_lib.sh'
[9.015s] Level 1:colcon.colcon_core.environment:checking '/home/Isaac/ros2_ws/install/serial_motor_demo_msgs/bin'
[9.015s] Level 1:colcon.colcon_core.environment:checking '/home/Isaac/ros2_ws/install/serial_motor_demo_msgs/lib/pkgconfig/serial_motor_demo_msgs.pc'
[9.016s] Level 1:colcon.colcon_core.environment:checking '/home/Isaac/ros2_ws/install/serial_motor_demo_msgs/lib/python3.10/site-packages'
[9.017s] Level 1:colcon.colcon_core.environment:checking '/home/Isaac/ros2_ws/install/serial_motor_demo_msgs/bin'
[9.024s] INFO:colcon.colcon_core.shell:Creating package script '/home/Isaac/ros2_ws/install/serial_motor_demo_msgs/share/serial_motor_demo_msgs/package.ps1'
[9.027s] INFO:colcon.colcon_core.shell:Creating package descriptor '/home/Isaac/ros2_ws/install/serial_motor_demo_msgs/share/serial_motor_demo_msgs/package.dsv'
[9.029s] INFO:colcon.colcon_core.shell:Creating package script '/home/Isaac/ros2_ws/install/serial_motor_demo_msgs/share/serial_motor_demo_msgs/package.sh'
[9.032s] INFO:colcon.colcon_core.shell:Creating package script '/home/Isaac/ros2_ws/install/serial_motor_demo_msgs/share/serial_motor_demo_msgs/package.bash'
[9.035s] INFO:colcon.colcon_core.shell:Creating package script '/home/Isaac/ros2_ws/install/serial_motor_demo_msgs/share/serial_motor_demo_msgs/package.zsh'
[9.037s] Level 1:colcon.colcon_core.environment:create_file_with_runtime_dependencies(/home/Isaac/ros2_ws/install/serial_motor_demo_msgs/share/colcon-core/packages/serial_motor_demo_msgs)
[9.369s] DEBUG:colcon.colcon_core.event_handler.log_command:Invoking command in '/home/Isaac/ros2_ws/src/msgs': PYTHONPATH=/home/Isaac/ros2_ws/build/msgs/prefix_override:/home/Isaac/ros2_ws/install/msgs/lib/python3.10/site-packages:${PYTHONPATH} /usr/bin/python3 setup.py egg_info --egg-base ../../build/msgs build --build-base /home/Isaac/ros2_ws/build/msgs/build install --record /home/Isaac/ros2_ws/build/msgs/install.log --single-version-externally-managed
[9.385s] DEBUG:colcon.colcon_core.event_handler.log_command:Invoking command in '/home/Isaac/ros2_ws/src/autonomous_exploration': PYTHONPATH=/home/Isaac/ros2_ws/build/autonomous_exploration/prefix_override:/home/Isaac/ros2_ws/install/autonomous_exploration/lib/python3.10/site-packages:${PYTHONPATH} /usr/bin/python3 setup.py egg_info --egg-base ../../build/autonomous_exploration build --build-base /home/Isaac/ros2_ws/build/autonomous_exploration/build install --record /home/Isaac/ros2_ws/build/autonomous_exploration/install.log --single-version-externally-managed
[9.796s] Level 1:colcon.colcon_core.environment:create_environment_scripts_only(serial_motor_demo_msgs)
[9.807s] Level 1:colcon.colcon_core.environment:checking '/home/Isaac/ros2_ws/install/serial_motor_demo_msgs' for CMake module files
[9.812s] Level 1:colcon.colcon_core.environment:checking '/home/Isaac/ros2_ws/install/serial_motor_demo_msgs' for CMake config files
[9.820s] Level 1:colcon.colcon_core.shell:create_environment_hook('serial_motor_demo_msgs', 'cmake_prefix_path')
[9.827s] INFO:colcon.colcon_core.shell:Creating environment hook '/home/Isaac/ros2_ws/install/serial_motor_demo_msgs/share/serial_motor_demo_msgs/hook/cmake_prefix_path.ps1'
[9.832s] INFO:colcon.colcon_core.shell:Creating environment descriptor '/home/Isaac/ros2_ws/install/serial_motor_demo_msgs/share/serial_motor_demo_msgs/hook/cmake_prefix_path.dsv'
[9.835s] INFO:colcon.colcon_core.shell:Creating environment hook '/home/Isaac/ros2_ws/install/serial_motor_demo_msgs/share/serial_motor_demo_msgs/hook/cmake_prefix_path.sh'
[9.839s] Level 1:colcon.colcon_core.environment:checking '/home/Isaac/ros2_ws/install/serial_motor_demo_msgs/lib'
[9.840s] Level 1:colcon.colcon_core.shell:create_environment_hook('serial_motor_demo_msgs', 'ld_library_path_lib')
[9.846s] INFO:colcon.colcon_core.shell:Creating environment hook '/home/Isaac/ros2_ws/install/serial_motor_demo_msgs/share/serial_motor_demo_msgs/hook/ld_library_path_lib.ps1'
[9.849s] INFO:colcon.colcon_core.shell:Creating environment descriptor '/home/Isaac/ros2_ws/install/serial_motor_demo_msgs/share/serial_motor_demo_msgs/hook/ld_library_path_lib.dsv'
[9.852s] INFO:colcon.colcon_core.shell:Creating environment hook '/home/Isaac/ros2_ws/install/serial_motor_demo_msgs/share/serial_motor_demo_msgs/hook/ld_library_path_lib.sh'
[9.856s] Level 1:colcon.colcon_core.environment:checking '/home/Isaac/ros2_ws/install/serial_motor_demo_msgs/bin'
[9.857s] Level 1:colcon.colcon_core.environment:checking '/home/Isaac/ros2_ws/install/serial_motor_demo_msgs/lib/pkgconfig/serial_motor_demo_msgs.pc'
[9.858s] Level 1:colcon.colcon_core.environment:checking '/home/Isaac/ros2_ws/install/serial_motor_demo_msgs/lib/python3.10/site-packages'
[9.860s] Level 1:colcon.colcon_core.environment:checking '/home/Isaac/ros2_ws/install/serial_motor_demo_msgs/bin'
[9.867s] INFO:colcon.colcon_core.shell:Creating package script '/home/Isaac/ros2_ws/install/serial_motor_demo_msgs/share/serial_motor_demo_msgs/package.ps1'
[9.871s] INFO:colcon.colcon_core.shell:Creating package descriptor '/home/Isaac/ros2_ws/install/serial_motor_demo_msgs/share/serial_motor_demo_msgs/package.dsv'
[9.876s] INFO:colcon.colcon_core.shell:Creating package script '/home/Isaac/ros2_ws/install/serial_motor_demo_msgs/share/serial_motor_demo_msgs/package.sh'
[9.879s] INFO:colcon.colcon_core.shell:Creating package script '/home/Isaac/ros2_ws/install/serial_motor_demo_msgs/share/serial_motor_demo_msgs/package.bash'
[9.881s] INFO:colcon.colcon_core.shell:Creating package script '/home/Isaac/ros2_ws/install/serial_motor_demo_msgs/share/serial_motor_demo_msgs/package.zsh'
[9.884s] Level 1:colcon.colcon_core.environment:create_file_with_runtime_dependencies(/home/Isaac/ros2_ws/install/serial_motor_demo_msgs/share/colcon-core/packages/serial_motor_demo_msgs)
[9.889s] INFO:colcon.colcon_ros.task.ament_cmake.build:Building ROS package in '/home/Isaac/ros2_ws/src/serial' with build type 'ament_cmake'
[9.890s] INFO:colcon.colcon_cmake.task.cmake.build:Building CMake package in '/home/Isaac/ros2_ws/src/serial'
[9.896s] INFO:colcon.colcon_core.shell:Skip shell extension 'powershell' for command environment: Not usable outside of PowerShell
[9.897s] DEBUG:colcon.colcon_core.shell:Skip shell extension 'dsv' for command environment
[9.952s] DEBUG:colcon.colcon_core.event_handler.log_command:Invoking command in '/home/Isaac/ros2_ws/build/serial': CMAKE_PREFIX_PATH=/opt/ros/humble /usr/bin/cmake --build /home/Isaac/ros2_ws/build/serial -- -j4 -l4
[10.699s] DEBUG:colcon.colcon_core.event_handler.log_command:Invoked command in '/home/Isaac/ros2_ws/build/serial' returned '0': CMAKE_PREFIX_PATH=/opt/ros/humble /usr/bin/cmake --build /home/Isaac/ros2_ws/build/serial -- -j4 -l4
[10.924s] DEBUG:colcon.colcon_core.event_handler.log_command:Invoking command in '/home/Isaac/ros2_ws/build/serial': CMAKE_PREFIX_PATH=/opt/ros/humble /usr/bin/cmake --install /home/Isaac/ros2_ws/build/serial
[11.027s] Level 1:colcon.colcon_core.environment:create_environment_scripts_only(serial)
[11.038s] Level 1:colcon.colcon_core.environment:checking '/home/Isaac/ros2_ws/install/serial' for CMake module files
[11.039s] DEBUG:colcon.colcon_core.event_handler.log_command:Invoked command in '/home/Isaac/ros2_ws/build/serial' returned '0': CMAKE_PREFIX_PATH=/opt/ros/humble /usr/bin/cmake --install /home/Isaac/ros2_ws/build/serial
[11.044s] Level 1:colcon.colcon_core.environment:checking '/home/Isaac/ros2_ws/install/serial' for CMake config files
[11.049s] Level 1:colcon.colcon_core.shell:create_environment_hook('serial', 'cmake_prefix_path')
[11.056s] INFO:colcon.colcon_core.shell:Creating environment hook '/home/Isaac/ros2_ws/install/serial/share/serial/hook/cmake_prefix_path.ps1'
[11.061s] INFO:colcon.colcon_core.shell:Creating environment descriptor '/home/Isaac/ros2_ws/install/serial/share/serial/hook/cmake_prefix_path.dsv'
[11.063s] INFO:colcon.colcon_core.shell:Creating environment hook '/home/Isaac/ros2_ws/install/serial/share/serial/hook/cmake_prefix_path.sh'
[11.067s] Level 1:colcon.colcon_core.environment:checking '/home/Isaac/ros2_ws/install/serial/lib'
[11.068s] Level 1:colcon.colcon_core.environment:checking '/home/Isaac/ros2_ws/install/serial/bin'
[11.068s] Level 1:colcon.colcon_core.environment:checking '/home/Isaac/ros2_ws/install/serial/lib/pkgconfig/serial.pc'
[11.069s] Level 1:colcon.colcon_core.environment:checking '/home/Isaac/ros2_ws/install/serial/lib/python3.10/site-packages'
[11.071s] Level 1:colcon.colcon_core.environment:checking '/home/Isaac/ros2_ws/install/serial/bin'
[11.079s] INFO:colcon.colcon_core.shell:Creating package script '/home/Isaac/ros2_ws/install/serial/share/serial/package.ps1'
[11.085s] INFO:colcon.colcon_core.shell:Creating package descriptor '/home/Isaac/ros2_ws/install/serial/share/serial/package.dsv'
[11.091s] INFO:colcon.colcon_core.shell:Creating package script '/home/Isaac/ros2_ws/install/serial/share/serial/package.sh'
[11.094s] INFO:colcon.colcon_core.shell:Creating package script '/home/Isaac/ros2_ws/install/serial/share/serial/package.bash'
[11.096s] INFO:colcon.colcon_core.shell:Creating package script '/home/Isaac/ros2_ws/install/serial/share/serial/package.zsh'
[11.099s] Level 1:colcon.colcon_core.environment:create_file_with_runtime_dependencies(/home/Isaac/ros2_ws/install/serial/share/colcon-core/packages/serial)
[11.370s] Level 1:colcon.colcon_core.environment:create_environment_scripts_only(serial)
[11.390s] Level 1:colcon.colcon_core.environment:checking '/home/Isaac/ros2_ws/install/serial' for CMake module files
[11.399s] Level 1:colcon.colcon_core.environment:checking '/home/Isaac/ros2_ws/install/serial' for CMake config files
[11.408s] Level 1:colcon.colcon_core.shell:create_environment_hook('serial', 'cmake_prefix_path')
[11.423s] INFO:colcon.colcon_core.shell:Creating environment hook '/home/Isaac/ros2_ws/install/serial/share/serial/hook/cmake_prefix_path.ps1'
[11.430s] INFO:colcon.colcon_core.shell:Creating environment descriptor '/home/Isaac/ros2_ws/install/serial/share/serial/hook/cmake_prefix_path.dsv'
[11.434s] INFO:colcon.colcon_core.shell:Creating environment hook '/home/Isaac/ros2_ws/install/serial/share/serial/hook/cmake_prefix_path.sh'
[11.444s] Level 1:colcon.colcon_core.environment:checking '/home/Isaac/ros2_ws/install/serial/lib'
[11.445s] Level 1:colcon.colcon_core.environment:checking '/home/Isaac/ros2_ws/install/serial/bin'
[11.447s] Level 1:colcon.colcon_core.environment:checking '/home/Isaac/ros2_ws/install/serial/lib/pkgconfig/serial.pc'
[11.449s] Level 1:colcon.colcon_core.environment:checking '/home/Isaac/ros2_ws/install/serial/lib/python3.10/site-packages'
[11.451s] Level 1:colcon.colcon_core.environment:checking '/home/Isaac/ros2_ws/install/serial/bin'
[11.462s] INFO:colcon.colcon_core.shell:Creating package script '/home/Isaac/ros2_ws/install/serial/share/serial/package.ps1'
[11.467s] INFO:colcon.colcon_core.shell:Creating package descriptor '/home/Isaac/ros2_ws/install/serial/share/serial/package.dsv'
[11.471s] INFO:colcon.colcon_core.shell:Creating package script '/home/Isaac/ros2_ws/install/serial/share/serial/package.sh'
[11.476s] INFO:colcon.colcon_core.shell:Creating package script '/home/Isaac/ros2_ws/install/serial/share/serial/package.bash'
[11.480s] INFO:colcon.colcon_core.shell:Creating package script '/home/Isaac/ros2_ws/install/serial/share/serial/package.zsh'
[11.484s] Level 1:colcon.colcon_core.environment:create_file_with_runtime_dependencies(/home/Isaac/ros2_ws/install/serial/share/colcon-core/packages/serial)
[11.488s] INFO:colcon.colcon_ros.task.ament_python.build:Building ROS package in '/home/Isaac/ros2_ws/src/serial_motor_demo/serial_motor_demo' with build type 'ament_python'
[11.489s] Level 1:colcon.colcon_core.shell:create_environment_hook('serial_motor_demo', 'ament_prefix_path')
[11.499s] INFO:colcon.colcon_core.shell:Creating environment hook '/home/Isaac/ros2_ws/install/serial_motor_demo/share/serial_motor_demo/hook/ament_prefix_path.ps1'
[11.508s] INFO:colcon.colcon_core.shell:Creating environment descriptor '/home/Isaac/ros2_ws/install/serial_motor_demo/share/serial_motor_demo/hook/ament_prefix_path.dsv'
[11.512s] INFO:colcon.colcon_core.shell:Creating environment hook '/home/Isaac/ros2_ws/install/serial_motor_demo/share/serial_motor_demo/hook/ament_prefix_path.sh'
[11.526s] INFO:colcon.colcon_core.shell:Skip shell extension 'powershell' for command environment: Not usable outside of PowerShell
[11.527s] DEBUG:colcon.colcon_core.shell:Skip shell extension 'dsv' for command environment
[11.569s] DEBUG:colcon.colcon_core.event_handler.log_command:Invoked command in '/home/Isaac/ros2_ws/src/msgs' returned '0': PYTHONPATH=/home/Isaac/ros2_ws/build/msgs/prefix_override:/home/Isaac/ros2_ws/install/msgs/lib/python3.10/site-packages:${PYTHONPATH} /usr/bin/python3 setup.py egg_info --egg-base ../../build/msgs build --build-base /home/Isaac/ros2_ws/build/msgs/build install --record /home/Isaac/ros2_ws/build/msgs/install.log --single-version-externally-managed
[11.575s] Level 1:colcon.colcon_core.environment:checking '/home/Isaac/ros2_ws/install/msgs' for CMake module files
[11.577s] Level 1:colcon.colcon_core.environment:checking '/home/Isaac/ros2_ws/install/msgs' for CMake config files
[11.583s] Level 1:colcon.colcon_core.environment:checking '/home/Isaac/ros2_ws/install/msgs/lib'
[11.583s] Level 1:colcon.colcon_core.environment:checking '/home/Isaac/ros2_ws/install/msgs/bin'
[11.584s] Level 1:colcon.colcon_core.environment:checking '/home/Isaac/ros2_ws/install/msgs/lib/pkgconfig/msgs.pc'
[11.585s] Level 1:colcon.colcon_core.environment:checking '/home/Isaac/ros2_ws/install/msgs/lib/python3.10/site-packages'
[11.585s] Level 1:colcon.colcon_core.shell:create_environment_hook('msgs', 'pythonpath')
[11.590s] INFO:colcon.colcon_core.shell:Creating environment hook '/home/Isaac/ros2_ws/install/msgs/share/msgs/hook/pythonpath.ps1'
[11.593s] INFO:colcon.colcon_core.shell:Creating environment descriptor '/home/Isaac/ros2_ws/install/msgs/share/msgs/hook/pythonpath.dsv'
[11.594s] INFO:colcon.colcon_core.shell:Creating environment hook '/home/Isaac/ros2_ws/install/msgs/share/msgs/hook/pythonpath.sh'
[11.597s] Level 1:colcon.colcon_core.environment:checking '/home/Isaac/ros2_ws/install/msgs/bin'
[11.598s] Level 1:colcon.colcon_core.environment:create_environment_scripts_only(msgs)
[11.603s] INFO:colcon.colcon_core.shell:Creating package script '/home/Isaac/ros2_ws/install/msgs/share/msgs/package.ps1'
[11.605s] INFO:colcon.colcon_core.shell:Creating package descriptor '/home/Isaac/ros2_ws/install/msgs/share/msgs/package.dsv'
[11.608s] INFO:colcon.colcon_core.shell:Creating package script '/home/Isaac/ros2_ws/install/msgs/share/msgs/package.sh'
[11.610s] INFO:colcon.colcon_core.shell:Creating package script '/home/Isaac/ros2_ws/install/msgs/share/msgs/package.bash'
[11.612s] INFO:colcon.colcon_core.shell:Creating package script '/home/Isaac/ros2_ws/install/msgs/share/msgs/package.zsh'
[11.615s] Level 1:colcon.colcon_core.environment:create_file_with_runtime_dependencies(/home/Isaac/ros2_ws/install/msgs/share/colcon-core/packages/msgs)
[11.639s] Level 1:colcon.colcon_core.environment:checking '/home/Isaac/ros2_ws/install/autonomous_exploration' for CMake module files
[11.642s] DEBUG:colcon.colcon_core.event_handler.log_command:Invoked command in '/home/Isaac/ros2_ws/src/autonomous_exploration' returned '0': PYTHONPATH=/home/Isaac/ros2_ws/build/autonomous_exploration/prefix_override:/home/Isaac/ros2_ws/install/autonomous_exploration/lib/python3.10/site-packages:${PYTHONPATH} /usr/bin/python3 setup.py egg_info --egg-base ../../build/autonomous_exploration build --build-base /home/Isaac/ros2_ws/build/autonomous_exploration/build install --record /home/Isaac/ros2_ws/build/autonomous_exploration/install.log --single-version-externally-managed
[11.646s] Level 1:colcon.colcon_core.environment:checking '/home/Isaac/ros2_ws/install/autonomous_exploration' for CMake config files
[11.655s] Level 1:colcon.colcon_core.environment:checking '/home/Isaac/ros2_ws/install/autonomous_exploration/lib'
[11.656s] Level 1:colcon.colcon_core.environment:checking '/home/Isaac/ros2_ws/install/autonomous_exploration/bin'
[11.657s] Level 1:colcon.colcon_core.environment:checking '/home/Isaac/ros2_ws/install/autonomous_exploration/lib/pkgconfig/autonomous_exploration.pc'
[11.659s] Level 1:colcon.colcon_core.environment:checking '/home/Isaac/ros2_ws/install/autonomous_exploration/lib/python3.10/site-packages'
[11.660s] Level 1:colcon.colcon_core.shell:create_environment_hook('autonomous_exploration', 'pythonpath')
[11.668s] INFO:colcon.colcon_core.shell:Creating environment hook '/home/Isaac/ros2_ws/install/autonomous_exploration/share/autonomous_exploration/hook/pythonpath.ps1'
[11.672s] INFO:colcon.colcon_core.shell:Creating environment descriptor '/home/Isaac/ros2_ws/install/autonomous_exploration/share/autonomous_exploration/hook/pythonpath.dsv'
[11.676s] INFO:colcon.colcon_core.shell:Creating environment hook '/home/Isaac/ros2_ws/install/autonomous_exploration/share/autonomous_exploration/hook/pythonpath.sh'
[11.680s] Level 1:colcon.colcon_core.environment:checking '/home/Isaac/ros2_ws/install/autonomous_exploration/bin'
[11.680s] Level 1:colcon.colcon_core.environment:create_environment_scripts_only(autonomous_exploration)
[11.690s] INFO:colcon.colcon_core.shell:Creating package script '/home/Isaac/ros2_ws/install/autonomous_exploration/share/autonomous_exploration/package.ps1'
[11.694s] INFO:colcon.colcon_core.shell:Creating package descriptor '/home/Isaac/ros2_ws/install/autonomous_exploration/share/autonomous_exploration/package.dsv'
[11.697s] INFO:colcon.colcon_core.shell:Creating package script '/home/Isaac/ros2_ws/install/autonomous_exploration/share/autonomous_exploration/package.sh'
[11.700s] INFO:colcon.colcon_core.shell:Creating package script '/home/Isaac/ros2_ws/install/autonomous_exploration/share/autonomous_exploration/package.bash'
[11.703s] INFO:colcon.colcon_core.shell:Creating package script '/home/Isaac/ros2_ws/install/autonomous_exploration/share/autonomous_exploration/package.zsh'
[11.706s] Level 1:colcon.colcon_core.environment:create_file_with_runtime_dependencies(/home/Isaac/ros2_ws/install/autonomous_exploration/share/colcon-core/packages/autonomous_exploration)
[12.907s] INFO:colcon.colcon_core.task.python.build:Building Python package in '/home/Isaac/ros2_ws/src/serial_motor_demo/serial_motor_demo'
[12.912s] INFO:colcon.colcon_core.shell:Skip shell extension 'powershell' for command environment: Not usable outside of PowerShell
[12.913s] DEBUG:colcon.colcon_core.shell:Skip shell extension 'dsv' for command environment
[12.945s] DEBUG:colcon.colcon_core.event_handler.log_command:Invoking command in '/home/Isaac/ros2_ws/src/sample_package': PYTHONPATH=/home/Isaac/ros2_ws/build/sample_package/prefix_override:/home/Isaac/ros2_ws/install/sample_package/lib/python3.10/site-packages:${PYTHONPATH} /usr/bin/python3 setup.py egg_info --egg-base ../../build/sample_package build --build-base /home/Isaac/ros2_ws/build/sample_package/build install --record /home/Isaac/ros2_ws/build/sample_package/install.log --single-version-externally-managed
[14.464s] Level 1:colcon.colcon_core.environment:checking '/home/Isaac/ros2_ws/install/sample_package' for CMake module files
[14.466s] DEBUG:colcon.colcon_core.event_handler.log_command:Invoked command in '/home/Isaac/ros2_ws/src/sample_package' returned '0': PYTHONPATH=/home/Isaac/ros2_ws/build/sample_package/prefix_override:/home/Isaac/ros2_ws/install/sample_package/lib/python3.10/site-packages:${PYTHONPATH} /usr/bin/python3 setup.py egg_info --egg-base ../../build/sample_package build --build-base /home/Isaac/ros2_ws/build/sample_package/build install --record /home/Isaac/ros2_ws/build/sample_package/install.log --single-version-externally-managed
[14.468s] Level 1:colcon.colcon_core.environment:checking '/home/Isaac/ros2_ws/install/sample_package' for CMake config files
[14.475s] Level 1:colcon.colcon_core.environment:checking '/home/Isaac/ros2_ws/install/sample_package/lib'
[14.476s] Level 1:colcon.colcon_core.environment:checking '/home/Isaac/ros2_ws/install/sample_package/bin'
[14.476s] Level 1:colcon.colcon_core.environment:checking '/home/Isaac/ros2_ws/install/sample_package/lib/pkgconfig/sample_package.pc'
[14.477s] Level 1:colcon.colcon_core.environment:checking '/home/Isaac/ros2_ws/install/sample_package/lib/python3.10/site-packages'
[14.477s] Level 1:colcon.colcon_core.shell:create_environment_hook('sample_package', 'pythonpath')
[14.482s] INFO:colcon.colcon_core.shell:Creating environment hook '/home/Isaac/ros2_ws/install/sample_package/share/sample_package/hook/pythonpath.ps1'
[14.484s] INFO:colcon.colcon_core.shell:Creating environment descriptor '/home/Isaac/ros2_ws/install/sample_package/share/sample_package/hook/pythonpath.dsv'
[14.486s] INFO:colcon.colcon_core.shell:Creating environment hook '/home/Isaac/ros2_ws/install/sample_package/share/sample_package/hook/pythonpath.sh'
[14.488s] Level 1:colcon.colcon_core.environment:checking '/home/Isaac/ros2_ws/install/sample_package/bin'
[14.489s] Level 1:colcon.colcon_core.environment:create_environment_scripts_only(sample_package)
[14.494s] INFO:colcon.colcon_core.shell:Creating package script '/home/Isaac/ros2_ws/install/sample_package/share/sample_package/package.ps1'
[14.497s] INFO:colcon.colcon_core.shell:Creating package descriptor '/home/Isaac/ros2_ws/install/sample_package/share/sample_package/package.dsv'
[14.499s] INFO:colcon.colcon_core.shell:Creating package script '/home/Isaac/ros2_ws/install/sample_package/share/sample_package/package.sh'
[14.502s] INFO:colcon.colcon_core.shell:Creating package script '/home/Isaac/ros2_ws/install/sample_package/share/sample_package/package.bash'
[14.504s] INFO:colcon.colcon_core.shell:Creating package script '/home/Isaac/ros2_ws/install/sample_package/share/sample_package/package.zsh'
[14.506s] Level 1:colcon.colcon_core.environment:create_file_with_runtime_dependencies(/home/Isaac/ros2_ws/install/sample_package/share/colcon-core/packages/sample_package)
[14.779s] DEBUG:colcon.colcon_core.event_handler.log_command:Invoking command in '/home/Isaac/ros2_ws/src/serial_motor_demo/serial_motor_demo': AMENT_PREFIX_PATH=/home/Isaac/ros2_ws/install/serial_motor_demo_msgs:${AMENT_PREFIX_PATH} CMAKE_PREFIX_PATH=/home/Isaac/ros2_ws/install/serial_motor_demo_msgs LD_LIBRARY_PATH=/home/Isaac/ros2_ws/install/serial_motor_demo_msgs/lib:${LD_LIBRARY_PATH} PYTHONPATH=/home/Isaac/ros2_ws/build/serial_motor_demo/prefix_override:/home/Isaac/ros2_ws/install/serial_motor_demo/lib/python3.10/site-packages:/home/Isaac/ros2_ws/install/serial_motor_demo_msgs/local/lib/python3.10/dist-packages:${PYTHONPATH} /usr/bin/python3 setup.py egg_info --egg-base ../../../build/serial_motor_demo build --build-base /home/Isaac/ros2_ws/build/serial_motor_demo/build install --record /home/Isaac/ros2_ws/build/serial_motor_demo/install.log --install-scripts $base/lib/serial_motor_demo --single-version-externally-managed
[16.130s] Level 1:colcon.colcon_core.environment:checking '/home/Isaac/ros2_ws/install/serial_motor_demo' for CMake module files
[16.132s] DEBUG:colcon.colcon_core.event_handler.log_command:Invoked command in '/home/Isaac/ros2_ws/src/serial_motor_demo/serial_motor_demo' returned '0': AMENT_PREFIX_PATH=/home/Isaac/ros2_ws/install/serial_motor_demo_msgs:${AMENT_PREFIX_PATH} CMAKE_PREFIX_PATH=/home/Isaac/ros2_ws/install/serial_motor_demo_msgs LD_LIBRARY_PATH=/home/Isaac/ros2_ws/install/serial_motor_demo_msgs/lib:${LD_LIBRARY_PATH} PYTHONPATH=/home/Isaac/ros2_ws/build/serial_motor_demo/prefix_override:/home/Isaac/ros2_ws/install/serial_motor_demo/lib/python3.10/site-packages:/home/Isaac/ros2_ws/install/serial_motor_demo_msgs/local/lib/python3.10/dist-packages:${PYTHONPATH} /usr/bin/python3 setup.py egg_info --egg-base ../../../build/serial_motor_demo build --build-base /home/Isaac/ros2_ws/build/serial_motor_demo/build install --record /home/Isaac/ros2_ws/build/serial_motor_demo/install.log --install-scripts $base/lib/serial_motor_demo --single-version-externally-managed
[16.134s] Level 1:colcon.colcon_core.environment:checking '/home/Isaac/ros2_ws/install/serial_motor_demo' for CMake config files
[16.141s] Level 1:colcon.colcon_core.environment:checking '/home/Isaac/ros2_ws/install/serial_motor_demo/lib'
[16.141s] Level 1:colcon.colcon_core.environment:checking '/home/Isaac/ros2_ws/install/serial_motor_demo/bin'
[16.141s] Level 1:colcon.colcon_core.environment:checking '/home/Isaac/ros2_ws/install/serial_motor_demo/lib/pkgconfig/serial_motor_demo.pc'
[16.142s] Level 1:colcon.colcon_core.environment:checking '/home/Isaac/ros2_ws/install/serial_motor_demo/lib/python3.10/site-packages'
[16.143s] Level 1:colcon.colcon_core.shell:create_environment_hook('serial_motor_demo', 'pythonpath')
[16.149s] INFO:colcon.colcon_core.shell:Creating environment hook '/home/Isaac/ros2_ws/install/serial_motor_demo/share/serial_motor_demo/hook/pythonpath.ps1'
[16.151s] INFO:colcon.colcon_core.shell:Creating environment descriptor '/home/Isaac/ros2_ws/install/serial_motor_demo/share/serial_motor_demo/hook/pythonpath.dsv'
[16.153s] INFO:colcon.colcon_core.shell:Creating environment hook '/home/Isaac/ros2_ws/install/serial_motor_demo/share/serial_motor_demo/hook/pythonpath.sh'
[16.155s] Level 1:colcon.colcon_core.environment:checking '/home/Isaac/ros2_ws/install/serial_motor_demo/bin'
[16.156s] Level 1:colcon.colcon_core.environment:create_environment_scripts_only(serial_motor_demo)
[16.161s] INFO:colcon.colcon_core.shell:Creating package script '/home/Isaac/ros2_ws/install/serial_motor_demo/share/serial_motor_demo/package.ps1'
[16.163s] INFO:colcon.colcon_core.shell:Creating package descriptor '/home/Isaac/ros2_ws/install/serial_motor_demo/share/serial_motor_demo/package.dsv'
[16.165s] INFO:colcon.colcon_core.shell:Creating package script '/home/Isaac/ros2_ws/install/serial_motor_demo/share/serial_motor_demo/package.sh'
[16.167s] INFO:colcon.colcon_core.shell:Creating package script '/home/Isaac/ros2_ws/install/serial_motor_demo/share/serial_motor_demo/package.bash'
[16.168s] INFO:colcon.colcon_core.shell:Creating package script '/home/Isaac/ros2_ws/install/serial_motor_demo/share/serial_motor_demo/package.zsh'
[16.170s] Level 1:colcon.colcon_core.environment:create_file_with_runtime_dependencies(/home/Isaac/ros2_ws/install/serial_motor_demo/share/colcon-core/packages/serial_motor_demo)
[16.171s] DEBUG:colcon.colcon_parallel_executor.executor.parallel:closing loop
[16.172s] DEBUG:colcon.colcon_parallel_executor.executor.parallel:loop closed
[16.173s] DEBUG:colcon.colcon_parallel_executor.executor.parallel:run_until_complete finished with '0'
[16.173s] DEBUG:colcon.colcon_core.event_reactor:joining thread
[16.199s] INFO:colcon.colcon_core.plugin_system:Skipping extension 'colcon_notification.desktop_notification.notify_send': Could not find 'notify-send'
[16.200s] INFO:colcon.colcon_core.plugin_system:Skipping extension 'colcon_notification.desktop_notification.terminal_notifier': Not used on non-Darwin systems
[16.200s] INFO:colcon.colcon_core.plugin_system:Skipping extension 'colcon_notification.desktop_notification.win32': Not used on non-Windows systems
[16.200s] INFO:colcon.colcon_notification.desktop_notification:Sending desktop notification using 'notify2'
[16.203s] DEBUG:colcon.colcon_notification.desktop_notification.notify2:Failed to initialize notify2: org.freedesktop.DBus.Error.ServiceUnknown: The name org.freedesktop.Notifications was not provided by any .service files
[16.203s] DEBUG:colcon.colcon_core.event_reactor:joined thread
[16.208s] INFO:colcon.colcon_core.shell:Creating prefix script '/home/Isaac/ros2_ws/install/local_setup.ps1'
[16.214s] INFO:colcon.colcon_core.shell:Creating prefix util module '/home/Isaac/ros2_ws/install/_local_setup_util_ps1.py'
[16.222s] INFO:colcon.colcon_core.shell:Creating prefix chain script '/home/Isaac/ros2_ws/install/setup.ps1'
[16.228s] INFO:colcon.colcon_core.shell:Creating prefix script '/home/Isaac/ros2_ws/install/local_setup.sh'
[16.231s] INFO:colcon.colcon_core.shell:Creating prefix util module '/home/Isaac/ros2_ws/install/_local_setup_util_sh.py'
[16.234s] INFO:colcon.colcon_core.shell:Creating prefix chain script '/home/Isaac/ros2_ws/install/setup.sh'
[16.240s] INFO:colcon.colcon_core.shell:Creating prefix script '/home/Isaac/ros2_ws/install/local_setup.bash'
[16.245s] INFO:colcon.colcon_core.shell:Creating prefix chain script '/home/Isaac/ros2_ws/install/setup.bash'
[16.252s] INFO:colcon.colcon_core.shell:Creating prefix script '/home/Isaac/ros2_ws/install/local_setup.zsh'
[16.256s] INFO:colcon.colcon_core.shell:Creating prefix chain script '/home/Isaac/ros2_ws/install/setup.zsh'
