[2.223s] Invoking command in '/home/tony_stark/ros2_ws/src/sample_package': PYTHONPATH=/home/tony_stark/ros2_ws/build/sample_package/prefix_override:/home/tony_stark/ros2_ws/install/sample_package/lib/python3.10/site-packages:${PYTHONPATH} /usr/bin/python3 setup.py egg_info --egg-base ../../build/sample_package build --build-base /home/tony_stark/ros2_ws/build/sample_package/build install --record /home/tony_stark/ros2_ws/build/sample_package/install.log --single-version-externally-managed
[2.817s] running egg_info
[2.844s] writing ../../build/sample_package/sample_package.egg-info/PKG-INFO
[2.844s] writing dependency_links to ../../build/sample_package/sample_package.egg-info/dependency_links.txt
[2.845s] writing entry points to ../../build/sample_package/sample_package.egg-info/entry_points.txt
[2.846s] writing requirements to ../../build/sample_package/sample_package.egg-info/requires.txt
[2.846s] writing top-level names to ../../build/sample_package/sample_package.egg-info/top_level.txt
[2.898s] reading manifest file '../../build/sample_package/sample_package.egg-info/SOURCES.txt'
[2.900s] writing manifest file '../../build/sample_package/sample_package.egg-info/SOURCES.txt'
[2.900s] running build
[2.900s] running build_py
[2.905s] running install
[2.905s] /home/tony_stark/.local/lib/python3.10/site-packages/setuptools/_distutils/cmd.py:66: SetuptoolsDeprecationWarning: setup.py install is deprecated.
[2.905s] !!
[2.906s] 
[2.906s]         ********************************************************************************
[2.906s]         Please avoid running ``setup.py`` directly.
[2.906s]         Instead, use pypa/build, pypa/installer, pypa/build or
[2.906s]         other standards-based tools.
[2.906s] 
[2.906s]         See https://blog.ganssle.io/articles/2021/10/setup-py-deprecated.html for details.
[2.906s]         ********************************************************************************
[2.907s] 
[2.907s] !!
[2.907s]   self.initialize_options()
[2.913s] running install_lib
[2.941s] running install_data
[2.966s] running install_egg_info
[2.993s] removing '/home/tony_stark/ros2_ws/install/sample_package/lib/python3.10/site-packages/sample_package-0.0.0-py3.10.egg-info' (and everything under it)
[2.994s] Copying ../../build/sample_package/sample_package.egg-info to /home/tony_stark/ros2_ws/install/sample_package/lib/python3.10/site-packages/sample_package-0.0.0-py3.10.egg-info
[2.996s] running install_scripts
[3.300s] Installing fan_sub script to /home/tony_stark/ros2_ws/install/sample_package/lib/sample_package
[3.301s] Installing process script to /home/tony_stark/ros2_ws/install/sample_package/lib/sample_package
[3.301s] Installing senpub script to /home/tony_stark/ros2_ws/install/sample_package/lib/sample_package
[3.302s] Installing talk script to /home/tony_stark/ros2_ws/install/sample_package/lib/sample_package
[3.303s] writing list of installed files to '/home/tony_stark/ros2_ws/build/sample_package/install.log'
