[0.058s] Invoking command in '/home/tony_stark/ros2_ws/build/serial': CMAKE_PREFIX_PATH=${CMAKE_PREFIX_PATH}:/home/tony_stark/ros2_ws/install/sample_package:/home/tony_stark/ros2_ws/install/rqt_joint_trajectory_controller:/home/tony_stark/ros2_ws/install/rqt_controller_manager:/home/tony_stark/ros2_ws/install/rosgpt:/home/tony_stark/ros2_ws/install/ros2controlcli:/home/tony_stark/ros2_ws/install/ros2_controllers_test_nodes:/home/tony_stark/ros2_ws/install/navigation_module:/home/tony_stark/ros2_ws/install/msgs:/home/tony_stark/ros2_ws/install/autonomous_exploration:/opt/ros/humble /usr/bin/cmake --build /home/tony_stark/ros2_ws/build/serial -- -j2 -l2
[0.191s] [ 28%] Built target serial
[0.211s] [ 42%] Built target gtest_main
[0.280s] [ 57%] Built target gtest
[0.329s] [ 71%] Built target serial_example
[0.390s] [ 85%] Built target serial-test
[0.397s] [100%] Built target serial-test-timer
[0.838s] Invoked command in '/home/tony_stark/ros2_ws/build/serial' returned '0': CMAKE_PREFIX_PATH=${CMAKE_PREFIX_PATH}:/home/tony_stark/ros2_ws/install/sample_package:/home/tony_stark/ros2_ws/install/rqt_joint_trajectory_controller:/home/tony_stark/ros2_ws/install/rqt_controller_manager:/home/tony_stark/ros2_ws/install/rosgpt:/home/tony_stark/ros2_ws/install/ros2controlcli:/home/tony_stark/ros2_ws/install/ros2_controllers_test_nodes:/home/tony_stark/ros2_ws/install/navigation_module:/home/tony_stark/ros2_ws/install/msgs:/home/tony_stark/ros2_ws/install/autonomous_exploration:/opt/ros/humble /usr/bin/cmake --build /home/tony_stark/ros2_ws/build/serial -- -j2 -l2
[0.939s] Invoking command in '/home/tony_stark/ros2_ws/build/serial': CMAKE_PREFIX_PATH=${CMAKE_PREFIX_PATH}:/home/tony_stark/ros2_ws/install/sample_package:/home/tony_stark/ros2_ws/install/rqt_joint_trajectory_controller:/home/tony_stark/ros2_ws/install/rqt_controller_manager:/home/tony_stark/ros2_ws/install/rosgpt:/home/tony_stark/ros2_ws/install/ros2controlcli:/home/tony_stark/ros2_ws/install/ros2_controllers_test_nodes:/home/tony_stark/ros2_ws/install/navigation_module:/home/tony_stark/ros2_ws/install/msgs:/home/tony_stark/ros2_ws/install/autonomous_exploration:/opt/ros/humble /usr/bin/cmake --install /home/tony_stark/ros2_ws/build/serial
[0.954s] -- Install configuration: ""
[0.954s] -- Up-to-date: /home/tony_stark/ros2_ws/install/serial/lib/libserial.a
[0.954s] -- Up-to-date: /home/tony_stark/ros2_ws/install/serial/include/serial/serial.h
[0.955s] -- Up-to-date: /home/tony_stark/ros2_ws/install/serial/include/serial/v8stdint.h
[0.955s] -- Up-to-date: /home/tony_stark/ros2_ws/install/serial/share/serial/environment/library_path.sh
[0.955s] -- Up-to-date: /home/tony_stark/ros2_ws/install/serial/share/serial/environment/library_path.dsv
[0.955s] -- Up-to-date: /home/tony_stark/ros2_ws/install/serial/share/ament_index/resource_index/package_run_dependencies/serial
[0.956s] -- Up-to-date: /home/tony_stark/ros2_ws/install/serial/share/ament_index/resource_index/parent_prefix_path/serial
[0.956s] -- Up-to-date: /home/tony_stark/ros2_ws/install/serial/share/serial/environment/ament_prefix_path.sh
[0.956s] -- Up-to-date: /home/tony_stark/ros2_ws/install/serial/share/serial/environment/ament_prefix_path.dsv
[0.956s] -- Up-to-date: /home/tony_stark/ros2_ws/install/serial/share/serial/environment/path.sh
[0.956s] -- Up-to-date: /home/tony_stark/ros2_ws/install/serial/share/serial/environment/path.dsv
[0.956s] -- Up-to-date: /home/tony_stark/ros2_ws/install/serial/share/serial/local_setup.bash
[0.957s] -- Up-to-date: /home/tony_stark/ros2_ws/install/serial/share/serial/local_setup.sh
[0.957s] -- Up-to-date: /home/tony_stark/ros2_ws/install/serial/share/serial/local_setup.zsh
[0.957s] -- Up-to-date: /home/tony_stark/ros2_ws/install/serial/share/serial/local_setup.dsv
[0.957s] -- Installing: /home/tony_stark/ros2_ws/install/serial/share/serial/package.dsv
[0.958s] -- Up-to-date: /home/tony_stark/ros2_ws/install/serial/share/ament_index/resource_index/packages/serial
[0.958s] -- Up-to-date: /home/tony_stark/ros2_ws/install/serial/share/serial/cmake/ament_cmake_export_include_directories-extras.cmake
[0.958s] -- Up-to-date: /home/tony_stark/ros2_ws/install/serial/share/serial/cmake/ament_cmake_export_libraries-extras.cmake
[0.958s] -- Up-to-date: /home/tony_stark/ros2_ws/install/serial/share/serial/cmake/serialConfig.cmake
[0.958s] -- Up-to-date: /home/tony_stark/ros2_ws/install/serial/share/serial/cmake/serialConfig-version.cmake
[0.958s] -- Up-to-date: /home/tony_stark/ros2_ws/install/serial/share/serial/package.xml
[0.960s] Invoked command in '/home/tony_stark/ros2_ws/build/serial' returned '0': CMAKE_PREFIX_PATH=${CMAKE_PREFIX_PATH}:/home/tony_stark/ros2_ws/install/sample_package:/home/tony_stark/ros2_ws/install/rqt_joint_trajectory_controller:/home/tony_stark/ros2_ws/install/rqt_controller_manager:/home/tony_stark/ros2_ws/install/rosgpt:/home/tony_stark/ros2_ws/install/ros2controlcli:/home/tony_stark/ros2_ws/install/ros2_controllers_test_nodes:/home/tony_stark/ros2_ws/install/navigation_module:/home/tony_stark/ros2_ws/install/msgs:/home/tony_stark/ros2_ws/install/autonomous_exploration:/opt/ros/humble /usr/bin/cmake --install /home/tony_stark/ros2_ws/build/serial
