[2.501s] Invoking command in '/home/tony_stark/ros2_ws/src/navigation_module': PYTHONPATH=/home/tony_stark/ros2_ws/build/navigation_module/prefix_override:/home/tony_stark/ros2_ws/install/navigation_module/lib/python3.10/site-packages:${PYTHONPATH} /usr/bin/python3 setup.py egg_info --egg-base ../../build/navigation_module build --build-base /home/tony_stark/ros2_ws/build/navigation_module/build install --record /home/tony_stark/ros2_ws/build/navigation_module/install.log --single-version-externally-managed
[3.128s] running egg_info
[3.157s] writing ../../build/navigation_module/navigation_module.egg-info/PKG-INFO
[3.159s] writing dependency_links to ../../build/navigation_module/navigation_module.egg-info/dependency_links.txt
[3.159s] writing requirements to ../../build/navigation_module/navigation_module.egg-info/requires.txt
[3.160s] writing top-level names to ../../build/navigation_module/navigation_module.egg-info/top_level.txt
[3.228s] reading manifest file '../../build/navigation_module/navigation_module.egg-info/SOURCES.txt'
[3.231s] writing manifest file '../../build/navigation_module/navigation_module.egg-info/SOURCES.txt'
[3.232s] running build
[3.232s] running build_py
[3.232s] running install
[3.233s] /home/tony_stark/.local/lib/python3.10/site-packages/setuptools/_distutils/cmd.py:66: SetuptoolsDeprecationWarning: setup.py install is deprecated.
[3.233s] !!
[3.233s] 
[3.233s]         ********************************************************************************
[3.233s]         Please avoid running ``setup.py`` directly.
[3.234s]         Instead, use pypa/build, pypa/installer, pypa/build or
[3.234s]         other standards-based tools.
[3.234s] 
[3.234s]         See https://blog.ganssle.io/articles/2021/10/setup-py-deprecated.html for details.
[3.234s]         ********************************************************************************
[3.234s] 
[3.235s] !!
[3.235s]   self.initialize_options()
[3.244s] running install_lib
[3.279s] running install_data
[3.314s] copying worlds/small_house.world -> /home/tony_stark/ros2_ws/install/navigation_module/share/navigation_module
[3.314s] running install_egg_info
[3.347s] removing '/home/tony_stark/ros2_ws/install/navigation_module/lib/python3.10/site-packages/navigation_module-0.0.0-py3.10.egg-info' (and everything under it)
[3.347s] Copying ../../build/navigation_module/navigation_module.egg-info to /home/tony_stark/ros2_ws/install/navigation_module/lib/python3.10/site-packages/navigation_module-0.0.0-py3.10.egg-info
[3.373s] running install_scripts
[3.787s] writing list of installed files to '/home/tony_stark/ros2_ws/build/navigation_module/install.log'
[3.889s] Invoked command in '/home/tony_stark/ros2_ws/src/navigation_module' returned '0': PYTHONPATH=/home/tony_stark/ros2_ws/build/navigation_module/prefix_override:/home/tony_stark/ros2_ws/install/navigation_module/lib/python3.10/site-packages:${PYTHONPATH} /usr/bin/python3 setup.py egg_info --egg-base ../../build/navigation_module build --build-base /home/tony_stark/ros2_ws/build/navigation_module/build install --record /home/tony_stark/ros2_ws/build/navigation_module/install.log --single-version-externally-managed
