[3.022s] Invoking command in '/home/tony_stark/ros2_ws/src/navigation_module': PYTHONPATH=/home/tony_stark/ros2_ws/build/navigation_module/prefix_override:/home/tony_stark/ros2_ws/install/navigation_module/lib/python3.10/site-packages:${PYTHONPATH} /usr/bin/python3 setup.py egg_info --egg-base ../../build/navigation_module build --build-base /home/tony_stark/ros2_ws/build/navigation_module/build install --record /home/tony_stark/ros2_ws/build/navigation_module/install.log --single-version-externally-managed
[3.976s] running egg_info
[3.980s] writing ../../build/navigation_module/navigation_module.egg-info/PKG-INFO
[3.981s] writing dependency_links to ../../build/navigation_module/navigation_module.egg-info/dependency_links.txt
[3.982s] writing entry points to ../../build/navigation_module/navigation_module.egg-info/entry_points.txt
[3.983s] writing requirements to ../../build/navigation_module/navigation_module.egg-info/requires.txt
[3.984s] writing top-level names to ../../build/navigation_module/navigation_module.egg-info/top_level.txt
[3.990s] reading manifest file '../../build/navigation_module/navigation_module.egg-info/SOURCES.txt'
[3.993s] writing manifest file '../../build/navigation_module/navigation_module.egg-info/SOURCES.txt'
[3.994s] running build
[3.994s] running build_py
[3.995s] running install
[3.996s] running install_lib
[4.000s] running install_data
[4.010s] running install_egg_info
[4.013s] removing '/home/tony_stark/ros2_ws/install/navigation_module/lib/python3.10/site-packages/navigation_module-0.0.0-py3.10.egg-info' (and everything under it)
[4.015s] Copying ../../build/navigation_module/navigation_module.egg-info to /home/tony_stark/ros2_ws/install/navigation_module/lib/python3.10/site-packages/navigation_module-0.0.0-py3.10.egg-info
[4.016s] running install_scripts
[4.062s] Installing get_pose script to /home/tony_stark/ros2_ws/install/navigation_module/lib/navigation_module
[4.063s] Installing goal_poses script to /home/tony_stark/ros2_ws/install/navigation_module/lib/navigation_module
[4.064s] Installing manual_goal script to /home/tony_stark/ros2_ws/install/navigation_module/lib/navigation_module
[4.065s] writing list of installed files to '/home/tony_stark/ros2_ws/build/navigation_module/install.log'
[4.168s] Invoked command in '/home/tony_stark/ros2_ws/src/navigation_module' returned '0': PYTHONPATH=/home/tony_stark/ros2_ws/build/navigation_module/prefix_override:/home/tony_stark/ros2_ws/install/navigation_module/lib/python3.10/site-packages:${PYTHONPATH} /usr/bin/python3 setup.py egg_info --egg-base ../../build/navigation_module build --build-base /home/tony_stark/ros2_ws/build/navigation_module/build install --record /home/tony_stark/ros2_ws/build/navigation_module/install.log --single-version-externally-managed
