[5.552s] Invoking command in '/home/Isaac/ros2_ws/src/sample_package': PYTHONPATH=/home/Isaac/ros2_ws/build/sample_package/prefix_override:/home/Isaac/ros2_ws/install/sample_package/lib/python3.10/site-packages:${PYTHONPATH} /usr/bin/python3 setup.py egg_info --egg-base ../../build/sample_package build --build-base /home/Isaac/ros2_ws/build/sample_package/build install --record /home/Isaac/ros2_ws/build/sample_package/install.log --single-version-externally-managed
[6.867s] running egg_info
[6.870s] writing ../../build/sample_package/sample_package.egg-info/PKG-INFO
[6.871s] writing dependency_links to ../../build/sample_package/sample_package.egg-info/dependency_links.txt
[6.873s] writing entry points to ../../build/sample_package/sample_package.egg-info/entry_points.txt
[6.873s] writing requirements to ../../build/sample_package/sample_package.egg-info/requires.txt
[6.874s] writing top-level names to ../../build/sample_package/sample_package.egg-info/top_level.txt
[6.883s] reading manifest file '../../build/sample_package/sample_package.egg-info/SOURCES.txt'
[6.888s] writing manifest file '../../build/sample_package/sample_package.egg-info/SOURCES.txt'
[6.889s] running build
[6.889s] running build_py
[6.892s] running install
[6.893s] /usr/lib/python3/dist-packages/setuptools/command/install.py:34: SetuptoolsDeprecationWarning: setup.py install is deprecated. Use build and pip and other standards-based tools.
[6.893s]   warnings.warn(
[6.894s] running install_lib
[6.901s] running install_data
[6.905s] running install_egg_info
[6.912s] removing '/home/Isaac/ros2_ws/install/sample_package/lib/python3.10/site-packages/sample_package-0.0.0-py3.10.egg-info' (and everything under it)
[6.916s] Copying ../../build/sample_package/sample_package.egg-info to /home/Isaac/ros2_ws/install/sample_package/lib/python3.10/site-packages/sample_package-0.0.0-py3.10.egg-info
[6.923s] running install_scripts
[7.012s] Installing fan_sub script to /home/Isaac/ros2_ws/install/sample_package/lib/sample_package
[7.013s] Installing process script to /home/Isaac/ros2_ws/install/sample_package/lib/sample_package
[7.014s] Installing senpub script to /home/Isaac/ros2_ws/install/sample_package/lib/sample_package
[7.014s] Installing talk script to /home/Isaac/ros2_ws/install/sample_package/lib/sample_package
[7.017s] writing list of installed files to '/home/Isaac/ros2_ws/build/sample_package/install.log'
[7.152s] Invoked command in '/home/Isaac/ros2_ws/src/sample_package' returned '0': PYTHONPATH=/home/Isaac/ros2_ws/build/sample_package/prefix_override:/home/Isaac/ros2_ws/install/sample_package/lib/python3.10/site-packages:${PYTHONPATH} /usr/bin/python3 setup.py egg_info --egg-base ../../build/sample_package build --build-base /home/Isaac/ros2_ws/build/sample_package/build install --record /home/Isaac/ros2_ws/build/sample_package/install.log --single-version-externally-managed
