[4.457s] Invoking command in '/home/tony_stark/ros2_ws/src/msgs': PYTHONPATH=/home/tony_stark/ros2_ws/build/msgs/prefix_override:/home/tony_stark/ros2_ws/install/msgs/lib/python3.10/site-packages:${PYTHONPATH} /usr/bin/python3 setup.py egg_info --egg-base ../../build/msgs build --build-base /home/tony_stark/ros2_ws/build/msgs/build install --record /home/tony_stark/ros2_ws/build/msgs/install.log --single-version-externally-managed
[6.085s] running egg_info
[6.085s] writing ../../build/msgs/msgs.egg-info/PKG-INFO
[6.086s] writing dependency_links to ../../build/msgs/msgs.egg-info/dependency_links.txt
[6.086s] writing entry points to ../../build/msgs/msgs.egg-info/entry_points.txt
[6.087s] writing requirements to ../../build/msgs/msgs.egg-info/requires.txt
[6.087s] writing top-level names to ../../build/msgs/msgs.egg-info/top_level.txt
[6.097s] reading manifest file '../../build/msgs/msgs.egg-info/SOURCES.txt'
[6.105s] writing manifest file '../../build/msgs/msgs.egg-info/SOURCES.txt'
[6.105s] running build
[6.106s] running build_py
[6.112s] running install
[6.112s] running install_lib
[6.113s] running install_data
[6.114s] running install_egg_info
[6.124s] removing '/home/tony_stark/ros2_ws/install/msgs/lib/python3.10/site-packages/msgs-0.0.0-py3.10.egg-info' (and everything under it)
[6.129s] Copying ../../build/msgs/msgs.egg-info to /home/tony_stark/ros2_ws/install/msgs/lib/python3.10/site-packages/msgs-0.0.0-py3.10.egg-info
[6.134s] running install_scripts
[6.247s] Installing floatlist script to /home/tony_stark/ros2_ws/install/msgs/lib/msgs
[6.255s] writing list of installed files to '/home/tony_stark/ros2_ws/build/msgs/install.log'
[6.468s] Invoked command in '/home/tony_stark/ros2_ws/src/msgs' returned '0': PYTHONPATH=/home/tony_stark/ros2_ws/build/msgs/prefix_override:/home/tony_stark/ros2_ws/install/msgs/lib/python3.10/site-packages:${PYTHONPATH} /usr/bin/python3 setup.py egg_info --egg-base ../../build/msgs build --build-base /home/tony_stark/ros2_ws/build/msgs/build install --record /home/tony_stark/ros2_ws/build/msgs/install.log --single-version-externally-managed
