[6.879s] Invoking command in '/home/Isaac/ros2_ws/src/sample_package': PYTHONPATH=/home/Isaac/ros2_ws/build/sample_package/prefix_override:/home/Isaac/ros2_ws/install/sample_package/lib/python3.10/site-packages:${PYTHONPATH} /usr/bin/python3 setup.py egg_info --egg-base ../../build/sample_package build --build-base /home/Isaac/ros2_ws/build/sample_package/build install --record /home/Isaac/ros2_ws/build/sample_package/install.log --single-version-externally-managed
[8.532s] running egg_info
[8.535s] creating ../../build/sample_package/sample_package.egg-info
[8.536s] writing ../../build/sample_package/sample_package.egg-info/PKG-INFO
[8.537s] writing dependency_links to ../../build/sample_package/sample_package.egg-info/dependency_links.txt
[8.539s] writing entry points to ../../build/sample_package/sample_package.egg-info/entry_points.txt
[8.540s] writing requirements to ../../build/sample_package/sample_package.egg-info/requires.txt
[8.540s] writing top-level names to ../../build/sample_package/sample_package.egg-info/top_level.txt
[8.541s] writing manifest file '../../build/sample_package/sample_package.egg-info/SOURCES.txt'
[8.551s] reading manifest file '../../build/sample_package/sample_package.egg-info/SOURCES.txt'
[8.556s] writing manifest file '../../build/sample_package/sample_package.egg-info/SOURCES.txt'
[8.557s] running build
[8.558s] running build_py
[8.558s] creating /home/Isaac/ros2_ws/build/sample_package/build
[8.559s] creating /home/Isaac/ros2_ws/build/sample_package/build/lib
[8.560s] creating /home/Isaac/ros2_ws/build/sample_package/build/lib/sample_package
[8.560s] copying sample_package/talker_nod.py -> /home/Isaac/ros2_ws/build/sample_package/build/lib/sample_package
[8.561s] copying sample_package/processing.py -> /home/Isaac/ros2_ws/build/sample_package/build/lib/sample_package
[8.562s] copying sample_package/__init__.py -> /home/Isaac/ros2_ws/build/sample_package/build/lib/sample_package
[8.569s] copying sample_package/fan_subscriber.py -> /home/Isaac/ros2_ws/build/sample_package/build/lib/sample_package
[8.569s] copying sample_package/sensor_publish.py -> /home/Isaac/ros2_ws/build/sample_package/build/lib/sample_package
[8.570s] running install
[8.571s] /usr/lib/python3/dist-packages/setuptools/command/install.py:34: SetuptoolsDeprecationWarning: setup.py install is deprecated. Use build and pip and other standards-based tools.
[8.572s]   warnings.warn(
[8.573s] running install_lib
[8.574s] creating /home/Isaac/ros2_ws/install/sample_package/lib/python3.10/site-packages/sample_package
[8.574s] copying /home/Isaac/ros2_ws/build/sample_package/build/lib/sample_package/talker_nod.py -> /home/Isaac/ros2_ws/install/sample_package/lib/python3.10/site-packages/sample_package
[8.575s] copying /home/Isaac/ros2_ws/build/sample_package/build/lib/sample_package/processing.py -> /home/Isaac/ros2_ws/install/sample_package/lib/python3.10/site-packages/sample_package
[8.576s] copying /home/Isaac/ros2_ws/build/sample_package/build/lib/sample_package/__init__.py -> /home/Isaac/ros2_ws/install/sample_package/lib/python3.10/site-packages/sample_package
[8.576s] copying /home/Isaac/ros2_ws/build/sample_package/build/lib/sample_package/fan_subscriber.py -> /home/Isaac/ros2_ws/install/sample_package/lib/python3.10/site-packages/sample_package
[8.586s] copying /home/Isaac/ros2_ws/build/sample_package/build/lib/sample_package/sensor_publish.py -> /home/Isaac/ros2_ws/install/sample_package/lib/python3.10/site-packages/sample_package
[8.587s] byte-compiling /home/Isaac/ros2_ws/install/sample_package/lib/python3.10/site-packages/sample_package/talker_nod.py to talker_nod.cpython-310.pyc
[8.587s] byte-compiling /home/Isaac/ros2_ws/install/sample_package/lib/python3.10/site-packages/sample_package/processing.py to processing.cpython-310.pyc
[8.588s] byte-compiling /home/Isaac/ros2_ws/install/sample_package/lib/python3.10/site-packages/sample_package/__init__.py to __init__.cpython-310.pyc
[8.589s] byte-compiling /home/Isaac/ros2_ws/install/sample_package/lib/python3.10/site-packages/sample_package/fan_subscriber.py to fan_subscriber.cpython-310.pyc
[8.591s] byte-compiling /home/Isaac/ros2_ws/install/sample_package/lib/python3.10/site-packages/sample_package/sensor_publish.py to sensor_publish.cpython-310.pyc
[8.593s] running install_data
[8.597s] creating /home/Isaac/ros2_ws/install/sample_package/share/ament_index
[8.597s] creating /home/Isaac/ros2_ws/install/sample_package/share/ament_index/resource_index
[8.598s] creating /home/Isaac/ros2_ws/install/sample_package/share/ament_index/resource_index/packages
[8.599s] copying resource/sample_package -> /home/Isaac/ros2_ws/install/sample_package/share/ament_index/resource_index/packages
[8.600s] copying package.xml -> /home/Isaac/ros2_ws/install/sample_package/share/sample_package
[8.601s] creating /home/Isaac/ros2_ws/install/sample_package/share/sample_package/models
[8.602s] copying models/final_model.pkl -> /home/Isaac/ros2_ws/install/sample_package/share/sample_package/models
[8.641s] running install_egg_info
[8.669s] Copying ../../build/sample_package/sample_package.egg-info to /home/Isaac/ros2_ws/install/sample_package/lib/python3.10/site-packages/sample_package-0.0.0-py3.10.egg-info
[8.701s] running install_scripts
[8.858s] Installing fan_sub script to /home/Isaac/ros2_ws/install/sample_package/lib/sample_package
[8.859s] Installing process script to /home/Isaac/ros2_ws/install/sample_package/lib/sample_package
[8.860s] Installing senpub script to /home/Isaac/ros2_ws/install/sample_package/lib/sample_package
[8.861s] Installing talk script to /home/Isaac/ros2_ws/install/sample_package/lib/sample_package
[8.864s] writing list of installed files to '/home/Isaac/ros2_ws/build/sample_package/install.log'
[9.157s] Invoked command in '/home/Isaac/ros2_ws/src/sample_package' returned '0': PYTHONPATH=/home/Isaac/ros2_ws/build/sample_package/prefix_override:/home/Isaac/ros2_ws/install/sample_package/lib/python3.10/site-packages:${PYTHONPATH} /usr/bin/python3 setup.py egg_info --egg-base ../../build/sample_package build --build-base /home/Isaac/ros2_ws/build/sample_package/build install --record /home/Isaac/ros2_ws/build/sample_package/install.log --single-version-externally-managed
