[3.077s] Invoking command in '/home/tony_stark/ros2_ws/src/msgs': PYTHONPATH=/home/tony_stark/ros2_ws/build/msgs/prefix_override:/home/tony_stark/ros2_ws/install/msgs/lib/python3.10/site-packages:${PYTHONPATH} /usr/bin/python3 setup.py egg_info --egg-base ../../build/msgs build --build-base /home/tony_stark/ros2_ws/build/msgs/build install --record /home/tony_stark/ros2_ws/build/msgs/install.log --single-version-externally-managed
[3.958s] running egg_info
[3.961s] writing ../../build/msgs/msgs.egg-info/PKG-INFO
[3.963s] writing dependency_links to ../../build/msgs/msgs.egg-info/dependency_links.txt
[3.964s] writing entry points to ../../build/msgs/msgs.egg-info/entry_points.txt
[3.964s] writing requirements to ../../build/msgs/msgs.egg-info/requires.txt
[3.965s] writing top-level names to ../../build/msgs/msgs.egg-info/top_level.txt
[3.971s] reading manifest file '../../build/msgs/msgs.egg-info/SOURCES.txt'
[3.973s] writing manifest file '../../build/msgs/msgs.egg-info/SOURCES.txt'
[3.974s] running build
[3.975s] running build_py
[3.976s] running install
[3.978s] running install_lib
[3.981s] running install_data
[3.983s] running install_egg_info
[3.988s] removing '/home/tony_stark/ros2_ws/install/msgs/lib/python3.10/site-packages/msgs-0.0.0-py3.10.egg-info' (and everything under it)
[3.989s] Copying ../../build/msgs/msgs.egg-info to /home/tony_stark/ros2_ws/install/msgs/lib/python3.10/site-packages/msgs-0.0.0-py3.10.egg-info
[3.992s] running install_scripts
[4.050s] Installing floatlist script to /home/tony_stark/ros2_ws/install/msgs/lib/msgs
[4.052s] writing list of installed files to '/home/tony_stark/ros2_ws/build/msgs/install.log'
[4.154s] Invoked command in '/home/tony_stark/ros2_ws/src/msgs' returned '0': PYTHONPATH=/home/tony_stark/ros2_ws/build/msgs/prefix_override:/home/tony_stark/ros2_ws/install/msgs/lib/python3.10/site-packages:${PYTHONPATH} /usr/bin/python3 setup.py egg_info --egg-base ../../build/msgs build --build-base /home/tony_stark/ros2_ws/build/msgs/build install --record /home/tony_stark/ros2_ws/build/msgs/install.log --single-version-externally-managed
