[2.242s] Invoking command in '/home/tony_stark/ros2_ws/src/msgs': PYTHONPATH=/home/tony_stark/ros2_ws/build/msgs/prefix_override:/home/tony_stark/ros2_ws/install/msgs/lib/python3.10/site-packages:${PYTHONPATH} /usr/bin/python3 setup.py egg_info --egg-base ../../build/msgs build --build-base /home/tony_stark/ros2_ws/build/msgs/build install --record /home/tony_stark/ros2_ws/build/msgs/install.log --single-version-externally-managed
[2.876s] running egg_info
[2.913s] writing ../../build/msgs/msgs.egg-info/PKG-INFO
[2.914s] writing dependency_links to ../../build/msgs/msgs.egg-info/dependency_links.txt
[2.915s] writing entry points to ../../build/msgs/msgs.egg-info/entry_points.txt
[2.915s] writing requirements to ../../build/msgs/msgs.egg-info/requires.txt
[2.918s] writing top-level names to ../../build/msgs/msgs.egg-info/top_level.txt
[3.000s] reading manifest file '../../build/msgs/msgs.egg-info/SOURCES.txt'
[3.002s] writing manifest file '../../build/msgs/msgs.egg-info/SOURCES.txt'
[3.003s] running build
[3.003s] running build_py
[3.003s] running install
[3.004s] /home/tony_stark/.local/lib/python3.10/site-packages/setuptools/_distutils/cmd.py:66: SetuptoolsDeprecationWarning: setup.py install is deprecated.
[3.004s] !!
[3.004s] 
[3.005s]         ********************************************************************************
[3.005s]         Please avoid running ``setup.py`` directly.
[3.005s]         Instead, use pypa/build, pypa/installer, pypa/build or
[3.005s]         other standards-based tools.
[3.005s] 
[3.006s]         See https://blog.ganssle.io/articles/2021/10/setup-py-deprecated.html for details.
[3.006s]         ********************************************************************************
[3.006s] 
[3.006s] !!
[3.006s]   self.initialize_options()
[3.021s] running install_lib
[3.058s] running install_data
[3.095s] running install_egg_info
[3.146s] removing '/home/tony_stark/ros2_ws/install/msgs/lib/python3.10/site-packages/msgs-0.0.0-py3.10.egg-info' (and everything under it)
[3.147s] Copying ../../build/msgs/msgs.egg-info to /home/tony_stark/ros2_ws/install/msgs/lib/python3.10/site-packages/msgs-0.0.0-py3.10.egg-info
[3.150s] running install_scripts
[3.649s] Installing floatlist script to /home/tony_stark/ros2_ws/install/msgs/lib/msgs
[3.650s] writing list of installed files to '/home/tony_stark/ros2_ws/build/msgs/install.log'
[3.749s] Invoked command in '/home/tony_stark/ros2_ws/src/msgs' returned '0': PYTHONPATH=/home/tony_stark/ros2_ws/build/msgs/prefix_override:/home/tony_stark/ros2_ws/install/msgs/lib/python3.10/site-packages:${PYTHONPATH} /usr/bin/python3 setup.py egg_info --egg-base ../../build/msgs build --build-base /home/tony_stark/ros2_ws/build/msgs/build install --record /home/tony_stark/ros2_ws/build/msgs/install.log --single-version-externally-managed
