[3.940s] Invoking command in '/home/tony_stark/ros2_ws/src/fan_simulation': PYTHONPATH=/home/tony_stark/ros2_ws/build/fan_simulation/prefix_override:/home/tony_stark/ros2_ws/install/fan_simulation/lib/python3.10/site-packages:${PYTHONPATH} /usr/bin/python3 setup.py egg_info --egg-base ../../build/fan_simulation build --build-base /home/tony_stark/ros2_ws/build/fan_simulation/build install --record /home/tony_stark/ros2_ws/build/fan_simulation/install.log --single-version-externally-managed
[5.476s] running egg_info
[5.476s] writing ../../build/fan_simulation/fan_simulation.egg-info/PKG-INFO
[5.477s] writing dependency_links to ../../build/fan_simulation/fan_simulation.egg-info/dependency_links.txt
[5.477s] writing entry points to ../../build/fan_simulation/fan_simulation.egg-info/entry_points.txt
[5.478s] writing requirements to ../../build/fan_simulation/fan_simulation.egg-info/requires.txt
[5.479s] writing top-level names to ../../build/fan_simulation/fan_simulation.egg-info/top_level.txt
[5.497s] reading manifest file '../../build/fan_simulation/fan_simulation.egg-info/SOURCES.txt'
[5.505s] writing manifest file '../../build/fan_simulation/fan_simulation.egg-info/SOURCES.txt'
[5.510s] running build
[5.514s] running build_py
[5.518s] running install
[5.524s] running install_lib
[5.532s] running install_data
[5.539s] copying urdf/fan.urdf.xacro -> /home/tony_stark/ros2_ws/install/fan_simulation/share/fan_simulation
[5.567s] copying urdf/fan_control.xacro -> /home/tony_stark/ros2_ws/install/fan_simulation/share/fan_simulation
[5.576s] copying launch/gazebo_fanlaunch.launch.py -> /home/tony_stark/ros2_ws/install/fan_simulation/share/fan_simulation
[5.584s] running install_egg_info
[5.597s] removing '/home/tony_stark/ros2_ws/install/fan_simulation/lib/python3.10/site-packages/fan_simulation-0.0.0-py3.10.egg-info' (and everything under it)
[5.609s] Copying ../../build/fan_simulation/fan_simulation.egg-info to /home/tony_stark/ros2_ws/install/fan_simulation/lib/python3.10/site-packages/fan_simulation-0.0.0-py3.10.egg-info
[5.632s] running install_scripts
[5.788s] writing list of installed files to '/home/tony_stark/ros2_ws/build/fan_simulation/install.log'
[6.031s] Invoked command in '/home/tony_stark/ros2_ws/src/fan_simulation' returned '0': PYTHONPATH=/home/tony_stark/ros2_ws/build/fan_simulation/prefix_override:/home/tony_stark/ros2_ws/install/fan_simulation/lib/python3.10/site-packages:${PYTHONPATH} /usr/bin/python3 setup.py egg_info --egg-base ../../build/fan_simulation build --build-base /home/tony_stark/ros2_ws/build/fan_simulation/build install --record /home/tony_stark/ros2_ws/build/fan_simulation/install.log --single-version-externally-managed
