[2.274s] Invoking command in '/home/tony_stark/ros2_ws/src/msgs': PYTHONPATH=/home/tony_stark/ros2_ws/build/msgs/prefix_override:/home/tony_stark/ros2_ws/install/msgs/lib/python3.10/site-packages:${PYTHONPATH} /usr/bin/python3 setup.py egg_info --egg-base ../../build/msgs build --build-base /home/tony_stark/ros2_ws/build/msgs/build install --record /home/tony_stark/ros2_ws/build/msgs/install.log --single-version-externally-managed
[3.000s] running egg_info
[3.002s] writing ../../build/msgs/msgs.egg-info/PKG-INFO
[3.003s] writing dependency_links to ../../build/msgs/msgs.egg-info/dependency_links.txt
[3.004s] writing entry points to ../../build/msgs/msgs.egg-info/entry_points.txt
[3.005s] writing requirements to ../../build/msgs/msgs.egg-info/requires.txt
[3.006s] writing top-level names to ../../build/msgs/msgs.egg-info/top_level.txt
[3.016s] reading manifest file '../../build/msgs/msgs.egg-info/SOURCES.txt'
[3.018s] writing manifest file '../../build/msgs/msgs.egg-info/SOURCES.txt'
[3.020s] running build
[3.020s] running build_py
[3.021s] running install
[3.023s] running install_lib
[3.028s] running install_data
[3.031s] running install_egg_info
[3.035s] removing '/home/tony_stark/ros2_ws/install/msgs/lib/python3.10/site-packages/msgs-0.0.0-py3.10.egg-info' (and everything under it)
[3.037s] Copying ../../build/msgs/msgs.egg-info to /home/tony_stark/ros2_ws/install/msgs/lib/python3.10/site-packages/msgs-0.0.0-py3.10.egg-info
[3.040s] running install_scripts
[3.095s] Installing floatlist script to /home/tony_stark/ros2_ws/install/msgs/lib/msgs
[3.097s] writing list of installed files to '/home/tony_stark/ros2_ws/build/msgs/install.log'
[3.258s] Invoked command in '/home/tony_stark/ros2_ws/src/msgs' returned '0': PYTHONPATH=/home/tony_stark/ros2_ws/build/msgs/prefix_override:/home/tony_stark/ros2_ws/install/msgs/lib/python3.10/site-packages:${PYTHONPATH} /usr/bin/python3 setup.py egg_info --egg-base ../../build/msgs build --build-base /home/tony_stark/ros2_ws/build/msgs/build install --record /home/tony_stark/ros2_ws/build/msgs/install.log --single-version-externally-managed
