[1.437s] DEBUG:colcon:Command line arguments: ['/usr/bin/colcon', 'build']
[1.437s] DEBUG:colcon:Parsed command line arguments: Namespace(log_base=None, log_level=None, verb_name='build', build_base='build', install_base='install', merge_install=False, symlink_install=False, test_result_base=None, continue_on_error=False, executor='parallel', parallel_workers=4, event_handlers=None, ignore_user_meta=False, metas=['./colcon.meta'], base_paths=['.'], packages_ignore=None, packages_ignore_regex=None, paths=None, packages_up_to=None, packages_up_to_regex=None, packages_above=None, packages_above_and_dependencies=None, packages_above_depth=None, packages_select_by_dep=None, packages_skip_by_dep=None, packages_skip_up_to=None, packages_select_build_failed=False, packages_skip_build_finished=False, packages_select_test_failures=False, packages_skip_test_passed=False, packages_select=None, packages_skip=None, packages_select_regex=None, packages_skip_regex=None, packages_start=None, packages_end=None, allow_overriding=[], cmake_args=None, cmake_target=None, cmake_target_skip_unavailable=False, cmake_clean_cache=False, cmake_clean_first=False, cmake_force_configure=False, ament_cmake_args=None, catkin_cmake_args=None, catkin_skip_building_tests=False, verb_parser=<colcon_defaults.argument_parser.defaults.DefaultArgumentsDecorator object at 0xffff8ef2e9b0>, verb_extension=<colcon_core.verb.build.BuildVerb object at 0xffff8f7aba30>, main=<bound method BuildVerb.main of <colcon_core.verb.build.BuildVerb object at 0xffff8f7aba30>>)
[1.570s] Level 1:colcon.colcon_core.package_discovery:discover_packages(colcon_meta) check parameters
[1.570s] Level 1:colcon.colcon_core.package_discovery:discover_packages(recursive) check parameters
[1.571s] Level 1:colcon.colcon_core.package_discovery:discover_packages(ignore) check parameters
[1.571s] Level 1:colcon.colcon_core.package_discovery:discover_packages(path) check parameters
[1.571s] Level 1:colcon.colcon_core.package_discovery:discover_packages(colcon_meta) discover
[1.571s] Level 1:colcon.colcon_core.package_discovery:discover_packages(recursive) discover
[1.571s] INFO:colcon.colcon_core.package_discovery:Crawling recursively for packages in '/home/Isaac/ros2_ws'
[1.572s] Level 1:colcon.colcon_core.package_identification:_identify(.) by extensions ['ignore', 'ignore_ament_install']
[1.572s] Level 1:colcon.colcon_core.package_identification:_identify(.) by extension 'ignore'
[1.572s] Level 1:colcon.colcon_core.package_identification:_identify(.) by extension 'ignore_ament_install'
[1.572s] Level 1:colcon.colcon_core.package_identification:_identify(.) by extensions ['colcon_pkg']
[1.573s] Level 1:colcon.colcon_core.package_identification:_identify(.) by extension 'colcon_pkg'
[1.573s] Level 1:colcon.colcon_core.package_identification:_identify(.) by extensions ['colcon_meta']
[1.573s] Level 1:colcon.colcon_core.package_identification:_identify(.) by extension 'colcon_meta'
[1.573s] Level 1:colcon.colcon_core.package_identification:_identify(.) by extensions ['ros']
[1.573s] Level 1:colcon.colcon_core.package_identification:_identify(.) by extension 'ros'
[1.620s] Level 1:colcon.colcon_core.package_identification:_identify(.) by extensions ['cmake', 'python']
[1.620s] Level 1:colcon.colcon_core.package_identification:_identify(.) by extension 'cmake'
[1.620s] Level 1:colcon.colcon_core.package_identification:_identify(.) by extension 'python'
[1.621s] Level 1:colcon.colcon_core.package_identification:_identify(.) by extensions ['python_setup_py']
[1.621s] Level 1:colcon.colcon_core.package_identification:_identify(.) by extension 'python_setup_py'
[1.621s] Level 1:colcon.colcon_core.package_identification:_identify(build) by extensions ['ignore', 'ignore_ament_install']
[1.622s] Level 1:colcon.colcon_core.package_identification:_identify(build) by extension 'ignore'
[1.622s] Level 1:colcon.colcon_core.package_identification:_identify(build) ignored
[1.622s] Level 1:colcon.colcon_core.package_identification:_identify(install) by extensions ['ignore', 'ignore_ament_install']
[1.623s] Level 1:colcon.colcon_core.package_identification:_identify(install) by extension 'ignore'
[1.623s] Level 1:colcon.colcon_core.package_identification:_identify(install) ignored
[1.631s] Level 1:colcon.colcon_core.package_identification:_identify(log) by extensions ['ignore', 'ignore_ament_install']
[1.631s] Level 1:colcon.colcon_core.package_identification:_identify(log) by extension 'ignore'
[1.632s] Level 1:colcon.colcon_core.package_identification:_identify(log) ignored
[1.632s] Level 1:colcon.colcon_core.package_identification:_identify(maps) by extensions ['ignore', 'ignore_ament_install']
[1.632s] Level 1:colcon.colcon_core.package_identification:_identify(maps) by extension 'ignore'
[1.633s] Level 1:colcon.colcon_core.package_identification:_identify(maps) by extension 'ignore_ament_install'
[1.633s] Level 1:colcon.colcon_core.package_identification:_identify(maps) by extensions ['colcon_pkg']
[1.633s] Level 1:colcon.colcon_core.package_identification:_identify(maps) by extension 'colcon_pkg'
[1.633s] Level 1:colcon.colcon_core.package_identification:_identify(maps) by extensions ['colcon_meta']
[1.633s] Level 1:colcon.colcon_core.package_identification:_identify(maps) by extension 'colcon_meta'
[1.633s] Level 1:colcon.colcon_core.package_identification:_identify(maps) by extensions ['ros']
[1.633s] Level 1:colcon.colcon_core.package_identification:_identify(maps) by extension 'ros'
[1.634s] Level 1:colcon.colcon_core.package_identification:_identify(maps) by extensions ['cmake', 'python']
[1.634s] Level 1:colcon.colcon_core.package_identification:_identify(maps) by extension 'cmake'
[1.634s] Level 1:colcon.colcon_core.package_identification:_identify(maps) by extension 'python'
[1.634s] Level 1:colcon.colcon_core.package_identification:_identify(maps) by extensions ['python_setup_py']
[1.634s] Level 1:colcon.colcon_core.package_identification:_identify(maps) by extension 'python_setup_py'
[1.635s] Level 1:colcon.colcon_core.package_identification:_identify(models) by extensions ['ignore', 'ignore_ament_install']
[1.635s] Level 1:colcon.colcon_core.package_identification:_identify(models) by extension 'ignore'
[1.635s] Level 1:colcon.colcon_core.package_identification:_identify(models) by extension 'ignore_ament_install'
[1.635s] Level 1:colcon.colcon_core.package_identification:_identify(models) by extensions ['colcon_pkg']
[1.636s] Level 1:colcon.colcon_core.package_identification:_identify(models) by extension 'colcon_pkg'
[1.636s] Level 1:colcon.colcon_core.package_identification:_identify(models) by extensions ['colcon_meta']
[1.636s] Level 1:colcon.colcon_core.package_identification:_identify(models) by extension 'colcon_meta'
[1.636s] Level 1:colcon.colcon_core.package_identification:_identify(models) by extensions ['ros']
[1.636s] Level 1:colcon.colcon_core.package_identification:_identify(models) by extension 'ros'
[1.636s] Level 1:colcon.colcon_core.package_identification:_identify(models) by extensions ['cmake', 'python']
[1.637s] Level 1:colcon.colcon_core.package_identification:_identify(models) by extension 'cmake'
[1.637s] Level 1:colcon.colcon_core.package_identification:_identify(models) by extension 'python'
[1.637s] Level 1:colcon.colcon_core.package_identification:_identify(models) by extensions ['python_setup_py']
[1.637s] Level 1:colcon.colcon_core.package_identification:_identify(models) by extension 'python_setup_py'
[1.637s] Level 1:colcon.colcon_core.package_identification:_identify(src) by extensions ['ignore', 'ignore_ament_install']
[1.638s] Level 1:colcon.colcon_core.package_identification:_identify(src) by extension 'ignore'
[1.638s] Level 1:colcon.colcon_core.package_identification:_identify(src) by extension 'ignore_ament_install'
[1.638s] Level 1:colcon.colcon_core.package_identification:_identify(src) by extensions ['colcon_pkg']
[1.638s] Level 1:colcon.colcon_core.package_identification:_identify(src) by extension 'colcon_pkg'
[1.638s] Level 1:colcon.colcon_core.package_identification:_identify(src) by extensions ['colcon_meta']
[1.638s] Level 1:colcon.colcon_core.package_identification:_identify(src) by extension 'colcon_meta'
[1.639s] Level 1:colcon.colcon_core.package_identification:_identify(src) by extensions ['ros']
[1.639s] Level 1:colcon.colcon_core.package_identification:_identify(src) by extension 'ros'
[1.639s] Level 1:colcon.colcon_core.package_identification:_identify(src) by extensions ['cmake', 'python']
[1.639s] Level 1:colcon.colcon_core.package_identification:_identify(src) by extension 'cmake'
[1.639s] Level 1:colcon.colcon_core.package_identification:_identify(src) by extension 'python'
[1.639s] Level 1:colcon.colcon_core.package_identification:_identify(src) by extensions ['python_setup_py']
[1.640s] Level 1:colcon.colcon_core.package_identification:_identify(src) by extension 'python_setup_py'
[1.640s] Level 1:colcon.colcon_core.package_identification:_identify(src/autonomous_exploration) by extensions ['ignore', 'ignore_ament_install']
[1.640s] Level 1:colcon.colcon_core.package_identification:_identify(src/autonomous_exploration) by extension 'ignore'
[1.641s] Level 1:colcon.colcon_core.package_identification:_identify(src/autonomous_exploration) by extension 'ignore_ament_install'
[1.641s] Level 1:colcon.colcon_core.package_identification:_identify(src/autonomous_exploration) by extensions ['colcon_pkg']
[1.641s] Level 1:colcon.colcon_core.package_identification:_identify(src/autonomous_exploration) by extension 'colcon_pkg'
[1.641s] Level 1:colcon.colcon_core.package_identification:_identify(src/autonomous_exploration) by extensions ['colcon_meta']
[1.641s] Level 1:colcon.colcon_core.package_identification:_identify(src/autonomous_exploration) by extension 'colcon_meta'
[1.641s] Level 1:colcon.colcon_core.package_identification:_identify(src/autonomous_exploration) by extensions ['ros']
[1.641s] Level 1:colcon.colcon_core.package_identification:_identify(src/autonomous_exploration) by extension 'ros'
[1.649s] DEBUG:colcon.colcon_core.package_identification:Package 'src/autonomous_exploration' with type 'ros.ament_python' and name 'autonomous_exploration'
[1.650s] Level 1:colcon.colcon_core.package_identification:_identify(src/diffdrive_arduino) by extensions ['ignore', 'ignore_ament_install']
[1.650s] Level 1:colcon.colcon_core.package_identification:_identify(src/diffdrive_arduino) by extension 'ignore'
[1.650s] Level 1:colcon.colcon_core.package_identification:_identify(src/diffdrive_arduino) by extension 'ignore_ament_install'
[1.650s] Level 1:colcon.colcon_core.package_identification:_identify(src/diffdrive_arduino) by extensions ['colcon_pkg']
[1.651s] Level 1:colcon.colcon_core.package_identification:_identify(src/diffdrive_arduino) by extension 'colcon_pkg'
[1.651s] Level 1:colcon.colcon_core.package_identification:_identify(src/diffdrive_arduino) by extensions ['colcon_meta']
[1.651s] Level 1:colcon.colcon_core.package_identification:_identify(src/diffdrive_arduino) by extension 'colcon_meta'
[1.651s] Level 1:colcon.colcon_core.package_identification:_identify(src/diffdrive_arduino) by extensions ['ros']
[1.651s] Level 1:colcon.colcon_core.package_identification:_identify(src/diffdrive_arduino) by extension 'ros'
[1.655s] DEBUG:colcon.colcon_core.package_identification:Package 'src/diffdrive_arduino' with type 'ros.ament_cmake' and name 'diffdrive_arduino'
[1.656s] Level 1:colcon.colcon_core.package_identification:_identify(src/msgs) by extensions ['ignore', 'ignore_ament_install']
[1.656s] Level 1:colcon.colcon_core.package_identification:_identify(src/msgs) by extension 'ignore'
[1.657s] Level 1:colcon.colcon_core.package_identification:_identify(src/msgs) by extension 'ignore_ament_install'
[1.657s] Level 1:colcon.colcon_core.package_identification:_identify(src/msgs) by extensions ['colcon_pkg']
[1.657s] Level 1:colcon.colcon_core.package_identification:_identify(src/msgs) by extension 'colcon_pkg'
[1.657s] Level 1:colcon.colcon_core.package_identification:_identify(src/msgs) by extensions ['colcon_meta']
[1.657s] Level 1:colcon.colcon_core.package_identification:_identify(src/msgs) by extension 'colcon_meta'
[1.657s] Level 1:colcon.colcon_core.package_identification:_identify(src/msgs) by extensions ['ros']
[1.658s] Level 1:colcon.colcon_core.package_identification:_identify(src/msgs) by extension 'ros'
[1.660s] DEBUG:colcon.colcon_core.package_identification:Package 'src/msgs' with type 'ros.ament_python' and name 'msgs'
[1.661s] Level 1:colcon.colcon_core.package_identification:_identify(src/sample_package) by extensions ['ignore', 'ignore_ament_install']
[1.661s] Level 1:colcon.colcon_core.package_identification:_identify(src/sample_package) by extension 'ignore'
[1.661s] Level 1:colcon.colcon_core.package_identification:_identify(src/sample_package) by extension 'ignore_ament_install'
[1.662s] Level 1:colcon.colcon_core.package_identification:_identify(src/sample_package) by extensions ['colcon_pkg']
[1.662s] Level 1:colcon.colcon_core.package_identification:_identify(src/sample_package) by extension 'colcon_pkg'
[1.662s] Level 1:colcon.colcon_core.package_identification:_identify(src/sample_package) by extensions ['colcon_meta']
[1.662s] Level 1:colcon.colcon_core.package_identification:_identify(src/sample_package) by extension 'colcon_meta'
[1.662s] Level 1:colcon.colcon_core.package_identification:_identify(src/sample_package) by extensions ['ros']
[1.662s] Level 1:colcon.colcon_core.package_identification:_identify(src/sample_package) by extension 'ros'
[1.664s] DEBUG:colcon.colcon_core.package_identification:Package 'src/sample_package' with type 'ros.ament_python' and name 'sample_package'
[1.665s] Level 1:colcon.colcon_core.package_identification:_identify(src/serial) by extensions ['ignore', 'ignore_ament_install']
[1.665s] Level 1:colcon.colcon_core.package_identification:_identify(src/serial) by extension 'ignore'
[1.666s] Level 1:colcon.colcon_core.package_identification:_identify(src/serial) by extension 'ignore_ament_install'
[1.666s] Level 1:colcon.colcon_core.package_identification:_identify(src/serial) by extensions ['colcon_pkg']
[1.666s] Level 1:colcon.colcon_core.package_identification:_identify(src/serial) by extension 'colcon_pkg'
[1.666s] Level 1:colcon.colcon_core.package_identification:_identify(src/serial) by extensions ['colcon_meta']
[1.666s] Level 1:colcon.colcon_core.package_identification:_identify(src/serial) by extension 'colcon_meta'
[1.666s] Level 1:colcon.colcon_core.package_identification:_identify(src/serial) by extensions ['ros']
[1.667s] Level 1:colcon.colcon_core.package_identification:_identify(src/serial) by extension 'ros'
[1.669s] DEBUG:colcon.colcon_core.package_identification:Package 'src/serial' with type 'ros.ament_cmake' and name 'serial'
[1.669s] Level 1:colcon.colcon_core.package_identification:_identify(src/serial_motor_demo) by extensions ['ignore', 'ignore_ament_install']
[1.670s] Level 1:colcon.colcon_core.package_identification:_identify(src/serial_motor_demo) by extension 'ignore'
[1.670s] Level 1:colcon.colcon_core.package_identification:_identify(src/serial_motor_demo) by extension 'ignore_ament_install'
[1.670s] Level 1:colcon.colcon_core.package_identification:_identify(src/serial_motor_demo) by extensions ['colcon_pkg']
[1.670s] Level 1:colcon.colcon_core.package_identification:_identify(src/serial_motor_demo) by extension 'colcon_pkg'
[1.670s] Level 1:colcon.colcon_core.package_identification:_identify(src/serial_motor_demo) by extensions ['colcon_meta']
[1.670s] Level 1:colcon.colcon_core.package_identification:_identify(src/serial_motor_demo) by extension 'colcon_meta'
[1.671s] Level 1:colcon.colcon_core.package_identification:_identify(src/serial_motor_demo) by extensions ['ros']
[1.671s] Level 1:colcon.colcon_core.package_identification:_identify(src/serial_motor_demo) by extension 'ros'
[1.671s] Level 1:colcon.colcon_core.package_identification:_identify(src/serial_motor_demo) by extensions ['cmake', 'python']
[1.671s] Level 1:colcon.colcon_core.package_identification:_identify(src/serial_motor_demo) by extension 'cmake'
[1.671s] Level 1:colcon.colcon_core.package_identification:_identify(src/serial_motor_demo) by extension 'python'
[1.671s] Level 1:colcon.colcon_core.package_identification:_identify(src/serial_motor_demo) by extensions ['python_setup_py']
[1.672s] Level 1:colcon.colcon_core.package_identification:_identify(src/serial_motor_demo) by extension 'python_setup_py'
[1.672s] Level 1:colcon.colcon_core.package_identification:_identify(src/serial_motor_demo/serial_motor_demo) by extensions ['ignore', 'ignore_ament_install']
[1.672s] Level 1:colcon.colcon_core.package_identification:_identify(src/serial_motor_demo/serial_motor_demo) by extension 'ignore'
[1.673s] Level 1:colcon.colcon_core.package_identification:_identify(src/serial_motor_demo/serial_motor_demo) by extension 'ignore_ament_install'
[1.673s] Level 1:colcon.colcon_core.package_identification:_identify(src/serial_motor_demo/serial_motor_demo) by extensions ['colcon_pkg']
[1.673s] Level 1:colcon.colcon_core.package_identification:_identify(src/serial_motor_demo/serial_motor_demo) by extension 'colcon_pkg'
[1.673s] Level 1:colcon.colcon_core.package_identification:_identify(src/serial_motor_demo/serial_motor_demo) by extensions ['colcon_meta']
[1.673s] Level 1:colcon.colcon_core.package_identification:_identify(src/serial_motor_demo/serial_motor_demo) by extension 'colcon_meta'
[1.673s] Level 1:colcon.colcon_core.package_identification:_identify(src/serial_motor_demo/serial_motor_demo) by extensions ['ros']
[1.674s] Level 1:colcon.colcon_core.package_identification:_identify(src/serial_motor_demo/serial_motor_demo) by extension 'ros'
[1.676s] DEBUG:colcon.colcon_core.package_identification:Package 'src/serial_motor_demo/serial_motor_demo' with type 'ros.ament_python' and name 'serial_motor_demo'
[1.677s] Level 1:colcon.colcon_core.package_identification:_identify(src/serial_motor_demo/serial_motor_demo_msgs) by extensions ['ignore', 'ignore_ament_install']
[1.677s] Level 1:colcon.colcon_core.package_identification:_identify(src/serial_motor_demo/serial_motor_demo_msgs) by extension 'ignore'
[1.677s] Level 1:colcon.colcon_core.package_identification:_identify(src/serial_motor_demo/serial_motor_demo_msgs) by extension 'ignore_ament_install'
[1.678s] Level 1:colcon.colcon_core.package_identification:_identify(src/serial_motor_demo/serial_motor_demo_msgs) by extensions ['colcon_pkg']
[1.678s] Level 1:colcon.colcon_core.package_identification:_identify(src/serial_motor_demo/serial_motor_demo_msgs) by extension 'colcon_pkg'
[1.678s] Level 1:colcon.colcon_core.package_identification:_identify(src/serial_motor_demo/serial_motor_demo_msgs) by extensions ['colcon_meta']
[1.678s] Level 1:colcon.colcon_core.package_identification:_identify(src/serial_motor_demo/serial_motor_demo_msgs) by extension 'colcon_meta'
[1.678s] Level 1:colcon.colcon_core.package_identification:_identify(src/serial_motor_demo/serial_motor_demo_msgs) by extensions ['ros']
[1.678s] Level 1:colcon.colcon_core.package_identification:_identify(src/serial_motor_demo/serial_motor_demo_msgs) by extension 'ros'
[1.680s] DEBUG:colcon.colcon_core.package_identification:Package 'src/serial_motor_demo/serial_motor_demo_msgs' with type 'ros.ament_cmake' and name 'serial_motor_demo_msgs'
[1.680s] Level 1:colcon.colcon_core.package_discovery:discover_packages(recursive) using defaults
[1.681s] Level 1:colcon.colcon_core.package_discovery:discover_packages(ignore) discover
[1.681s] Level 1:colcon.colcon_core.package_discovery:discover_packages(ignore) using defaults
[1.681s] Level 1:colcon.colcon_core.package_discovery:discover_packages(path) discover
[1.681s] Level 1:colcon.colcon_core.package_discovery:discover_packages(path) using defaults
[1.776s] Level 1:colcon.colcon_core.package_discovery:discover_packages(prefix_path) check parameters
[1.776s] Level 1:colcon.colcon_core.package_discovery:discover_packages(prefix_path) discover
[1.790s] DEBUG:colcon.colcon_installed_package_information.package_discovery:Found 7 installed packages in /home/Isaac/ros2_ws/install
[1.804s] DEBUG:colcon.colcon_installed_package_information.package_discovery:Found 357 installed packages in /opt/ros/humble
[1.812s] Level 1:colcon.colcon_core.package_discovery:discover_packages(prefix_path) using defaults
[2.103s] Level 5:colcon.colcon_core.verb:set package 'autonomous_exploration' build argument 'cmake_args' from command line to 'None'
[2.104s] Level 5:colcon.colcon_core.verb:set package 'autonomous_exploration' build argument 'cmake_target' from command line to 'None'
[2.104s] Level 5:colcon.colcon_core.verb:set package 'autonomous_exploration' build argument 'cmake_target_skip_unavailable' from command line to 'False'
[2.104s] Level 5:colcon.colcon_core.verb:set package 'autonomous_exploration' build argument 'cmake_clean_cache' from command line to 'False'
[2.104s] Level 5:colcon.colcon_core.verb:set package 'autonomous_exploration' build argument 'cmake_clean_first' from command line to 'False'
[2.104s] Level 5:colcon.colcon_core.verb:set package 'autonomous_exploration' build argument 'cmake_force_configure' from command line to 'False'
[2.104s] Level 5:colcon.colcon_core.verb:set package 'autonomous_exploration' build argument 'ament_cmake_args' from command line to 'None'
[2.104s] Level 5:colcon.colcon_core.verb:set package 'autonomous_exploration' build argument 'catkin_cmake_args' from command line to 'None'
[2.105s] Level 5:colcon.colcon_core.verb:set package 'autonomous_exploration' build argument 'catkin_skip_building_tests' from command line to 'False'
[2.105s] DEBUG:colcon.colcon_core.verb:Building package 'autonomous_exploration' with the following arguments: {'ament_cmake_args': None, 'build_base': '/home/Isaac/ros2_ws/build/autonomous_exploration', 'catkin_cmake_args': None, 'catkin_skip_building_tests': False, 'cmake_args': None, 'cmake_clean_cache': False, 'cmake_clean_first': False, 'cmake_force_configure': False, 'cmake_target': None, 'cmake_target_skip_unavailable': False, 'install_base': '/home/Isaac/ros2_ws/install/autonomous_exploration', 'merge_install': False, 'path': '/home/Isaac/ros2_ws/src/autonomous_exploration', 'symlink_install': False, 'test_result_base': None}
[2.109s] Level 5:colcon.colcon_core.verb:set package 'diffdrive_arduino' build argument 'cmake_args' from command line to 'None'
[2.109s] Level 5:colcon.colcon_core.verb:set package 'diffdrive_arduino' build argument 'cmake_target' from command line to 'None'
[2.109s] Level 5:colcon.colcon_core.verb:set package 'diffdrive_arduino' build argument 'cmake_target_skip_unavailable' from command line to 'False'
[2.109s] Level 5:colcon.colcon_core.verb:set package 'diffdrive_arduino' build argument 'cmake_clean_cache' from command line to 'False'
[2.109s] Level 5:colcon.colcon_core.verb:set package 'diffdrive_arduino' build argument 'cmake_clean_first' from command line to 'False'
[2.109s] Level 5:colcon.colcon_core.verb:set package 'diffdrive_arduino' build argument 'cmake_force_configure' from command line to 'False'
[2.109s] Level 5:colcon.colcon_core.verb:set package 'diffdrive_arduino' build argument 'ament_cmake_args' from command line to 'None'
[2.109s] Level 5:colcon.colcon_core.verb:set package 'diffdrive_arduino' build argument 'catkin_cmake_args' from command line to 'None'
[2.110s] Level 5:colcon.colcon_core.verb:set package 'diffdrive_arduino' build argument 'catkin_skip_building_tests' from command line to 'False'
[2.110s] DEBUG:colcon.colcon_core.verb:Building package 'diffdrive_arduino' with the following arguments: {'ament_cmake_args': None, 'build_base': '/home/Isaac/ros2_ws/build/diffdrive_arduino', 'catkin_cmake_args': None, 'catkin_skip_building_tests': False, 'cmake_args': None, 'cmake_clean_cache': False, 'cmake_clean_first': False, 'cmake_force_configure': False, 'cmake_target': None, 'cmake_target_skip_unavailable': False, 'install_base': '/home/Isaac/ros2_ws/install/diffdrive_arduino', 'merge_install': False, 'path': '/home/Isaac/ros2_ws/src/diffdrive_arduino', 'symlink_install': False, 'test_result_base': None}
[2.114s] Level 5:colcon.colcon_core.verb:set package 'msgs' build argument 'cmake_args' from command line to 'None'
[2.114s] Level 5:colcon.colcon_core.verb:set package 'msgs' build argument 'cmake_target' from command line to 'None'
[2.114s] Level 5:colcon.colcon_core.verb:set package 'msgs' build argument 'cmake_target_skip_unavailable' from command line to 'False'
[2.114s] Level 5:colcon.colcon_core.verb:set package 'msgs' build argument 'cmake_clean_cache' from command line to 'False'
[2.114s] Level 5:colcon.colcon_core.verb:set package 'msgs' build argument 'cmake_clean_first' from command line to 'False'
[2.114s] Level 5:colcon.colcon_core.verb:set package 'msgs' build argument 'cmake_force_configure' from command line to 'False'
[2.115s] Level 5:colcon.colcon_core.verb:set package 'msgs' build argument 'ament_cmake_args' from command line to 'None'
[2.115s] Level 5:colcon.colcon_core.verb:set package 'msgs' build argument 'catkin_cmake_args' from command line to 'None'
[2.115s] Level 5:colcon.colcon_core.verb:set package 'msgs' build argument 'catkin_skip_building_tests' from command line to 'False'
[2.115s] DEBUG:colcon.colcon_core.verb:Building package 'msgs' with the following arguments: {'ament_cmake_args': None, 'build_base': '/home/Isaac/ros2_ws/build/msgs', 'catkin_cmake_args': None, 'catkin_skip_building_tests': False, 'cmake_args': None, 'cmake_clean_cache': False, 'cmake_clean_first': False, 'cmake_force_configure': False, 'cmake_target': None, 'cmake_target_skip_unavailable': False, 'install_base': '/home/Isaac/ros2_ws/install/msgs', 'merge_install': False, 'path': '/home/Isaac/ros2_ws/src/msgs', 'symlink_install': False, 'test_result_base': None}
[2.119s] Level 5:colcon.colcon_core.verb:set package 'sample_package' build argument 'cmake_args' from command line to 'None'
[2.119s] Level 5:colcon.colcon_core.verb:set package 'sample_package' build argument 'cmake_target' from command line to 'None'
[2.119s] Level 5:colcon.colcon_core.verb:set package 'sample_package' build argument 'cmake_target_skip_unavailable' from command line to 'False'
[2.119s] Level 5:colcon.colcon_core.verb:set package 'sample_package' build argument 'cmake_clean_cache' from command line to 'False'
[2.119s] Level 5:colcon.colcon_core.verb:set package 'sample_package' build argument 'cmake_clean_first' from command line to 'False'
[2.119s] Level 5:colcon.colcon_core.verb:set package 'sample_package' build argument 'cmake_force_configure' from command line to 'False'
[2.120s] Level 5:colcon.colcon_core.verb:set package 'sample_package' build argument 'ament_cmake_args' from command line to 'None'
[2.120s] Level 5:colcon.colcon_core.verb:set package 'sample_package' build argument 'catkin_cmake_args' from command line to 'None'
[2.120s] Level 5:colcon.colcon_core.verb:set package 'sample_package' build argument 'catkin_skip_building_tests' from command line to 'False'
[2.120s] DEBUG:colcon.colcon_core.verb:Building package 'sample_package' with the following arguments: {'ament_cmake_args': None, 'build_base': '/home/Isaac/ros2_ws/build/sample_package', 'catkin_cmake_args': None, 'catkin_skip_building_tests': False, 'cmake_args': None, 'cmake_clean_cache': False, 'cmake_clean_first': False, 'cmake_force_configure': False, 'cmake_target': None, 'cmake_target_skip_unavailable': False, 'install_base': '/home/Isaac/ros2_ws/install/sample_package', 'merge_install': False, 'path': '/home/Isaac/ros2_ws/src/sample_package', 'symlink_install': False, 'test_result_base': None}
[2.124s] Level 5:colcon.colcon_core.verb:set package 'serial' build argument 'cmake_args' from command line to 'None'
[2.124s] Level 5:colcon.colcon_core.verb:set package 'serial' build argument 'cmake_target' from command line to 'None'
[2.124s] Level 5:colcon.colcon_core.verb:set package 'serial' build argument 'cmake_target_skip_unavailable' from command line to 'False'
[2.124s] Level 5:colcon.colcon_core.verb:set package 'serial' build argument 'cmake_clean_cache' from command line to 'False'
[2.124s] Level 5:colcon.colcon_core.verb:set package 'serial' build argument 'cmake_clean_first' from command line to 'False'
[2.125s] Level 5:colcon.colcon_core.verb:set package 'serial' build argument 'cmake_force_configure' from command line to 'False'
[2.125s] Level 5:colcon.colcon_core.verb:set package 'serial' build argument 'ament_cmake_args' from command line to 'None'
[2.125s] Level 5:colcon.colcon_core.verb:set package 'serial' build argument 'catkin_cmake_args' from command line to 'None'
[2.125s] Level 5:colcon.colcon_core.verb:set package 'serial' build argument 'catkin_skip_building_tests' from command line to 'False'
[2.125s] DEBUG:colcon.colcon_core.verb:Building package 'serial' with the following arguments: {'ament_cmake_args': None, 'build_base': '/home/Isaac/ros2_ws/build/serial', 'catkin_cmake_args': None, 'catkin_skip_building_tests': False, 'cmake_args': None, 'cmake_clean_cache': False, 'cmake_clean_first': False, 'cmake_force_configure': False, 'cmake_target': None, 'cmake_target_skip_unavailable': False, 'install_base': '/home/Isaac/ros2_ws/install/serial', 'merge_install': False, 'path': '/home/Isaac/ros2_ws/src/serial', 'symlink_install': False, 'test_result_base': None}
[2.129s] Level 5:colcon.colcon_core.verb:set package 'serial_motor_demo_msgs' build argument 'cmake_args' from command line to 'None'
[2.129s] Level 5:colcon.colcon_core.verb:set package 'serial_motor_demo_msgs' build argument 'cmake_target' from command line to 'None'
[2.129s] Level 5:colcon.colcon_core.verb:set package 'serial_motor_demo_msgs' build argument 'cmake_target_skip_unavailable' from command line to 'False'
[2.129s] Level 5:colcon.colcon_core.verb:set package 'serial_motor_demo_msgs' build argument 'cmake_clean_cache' from command line to 'False'
[2.129s] Level 5:colcon.colcon_core.verb:set package 'serial_motor_demo_msgs' build argument 'cmake_clean_first' from command line to 'False'
[2.130s] Level 5:colcon.colcon_core.verb:set package 'serial_motor_demo_msgs' build argument 'cmake_force_configure' from command line to 'False'
[2.130s] Level 5:colcon.colcon_core.verb:set package 'serial_motor_demo_msgs' build argument 'ament_cmake_args' from command line to 'None'
[2.130s] Level 5:colcon.colcon_core.verb:set package 'serial_motor_demo_msgs' build argument 'catkin_cmake_args' from command line to 'None'
[2.130s] Level 5:colcon.colcon_core.verb:set package 'serial_motor_demo_msgs' build argument 'catkin_skip_building_tests' from command line to 'False'
[2.130s] DEBUG:colcon.colcon_core.verb:Building package 'serial_motor_demo_msgs' with the following arguments: {'ament_cmake_args': None, 'build_base': '/home/Isaac/ros2_ws/build/serial_motor_demo_msgs', 'catkin_cmake_args': None, 'catkin_skip_building_tests': False, 'cmake_args': None, 'cmake_clean_cache': False, 'cmake_clean_first': False, 'cmake_force_configure': False, 'cmake_target': None, 'cmake_target_skip_unavailable': False, 'install_base': '/home/Isaac/ros2_ws/install/serial_motor_demo_msgs', 'merge_install': False, 'path': '/home/Isaac/ros2_ws/src/serial_motor_demo/serial_motor_demo_msgs', 'symlink_install': False, 'test_result_base': None}
[2.134s] Level 5:colcon.colcon_core.verb:set package 'serial_motor_demo' build argument 'cmake_args' from command line to 'None'
[2.134s] Level 5:colcon.colcon_core.verb:set package 'serial_motor_demo' build argument 'cmake_target' from command line to 'None'
[2.134s] Level 5:colcon.colcon_core.verb:set package 'serial_motor_demo' build argument 'cmake_target_skip_unavailable' from command line to 'False'
[2.134s] Level 5:colcon.colcon_core.verb:set package 'serial_motor_demo' build argument 'cmake_clean_cache' from command line to 'False'
[2.134s] Level 5:colcon.colcon_core.verb:set package 'serial_motor_demo' build argument 'cmake_clean_first' from command line to 'False'
[2.135s] Level 5:colcon.colcon_core.verb:set package 'serial_motor_demo' build argument 'cmake_force_configure' from command line to 'False'
[2.135s] Level 5:colcon.colcon_core.verb:set package 'serial_motor_demo' build argument 'ament_cmake_args' from command line to 'None'
[2.135s] Level 5:colcon.colcon_core.verb:set package 'serial_motor_demo' build argument 'catkin_cmake_args' from command line to 'None'
[2.135s] Level 5:colcon.colcon_core.verb:set package 'serial_motor_demo' build argument 'catkin_skip_building_tests' from command line to 'False'
[2.135s] DEBUG:colcon.colcon_core.verb:Building package 'serial_motor_demo' with the following arguments: {'ament_cmake_args': None, 'build_base': '/home/Isaac/ros2_ws/build/serial_motor_demo', 'catkin_cmake_args': None, 'catkin_skip_building_tests': False, 'cmake_args': None, 'cmake_clean_cache': False, 'cmake_clean_first': False, 'cmake_force_configure': False, 'cmake_target': None, 'cmake_target_skip_unavailable': False, 'install_base': '/home/Isaac/ros2_ws/install/serial_motor_demo', 'merge_install': False, 'path': '/home/Isaac/ros2_ws/src/serial_motor_demo/serial_motor_demo', 'symlink_install': False, 'test_result_base': None}
[2.138s] INFO:colcon.colcon_core.executor:Executing jobs using 'parallel' executor
[2.150s] DEBUG:colcon.colcon_parallel_executor.executor.parallel:run_until_complete
[2.151s] INFO:colcon.colcon_ros.task.ament_cmake.build:Building ROS package in '/home/Isaac/ros2_ws/src/serial_motor_demo/serial_motor_demo_msgs' with build type 'ament_cmake'
[2.152s] INFO:colcon.colcon_cmake.task.cmake.build:Building CMake package in '/home/Isaac/ros2_ws/src/serial_motor_demo/serial_motor_demo_msgs'
[2.170s] INFO:colcon.colcon_core.plugin_system:Skipping extension 'colcon_core.shell.bat': Not used on non-Windows systems
[2.171s] INFO:colcon.colcon_core.shell:Skip shell extension 'powershell' for command environment: Not usable outside of PowerShell
[2.172s] DEBUG:colcon.colcon_core.shell:Skip shell extension 'dsv' for command environment
[2.199s] INFO:colcon.colcon_ros.task.ament_python.build:Building ROS package in '/home/Isaac/ros2_ws/src/autonomous_exploration' with build type 'ament_python'
[2.200s] Level 1:colcon.colcon_core.shell:create_environment_hook('autonomous_exploration', 'ament_prefix_path')
[2.205s] INFO:colcon.colcon_core.shell:Creating environment hook '/home/Isaac/ros2_ws/install/autonomous_exploration/share/autonomous_exploration/hook/ament_prefix_path.ps1'
[2.208s] INFO:colcon.colcon_core.shell:Creating environment descriptor '/home/Isaac/ros2_ws/install/autonomous_exploration/share/autonomous_exploration/hook/ament_prefix_path.dsv'
[2.210s] INFO:colcon.colcon_core.shell:Creating environment hook '/home/Isaac/ros2_ws/install/autonomous_exploration/share/autonomous_exploration/hook/ament_prefix_path.sh'
[2.218s] INFO:colcon.colcon_core.shell:Skip shell extension 'powershell' for command environment: Not usable outside of PowerShell
[2.218s] DEBUG:colcon.colcon_core.shell:Skip shell extension 'dsv' for command environment
[2.244s] INFO:colcon.colcon_ros.task.ament_cmake.build:Building ROS package in '/home/Isaac/ros2_ws/src/diffdrive_arduino' with build type 'ament_cmake'
[2.245s] INFO:colcon.colcon_cmake.task.cmake.build:Building CMake package in '/home/Isaac/ros2_ws/src/diffdrive_arduino'
[2.251s] INFO:colcon.colcon_core.shell:Skip shell extension 'powershell' for command environment: Not usable outside of PowerShell
[2.251s] DEBUG:colcon.colcon_core.shell:Skip shell extension 'dsv' for command environment
[2.279s] INFO:colcon.colcon_ros.task.ament_python.build:Building ROS package in '/home/Isaac/ros2_ws/src/msgs' with build type 'ament_python'
[2.280s] Level 1:colcon.colcon_core.shell:create_environment_hook('msgs', 'ament_prefix_path')
[2.285s] INFO:colcon.colcon_core.shell:Creating environment hook '/home/Isaac/ros2_ws/install/msgs/share/msgs/hook/ament_prefix_path.ps1'
[2.288s] INFO:colcon.colcon_core.shell:Creating environment descriptor '/home/Isaac/ros2_ws/install/msgs/share/msgs/hook/ament_prefix_path.dsv'
[2.290s] INFO:colcon.colcon_core.shell:Creating environment hook '/home/Isaac/ros2_ws/install/msgs/share/msgs/hook/ament_prefix_path.sh'
[2.297s] INFO:colcon.colcon_core.shell:Skip shell extension 'powershell' for command environment: Not usable outside of PowerShell
[2.297s] DEBUG:colcon.colcon_core.shell:Skip shell extension 'dsv' for command environment
[2.340s] DEBUG:colcon.colcon_core.event_handler.log_command:Invoking command in '/home/Isaac/ros2_ws/build/serial_motor_demo_msgs': CMAKE_PREFIX_PATH=${CMAKE_PREFIX_PATH}:/home/Isaac/ros2_ws/install/serial_motor_demo:/home/Isaac/ros2_ws/install/sample_package:/home/Isaac/ros2_ws/install/msgs:/home/Isaac/ros2_ws/install/autonomous_exploration:/opt/ros/humble /usr/bin/cmake --build /home/Isaac/ros2_ws/build/serial_motor_demo_msgs -- -j4 -l4
[3.989s] INFO:colcon.colcon_core.task.python.build:Building Python package in '/home/Isaac/ros2_ws/src/autonomous_exploration'
[3.994s] INFO:colcon.colcon_core.shell:Skip shell extension 'powershell' for command environment: Not usable outside of PowerShell
[3.995s] DEBUG:colcon.colcon_core.shell:Skip shell extension 'dsv' for command environment
[4.036s] DEBUG:colcon.colcon_core.event_handler.log_command:Invoking command in '/home/Isaac/ros2_ws/build/diffdrive_arduino': CMAKE_PREFIX_PATH=${CMAKE_PREFIX_PATH}:/home/Isaac/ros2_ws/install/serial_motor_demo:/home/Isaac/ros2_ws/install/sample_package:/home/Isaac/ros2_ws/install/msgs:/home/Isaac/ros2_ws/install/autonomous_exploration:/opt/ros/humble /usr/bin/cmake --build /home/Isaac/ros2_ws/build/diffdrive_arduino -- -j4 -l4
[5.358s] INFO:colcon.colcon_core.task.python.build:Building Python package in '/home/Isaac/ros2_ws/src/msgs'
[5.363s] INFO:colcon.colcon_core.shell:Skip shell extension 'powershell' for command environment: Not usable outside of PowerShell
[5.364s] DEBUG:colcon.colcon_core.shell:Skip shell extension 'dsv' for command environment
[5.406s] DEBUG:colcon.colcon_core.event_handler.log_command:Invoked command in '/home/Isaac/ros2_ws/build/diffdrive_arduino' returned '0': CMAKE_PREFIX_PATH=${CMAKE_PREFIX_PATH}:/home/Isaac/ros2_ws/install/serial_motor_demo:/home/Isaac/ros2_ws/install/sample_package:/home/Isaac/ros2_ws/install/msgs:/home/Isaac/ros2_ws/install/autonomous_exploration:/opt/ros/humble /usr/bin/cmake --build /home/Isaac/ros2_ws/build/diffdrive_arduino -- -j4 -l4
[5.412s] DEBUG:colcon.colcon_core.event_handler.log_command:Invoked command in '/home/Isaac/ros2_ws/build/serial_motor_demo_msgs' returned '0': CMAKE_PREFIX_PATH=${CMAKE_PREFIX_PATH}:/home/Isaac/ros2_ws/install/serial_motor_demo:/home/Isaac/ros2_ws/install/sample_package:/home/Isaac/ros2_ws/install/msgs:/home/Isaac/ros2_ws/install/autonomous_exploration:/opt/ros/humble /usr/bin/cmake --build /home/Isaac/ros2_ws/build/serial_motor_demo_msgs -- -j4 -l4
[5.627s] DEBUG:colcon.colcon_core.event_handler.log_command:Invoking command in '/home/Isaac/ros2_ws/build/diffdrive_arduino': CMAKE_PREFIX_PATH=${CMAKE_PREFIX_PATH}:/home/Isaac/ros2_ws/install/serial_motor_demo:/home/Isaac/ros2_ws/install/sample_package:/home/Isaac/ros2_ws/install/msgs:/home/Isaac/ros2_ws/install/autonomous_exploration:/opt/ros/humble /usr/bin/cmake --install /home/Isaac/ros2_ws/build/diffdrive_arduino
[5.717s] Level 1:colcon.colcon_core.environment:create_environment_scripts_only(diffdrive_arduino)
[5.741s] DEBUG:colcon.colcon_core.event_handler.log_command:Invoked command in '/home/Isaac/ros2_ws/build/diffdrive_arduino' returned '0': CMAKE_PREFIX_PATH=${CMAKE_PREFIX_PATH}:/home/Isaac/ros2_ws/install/serial_motor_demo:/home/Isaac/ros2_ws/install/sample_package:/home/Isaac/ros2_ws/install/msgs:/home/Isaac/ros2_ws/install/autonomous_exploration:/opt/ros/humble /usr/bin/cmake --install /home/Isaac/ros2_ws/build/diffdrive_arduino
[5.762s] Level 1:colcon.colcon_core.environment:checking '/home/Isaac/ros2_ws/install/diffdrive_arduino' for CMake module files
[5.765s] Level 1:colcon.colcon_core.environment:checking '/home/Isaac/ros2_ws/install/diffdrive_arduino' for CMake config files
[5.769s] Level 1:colcon.colcon_core.shell:create_environment_hook('diffdrive_arduino', 'cmake_prefix_path')
[5.777s] INFO:colcon.colcon_core.shell:Creating environment hook '/home/Isaac/ros2_ws/install/diffdrive_arduino/share/diffdrive_arduino/hook/cmake_prefix_path.ps1'
[5.780s] INFO:colcon.colcon_core.shell:Creating environment descriptor '/home/Isaac/ros2_ws/install/diffdrive_arduino/share/diffdrive_arduino/hook/cmake_prefix_path.dsv'
[5.782s] INFO:colcon.colcon_core.shell:Creating environment hook '/home/Isaac/ros2_ws/install/diffdrive_arduino/share/diffdrive_arduino/hook/cmake_prefix_path.sh'
[5.787s] Level 1:colcon.colcon_core.environment:checking '/home/Isaac/ros2_ws/install/diffdrive_arduino/lib'
[5.788s] Level 1:colcon.colcon_core.shell:create_environment_hook('diffdrive_arduino', 'ld_library_path_lib')
[5.796s] INFO:colcon.colcon_core.shell:Creating environment hook '/home/Isaac/ros2_ws/install/diffdrive_arduino/share/diffdrive_arduino/hook/ld_library_path_lib.ps1'
[5.799s] INFO:colcon.colcon_core.shell:Creating environment descriptor '/home/Isaac/ros2_ws/install/diffdrive_arduino/share/diffdrive_arduino/hook/ld_library_path_lib.dsv'
[5.801s] INFO:colcon.colcon_core.shell:Creating environment hook '/home/Isaac/ros2_ws/install/diffdrive_arduino/share/diffdrive_arduino/hook/ld_library_path_lib.sh'
[5.804s] Level 1:colcon.colcon_core.environment:checking '/home/Isaac/ros2_ws/install/diffdrive_arduino/bin'
[5.804s] Level 1:colcon.colcon_core.environment:checking '/home/Isaac/ros2_ws/install/diffdrive_arduino/lib/pkgconfig/diffdrive_arduino.pc'
[5.806s] Level 1:colcon.colcon_core.environment:checking '/home/Isaac/ros2_ws/install/diffdrive_arduino/lib/python3.10/site-packages'
[5.808s] Level 1:colcon.colcon_core.environment:checking '/home/Isaac/ros2_ws/install/diffdrive_arduino/bin'
[5.817s] INFO:colcon.colcon_core.shell:Creating package script '/home/Isaac/ros2_ws/install/diffdrive_arduino/share/diffdrive_arduino/package.ps1'
[5.821s] INFO:colcon.colcon_core.shell:Creating package descriptor '/home/Isaac/ros2_ws/install/diffdrive_arduino/share/diffdrive_arduino/package.dsv'
[5.824s] INFO:colcon.colcon_core.shell:Creating package script '/home/Isaac/ros2_ws/install/diffdrive_arduino/share/diffdrive_arduino/package.sh'
[5.828s] INFO:colcon.colcon_core.shell:Creating package script '/home/Isaac/ros2_ws/install/diffdrive_arduino/share/diffdrive_arduino/package.bash'
[5.833s] INFO:colcon.colcon_core.shell:Creating package script '/home/Isaac/ros2_ws/install/diffdrive_arduino/share/diffdrive_arduino/package.zsh'
[5.836s] Level 1:colcon.colcon_core.environment:create_file_with_runtime_dependencies(/home/Isaac/ros2_ws/install/diffdrive_arduino/share/colcon-core/packages/diffdrive_arduino)
[5.998s] Level 1:colcon.colcon_core.environment:create_environment_scripts_only(diffdrive_arduino)
[6.009s] Level 1:colcon.colcon_core.environment:checking '/home/Isaac/ros2_ws/install/diffdrive_arduino' for CMake module files
[6.013s] Level 1:colcon.colcon_core.environment:checking '/home/Isaac/ros2_ws/install/diffdrive_arduino' for CMake config files
[6.017s] Level 1:colcon.colcon_core.shell:create_environment_hook('diffdrive_arduino', 'cmake_prefix_path')
[6.023s] INFO:colcon.colcon_core.shell:Creating environment hook '/home/Isaac/ros2_ws/install/diffdrive_arduino/share/diffdrive_arduino/hook/cmake_prefix_path.ps1'
[6.026s] INFO:colcon.colcon_core.shell:Creating environment descriptor '/home/Isaac/ros2_ws/install/diffdrive_arduino/share/diffdrive_arduino/hook/cmake_prefix_path.dsv'
[6.028s] INFO:colcon.colcon_core.shell:Creating environment hook '/home/Isaac/ros2_ws/install/diffdrive_arduino/share/diffdrive_arduino/hook/cmake_prefix_path.sh'
[6.032s] Level 1:colcon.colcon_core.environment:checking '/home/Isaac/ros2_ws/install/diffdrive_arduino/lib'
[6.032s] Level 1:colcon.colcon_core.shell:create_environment_hook('diffdrive_arduino', 'ld_library_path_lib')
[6.038s] INFO:colcon.colcon_core.shell:Creating environment hook '/home/Isaac/ros2_ws/install/diffdrive_arduino/share/diffdrive_arduino/hook/ld_library_path_lib.ps1'
[6.041s] INFO:colcon.colcon_core.shell:Creating environment descriptor '/home/Isaac/ros2_ws/install/diffdrive_arduino/share/diffdrive_arduino/hook/ld_library_path_lib.dsv'
[6.043s] INFO:colcon.colcon_core.shell:Creating environment hook '/home/Isaac/ros2_ws/install/diffdrive_arduino/share/diffdrive_arduino/hook/ld_library_path_lib.sh'
[6.045s] Level 1:colcon.colcon_core.environment:checking '/home/Isaac/ros2_ws/install/diffdrive_arduino/bin'
[6.046s] Level 1:colcon.colcon_core.environment:checking '/home/Isaac/ros2_ws/install/diffdrive_arduino/lib/pkgconfig/diffdrive_arduino.pc'
[6.047s] Level 1:colcon.colcon_core.environment:checking '/home/Isaac/ros2_ws/install/diffdrive_arduino/lib/python3.10/site-packages'
[6.048s] Level 1:colcon.colcon_core.environment:checking '/home/Isaac/ros2_ws/install/diffdrive_arduino/bin'
[6.055s] INFO:colcon.colcon_core.shell:Creating package script '/home/Isaac/ros2_ws/install/diffdrive_arduino/share/diffdrive_arduino/package.ps1'
[6.058s] INFO:colcon.colcon_core.shell:Creating package descriptor '/home/Isaac/ros2_ws/install/diffdrive_arduino/share/diffdrive_arduino/package.dsv'
[6.061s] INFO:colcon.colcon_core.shell:Creating package script '/home/Isaac/ros2_ws/install/diffdrive_arduino/share/diffdrive_arduino/package.sh'
[6.064s] INFO:colcon.colcon_core.shell:Creating package script '/home/Isaac/ros2_ws/install/diffdrive_arduino/share/diffdrive_arduino/package.bash'
[6.066s] INFO:colcon.colcon_core.shell:Creating package script '/home/Isaac/ros2_ws/install/diffdrive_arduino/share/diffdrive_arduino/package.zsh'
[6.069s] Level 1:colcon.colcon_core.environment:create_file_with_runtime_dependencies(/home/Isaac/ros2_ws/install/diffdrive_arduino/share/colcon-core/packages/diffdrive_arduino)
[6.074s] INFO:colcon.colcon_ros.task.ament_python.build:Building ROS package in '/home/Isaac/ros2_ws/src/sample_package' with build type 'ament_python'
[6.075s] Level 1:colcon.colcon_core.shell:create_environment_hook('sample_package', 'ament_prefix_path')
[6.082s] INFO:colcon.colcon_core.shell:Creating environment hook '/home/Isaac/ros2_ws/install/sample_package/share/sample_package/hook/ament_prefix_path.ps1'
[6.084s] INFO:colcon.colcon_core.shell:Creating environment descriptor '/home/Isaac/ros2_ws/install/sample_package/share/sample_package/hook/ament_prefix_path.dsv'
[6.087s] INFO:colcon.colcon_core.shell:Creating environment hook '/home/Isaac/ros2_ws/install/sample_package/share/sample_package/hook/ament_prefix_path.sh'
[6.096s] INFO:colcon.colcon_core.shell:Skip shell extension 'powershell' for command environment: Not usable outside of PowerShell
[6.096s] DEBUG:colcon.colcon_core.shell:Skip shell extension 'dsv' for command environment
[6.143s] DEBUG:colcon.colcon_core.event_handler.log_command:Invoking command in '/home/Isaac/ros2_ws/build/serial_motor_demo_msgs': CMAKE_PREFIX_PATH=${CMAKE_PREFIX_PATH}:/home/Isaac/ros2_ws/install/serial_motor_demo:/home/Isaac/ros2_ws/install/sample_package:/home/Isaac/ros2_ws/install/msgs:/home/Isaac/ros2_ws/install/autonomous_exploration:/opt/ros/humble /usr/bin/cmake --install /home/Isaac/ros2_ws/build/serial_motor_demo_msgs
[7.992s] INFO:colcon.colcon_core.task.python.build:Building Python package in '/home/Isaac/ros2_ws/src/sample_package'
[7.997s] INFO:colcon.colcon_core.shell:Skip shell extension 'powershell' for command environment: Not usable outside of PowerShell
[7.997s] DEBUG:colcon.colcon_core.shell:Skip shell extension 'dsv' for command environment
[8.047s] DEBUG:colcon.colcon_core.event_handler.log_command:Invoking command in '/home/Isaac/ros2_ws/src/autonomous_exploration': PYTHONPATH=/home/Isaac/ros2_ws/build/autonomous_exploration/prefix_override:/home/Isaac/ros2_ws/install/autonomous_exploration/lib/python3.10/site-packages:${PYTHONPATH} /usr/bin/python3 setup.py egg_info --egg-base ../../build/autonomous_exploration build --build-base /home/Isaac/ros2_ws/build/autonomous_exploration/build install --record /home/Isaac/ros2_ws/build/autonomous_exploration/install.log --single-version-externally-managed
[8.052s] Level 1:colcon.colcon_core.environment:create_environment_scripts_only(serial_motor_demo_msgs)
[8.055s] DEBUG:colcon.colcon_core.event_handler.log_command:Invoking command in '/home/Isaac/ros2_ws/src/msgs': PYTHONPATH=/home/Isaac/ros2_ws/build/msgs/prefix_override:/home/Isaac/ros2_ws/install/msgs/lib/python3.10/site-packages:${PYTHONPATH} /usr/bin/python3 setup.py egg_info --egg-base ../../build/msgs build --build-base /home/Isaac/ros2_ws/build/msgs/build install --record /home/Isaac/ros2_ws/build/msgs/install.log --single-version-externally-managed
[8.064s] Level 1:colcon.colcon_core.environment:checking '/home/Isaac/ros2_ws/install/serial_motor_demo_msgs' for CMake module files
[8.066s] DEBUG:colcon.colcon_core.event_handler.log_command:Invoked command in '/home/Isaac/ros2_ws/build/serial_motor_demo_msgs' returned '0': CMAKE_PREFIX_PATH=${CMAKE_PREFIX_PATH}:/home/Isaac/ros2_ws/install/serial_motor_demo:/home/Isaac/ros2_ws/install/sample_package:/home/Isaac/ros2_ws/install/msgs:/home/Isaac/ros2_ws/install/autonomous_exploration:/opt/ros/humble /usr/bin/cmake --install /home/Isaac/ros2_ws/build/serial_motor_demo_msgs
[8.070s] Level 1:colcon.colcon_core.environment:checking '/home/Isaac/ros2_ws/install/serial_motor_demo_msgs' for CMake config files
[8.077s] Level 1:colcon.colcon_core.shell:create_environment_hook('serial_motor_demo_msgs', 'cmake_prefix_path')
[8.083s] INFO:colcon.colcon_core.shell:Creating environment hook '/home/Isaac/ros2_ws/install/serial_motor_demo_msgs/share/serial_motor_demo_msgs/hook/cmake_prefix_path.ps1'
[8.085s] INFO:colcon.colcon_core.shell:Creating environment descriptor '/home/Isaac/ros2_ws/install/serial_motor_demo_msgs/share/serial_motor_demo_msgs/hook/cmake_prefix_path.dsv'
[8.088s] INFO:colcon.colcon_core.shell:Creating environment hook '/home/Isaac/ros2_ws/install/serial_motor_demo_msgs/share/serial_motor_demo_msgs/hook/cmake_prefix_path.sh'
[8.091s] Level 1:colcon.colcon_core.environment:checking '/home/Isaac/ros2_ws/install/serial_motor_demo_msgs/lib'
[8.091s] Level 1:colcon.colcon_core.shell:create_environment_hook('serial_motor_demo_msgs', 'ld_library_path_lib')
[8.098s] INFO:colcon.colcon_core.shell:Creating environment hook '/home/Isaac/ros2_ws/install/serial_motor_demo_msgs/share/serial_motor_demo_msgs/hook/ld_library_path_lib.ps1'
[8.100s] INFO:colcon.colcon_core.shell:Creating environment descriptor '/home/Isaac/ros2_ws/install/serial_motor_demo_msgs/share/serial_motor_demo_msgs/hook/ld_library_path_lib.dsv'
[8.102s] INFO:colcon.colcon_core.shell:Creating environment hook '/home/Isaac/ros2_ws/install/serial_motor_demo_msgs/share/serial_motor_demo_msgs/hook/ld_library_path_lib.sh'
[8.105s] Level 1:colcon.colcon_core.environment:checking '/home/Isaac/ros2_ws/install/serial_motor_demo_msgs/bin'
[8.106s] Level 1:colcon.colcon_core.environment:checking '/home/Isaac/ros2_ws/install/serial_motor_demo_msgs/lib/pkgconfig/serial_motor_demo_msgs.pc'
[8.108s] Level 1:colcon.colcon_core.environment:checking '/home/Isaac/ros2_ws/install/serial_motor_demo_msgs/lib/python3.10/site-packages'
[8.109s] Level 1:colcon.colcon_core.environment:checking '/home/Isaac/ros2_ws/install/serial_motor_demo_msgs/bin'
[8.118s] INFO:colcon.colcon_core.shell:Creating package script '/home/Isaac/ros2_ws/install/serial_motor_demo_msgs/share/serial_motor_demo_msgs/package.ps1'
[8.122s] INFO:colcon.colcon_core.shell:Creating package descriptor '/home/Isaac/ros2_ws/install/serial_motor_demo_msgs/share/serial_motor_demo_msgs/package.dsv'
[8.124s] INFO:colcon.colcon_core.shell:Creating package script '/home/Isaac/ros2_ws/install/serial_motor_demo_msgs/share/serial_motor_demo_msgs/package.sh'
[8.127s] INFO:colcon.colcon_core.shell:Creating package script '/home/Isaac/ros2_ws/install/serial_motor_demo_msgs/share/serial_motor_demo_msgs/package.bash'
[8.129s] INFO:colcon.colcon_core.shell:Creating package script '/home/Isaac/ros2_ws/install/serial_motor_demo_msgs/share/serial_motor_demo_msgs/package.zsh'
[8.131s] Level 1:colcon.colcon_core.environment:create_file_with_runtime_dependencies(/home/Isaac/ros2_ws/install/serial_motor_demo_msgs/share/colcon-core/packages/serial_motor_demo_msgs)
[8.866s] Level 1:colcon.colcon_core.environment:create_environment_scripts_only(serial_motor_demo_msgs)
[8.877s] Level 1:colcon.colcon_core.environment:checking '/home/Isaac/ros2_ws/install/serial_motor_demo_msgs' for CMake module files
[8.882s] Level 1:colcon.colcon_core.environment:checking '/home/Isaac/ros2_ws/install/serial_motor_demo_msgs' for CMake config files
[8.890s] Level 1:colcon.colcon_core.shell:create_environment_hook('serial_motor_demo_msgs', 'cmake_prefix_path')
[8.897s] INFO:colcon.colcon_core.shell:Creating environment hook '/home/Isaac/ros2_ws/install/serial_motor_demo_msgs/share/serial_motor_demo_msgs/hook/cmake_prefix_path.ps1'
[8.899s] INFO:colcon.colcon_core.shell:Creating environment descriptor '/home/Isaac/ros2_ws/install/serial_motor_demo_msgs/share/serial_motor_demo_msgs/hook/cmake_prefix_path.dsv'
[8.902s] INFO:colcon.colcon_core.shell:Creating environment hook '/home/Isaac/ros2_ws/install/serial_motor_demo_msgs/share/serial_motor_demo_msgs/hook/cmake_prefix_path.sh'
[8.906s] Level 1:colcon.colcon_core.environment:checking '/home/Isaac/ros2_ws/install/serial_motor_demo_msgs/lib'
[8.907s] Level 1:colcon.colcon_core.shell:create_environment_hook('serial_motor_demo_msgs', 'ld_library_path_lib')
[8.913s] INFO:colcon.colcon_core.shell:Creating environment hook '/home/Isaac/ros2_ws/install/serial_motor_demo_msgs/share/serial_motor_demo_msgs/hook/ld_library_path_lib.ps1'
[8.916s] INFO:colcon.colcon_core.shell:Creating environment descriptor '/home/Isaac/ros2_ws/install/serial_motor_demo_msgs/share/serial_motor_demo_msgs/hook/ld_library_path_lib.dsv'
[8.918s] INFO:colcon.colcon_core.shell:Creating environment hook '/home/Isaac/ros2_ws/install/serial_motor_demo_msgs/share/serial_motor_demo_msgs/hook/ld_library_path_lib.sh'
[8.922s] Level 1:colcon.colcon_core.environment:checking '/home/Isaac/ros2_ws/install/serial_motor_demo_msgs/bin'
[8.923s] Level 1:colcon.colcon_core.environment:checking '/home/Isaac/ros2_ws/install/serial_motor_demo_msgs/lib/pkgconfig/serial_motor_demo_msgs.pc'
[8.924s] Level 1:colcon.colcon_core.environment:checking '/home/Isaac/ros2_ws/install/serial_motor_demo_msgs/lib/python3.10/site-packages'
[8.926s] Level 1:colcon.colcon_core.environment:checking '/home/Isaac/ros2_ws/install/serial_motor_demo_msgs/bin'
[8.933s] INFO:colcon.colcon_core.shell:Creating package script '/home/Isaac/ros2_ws/install/serial_motor_demo_msgs/share/serial_motor_demo_msgs/package.ps1'
[8.938s] INFO:colcon.colcon_core.shell:Creating package descriptor '/home/Isaac/ros2_ws/install/serial_motor_demo_msgs/share/serial_motor_demo_msgs/package.dsv'
[8.942s] INFO:colcon.colcon_core.shell:Creating package script '/home/Isaac/ros2_ws/install/serial_motor_demo_msgs/share/serial_motor_demo_msgs/package.sh'
[8.945s] INFO:colcon.colcon_core.shell:Creating package script '/home/Isaac/ros2_ws/install/serial_motor_demo_msgs/share/serial_motor_demo_msgs/package.bash'
[8.949s] INFO:colcon.colcon_core.shell:Creating package script '/home/Isaac/ros2_ws/install/serial_motor_demo_msgs/share/serial_motor_demo_msgs/package.zsh'
[8.952s] Level 1:colcon.colcon_core.environment:create_file_with_runtime_dependencies(/home/Isaac/ros2_ws/install/serial_motor_demo_msgs/share/colcon-core/packages/serial_motor_demo_msgs)
[8.959s] INFO:colcon.colcon_ros.task.ament_cmake.build:Building ROS package in '/home/Isaac/ros2_ws/src/serial' with build type 'ament_cmake'
[8.961s] INFO:colcon.colcon_cmake.task.cmake.build:Building CMake package in '/home/Isaac/ros2_ws/src/serial'
[8.968s] INFO:colcon.colcon_core.shell:Skip shell extension 'powershell' for command environment: Not usable outside of PowerShell
[8.968s] DEBUG:colcon.colcon_core.shell:Skip shell extension 'dsv' for command environment
[9.024s] DEBUG:colcon.colcon_core.event_handler.log_command:Invoking command in '/home/Isaac/ros2_ws/build/serial': CMAKE_PREFIX_PATH=${CMAKE_PREFIX_PATH}:/home/Isaac/ros2_ws/install/serial_motor_demo:/home/Isaac/ros2_ws/install/sample_package:/home/Isaac/ros2_ws/install/msgs:/home/Isaac/ros2_ws/install/autonomous_exploration:/opt/ros/humble /usr/bin/cmake --build /home/Isaac/ros2_ws/build/serial -- -j4 -l4
[9.813s] DEBUG:colcon.colcon_core.event_handler.log_command:Invoked command in '/home/Isaac/ros2_ws/build/serial' returned '0': CMAKE_PREFIX_PATH=${CMAKE_PREFIX_PATH}:/home/Isaac/ros2_ws/install/serial_motor_demo:/home/Isaac/ros2_ws/install/sample_package:/home/Isaac/ros2_ws/install/msgs:/home/Isaac/ros2_ws/install/autonomous_exploration:/opt/ros/humble /usr/bin/cmake --build /home/Isaac/ros2_ws/build/serial -- -j4 -l4
[10.170s] DEBUG:colcon.colcon_core.event_handler.log_command:Invoking command in '/home/Isaac/ros2_ws/build/serial': CMAKE_PREFIX_PATH=${CMAKE_PREFIX_PATH}:/home/Isaac/ros2_ws/install/serial_motor_demo:/home/Isaac/ros2_ws/install/sample_package:/home/Isaac/ros2_ws/install/msgs:/home/Isaac/ros2_ws/install/autonomous_exploration:/opt/ros/humble /usr/bin/cmake --install /home/Isaac/ros2_ws/build/serial
[10.194s] DEBUG:colcon.colcon_core.event_handler.log_command:Invoked command in '/home/Isaac/ros2_ws/src/msgs' returned '0': PYTHONPATH=/home/Isaac/ros2_ws/build/msgs/prefix_override:/home/Isaac/ros2_ws/install/msgs/lib/python3.10/site-packages:${PYTHONPATH} /usr/bin/python3 setup.py egg_info --egg-base ../../build/msgs build --build-base /home/Isaac/ros2_ws/build/msgs/build install --record /home/Isaac/ros2_ws/build/msgs/install.log --single-version-externally-managed
[10.204s] Level 1:colcon.colcon_core.environment:checking '/home/Isaac/ros2_ws/install/msgs' for CMake module files
[10.208s] Level 1:colcon.colcon_core.environment:checking '/home/Isaac/ros2_ws/install/msgs' for CMake config files
[10.214s] Level 1:colcon.colcon_core.environment:checking '/home/Isaac/ros2_ws/install/msgs/lib'
[10.216s] Level 1:colcon.colcon_core.environment:checking '/home/Isaac/ros2_ws/install/msgs/bin'
[10.217s] Level 1:colcon.colcon_core.environment:checking '/home/Isaac/ros2_ws/install/msgs/lib/pkgconfig/msgs.pc'
[10.219s] Level 1:colcon.colcon_core.environment:checking '/home/Isaac/ros2_ws/install/msgs/lib/python3.10/site-packages'
[10.219s] Level 1:colcon.colcon_core.shell:create_environment_hook('msgs', 'pythonpath')
[10.226s] INFO:colcon.colcon_core.shell:Creating environment hook '/home/Isaac/ros2_ws/install/msgs/share/msgs/hook/pythonpath.ps1'
[10.229s] INFO:colcon.colcon_core.shell:Creating environment descriptor '/home/Isaac/ros2_ws/install/msgs/share/msgs/hook/pythonpath.dsv'
[10.236s] INFO:colcon.colcon_core.shell:Creating environment hook '/home/Isaac/ros2_ws/install/msgs/share/msgs/hook/pythonpath.sh'
[10.247s] Level 1:colcon.colcon_core.environment:checking '/home/Isaac/ros2_ws/install/msgs/bin'
[10.248s] Level 1:colcon.colcon_core.environment:create_environment_scripts_only(msgs)
[10.254s] INFO:colcon.colcon_core.shell:Creating package script '/home/Isaac/ros2_ws/install/msgs/share/msgs/package.ps1'
[10.260s] INFO:colcon.colcon_core.shell:Creating package descriptor '/home/Isaac/ros2_ws/install/msgs/share/msgs/package.dsv'
[10.264s] INFO:colcon.colcon_core.shell:Creating package script '/home/Isaac/ros2_ws/install/msgs/share/msgs/package.sh'
[10.266s] INFO:colcon.colcon_core.shell:Creating package script '/home/Isaac/ros2_ws/install/msgs/share/msgs/package.bash'
[10.268s] INFO:colcon.colcon_core.shell:Creating package script '/home/Isaac/ros2_ws/install/msgs/share/msgs/package.zsh'
[10.270s] Level 1:colcon.colcon_core.environment:create_file_with_runtime_dependencies(/home/Isaac/ros2_ws/install/msgs/share/colcon-core/packages/msgs)
[10.273s] INFO:colcon.colcon_ros.task.ament_python.build:Building ROS package in '/home/Isaac/ros2_ws/src/serial_motor_demo/serial_motor_demo' with build type 'ament_python'
[10.274s] Level 1:colcon.colcon_core.shell:create_environment_hook('serial_motor_demo', 'ament_prefix_path')
[10.280s] INFO:colcon.colcon_core.shell:Creating environment hook '/home/Isaac/ros2_ws/install/serial_motor_demo/share/serial_motor_demo/hook/ament_prefix_path.ps1'
[10.282s] INFO:colcon.colcon_core.shell:Creating environment descriptor '/home/Isaac/ros2_ws/install/serial_motor_demo/share/serial_motor_demo/hook/ament_prefix_path.dsv'
[10.284s] INFO:colcon.colcon_core.shell:Creating environment hook '/home/Isaac/ros2_ws/install/serial_motor_demo/share/serial_motor_demo/hook/ament_prefix_path.sh'
[10.292s] INFO:colcon.colcon_core.shell:Skip shell extension 'powershell' for command environment: Not usable outside of PowerShell
[10.292s] DEBUG:colcon.colcon_core.shell:Skip shell extension 'dsv' for command environment
[10.330s] Level 1:colcon.colcon_core.environment:checking '/home/Isaac/ros2_ws/install/autonomous_exploration' for CMake module files
[10.331s] DEBUG:colcon.colcon_core.event_handler.log_command:Invoked command in '/home/Isaac/ros2_ws/src/autonomous_exploration' returned '0': PYTHONPATH=/home/Isaac/ros2_ws/build/autonomous_exploration/prefix_override:/home/Isaac/ros2_ws/install/autonomous_exploration/lib/python3.10/site-packages:${PYTHONPATH} /usr/bin/python3 setup.py egg_info --egg-base ../../build/autonomous_exploration build --build-base /home/Isaac/ros2_ws/build/autonomous_exploration/build install --record /home/Isaac/ros2_ws/build/autonomous_exploration/install.log --single-version-externally-managed
[10.333s] Level 1:colcon.colcon_core.environment:checking '/home/Isaac/ros2_ws/install/autonomous_exploration' for CMake config files
[10.337s] Level 1:colcon.colcon_core.environment:checking '/home/Isaac/ros2_ws/install/autonomous_exploration/lib'
[10.338s] Level 1:colcon.colcon_core.environment:checking '/home/Isaac/ros2_ws/install/autonomous_exploration/bin'
[10.338s] Level 1:colcon.colcon_core.environment:checking '/home/Isaac/ros2_ws/install/autonomous_exploration/lib/pkgconfig/autonomous_exploration.pc'
[10.339s] Level 1:colcon.colcon_core.environment:checking '/home/Isaac/ros2_ws/install/autonomous_exploration/lib/python3.10/site-packages'
[10.339s] Level 1:colcon.colcon_core.shell:create_environment_hook('autonomous_exploration', 'pythonpath')
[10.344s] INFO:colcon.colcon_core.shell:Creating environment hook '/home/Isaac/ros2_ws/install/autonomous_exploration/share/autonomous_exploration/hook/pythonpath.ps1'
[10.347s] INFO:colcon.colcon_core.shell:Creating environment descriptor '/home/Isaac/ros2_ws/install/autonomous_exploration/share/autonomous_exploration/hook/pythonpath.dsv'
[10.348s] INFO:colcon.colcon_core.shell:Creating environment hook '/home/Isaac/ros2_ws/install/autonomous_exploration/share/autonomous_exploration/hook/pythonpath.sh'
[10.351s] Level 1:colcon.colcon_core.environment:checking '/home/Isaac/ros2_ws/install/autonomous_exploration/bin'
[10.351s] Level 1:colcon.colcon_core.environment:create_environment_scripts_only(autonomous_exploration)
[10.357s] INFO:colcon.colcon_core.shell:Creating package script '/home/Isaac/ros2_ws/install/autonomous_exploration/share/autonomous_exploration/package.ps1'
[10.376s] INFO:colcon.colcon_core.shell:Creating package descriptor '/home/Isaac/ros2_ws/install/autonomous_exploration/share/autonomous_exploration/package.dsv'
[10.378s] INFO:colcon.colcon_core.shell:Creating package script '/home/Isaac/ros2_ws/install/autonomous_exploration/share/autonomous_exploration/package.sh'
[10.381s] INFO:colcon.colcon_core.shell:Creating package script '/home/Isaac/ros2_ws/install/autonomous_exploration/share/autonomous_exploration/package.bash'
[10.383s] INFO:colcon.colcon_core.shell:Creating package script '/home/Isaac/ros2_ws/install/autonomous_exploration/share/autonomous_exploration/package.zsh'
[10.385s] Level 1:colcon.colcon_core.environment:create_file_with_runtime_dependencies(/home/Isaac/ros2_ws/install/autonomous_exploration/share/colcon-core/packages/autonomous_exploration)
[10.387s] Level 1:colcon.colcon_core.environment:create_environment_scripts_only(serial)
[10.396s] Level 1:colcon.colcon_core.environment:checking '/home/Isaac/ros2_ws/install/serial' for CMake module files
[10.400s] DEBUG:colcon.colcon_core.event_handler.log_command:Invoked command in '/home/Isaac/ros2_ws/build/serial' returned '0': CMAKE_PREFIX_PATH=${CMAKE_PREFIX_PATH}:/home/Isaac/ros2_ws/install/serial_motor_demo:/home/Isaac/ros2_ws/install/sample_package:/home/Isaac/ros2_ws/install/msgs:/home/Isaac/ros2_ws/install/autonomous_exploration:/opt/ros/humble /usr/bin/cmake --install /home/Isaac/ros2_ws/build/serial
[10.402s] Level 1:colcon.colcon_core.environment:checking '/home/Isaac/ros2_ws/install/serial' for CMake config files
[10.404s] Level 1:colcon.colcon_core.shell:create_environment_hook('serial', 'cmake_prefix_path')
[10.410s] INFO:colcon.colcon_core.shell:Creating environment hook '/home/Isaac/ros2_ws/install/serial/share/serial/hook/cmake_prefix_path.ps1'
[10.412s] INFO:colcon.colcon_core.shell:Creating environment descriptor '/home/Isaac/ros2_ws/install/serial/share/serial/hook/cmake_prefix_path.dsv'
[10.414s] INFO:colcon.colcon_core.shell:Creating environment hook '/home/Isaac/ros2_ws/install/serial/share/serial/hook/cmake_prefix_path.sh'
[10.417s] Level 1:colcon.colcon_core.environment:checking '/home/Isaac/ros2_ws/install/serial/lib'
[10.417s] Level 1:colcon.colcon_core.environment:checking '/home/Isaac/ros2_ws/install/serial/bin'
[10.417s] Level 1:colcon.colcon_core.environment:checking '/home/Isaac/ros2_ws/install/serial/lib/pkgconfig/serial.pc'
[10.419s] Level 1:colcon.colcon_core.environment:checking '/home/Isaac/ros2_ws/install/serial/lib/python3.10/site-packages'
[10.420s] Level 1:colcon.colcon_core.environment:checking '/home/Isaac/ros2_ws/install/serial/bin'
[10.426s] INFO:colcon.colcon_core.shell:Creating package script '/home/Isaac/ros2_ws/install/serial/share/serial/package.ps1'
[10.428s] INFO:colcon.colcon_core.shell:Creating package descriptor '/home/Isaac/ros2_ws/install/serial/share/serial/package.dsv'
[10.430s] INFO:colcon.colcon_core.shell:Creating package script '/home/Isaac/ros2_ws/install/serial/share/serial/package.sh'
[10.432s] INFO:colcon.colcon_core.shell:Creating package script '/home/Isaac/ros2_ws/install/serial/share/serial/package.bash'
[10.434s] INFO:colcon.colcon_core.shell:Creating package script '/home/Isaac/ros2_ws/install/serial/share/serial/package.zsh'
[10.436s] Level 1:colcon.colcon_core.environment:create_file_with_runtime_dependencies(/home/Isaac/ros2_ws/install/serial/share/colcon-core/packages/serial)
[11.734s] INFO:colcon.colcon_core.task.python.build:Building Python package in '/home/Isaac/ros2_ws/src/serial_motor_demo/serial_motor_demo'
[11.739s] INFO:colcon.colcon_core.shell:Skip shell extension 'powershell' for command environment: Not usable outside of PowerShell
[11.740s] DEBUG:colcon.colcon_core.shell:Skip shell extension 'dsv' for command environment
[11.778s] Level 1:colcon.colcon_core.environment:create_environment_scripts_only(serial)
[11.787s] Level 1:colcon.colcon_core.environment:checking '/home/Isaac/ros2_ws/install/serial' for CMake module files
[11.790s] Level 1:colcon.colcon_core.environment:checking '/home/Isaac/ros2_ws/install/serial' for CMake config files
[11.792s] Level 1:colcon.colcon_core.shell:create_environment_hook('serial', 'cmake_prefix_path')
[11.797s] INFO:colcon.colcon_core.shell:Creating environment hook '/home/Isaac/ros2_ws/install/serial/share/serial/hook/cmake_prefix_path.ps1'
[11.799s] INFO:colcon.colcon_core.shell:Creating environment descriptor '/home/Isaac/ros2_ws/install/serial/share/serial/hook/cmake_prefix_path.dsv'
[11.800s] INFO:colcon.colcon_core.shell:Creating environment hook '/home/Isaac/ros2_ws/install/serial/share/serial/hook/cmake_prefix_path.sh'
[11.803s] Level 1:colcon.colcon_core.environment:checking '/home/Isaac/ros2_ws/install/serial/lib'
[11.803s] Level 1:colcon.colcon_core.environment:checking '/home/Isaac/ros2_ws/install/serial/bin'
[11.803s] Level 1:colcon.colcon_core.environment:checking '/home/Isaac/ros2_ws/install/serial/lib/pkgconfig/serial.pc'
[11.804s] Level 1:colcon.colcon_core.environment:checking '/home/Isaac/ros2_ws/install/serial/lib/python3.10/site-packages'
[11.805s] Level 1:colcon.colcon_core.environment:checking '/home/Isaac/ros2_ws/install/serial/bin'
[11.810s] INFO:colcon.colcon_core.shell:Creating package script '/home/Isaac/ros2_ws/install/serial/share/serial/package.ps1'
[11.812s] INFO:colcon.colcon_core.shell:Creating package descriptor '/home/Isaac/ros2_ws/install/serial/share/serial/package.dsv'
[11.814s] INFO:colcon.colcon_core.shell:Creating package script '/home/Isaac/ros2_ws/install/serial/share/serial/package.sh'
[11.816s] INFO:colcon.colcon_core.shell:Creating package script '/home/Isaac/ros2_ws/install/serial/share/serial/package.bash'
[11.818s] INFO:colcon.colcon_core.shell:Creating package script '/home/Isaac/ros2_ws/install/serial/share/serial/package.zsh'
[11.820s] Level 1:colcon.colcon_core.environment:create_file_with_runtime_dependencies(/home/Isaac/ros2_ws/install/serial/share/colcon-core/packages/serial)
[11.836s] DEBUG:colcon.colcon_core.event_handler.log_command:Invoking command in '/home/Isaac/ros2_ws/src/sample_package': PYTHONPATH=/home/Isaac/ros2_ws/build/sample_package/prefix_override:/home/Isaac/ros2_ws/install/sample_package/lib/python3.10/site-packages:${PYTHONPATH} /usr/bin/python3 setup.py egg_info --egg-base ../../build/sample_package build --build-base /home/Isaac/ros2_ws/build/sample_package/build install --record /home/Isaac/ros2_ws/build/sample_package/install.log --single-version-externally-managed
[13.382s] Level 1:colcon.colcon_core.environment:checking '/home/Isaac/ros2_ws/install/sample_package' for CMake module files
[13.383s] DEBUG:colcon.colcon_core.event_handler.log_command:Invoked command in '/home/Isaac/ros2_ws/src/sample_package' returned '0': PYTHONPATH=/home/Isaac/ros2_ws/build/sample_package/prefix_override:/home/Isaac/ros2_ws/install/sample_package/lib/python3.10/site-packages:${PYTHONPATH} /usr/bin/python3 setup.py egg_info --egg-base ../../build/sample_package build --build-base /home/Isaac/ros2_ws/build/sample_package/build install --record /home/Isaac/ros2_ws/build/sample_package/install.log --single-version-externally-managed
[13.385s] Level 1:colcon.colcon_core.environment:checking '/home/Isaac/ros2_ws/install/sample_package' for CMake config files
[13.389s] Level 1:colcon.colcon_core.environment:checking '/home/Isaac/ros2_ws/install/sample_package/lib'
[13.389s] Level 1:colcon.colcon_core.environment:checking '/home/Isaac/ros2_ws/install/sample_package/bin'
[13.389s] Level 1:colcon.colcon_core.environment:checking '/home/Isaac/ros2_ws/install/sample_package/lib/pkgconfig/sample_package.pc'
[13.390s] Level 1:colcon.colcon_core.environment:checking '/home/Isaac/ros2_ws/install/sample_package/lib/python3.10/site-packages'
[13.390s] Level 1:colcon.colcon_core.shell:create_environment_hook('sample_package', 'pythonpath')
[13.396s] INFO:colcon.colcon_core.shell:Creating environment hook '/home/Isaac/ros2_ws/install/sample_package/share/sample_package/hook/pythonpath.ps1'
[13.398s] INFO:colcon.colcon_core.shell:Creating environment descriptor '/home/Isaac/ros2_ws/install/sample_package/share/sample_package/hook/pythonpath.dsv'
[13.399s] INFO:colcon.colcon_core.shell:Creating environment hook '/home/Isaac/ros2_ws/install/sample_package/share/sample_package/hook/pythonpath.sh'
[13.402s] Level 1:colcon.colcon_core.environment:checking '/home/Isaac/ros2_ws/install/sample_package/bin'
[13.402s] Level 1:colcon.colcon_core.environment:create_environment_scripts_only(sample_package)
[13.408s] INFO:colcon.colcon_core.shell:Creating package script '/home/Isaac/ros2_ws/install/sample_package/share/sample_package/package.ps1'
[13.410s] INFO:colcon.colcon_core.shell:Creating package descriptor '/home/Isaac/ros2_ws/install/sample_package/share/sample_package/package.dsv'
[13.412s] INFO:colcon.colcon_core.shell:Creating package script '/home/Isaac/ros2_ws/install/sample_package/share/sample_package/package.sh'
[13.414s] INFO:colcon.colcon_core.shell:Creating package script '/home/Isaac/ros2_ws/install/sample_package/share/sample_package/package.bash'
[13.417s] INFO:colcon.colcon_core.shell:Creating package script '/home/Isaac/ros2_ws/install/sample_package/share/sample_package/package.zsh'
[13.418s] Level 1:colcon.colcon_core.environment:create_file_with_runtime_dependencies(/home/Isaac/ros2_ws/install/sample_package/share/colcon-core/packages/sample_package)
[13.707s] DEBUG:colcon.colcon_core.event_handler.log_command:Invoking command in '/home/Isaac/ros2_ws/src/serial_motor_demo/serial_motor_demo': PYTHONPATH=/home/Isaac/ros2_ws/build/serial_motor_demo/prefix_override:/home/Isaac/ros2_ws/install/serial_motor_demo/lib/python3.10/site-packages:${PYTHONPATH} /usr/bin/python3 setup.py egg_info --egg-base ../../../build/serial_motor_demo build --build-base /home/Isaac/ros2_ws/build/serial_motor_demo/build install --record /home/Isaac/ros2_ws/build/serial_motor_demo/install.log --install-scripts $base/lib/serial_motor_demo --single-version-externally-managed
[15.061s] Level 1:colcon.colcon_core.environment:checking '/home/Isaac/ros2_ws/install/serial_motor_demo' for CMake module files
[15.063s] DEBUG:colcon.colcon_core.event_handler.log_command:Invoked command in '/home/Isaac/ros2_ws/src/serial_motor_demo/serial_motor_demo' returned '0': PYTHONPATH=/home/Isaac/ros2_ws/build/serial_motor_demo/prefix_override:/home/Isaac/ros2_ws/install/serial_motor_demo/lib/python3.10/site-packages:${PYTHONPATH} /usr/bin/python3 setup.py egg_info --egg-base ../../../build/serial_motor_demo build --build-base /home/Isaac/ros2_ws/build/serial_motor_demo/build install --record /home/Isaac/ros2_ws/build/serial_motor_demo/install.log --install-scripts $base/lib/serial_motor_demo --single-version-externally-managed
[15.064s] Level 1:colcon.colcon_core.environment:checking '/home/Isaac/ros2_ws/install/serial_motor_demo' for CMake config files
[15.068s] Level 1:colcon.colcon_core.environment:checking '/home/Isaac/ros2_ws/install/serial_motor_demo/lib'
[15.068s] Level 1:colcon.colcon_core.environment:checking '/home/Isaac/ros2_ws/install/serial_motor_demo/bin'
[15.069s] Level 1:colcon.colcon_core.environment:checking '/home/Isaac/ros2_ws/install/serial_motor_demo/lib/pkgconfig/serial_motor_demo.pc'
[15.069s] Level 1:colcon.colcon_core.environment:checking '/home/Isaac/ros2_ws/install/serial_motor_demo/lib/python3.10/site-packages'
[15.070s] Level 1:colcon.colcon_core.shell:create_environment_hook('serial_motor_demo', 'pythonpath')
[15.075s] INFO:colcon.colcon_core.shell:Creating environment hook '/home/Isaac/ros2_ws/install/serial_motor_demo/share/serial_motor_demo/hook/pythonpath.ps1'
[15.078s] INFO:colcon.colcon_core.shell:Creating environment descriptor '/home/Isaac/ros2_ws/install/serial_motor_demo/share/serial_motor_demo/hook/pythonpath.dsv'
[15.079s] INFO:colcon.colcon_core.shell:Creating environment hook '/home/Isaac/ros2_ws/install/serial_motor_demo/share/serial_motor_demo/hook/pythonpath.sh'
[15.082s] Level 1:colcon.colcon_core.environment:checking '/home/Isaac/ros2_ws/install/serial_motor_demo/bin'
[15.082s] Level 1:colcon.colcon_core.environment:create_environment_scripts_only(serial_motor_demo)
[15.087s] INFO:colcon.colcon_core.shell:Creating package script '/home/Isaac/ros2_ws/install/serial_motor_demo/share/serial_motor_demo/package.ps1'
[15.090s] INFO:colcon.colcon_core.shell:Creating package descriptor '/home/Isaac/ros2_ws/install/serial_motor_demo/share/serial_motor_demo/package.dsv'
[15.092s] INFO:colcon.colcon_core.shell:Creating package script '/home/Isaac/ros2_ws/install/serial_motor_demo/share/serial_motor_demo/package.sh'
[15.093s] INFO:colcon.colcon_core.shell:Creating package script '/home/Isaac/ros2_ws/install/serial_motor_demo/share/serial_motor_demo/package.bash'
[15.095s] INFO:colcon.colcon_core.shell:Creating package script '/home/Isaac/ros2_ws/install/serial_motor_demo/share/serial_motor_demo/package.zsh'
[15.097s] Level 1:colcon.colcon_core.environment:create_file_with_runtime_dependencies(/home/Isaac/ros2_ws/install/serial_motor_demo/share/colcon-core/packages/serial_motor_demo)
[15.098s] DEBUG:colcon.colcon_parallel_executor.executor.parallel:closing loop
[15.099s] DEBUG:colcon.colcon_parallel_executor.executor.parallel:loop closed
[15.099s] DEBUG:colcon.colcon_parallel_executor.executor.parallel:run_until_complete finished with '0'
[15.100s] DEBUG:colcon.colcon_core.event_reactor:joining thread
[15.122s] INFO:colcon.colcon_core.plugin_system:Skipping extension 'colcon_notification.desktop_notification.notify_send': Could not find 'notify-send'
[15.122s] INFO:colcon.colcon_core.plugin_system:Skipping extension 'colcon_notification.desktop_notification.terminal_notifier': Not used on non-Darwin systems
[15.123s] INFO:colcon.colcon_core.plugin_system:Skipping extension 'colcon_notification.desktop_notification.win32': Not used on non-Windows systems
[15.123s] INFO:colcon.colcon_notification.desktop_notification:Sending desktop notification using 'notify2'
[15.126s] DEBUG:colcon.colcon_notification.desktop_notification.notify2:Failed to initialize notify2: org.freedesktop.DBus.Error.ServiceUnknown: The name org.freedesktop.Notifications was not provided by any .service files
[15.126s] DEBUG:colcon.colcon_core.event_reactor:joined thread
[15.132s] INFO:colcon.colcon_core.shell:Creating prefix script '/home/Isaac/ros2_ws/install/local_setup.ps1'
[15.135s] INFO:colcon.colcon_core.shell:Creating prefix util module '/home/Isaac/ros2_ws/install/_local_setup_util_ps1.py'
[15.141s] INFO:colcon.colcon_core.shell:Creating prefix chain script '/home/Isaac/ros2_ws/install/setup.ps1'
[15.148s] INFO:colcon.colcon_core.shell:Creating prefix script '/home/Isaac/ros2_ws/install/local_setup.sh'
[15.150s] INFO:colcon.colcon_core.shell:Creating prefix util module '/home/Isaac/ros2_ws/install/_local_setup_util_sh.py'
[15.153s] INFO:colcon.colcon_core.shell:Creating prefix chain script '/home/Isaac/ros2_ws/install/setup.sh'
[15.160s] INFO:colcon.colcon_core.shell:Creating prefix script '/home/Isaac/ros2_ws/install/local_setup.bash'
[15.162s] INFO:colcon.colcon_core.shell:Creating prefix chain script '/home/Isaac/ros2_ws/install/setup.bash'
[15.169s] INFO:colcon.colcon_core.shell:Creating prefix script '/home/Isaac/ros2_ws/install/local_setup.zsh'
[15.171s] INFO:colcon.colcon_core.shell:Creating prefix chain script '/home/Isaac/ros2_ws/install/setup.zsh'
