[32.140s] Invoking command in '/home/tony_stark/ros2_ws/src/autonomous_exploration': PYTHONPATH=/home/tony_stark/ros2_ws/build/autonomous_exploration/prefix_override:/home/tony_stark/ros2_ws/install/autonomous_exploration/lib/python3.10/site-packages:${PYTHONPATH} /usr/bin/python3 setup.py egg_info --egg-base ../../build/autonomous_exploration build --build-base /home/tony_stark/ros2_ws/build/autonomous_exploration/build install --record /home/tony_stark/ros2_ws/build/autonomous_exploration/install.log --single-version-externally-managed
[32.933s] running egg_info
[32.983s] writing ../../build/autonomous_exploration/autonomous_exploration.egg-info/PKG-INFO
[32.984s] writing dependency_links to ../../build/autonomous_exploration/autonomous_exploration.egg-info/dependency_links.txt
[32.986s] writing entry points to ../../build/autonomous_exploration/autonomous_exploration.egg-info/entry_points.txt
[32.987s] writing requirements to ../../build/autonomous_exploration/autonomous_exploration.egg-info/requires.txt
[32.988s] writing top-level names to ../../build/autonomous_exploration/autonomous_exploration.egg-info/top_level.txt
[33.136s] reading manifest file '../../build/autonomous_exploration/autonomous_exploration.egg-info/SOURCES.txt'
[33.155s] writing manifest file '../../build/autonomous_exploration/autonomous_exploration.egg-info/SOURCES.txt'
[33.156s] running build
[33.156s] running build_py
[33.188s] running install
[33.189s] /home/tony_stark/.local/lib/python3.10/site-packages/setuptools/_distutils/cmd.py:66: SetuptoolsDeprecationWarning: setup.py install is deprecated.
[33.190s] !!
[33.190s] 
[33.191s]         ********************************************************************************
[33.191s]         Please avoid running ``setup.py`` directly.
[33.191s]         Instead, use pypa/build, pypa/installer, pypa/build or
[33.192s]         other standards-based tools.
[33.192s] 
[33.193s]         See https://blog.ganssle.io/articles/2021/10/setup-py-deprecated.html for details.
[33.193s]         ********************************************************************************
[33.193s] 
[33.194s] !!
[33.194s]   self.initialize_options()
[33.212s] running install_lib
[33.269s] running install_data
[33.325s] running install_egg_info
[33.391s] removing '/home/tony_stark/ros2_ws/install/autonomous_exploration/lib/python3.10/site-packages/autonomous_exploration-0.0.0-py3.10.egg-info' (and everything under it)
[33.393s] Copying ../../build/autonomous_exploration/autonomous_exploration.egg-info to /home/tony_stark/ros2_ws/install/autonomous_exploration/lib/python3.10/site-packages/autonomous_exploration-0.0.0-py3.10.egg-info
[33.421s] running install_scripts
[34.236s] Installing control script to /home/tony_stark/ros2_ws/install/autonomous_exploration/lib/autonomous_exploration
[34.238s] writing list of installed files to '/home/tony_stark/ros2_ws/build/autonomous_exploration/install.log'
[34.394s] Invoked command in '/home/tony_stark/ros2_ws/src/autonomous_exploration' returned '0': PYTHONPATH=/home/tony_stark/ros2_ws/build/autonomous_exploration/prefix_override:/home/tony_stark/ros2_ws/install/autonomous_exploration/lib/python3.10/site-packages:${PYTHONPATH} /usr/bin/python3 setup.py egg_info --egg-base ../../build/autonomous_exploration build --build-base /home/tony_stark/ros2_ws/build/autonomous_exploration/build install --record /home/tony_stark/ros2_ws/build/autonomous_exploration/install.log --single-version-externally-managed
