[1.550s] Invoking command in '/home/tony_stark/ros2_ws/src/sample_package': PYTHONPATH=/home/tony_stark/ros2_ws/build/sample_package/prefix_override:/home/tony_stark/ros2_ws/install/sample_package/lib/python3.10/site-packages:${PYTHONPATH} /usr/bin/python3 setup.py egg_info --egg-base ../../build/sample_package build --build-base /home/tony_stark/ros2_ws/build/sample_package/build install --record /home/tony_stark/ros2_ws/build/sample_package/install.log --single-version-externally-managed
[2.121s] running egg_info
[2.123s] writing ../../build/sample_package/sample_package.egg-info/PKG-INFO
[2.123s] writing dependency_links to ../../build/sample_package/sample_package.egg-info/dependency_links.txt
[2.124s] writing entry points to ../../build/sample_package/sample_package.egg-info/entry_points.txt
[2.124s] writing requirements to ../../build/sample_package/sample_package.egg-info/requires.txt
[2.125s] writing top-level names to ../../build/sample_package/sample_package.egg-info/top_level.txt
[2.129s] reading manifest file '../../build/sample_package/sample_package.egg-info/SOURCES.txt'
[2.130s] writing manifest file '../../build/sample_package/sample_package.egg-info/SOURCES.txt'
[2.131s] running build
[2.131s] running build_py
[2.132s] running install
[2.133s] running install_lib
[2.138s] running install_data
[2.140s] running install_egg_info
[2.144s] removing '/home/tony_stark/ros2_ws/install/sample_package/lib/python3.10/site-packages/sample_package-0.0.0-py3.10.egg-info' (and everything under it)
[2.144s] Copying ../../build/sample_package/sample_package.egg-info to /home/tony_stark/ros2_ws/install/sample_package/lib/python3.10/site-packages/sample_package-0.0.0-py3.10.egg-info
[2.147s] running install_scripts
[2.187s] Installing process script to /home/tony_stark/ros2_ws/install/sample_package/lib/sample_package
[2.187s] Installing senpub script to /home/tony_stark/ros2_ws/install/sample_package/lib/sample_package
[2.188s] Installing talk script to /home/tony_stark/ros2_ws/install/sample_package/lib/sample_package
[2.189s] writing list of installed files to '/home/tony_stark/ros2_ws/build/sample_package/install.log'
[2.271s] Invoked command in '/home/tony_stark/ros2_ws/src/sample_package' returned '0': PYTHONPATH=/home/tony_stark/ros2_ws/build/sample_package/prefix_override:/home/tony_stark/ros2_ws/install/sample_package/lib/python3.10/site-packages:${PYTHONPATH} /usr/bin/python3 setup.py egg_info --egg-base ../../build/sample_package build --build-base /home/tony_stark/ros2_ws/build/sample_package/build install --record /home/tony_stark/ros2_ws/build/sample_package/install.log --single-version-externally-managed
