[5.609s] Invoking command in '/home/Isaac/ros2_ws/src/sample_package': PYTHONPATH=/home/Isaac/ros2_ws/build/sample_package/prefix_override:/home/Isaac/ros2_ws/install/sample_package/lib/python3.10/site-packages:${PYTHONPATH} /usr/bin/python3 setup.py egg_info --egg-base ../../build/sample_package build --build-base /home/Isaac/ros2_ws/build/sample_package/build install --record /home/Isaac/ros2_ws/build/sample_package/install.log --single-version-externally-managed
[6.912s] running egg_info
[6.915s] writing ../../build/sample_package/sample_package.egg-info/PKG-INFO
[6.916s] writing dependency_links to ../../build/sample_package/sample_package.egg-info/dependency_links.txt
[6.917s] writing entry points to ../../build/sample_package/sample_package.egg-info/entry_points.txt
[6.918s] writing requirements to ../../build/sample_package/sample_package.egg-info/requires.txt
[6.919s] writing top-level names to ../../build/sample_package/sample_package.egg-info/top_level.txt
[6.928s] reading manifest file '../../build/sample_package/sample_package.egg-info/SOURCES.txt'
[6.932s] writing manifest file '../../build/sample_package/sample_package.egg-info/SOURCES.txt'
[6.933s] running build
[6.934s] running build_py
[6.937s] running install
[6.937s] /usr/lib/python3/dist-packages/setuptools/command/install.py:34: SetuptoolsDeprecationWarning: setup.py install is deprecated. Use build and pip and other standards-based tools.
[6.938s]   warnings.warn(
[6.938s] running install_lib
[6.946s] running install_data
[6.948s] running install_egg_info
[6.956s] removing '/home/Isaac/ros2_ws/install/sample_package/lib/python3.10/site-packages/sample_package-0.0.0-py3.10.egg-info' (and everything under it)
[6.958s] Copying ../../build/sample_package/sample_package.egg-info to /home/Isaac/ros2_ws/install/sample_package/lib/python3.10/site-packages/sample_package-0.0.0-py3.10.egg-info
[6.964s] running install_scripts
[7.056s] Installing fan_sub script to /home/Isaac/ros2_ws/install/sample_package/lib/sample_package
[7.057s] Installing process script to /home/Isaac/ros2_ws/install/sample_package/lib/sample_package
[7.058s] Installing senpub script to /home/Isaac/ros2_ws/install/sample_package/lib/sample_package
[7.059s] Installing talk script to /home/Isaac/ros2_ws/install/sample_package/lib/sample_package
[7.061s] writing list of installed files to '/home/Isaac/ros2_ws/build/sample_package/install.log'
[7.201s] Invoked command in '/home/Isaac/ros2_ws/src/sample_package' returned '0': PYTHONPATH=/home/Isaac/ros2_ws/build/sample_package/prefix_override:/home/Isaac/ros2_ws/install/sample_package/lib/python3.10/site-packages:${PYTHONPATH} /usr/bin/python3 setup.py egg_info --egg-base ../../build/sample_package build --build-base /home/Isaac/ros2_ws/build/sample_package/build install --record /home/Isaac/ros2_ws/build/sample_package/install.log --single-version-externally-managed
