[1.440s] DEBUG:colcon:Command line arguments: ['/usr/bin/colcon', 'build']
[1.440s] DEBUG:colcon:Parsed command line arguments: Namespace(log_base=None, log_level=None, verb_name='build', build_base='build', install_base='install', merge_install=False, symlink_install=False, test_result_base=None, continue_on_error=False, executor='parallel', parallel_workers=4, event_handlers=None, ignore_user_meta=False, metas=['./colcon.meta'], base_paths=['.'], packages_ignore=None, packages_ignore_regex=None, paths=None, packages_up_to=None, packages_up_to_regex=None, packages_above=None, packages_above_and_dependencies=None, packages_above_depth=None, packages_select_by_dep=None, packages_skip_by_dep=None, packages_skip_up_to=None, packages_select_build_failed=False, packages_skip_build_finished=False, packages_select_test_failures=False, packages_skip_test_passed=False, packages_select=None, packages_skip=None, packages_select_regex=None, packages_skip_regex=None, packages_start=None, packages_end=None, allow_overriding=[], cmake_args=None, cmake_target=None, cmake_target_skip_unavailable=False, cmake_clean_cache=False, cmake_clean_first=False, cmake_force_configure=False, ament_cmake_args=None, catkin_cmake_args=None, catkin_skip_building_tests=False, verb_parser=<colcon_defaults.argument_parser.defaults.DefaultArgumentsDecorator object at 0xffffa2a4ea10>, verb_extension=<colcon_core.verb.build.BuildVerb object at 0xffffa32c8190>, main=<bound method BuildVerb.main of <colcon_core.verb.build.BuildVerb object at 0xffffa32c8190>>)
[1.574s] Level 1:colcon.colcon_core.package_discovery:discover_packages(colcon_meta) check parameters
[1.574s] Level 1:colcon.colcon_core.package_discovery:discover_packages(recursive) check parameters
[1.574s] Level 1:colcon.colcon_core.package_discovery:discover_packages(ignore) check parameters
[1.574s] Level 1:colcon.colcon_core.package_discovery:discover_packages(path) check parameters
[1.574s] Level 1:colcon.colcon_core.package_discovery:discover_packages(colcon_meta) discover
[1.575s] Level 1:colcon.colcon_core.package_discovery:discover_packages(recursive) discover
[1.575s] INFO:colcon.colcon_core.package_discovery:Crawling recursively for packages in '/home/Isaac/ros2_ws'
[1.575s] Level 1:colcon.colcon_core.package_identification:_identify(.) by extensions ['ignore', 'ignore_ament_install']
[1.576s] Level 1:colcon.colcon_core.package_identification:_identify(.) by extension 'ignore'
[1.576s] Level 1:colcon.colcon_core.package_identification:_identify(.) by extension 'ignore_ament_install'
[1.576s] Level 1:colcon.colcon_core.package_identification:_identify(.) by extensions ['colcon_pkg']
[1.576s] Level 1:colcon.colcon_core.package_identification:_identify(.) by extension 'colcon_pkg'
[1.576s] Level 1:colcon.colcon_core.package_identification:_identify(.) by extensions ['colcon_meta']
[1.576s] Level 1:colcon.colcon_core.package_identification:_identify(.) by extension 'colcon_meta'
[1.577s] Level 1:colcon.colcon_core.package_identification:_identify(.) by extensions ['ros']
[1.577s] Level 1:colcon.colcon_core.package_identification:_identify(.) by extension 'ros'
[1.624s] Level 1:colcon.colcon_core.package_identification:_identify(.) by extensions ['cmake', 'python']
[1.624s] Level 1:colcon.colcon_core.package_identification:_identify(.) by extension 'cmake'
[1.624s] Level 1:colcon.colcon_core.package_identification:_identify(.) by extension 'python'
[1.624s] Level 1:colcon.colcon_core.package_identification:_identify(.) by extensions ['python_setup_py']
[1.625s] Level 1:colcon.colcon_core.package_identification:_identify(.) by extension 'python_setup_py'
[1.625s] Level 1:colcon.colcon_core.package_identification:_identify(build) by extensions ['ignore', 'ignore_ament_install']
[1.626s] Level 1:colcon.colcon_core.package_identification:_identify(build) by extension 'ignore'
[1.626s] Level 1:colcon.colcon_core.package_identification:_identify(build) ignored
[1.626s] Level 1:colcon.colcon_core.package_identification:_identify(install) by extensions ['ignore', 'ignore_ament_install']
[1.627s] Level 1:colcon.colcon_core.package_identification:_identify(install) by extension 'ignore'
[1.627s] Level 1:colcon.colcon_core.package_identification:_identify(install) ignored
[1.636s] Level 1:colcon.colcon_core.package_identification:_identify(log) by extensions ['ignore', 'ignore_ament_install']
[1.636s] Level 1:colcon.colcon_core.package_identification:_identify(log) by extension 'ignore'
[1.636s] Level 1:colcon.colcon_core.package_identification:_identify(log) ignored
[1.637s] Level 1:colcon.colcon_core.package_identification:_identify(maps) by extensions ['ignore', 'ignore_ament_install']
[1.637s] Level 1:colcon.colcon_core.package_identification:_identify(maps) by extension 'ignore'
[1.637s] Level 1:colcon.colcon_core.package_identification:_identify(maps) by extension 'ignore_ament_install'
[1.637s] Level 1:colcon.colcon_core.package_identification:_identify(maps) by extensions ['colcon_pkg']
[1.637s] Level 1:colcon.colcon_core.package_identification:_identify(maps) by extension 'colcon_pkg'
[1.638s] Level 1:colcon.colcon_core.package_identification:_identify(maps) by extensions ['colcon_meta']
[1.638s] Level 1:colcon.colcon_core.package_identification:_identify(maps) by extension 'colcon_meta'
[1.638s] Level 1:colcon.colcon_core.package_identification:_identify(maps) by extensions ['ros']
[1.638s] Level 1:colcon.colcon_core.package_identification:_identify(maps) by extension 'ros'
[1.638s] Level 1:colcon.colcon_core.package_identification:_identify(maps) by extensions ['cmake', 'python']
[1.638s] Level 1:colcon.colcon_core.package_identification:_identify(maps) by extension 'cmake'
[1.639s] Level 1:colcon.colcon_core.package_identification:_identify(maps) by extension 'python'
[1.639s] Level 1:colcon.colcon_core.package_identification:_identify(maps) by extensions ['python_setup_py']
[1.639s] Level 1:colcon.colcon_core.package_identification:_identify(maps) by extension 'python_setup_py'
[1.639s] Level 1:colcon.colcon_core.package_identification:_identify(models) by extensions ['ignore', 'ignore_ament_install']
[1.640s] Level 1:colcon.colcon_core.package_identification:_identify(models) by extension 'ignore'
[1.640s] Level 1:colcon.colcon_core.package_identification:_identify(models) by extension 'ignore_ament_install'
[1.640s] Level 1:colcon.colcon_core.package_identification:_identify(models) by extensions ['colcon_pkg']
[1.640s] Level 1:colcon.colcon_core.package_identification:_identify(models) by extension 'colcon_pkg'
[1.640s] Level 1:colcon.colcon_core.package_identification:_identify(models) by extensions ['colcon_meta']
[1.640s] Level 1:colcon.colcon_core.package_identification:_identify(models) by extension 'colcon_meta'
[1.640s] Level 1:colcon.colcon_core.package_identification:_identify(models) by extensions ['ros']
[1.641s] Level 1:colcon.colcon_core.package_identification:_identify(models) by extension 'ros'
[1.641s] Level 1:colcon.colcon_core.package_identification:_identify(models) by extensions ['cmake', 'python']
[1.641s] Level 1:colcon.colcon_core.package_identification:_identify(models) by extension 'cmake'
[1.641s] Level 1:colcon.colcon_core.package_identification:_identify(models) by extension 'python'
[1.641s] Level 1:colcon.colcon_core.package_identification:_identify(models) by extensions ['python_setup_py']
[1.641s] Level 1:colcon.colcon_core.package_identification:_identify(models) by extension 'python_setup_py'
[1.642s] Level 1:colcon.colcon_core.package_identification:_identify(src) by extensions ['ignore', 'ignore_ament_install']
[1.642s] Level 1:colcon.colcon_core.package_identification:_identify(src) by extension 'ignore'
[1.642s] Level 1:colcon.colcon_core.package_identification:_identify(src) by extension 'ignore_ament_install'
[1.642s] Level 1:colcon.colcon_core.package_identification:_identify(src) by extensions ['colcon_pkg']
[1.643s] Level 1:colcon.colcon_core.package_identification:_identify(src) by extension 'colcon_pkg'
[1.643s] Level 1:colcon.colcon_core.package_identification:_identify(src) by extensions ['colcon_meta']
[1.643s] Level 1:colcon.colcon_core.package_identification:_identify(src) by extension 'colcon_meta'
[1.643s] Level 1:colcon.colcon_core.package_identification:_identify(src) by extensions ['ros']
[1.643s] Level 1:colcon.colcon_core.package_identification:_identify(src) by extension 'ros'
[1.643s] Level 1:colcon.colcon_core.package_identification:_identify(src) by extensions ['cmake', 'python']
[1.644s] Level 1:colcon.colcon_core.package_identification:_identify(src) by extension 'cmake'
[1.644s] Level 1:colcon.colcon_core.package_identification:_identify(src) by extension 'python'
[1.644s] Level 1:colcon.colcon_core.package_identification:_identify(src) by extensions ['python_setup_py']
[1.644s] Level 1:colcon.colcon_core.package_identification:_identify(src) by extension 'python_setup_py'
[1.644s] Level 1:colcon.colcon_core.package_identification:_identify(src/autonomous_exploration) by extensions ['ignore', 'ignore_ament_install']
[1.645s] Level 1:colcon.colcon_core.package_identification:_identify(src/autonomous_exploration) by extension 'ignore'
[1.645s] Level 1:colcon.colcon_core.package_identification:_identify(src/autonomous_exploration) by extension 'ignore_ament_install'
[1.645s] Level 1:colcon.colcon_core.package_identification:_identify(src/autonomous_exploration) by extensions ['colcon_pkg']
[1.645s] Level 1:colcon.colcon_core.package_identification:_identify(src/autonomous_exploration) by extension 'colcon_pkg'
[1.645s] Level 1:colcon.colcon_core.package_identification:_identify(src/autonomous_exploration) by extensions ['colcon_meta']
[1.645s] Level 1:colcon.colcon_core.package_identification:_identify(src/autonomous_exploration) by extension 'colcon_meta'
[1.646s] Level 1:colcon.colcon_core.package_identification:_identify(src/autonomous_exploration) by extensions ['ros']
[1.646s] Level 1:colcon.colcon_core.package_identification:_identify(src/autonomous_exploration) by extension 'ros'
[1.653s] DEBUG:colcon.colcon_core.package_identification:Package 'src/autonomous_exploration' with type 'ros.ament_python' and name 'autonomous_exploration'
[1.654s] Level 1:colcon.colcon_core.package_identification:_identify(src/diffdrive_arduino) by extensions ['ignore', 'ignore_ament_install']
[1.654s] Level 1:colcon.colcon_core.package_identification:_identify(src/diffdrive_arduino) by extension 'ignore'
[1.655s] Level 1:colcon.colcon_core.package_identification:_identify(src/diffdrive_arduino) by extension 'ignore_ament_install'
[1.655s] Level 1:colcon.colcon_core.package_identification:_identify(src/diffdrive_arduino) by extensions ['colcon_pkg']
[1.655s] Level 1:colcon.colcon_core.package_identification:_identify(src/diffdrive_arduino) by extension 'colcon_pkg'
[1.655s] Level 1:colcon.colcon_core.package_identification:_identify(src/diffdrive_arduino) by extensions ['colcon_meta']
[1.655s] Level 1:colcon.colcon_core.package_identification:_identify(src/diffdrive_arduino) by extension 'colcon_meta'
[1.655s] Level 1:colcon.colcon_core.package_identification:_identify(src/diffdrive_arduino) by extensions ['ros']
[1.656s] Level 1:colcon.colcon_core.package_identification:_identify(src/diffdrive_arduino) by extension 'ros'
[1.660s] DEBUG:colcon.colcon_core.package_identification:Package 'src/diffdrive_arduino' with type 'ros.ament_cmake' and name 'diffdrive_arduino'
[1.660s] Level 1:colcon.colcon_core.package_identification:_identify(src/msgs) by extensions ['ignore', 'ignore_ament_install']
[1.661s] Level 1:colcon.colcon_core.package_identification:_identify(src/msgs) by extension 'ignore'
[1.661s] Level 1:colcon.colcon_core.package_identification:_identify(src/msgs) by extension 'ignore_ament_install'
[1.661s] Level 1:colcon.colcon_core.package_identification:_identify(src/msgs) by extensions ['colcon_pkg']
[1.661s] Level 1:colcon.colcon_core.package_identification:_identify(src/msgs) by extension 'colcon_pkg'
[1.661s] Level 1:colcon.colcon_core.package_identification:_identify(src/msgs) by extensions ['colcon_meta']
[1.662s] Level 1:colcon.colcon_core.package_identification:_identify(src/msgs) by extension 'colcon_meta'
[1.662s] Level 1:colcon.colcon_core.package_identification:_identify(src/msgs) by extensions ['ros']
[1.662s] Level 1:colcon.colcon_core.package_identification:_identify(src/msgs) by extension 'ros'
[1.665s] DEBUG:colcon.colcon_core.package_identification:Package 'src/msgs' with type 'ros.ament_python' and name 'msgs'
[1.665s] Level 1:colcon.colcon_core.package_identification:_identify(src/sample_package) by extensions ['ignore', 'ignore_ament_install']
[1.666s] Level 1:colcon.colcon_core.package_identification:_identify(src/sample_package) by extension 'ignore'
[1.666s] Level 1:colcon.colcon_core.package_identification:_identify(src/sample_package) by extension 'ignore_ament_install'
[1.666s] Level 1:colcon.colcon_core.package_identification:_identify(src/sample_package) by extensions ['colcon_pkg']
[1.666s] Level 1:colcon.colcon_core.package_identification:_identify(src/sample_package) by extension 'colcon_pkg'
[1.666s] Level 1:colcon.colcon_core.package_identification:_identify(src/sample_package) by extensions ['colcon_meta']
[1.666s] Level 1:colcon.colcon_core.package_identification:_identify(src/sample_package) by extension 'colcon_meta'
[1.667s] Level 1:colcon.colcon_core.package_identification:_identify(src/sample_package) by extensions ['ros']
[1.667s] Level 1:colcon.colcon_core.package_identification:_identify(src/sample_package) by extension 'ros'
[1.669s] DEBUG:colcon.colcon_core.package_identification:Package 'src/sample_package' with type 'ros.ament_python' and name 'sample_package'
[1.669s] Level 1:colcon.colcon_core.package_identification:_identify(src/serial) by extensions ['ignore', 'ignore_ament_install']
[1.670s] Level 1:colcon.colcon_core.package_identification:_identify(src/serial) by extension 'ignore'
[1.670s] Level 1:colcon.colcon_core.package_identification:_identify(src/serial) by extension 'ignore_ament_install'
[1.670s] Level 1:colcon.colcon_core.package_identification:_identify(src/serial) by extensions ['colcon_pkg']
[1.670s] Level 1:colcon.colcon_core.package_identification:_identify(src/serial) by extension 'colcon_pkg'
[1.671s] Level 1:colcon.colcon_core.package_identification:_identify(src/serial) by extensions ['colcon_meta']
[1.671s] Level 1:colcon.colcon_core.package_identification:_identify(src/serial) by extension 'colcon_meta'
[1.671s] Level 1:colcon.colcon_core.package_identification:_identify(src/serial) by extensions ['ros']
[1.671s] Level 1:colcon.colcon_core.package_identification:_identify(src/serial) by extension 'ros'
[1.673s] DEBUG:colcon.colcon_core.package_identification:Package 'src/serial' with type 'ros.ament_cmake' and name 'serial'
[1.674s] Level 1:colcon.colcon_core.package_identification:_identify(src/serial_motor_demo) by extensions ['ignore', 'ignore_ament_install']
[1.674s] Level 1:colcon.colcon_core.package_identification:_identify(src/serial_motor_demo) by extension 'ignore'
[1.674s] Level 1:colcon.colcon_core.package_identification:_identify(src/serial_motor_demo) by extension 'ignore_ament_install'
[1.674s] Level 1:colcon.colcon_core.package_identification:_identify(src/serial_motor_demo) by extensions ['colcon_pkg']
[1.674s] Level 1:colcon.colcon_core.package_identification:_identify(src/serial_motor_demo) by extension 'colcon_pkg'
[1.675s] Level 1:colcon.colcon_core.package_identification:_identify(src/serial_motor_demo) by extensions ['colcon_meta']
[1.675s] Level 1:colcon.colcon_core.package_identification:_identify(src/serial_motor_demo) by extension 'colcon_meta'
[1.675s] Level 1:colcon.colcon_core.package_identification:_identify(src/serial_motor_demo) by extensions ['ros']
[1.675s] Level 1:colcon.colcon_core.package_identification:_identify(src/serial_motor_demo) by extension 'ros'
[1.675s] Level 1:colcon.colcon_core.package_identification:_identify(src/serial_motor_demo) by extensions ['cmake', 'python']
[1.676s] Level 1:colcon.colcon_core.package_identification:_identify(src/serial_motor_demo) by extension 'cmake'
[1.676s] Level 1:colcon.colcon_core.package_identification:_identify(src/serial_motor_demo) by extension 'python'
[1.676s] Level 1:colcon.colcon_core.package_identification:_identify(src/serial_motor_demo) by extensions ['python_setup_py']
[1.676s] Level 1:colcon.colcon_core.package_identification:_identify(src/serial_motor_demo) by extension 'python_setup_py'
[1.677s] Level 1:colcon.colcon_core.package_identification:_identify(src/serial_motor_demo/serial_motor_demo) by extensions ['ignore', 'ignore_ament_install']
[1.677s] Level 1:colcon.colcon_core.package_identification:_identify(src/serial_motor_demo/serial_motor_demo) by extension 'ignore'
[1.677s] Level 1:colcon.colcon_core.package_identification:_identify(src/serial_motor_demo/serial_motor_demo) by extension 'ignore_ament_install'
[1.677s] Level 1:colcon.colcon_core.package_identification:_identify(src/serial_motor_demo/serial_motor_demo) by extensions ['colcon_pkg']
[1.677s] Level 1:colcon.colcon_core.package_identification:_identify(src/serial_motor_demo/serial_motor_demo) by extension 'colcon_pkg'
[1.677s] Level 1:colcon.colcon_core.package_identification:_identify(src/serial_motor_demo/serial_motor_demo) by extensions ['colcon_meta']
[1.678s] Level 1:colcon.colcon_core.package_identification:_identify(src/serial_motor_demo/serial_motor_demo) by extension 'colcon_meta'
[1.678s] Level 1:colcon.colcon_core.package_identification:_identify(src/serial_motor_demo/serial_motor_demo) by extensions ['ros']
[1.678s] Level 1:colcon.colcon_core.package_identification:_identify(src/serial_motor_demo/serial_motor_demo) by extension 'ros'
[1.681s] DEBUG:colcon.colcon_core.package_identification:Package 'src/serial_motor_demo/serial_motor_demo' with type 'ros.ament_python' and name 'serial_motor_demo'
[1.681s] Level 1:colcon.colcon_core.package_identification:_identify(src/serial_motor_demo/serial_motor_demo_msgs) by extensions ['ignore', 'ignore_ament_install']
[1.681s] Level 1:colcon.colcon_core.package_identification:_identify(src/serial_motor_demo/serial_motor_demo_msgs) by extension 'ignore'
[1.682s] Level 1:colcon.colcon_core.package_identification:_identify(src/serial_motor_demo/serial_motor_demo_msgs) by extension 'ignore_ament_install'
[1.682s] Level 1:colcon.colcon_core.package_identification:_identify(src/serial_motor_demo/serial_motor_demo_msgs) by extensions ['colcon_pkg']
[1.682s] Level 1:colcon.colcon_core.package_identification:_identify(src/serial_motor_demo/serial_motor_demo_msgs) by extension 'colcon_pkg'
[1.682s] Level 1:colcon.colcon_core.package_identification:_identify(src/serial_motor_demo/serial_motor_demo_msgs) by extensions ['colcon_meta']
[1.682s] Level 1:colcon.colcon_core.package_identification:_identify(src/serial_motor_demo/serial_motor_demo_msgs) by extension 'colcon_meta'
[1.683s] Level 1:colcon.colcon_core.package_identification:_identify(src/serial_motor_demo/serial_motor_demo_msgs) by extensions ['ros']
[1.683s] Level 1:colcon.colcon_core.package_identification:_identify(src/serial_motor_demo/serial_motor_demo_msgs) by extension 'ros'
[1.685s] DEBUG:colcon.colcon_core.package_identification:Package 'src/serial_motor_demo/serial_motor_demo_msgs' with type 'ros.ament_cmake' and name 'serial_motor_demo_msgs'
[1.685s] Level 1:colcon.colcon_core.package_discovery:discover_packages(recursive) using defaults
[1.685s] Level 1:colcon.colcon_core.package_discovery:discover_packages(ignore) discover
[1.685s] Level 1:colcon.colcon_core.package_discovery:discover_packages(ignore) using defaults
[1.685s] Level 1:colcon.colcon_core.package_discovery:discover_packages(path) discover
[1.685s] Level 1:colcon.colcon_core.package_discovery:discover_packages(path) using defaults
[1.781s] Level 1:colcon.colcon_core.package_discovery:discover_packages(prefix_path) check parameters
[1.781s] Level 1:colcon.colcon_core.package_discovery:discover_packages(prefix_path) discover
[1.795s] DEBUG:colcon.colcon_installed_package_information.package_discovery:Found 7 installed packages in /home/Isaac/ros2_ws/install
[1.808s] DEBUG:colcon.colcon_installed_package_information.package_discovery:Found 359 installed packages in /opt/ros/humble
[1.816s] Level 1:colcon.colcon_core.package_discovery:discover_packages(prefix_path) using defaults
[2.108s] Level 5:colcon.colcon_core.verb:set package 'autonomous_exploration' build argument 'cmake_args' from command line to 'None'
[2.108s] Level 5:colcon.colcon_core.verb:set package 'autonomous_exploration' build argument 'cmake_target' from command line to 'None'
[2.108s] Level 5:colcon.colcon_core.verb:set package 'autonomous_exploration' build argument 'cmake_target_skip_unavailable' from command line to 'False'
[2.108s] Level 5:colcon.colcon_core.verb:set package 'autonomous_exploration' build argument 'cmake_clean_cache' from command line to 'False'
[2.109s] Level 5:colcon.colcon_core.verb:set package 'autonomous_exploration' build argument 'cmake_clean_first' from command line to 'False'
[2.109s] Level 5:colcon.colcon_core.verb:set package 'autonomous_exploration' build argument 'cmake_force_configure' from command line to 'False'
[2.109s] Level 5:colcon.colcon_core.verb:set package 'autonomous_exploration' build argument 'ament_cmake_args' from command line to 'None'
[2.109s] Level 5:colcon.colcon_core.verb:set package 'autonomous_exploration' build argument 'catkin_cmake_args' from command line to 'None'
[2.109s] Level 5:colcon.colcon_core.verb:set package 'autonomous_exploration' build argument 'catkin_skip_building_tests' from command line to 'False'
[2.109s] DEBUG:colcon.colcon_core.verb:Building package 'autonomous_exploration' with the following arguments: {'ament_cmake_args': None, 'build_base': '/home/Isaac/ros2_ws/build/autonomous_exploration', 'catkin_cmake_args': None, 'catkin_skip_building_tests': False, 'cmake_args': None, 'cmake_clean_cache': False, 'cmake_clean_first': False, 'cmake_force_configure': False, 'cmake_target': None, 'cmake_target_skip_unavailable': False, 'install_base': '/home/Isaac/ros2_ws/install/autonomous_exploration', 'merge_install': False, 'path': '/home/Isaac/ros2_ws/src/autonomous_exploration', 'symlink_install': False, 'test_result_base': None}
[2.113s] Level 5:colcon.colcon_core.verb:set package 'diffdrive_arduino' build argument 'cmake_args' from command line to 'None'
[2.113s] Level 5:colcon.colcon_core.verb:set package 'diffdrive_arduino' build argument 'cmake_target' from command line to 'None'
[2.114s] Level 5:colcon.colcon_core.verb:set package 'diffdrive_arduino' build argument 'cmake_target_skip_unavailable' from command line to 'False'
[2.114s] Level 5:colcon.colcon_core.verb:set package 'diffdrive_arduino' build argument 'cmake_clean_cache' from command line to 'False'
[2.114s] Level 5:colcon.colcon_core.verb:set package 'diffdrive_arduino' build argument 'cmake_clean_first' from command line to 'False'
[2.114s] Level 5:colcon.colcon_core.verb:set package 'diffdrive_arduino' build argument 'cmake_force_configure' from command line to 'False'
[2.114s] Level 5:colcon.colcon_core.verb:set package 'diffdrive_arduino' build argument 'ament_cmake_args' from command line to 'None'
[2.114s] Level 5:colcon.colcon_core.verb:set package 'diffdrive_arduino' build argument 'catkin_cmake_args' from command line to 'None'
[2.114s] Level 5:colcon.colcon_core.verb:set package 'diffdrive_arduino' build argument 'catkin_skip_building_tests' from command line to 'False'
[2.114s] DEBUG:colcon.colcon_core.verb:Building package 'diffdrive_arduino' with the following arguments: {'ament_cmake_args': None, 'build_base': '/home/Isaac/ros2_ws/build/diffdrive_arduino', 'catkin_cmake_args': None, 'catkin_skip_building_tests': False, 'cmake_args': None, 'cmake_clean_cache': False, 'cmake_clean_first': False, 'cmake_force_configure': False, 'cmake_target': None, 'cmake_target_skip_unavailable': False, 'install_base': '/home/Isaac/ros2_ws/install/diffdrive_arduino', 'merge_install': False, 'path': '/home/Isaac/ros2_ws/src/diffdrive_arduino', 'symlink_install': False, 'test_result_base': None}
[2.118s] Level 5:colcon.colcon_core.verb:set package 'msgs' build argument 'cmake_args' from command line to 'None'
[2.119s] Level 5:colcon.colcon_core.verb:set package 'msgs' build argument 'cmake_target' from command line to 'None'
[2.119s] Level 5:colcon.colcon_core.verb:set package 'msgs' build argument 'cmake_target_skip_unavailable' from command line to 'False'
[2.119s] Level 5:colcon.colcon_core.verb:set package 'msgs' build argument 'cmake_clean_cache' from command line to 'False'
[2.119s] Level 5:colcon.colcon_core.verb:set package 'msgs' build argument 'cmake_clean_first' from command line to 'False'
[2.119s] Level 5:colcon.colcon_core.verb:set package 'msgs' build argument 'cmake_force_configure' from command line to 'False'
[2.119s] Level 5:colcon.colcon_core.verb:set package 'msgs' build argument 'ament_cmake_args' from command line to 'None'
[2.119s] Level 5:colcon.colcon_core.verb:set package 'msgs' build argument 'catkin_cmake_args' from command line to 'None'
[2.119s] Level 5:colcon.colcon_core.verb:set package 'msgs' build argument 'catkin_skip_building_tests' from command line to 'False'
[2.119s] DEBUG:colcon.colcon_core.verb:Building package 'msgs' with the following arguments: {'ament_cmake_args': None, 'build_base': '/home/Isaac/ros2_ws/build/msgs', 'catkin_cmake_args': None, 'catkin_skip_building_tests': False, 'cmake_args': None, 'cmake_clean_cache': False, 'cmake_clean_first': False, 'cmake_force_configure': False, 'cmake_target': None, 'cmake_target_skip_unavailable': False, 'install_base': '/home/Isaac/ros2_ws/install/msgs', 'merge_install': False, 'path': '/home/Isaac/ros2_ws/src/msgs', 'symlink_install': False, 'test_result_base': None}
[2.123s] Level 5:colcon.colcon_core.verb:set package 'sample_package' build argument 'cmake_args' from command line to 'None'
[2.124s] Level 5:colcon.colcon_core.verb:set package 'sample_package' build argument 'cmake_target' from command line to 'None'
[2.124s] Level 5:colcon.colcon_core.verb:set package 'sample_package' build argument 'cmake_target_skip_unavailable' from command line to 'False'
[2.124s] Level 5:colcon.colcon_core.verb:set package 'sample_package' build argument 'cmake_clean_cache' from command line to 'False'
[2.124s] Level 5:colcon.colcon_core.verb:set package 'sample_package' build argument 'cmake_clean_first' from command line to 'False'
[2.124s] Level 5:colcon.colcon_core.verb:set package 'sample_package' build argument 'cmake_force_configure' from command line to 'False'
[2.124s] Level 5:colcon.colcon_core.verb:set package 'sample_package' build argument 'ament_cmake_args' from command line to 'None'
[2.124s] Level 5:colcon.colcon_core.verb:set package 'sample_package' build argument 'catkin_cmake_args' from command line to 'None'
[2.124s] Level 5:colcon.colcon_core.verb:set package 'sample_package' build argument 'catkin_skip_building_tests' from command line to 'False'
[2.124s] DEBUG:colcon.colcon_core.verb:Building package 'sample_package' with the following arguments: {'ament_cmake_args': None, 'build_base': '/home/Isaac/ros2_ws/build/sample_package', 'catkin_cmake_args': None, 'catkin_skip_building_tests': False, 'cmake_args': None, 'cmake_clean_cache': False, 'cmake_clean_first': False, 'cmake_force_configure': False, 'cmake_target': None, 'cmake_target_skip_unavailable': False, 'install_base': '/home/Isaac/ros2_ws/install/sample_package', 'merge_install': False, 'path': '/home/Isaac/ros2_ws/src/sample_package', 'symlink_install': False, 'test_result_base': None}
[2.128s] Level 5:colcon.colcon_core.verb:set package 'serial' build argument 'cmake_args' from command line to 'None'
[2.129s] Level 5:colcon.colcon_core.verb:set package 'serial' build argument 'cmake_target' from command line to 'None'
[2.129s] Level 5:colcon.colcon_core.verb:set package 'serial' build argument 'cmake_target_skip_unavailable' from command line to 'False'
[2.129s] Level 5:colcon.colcon_core.verb:set package 'serial' build argument 'cmake_clean_cache' from command line to 'False'
[2.129s] Level 5:colcon.colcon_core.verb:set package 'serial' build argument 'cmake_clean_first' from command line to 'False'
[2.129s] Level 5:colcon.colcon_core.verb:set package 'serial' build argument 'cmake_force_configure' from command line to 'False'
[2.129s] Level 5:colcon.colcon_core.verb:set package 'serial' build argument 'ament_cmake_args' from command line to 'None'
[2.129s] Level 5:colcon.colcon_core.verb:set package 'serial' build argument 'catkin_cmake_args' from command line to 'None'
[2.129s] Level 5:colcon.colcon_core.verb:set package 'serial' build argument 'catkin_skip_building_tests' from command line to 'False'
[2.130s] DEBUG:colcon.colcon_core.verb:Building package 'serial' with the following arguments: {'ament_cmake_args': None, 'build_base': '/home/Isaac/ros2_ws/build/serial', 'catkin_cmake_args': None, 'catkin_skip_building_tests': False, 'cmake_args': None, 'cmake_clean_cache': False, 'cmake_clean_first': False, 'cmake_force_configure': False, 'cmake_target': None, 'cmake_target_skip_unavailable': False, 'install_base': '/home/Isaac/ros2_ws/install/serial', 'merge_install': False, 'path': '/home/Isaac/ros2_ws/src/serial', 'symlink_install': False, 'test_result_base': None}
[2.133s] Level 5:colcon.colcon_core.verb:set package 'serial_motor_demo_msgs' build argument 'cmake_args' from command line to 'None'
[2.134s] Level 5:colcon.colcon_core.verb:set package 'serial_motor_demo_msgs' build argument 'cmake_target' from command line to 'None'
[2.134s] Level 5:colcon.colcon_core.verb:set package 'serial_motor_demo_msgs' build argument 'cmake_target_skip_unavailable' from command line to 'False'
[2.134s] Level 5:colcon.colcon_core.verb:set package 'serial_motor_demo_msgs' build argument 'cmake_clean_cache' from command line to 'False'
[2.134s] Level 5:colcon.colcon_core.verb:set package 'serial_motor_demo_msgs' build argument 'cmake_clean_first' from command line to 'False'
[2.134s] Level 5:colcon.colcon_core.verb:set package 'serial_motor_demo_msgs' build argument 'cmake_force_configure' from command line to 'False'
[2.134s] Level 5:colcon.colcon_core.verb:set package 'serial_motor_demo_msgs' build argument 'ament_cmake_args' from command line to 'None'
[2.134s] Level 5:colcon.colcon_core.verb:set package 'serial_motor_demo_msgs' build argument 'catkin_cmake_args' from command line to 'None'
[2.134s] Level 5:colcon.colcon_core.verb:set package 'serial_motor_demo_msgs' build argument 'catkin_skip_building_tests' from command line to 'False'
[2.135s] DEBUG:colcon.colcon_core.verb:Building package 'serial_motor_demo_msgs' with the following arguments: {'ament_cmake_args': None, 'build_base': '/home/Isaac/ros2_ws/build/serial_motor_demo_msgs', 'catkin_cmake_args': None, 'catkin_skip_building_tests': False, 'cmake_args': None, 'cmake_clean_cache': False, 'cmake_clean_first': False, 'cmake_force_configure': False, 'cmake_target': None, 'cmake_target_skip_unavailable': False, 'install_base': '/home/Isaac/ros2_ws/install/serial_motor_demo_msgs', 'merge_install': False, 'path': '/home/Isaac/ros2_ws/src/serial_motor_demo/serial_motor_demo_msgs', 'symlink_install': False, 'test_result_base': None}
[2.139s] Level 5:colcon.colcon_core.verb:set package 'serial_motor_demo' build argument 'cmake_args' from command line to 'None'
[2.139s] Level 5:colcon.colcon_core.verb:set package 'serial_motor_demo' build argument 'cmake_target' from command line to 'None'
[2.139s] Level 5:colcon.colcon_core.verb:set package 'serial_motor_demo' build argument 'cmake_target_skip_unavailable' from command line to 'False'
[2.139s] Level 5:colcon.colcon_core.verb:set package 'serial_motor_demo' build argument 'cmake_clean_cache' from command line to 'False'
[2.139s] Level 5:colcon.colcon_core.verb:set package 'serial_motor_demo' build argument 'cmake_clean_first' from command line to 'False'
[2.139s] Level 5:colcon.colcon_core.verb:set package 'serial_motor_demo' build argument 'cmake_force_configure' from command line to 'False'
[2.139s] Level 5:colcon.colcon_core.verb:set package 'serial_motor_demo' build argument 'ament_cmake_args' from command line to 'None'
[2.139s] Level 5:colcon.colcon_core.verb:set package 'serial_motor_demo' build argument 'catkin_cmake_args' from command line to 'None'
[2.140s] Level 5:colcon.colcon_core.verb:set package 'serial_motor_demo' build argument 'catkin_skip_building_tests' from command line to 'False'
[2.140s] DEBUG:colcon.colcon_core.verb:Building package 'serial_motor_demo' with the following arguments: {'ament_cmake_args': None, 'build_base': '/home/Isaac/ros2_ws/build/serial_motor_demo', 'catkin_cmake_args': None, 'catkin_skip_building_tests': False, 'cmake_args': None, 'cmake_clean_cache': False, 'cmake_clean_first': False, 'cmake_force_configure': False, 'cmake_target': None, 'cmake_target_skip_unavailable': False, 'install_base': '/home/Isaac/ros2_ws/install/serial_motor_demo', 'merge_install': False, 'path': '/home/Isaac/ros2_ws/src/serial_motor_demo/serial_motor_demo', 'symlink_install': False, 'test_result_base': None}
[2.142s] INFO:colcon.colcon_core.executor:Executing jobs using 'parallel' executor
[2.155s] DEBUG:colcon.colcon_parallel_executor.executor.parallel:run_until_complete
[2.156s] INFO:colcon.colcon_ros.task.ament_cmake.build:Building ROS package in '/home/Isaac/ros2_ws/src/serial_motor_demo/serial_motor_demo_msgs' with build type 'ament_cmake'
[2.156s] INFO:colcon.colcon_cmake.task.cmake.build:Building CMake package in '/home/Isaac/ros2_ws/src/serial_motor_demo/serial_motor_demo_msgs'
[2.177s] INFO:colcon.colcon_core.plugin_system:Skipping extension 'colcon_core.shell.bat': Not used on non-Windows systems
[2.178s] INFO:colcon.colcon_core.shell:Skip shell extension 'powershell' for command environment: Not usable outside of PowerShell
[2.178s] DEBUG:colcon.colcon_core.shell:Skip shell extension 'dsv' for command environment
[2.206s] INFO:colcon.colcon_ros.task.ament_python.build:Building ROS package in '/home/Isaac/ros2_ws/src/autonomous_exploration' with build type 'ament_python'
[2.207s] Level 1:colcon.colcon_core.shell:create_environment_hook('autonomous_exploration', 'ament_prefix_path')
[2.213s] INFO:colcon.colcon_core.shell:Creating environment hook '/home/Isaac/ros2_ws/install/autonomous_exploration/share/autonomous_exploration/hook/ament_prefix_path.ps1'
[2.216s] INFO:colcon.colcon_core.shell:Creating environment descriptor '/home/Isaac/ros2_ws/install/autonomous_exploration/share/autonomous_exploration/hook/ament_prefix_path.dsv'
[2.218s] INFO:colcon.colcon_core.shell:Creating environment hook '/home/Isaac/ros2_ws/install/autonomous_exploration/share/autonomous_exploration/hook/ament_prefix_path.sh'
[2.226s] INFO:colcon.colcon_core.shell:Skip shell extension 'powershell' for command environment: Not usable outside of PowerShell
[2.226s] DEBUG:colcon.colcon_core.shell:Skip shell extension 'dsv' for command environment
[2.252s] INFO:colcon.colcon_ros.task.ament_cmake.build:Building ROS package in '/home/Isaac/ros2_ws/src/diffdrive_arduino' with build type 'ament_cmake'
[2.253s] INFO:colcon.colcon_cmake.task.cmake.build:Building CMake package in '/home/Isaac/ros2_ws/src/diffdrive_arduino'
[2.259s] INFO:colcon.colcon_core.shell:Skip shell extension 'powershell' for command environment: Not usable outside of PowerShell
[2.259s] DEBUG:colcon.colcon_core.shell:Skip shell extension 'dsv' for command environment
[2.287s] INFO:colcon.colcon_ros.task.ament_python.build:Building ROS package in '/home/Isaac/ros2_ws/src/msgs' with build type 'ament_python'
[2.288s] Level 1:colcon.colcon_core.shell:create_environment_hook('msgs', 'ament_prefix_path')
[2.293s] INFO:colcon.colcon_core.shell:Creating environment hook '/home/Isaac/ros2_ws/install/msgs/share/msgs/hook/ament_prefix_path.ps1'
[2.296s] INFO:colcon.colcon_core.shell:Creating environment descriptor '/home/Isaac/ros2_ws/install/msgs/share/msgs/hook/ament_prefix_path.dsv'
[2.297s] INFO:colcon.colcon_core.shell:Creating environment hook '/home/Isaac/ros2_ws/install/msgs/share/msgs/hook/ament_prefix_path.sh'
[2.304s] INFO:colcon.colcon_core.shell:Skip shell extension 'powershell' for command environment: Not usable outside of PowerShell
[2.305s] DEBUG:colcon.colcon_core.shell:Skip shell extension 'dsv' for command environment
[2.347s] DEBUG:colcon.colcon_core.event_handler.log_command:Invoking command in '/home/Isaac/ros2_ws/build/serial_motor_demo_msgs': CMAKE_PREFIX_PATH=${CMAKE_PREFIX_PATH}:/home/Isaac/ros2_ws/install/serial_motor_demo:/home/Isaac/ros2_ws/install/sample_package:/home/Isaac/ros2_ws/install/msgs:/home/Isaac/ros2_ws/install/autonomous_exploration:/opt/ros/humble /usr/bin/cmake --build /home/Isaac/ros2_ws/build/serial_motor_demo_msgs -- -j4 -l4
[3.976s] INFO:colcon.colcon_core.task.python.build:Building Python package in '/home/Isaac/ros2_ws/src/autonomous_exploration'
[3.982s] INFO:colcon.colcon_core.shell:Skip shell extension 'powershell' for command environment: Not usable outside of PowerShell
[3.982s] DEBUG:colcon.colcon_core.shell:Skip shell extension 'dsv' for command environment
[4.025s] DEBUG:colcon.colcon_core.event_handler.log_command:Invoking command in '/home/Isaac/ros2_ws/build/diffdrive_arduino': CMAKE_PREFIX_PATH=${CMAKE_PREFIX_PATH}:/home/Isaac/ros2_ws/install/serial_motor_demo:/home/Isaac/ros2_ws/install/sample_package:/home/Isaac/ros2_ws/install/msgs:/home/Isaac/ros2_ws/install/autonomous_exploration:/opt/ros/humble /usr/bin/cmake --build /home/Isaac/ros2_ws/build/diffdrive_arduino -- -j4 -l4
[5.364s] INFO:colcon.colcon_core.task.python.build:Building Python package in '/home/Isaac/ros2_ws/src/msgs'
[5.369s] INFO:colcon.colcon_core.shell:Skip shell extension 'powershell' for command environment: Not usable outside of PowerShell
[5.370s] DEBUG:colcon.colcon_core.shell:Skip shell extension 'dsv' for command environment
[5.412s] DEBUG:colcon.colcon_core.event_handler.log_command:Invoked command in '/home/Isaac/ros2_ws/build/diffdrive_arduino' returned '0': CMAKE_PREFIX_PATH=${CMAKE_PREFIX_PATH}:/home/Isaac/ros2_ws/install/serial_motor_demo:/home/Isaac/ros2_ws/install/sample_package:/home/Isaac/ros2_ws/install/msgs:/home/Isaac/ros2_ws/install/autonomous_exploration:/opt/ros/humble /usr/bin/cmake --build /home/Isaac/ros2_ws/build/diffdrive_arduino -- -j4 -l4
[5.418s] DEBUG:colcon.colcon_core.event_handler.log_command:Invoked command in '/home/Isaac/ros2_ws/build/serial_motor_demo_msgs' returned '0': CMAKE_PREFIX_PATH=${CMAKE_PREFIX_PATH}:/home/Isaac/ros2_ws/install/serial_motor_demo:/home/Isaac/ros2_ws/install/sample_package:/home/Isaac/ros2_ws/install/msgs:/home/Isaac/ros2_ws/install/autonomous_exploration:/opt/ros/humble /usr/bin/cmake --build /home/Isaac/ros2_ws/build/serial_motor_demo_msgs -- -j4 -l4
[5.610s] DEBUG:colcon.colcon_core.event_handler.log_command:Invoking command in '/home/Isaac/ros2_ws/build/diffdrive_arduino': CMAKE_PREFIX_PATH=${CMAKE_PREFIX_PATH}:/home/Isaac/ros2_ws/install/serial_motor_demo:/home/Isaac/ros2_ws/install/sample_package:/home/Isaac/ros2_ws/install/msgs:/home/Isaac/ros2_ws/install/autonomous_exploration:/opt/ros/humble /usr/bin/cmake --install /home/Isaac/ros2_ws/build/diffdrive_arduino
[5.721s] Level 1:colcon.colcon_core.environment:create_environment_scripts_only(diffdrive_arduino)
[5.746s] DEBUG:colcon.colcon_core.event_handler.log_command:Invoked command in '/home/Isaac/ros2_ws/build/diffdrive_arduino' returned '0': CMAKE_PREFIX_PATH=${CMAKE_PREFIX_PATH}:/home/Isaac/ros2_ws/install/serial_motor_demo:/home/Isaac/ros2_ws/install/sample_package:/home/Isaac/ros2_ws/install/msgs:/home/Isaac/ros2_ws/install/autonomous_exploration:/opt/ros/humble /usr/bin/cmake --install /home/Isaac/ros2_ws/build/diffdrive_arduino
[5.764s] Level 1:colcon.colcon_core.environment:checking '/home/Isaac/ros2_ws/install/diffdrive_arduino' for CMake module files
[5.767s] Level 1:colcon.colcon_core.environment:checking '/home/Isaac/ros2_ws/install/diffdrive_arduino' for CMake config files
[5.771s] Level 1:colcon.colcon_core.shell:create_environment_hook('diffdrive_arduino', 'cmake_prefix_path')
[5.779s] INFO:colcon.colcon_core.shell:Creating environment hook '/home/Isaac/ros2_ws/install/diffdrive_arduino/share/diffdrive_arduino/hook/cmake_prefix_path.ps1'
[5.782s] INFO:colcon.colcon_core.shell:Creating environment descriptor '/home/Isaac/ros2_ws/install/diffdrive_arduino/share/diffdrive_arduino/hook/cmake_prefix_path.dsv'
[5.784s] INFO:colcon.colcon_core.shell:Creating environment hook '/home/Isaac/ros2_ws/install/diffdrive_arduino/share/diffdrive_arduino/hook/cmake_prefix_path.sh'
[5.788s] Level 1:colcon.colcon_core.environment:checking '/home/Isaac/ros2_ws/install/diffdrive_arduino/lib'
[5.789s] Level 1:colcon.colcon_core.shell:create_environment_hook('diffdrive_arduino', 'ld_library_path_lib')
[5.797s] INFO:colcon.colcon_core.shell:Creating environment hook '/home/Isaac/ros2_ws/install/diffdrive_arduino/share/diffdrive_arduino/hook/ld_library_path_lib.ps1'
[5.800s] INFO:colcon.colcon_core.shell:Creating environment descriptor '/home/Isaac/ros2_ws/install/diffdrive_arduino/share/diffdrive_arduino/hook/ld_library_path_lib.dsv'
[5.803s] INFO:colcon.colcon_core.shell:Creating environment hook '/home/Isaac/ros2_ws/install/diffdrive_arduino/share/diffdrive_arduino/hook/ld_library_path_lib.sh'
[5.805s] Level 1:colcon.colcon_core.environment:checking '/home/Isaac/ros2_ws/install/diffdrive_arduino/bin'
[5.806s] Level 1:colcon.colcon_core.environment:checking '/home/Isaac/ros2_ws/install/diffdrive_arduino/lib/pkgconfig/diffdrive_arduino.pc'
[5.808s] Level 1:colcon.colcon_core.environment:checking '/home/Isaac/ros2_ws/install/diffdrive_arduino/lib/python3.10/site-packages'
[5.809s] Level 1:colcon.colcon_core.environment:checking '/home/Isaac/ros2_ws/install/diffdrive_arduino/bin'
[5.817s] INFO:colcon.colcon_core.shell:Creating package script '/home/Isaac/ros2_ws/install/diffdrive_arduino/share/diffdrive_arduino/package.ps1'
[5.821s] INFO:colcon.colcon_core.shell:Creating package descriptor '/home/Isaac/ros2_ws/install/diffdrive_arduino/share/diffdrive_arduino/package.dsv'
[5.825s] INFO:colcon.colcon_core.shell:Creating package script '/home/Isaac/ros2_ws/install/diffdrive_arduino/share/diffdrive_arduino/package.sh'
[5.829s] INFO:colcon.colcon_core.shell:Creating package script '/home/Isaac/ros2_ws/install/diffdrive_arduino/share/diffdrive_arduino/package.bash'
[5.833s] INFO:colcon.colcon_core.shell:Creating package script '/home/Isaac/ros2_ws/install/diffdrive_arduino/share/diffdrive_arduino/package.zsh'
[5.838s] Level 1:colcon.colcon_core.environment:create_file_with_runtime_dependencies(/home/Isaac/ros2_ws/install/diffdrive_arduino/share/colcon-core/packages/diffdrive_arduino)
[6.010s] Level 1:colcon.colcon_core.environment:create_environment_scripts_only(diffdrive_arduino)
[6.021s] Level 1:colcon.colcon_core.environment:checking '/home/Isaac/ros2_ws/install/diffdrive_arduino' for CMake module files
[6.024s] Level 1:colcon.colcon_core.environment:checking '/home/Isaac/ros2_ws/install/diffdrive_arduino' for CMake config files
[6.028s] Level 1:colcon.colcon_core.shell:create_environment_hook('diffdrive_arduino', 'cmake_prefix_path')
[6.034s] INFO:colcon.colcon_core.shell:Creating environment hook '/home/Isaac/ros2_ws/install/diffdrive_arduino/share/diffdrive_arduino/hook/cmake_prefix_path.ps1'
[6.036s] INFO:colcon.colcon_core.shell:Creating environment descriptor '/home/Isaac/ros2_ws/install/diffdrive_arduino/share/diffdrive_arduino/hook/cmake_prefix_path.dsv'
[6.039s] INFO:colcon.colcon_core.shell:Creating environment hook '/home/Isaac/ros2_ws/install/diffdrive_arduino/share/diffdrive_arduino/hook/cmake_prefix_path.sh'
[6.043s] Level 1:colcon.colcon_core.environment:checking '/home/Isaac/ros2_ws/install/diffdrive_arduino/lib'
[6.043s] Level 1:colcon.colcon_core.shell:create_environment_hook('diffdrive_arduino', 'ld_library_path_lib')
[6.049s] INFO:colcon.colcon_core.shell:Creating environment hook '/home/Isaac/ros2_ws/install/diffdrive_arduino/share/diffdrive_arduino/hook/ld_library_path_lib.ps1'
[6.052s] INFO:colcon.colcon_core.shell:Creating environment descriptor '/home/Isaac/ros2_ws/install/diffdrive_arduino/share/diffdrive_arduino/hook/ld_library_path_lib.dsv'
[6.054s] INFO:colcon.colcon_core.shell:Creating environment hook '/home/Isaac/ros2_ws/install/diffdrive_arduino/share/diffdrive_arduino/hook/ld_library_path_lib.sh'
[6.057s] Level 1:colcon.colcon_core.environment:checking '/home/Isaac/ros2_ws/install/diffdrive_arduino/bin'
[6.057s] Level 1:colcon.colcon_core.environment:checking '/home/Isaac/ros2_ws/install/diffdrive_arduino/lib/pkgconfig/diffdrive_arduino.pc'
[6.058s] Level 1:colcon.colcon_core.environment:checking '/home/Isaac/ros2_ws/install/diffdrive_arduino/lib/python3.10/site-packages'
[6.060s] Level 1:colcon.colcon_core.environment:checking '/home/Isaac/ros2_ws/install/diffdrive_arduino/bin'
[6.067s] INFO:colcon.colcon_core.shell:Creating package script '/home/Isaac/ros2_ws/install/diffdrive_arduino/share/diffdrive_arduino/package.ps1'
[6.070s] INFO:colcon.colcon_core.shell:Creating package descriptor '/home/Isaac/ros2_ws/install/diffdrive_arduino/share/diffdrive_arduino/package.dsv'
[6.073s] INFO:colcon.colcon_core.shell:Creating package script '/home/Isaac/ros2_ws/install/diffdrive_arduino/share/diffdrive_arduino/package.sh'
[6.076s] INFO:colcon.colcon_core.shell:Creating package script '/home/Isaac/ros2_ws/install/diffdrive_arduino/share/diffdrive_arduino/package.bash'
[6.079s] INFO:colcon.colcon_core.shell:Creating package script '/home/Isaac/ros2_ws/install/diffdrive_arduino/share/diffdrive_arduino/package.zsh'
[6.082s] Level 1:colcon.colcon_core.environment:create_file_with_runtime_dependencies(/home/Isaac/ros2_ws/install/diffdrive_arduino/share/colcon-core/packages/diffdrive_arduino)
[6.087s] INFO:colcon.colcon_ros.task.ament_python.build:Building ROS package in '/home/Isaac/ros2_ws/src/sample_package' with build type 'ament_python'
[6.089s] Level 1:colcon.colcon_core.shell:create_environment_hook('sample_package', 'ament_prefix_path')
[6.096s] INFO:colcon.colcon_core.shell:Creating environment hook '/home/Isaac/ros2_ws/install/sample_package/share/sample_package/hook/ament_prefix_path.ps1'
[6.098s] INFO:colcon.colcon_core.shell:Creating environment descriptor '/home/Isaac/ros2_ws/install/sample_package/share/sample_package/hook/ament_prefix_path.dsv'
[6.101s] INFO:colcon.colcon_core.shell:Creating environment hook '/home/Isaac/ros2_ws/install/sample_package/share/sample_package/hook/ament_prefix_path.sh'
[6.112s] INFO:colcon.colcon_core.shell:Skip shell extension 'powershell' for command environment: Not usable outside of PowerShell
[6.112s] DEBUG:colcon.colcon_core.shell:Skip shell extension 'dsv' for command environment
[6.152s] DEBUG:colcon.colcon_core.event_handler.log_command:Invoking command in '/home/Isaac/ros2_ws/build/serial_motor_demo_msgs': CMAKE_PREFIX_PATH=${CMAKE_PREFIX_PATH}:/home/Isaac/ros2_ws/install/serial_motor_demo:/home/Isaac/ros2_ws/install/sample_package:/home/Isaac/ros2_ws/install/msgs:/home/Isaac/ros2_ws/install/autonomous_exploration:/opt/ros/humble /usr/bin/cmake --install /home/Isaac/ros2_ws/build/serial_motor_demo_msgs
[8.012s] INFO:colcon.colcon_core.task.python.build:Building Python package in '/home/Isaac/ros2_ws/src/sample_package'
[8.017s] INFO:colcon.colcon_core.shell:Skip shell extension 'powershell' for command environment: Not usable outside of PowerShell
[8.018s] DEBUG:colcon.colcon_core.shell:Skip shell extension 'dsv' for command environment
[8.069s] DEBUG:colcon.colcon_core.event_handler.log_command:Invoking command in '/home/Isaac/ros2_ws/src/autonomous_exploration': PYTHONPATH=/home/Isaac/ros2_ws/build/autonomous_exploration/prefix_override:/home/Isaac/ros2_ws/install/autonomous_exploration/lib/python3.10/site-packages:${PYTHONPATH} /usr/bin/python3 setup.py egg_info --egg-base ../../build/autonomous_exploration build --build-base /home/Isaac/ros2_ws/build/autonomous_exploration/build install --record /home/Isaac/ros2_ws/build/autonomous_exploration/install.log --single-version-externally-managed
[8.074s] Level 1:colcon.colcon_core.environment:create_environment_scripts_only(serial_motor_demo_msgs)
[8.076s] DEBUG:colcon.colcon_core.event_handler.log_command:Invoking command in '/home/Isaac/ros2_ws/src/msgs': PYTHONPATH=/home/Isaac/ros2_ws/build/msgs/prefix_override:/home/Isaac/ros2_ws/install/msgs/lib/python3.10/site-packages:${PYTHONPATH} /usr/bin/python3 setup.py egg_info --egg-base ../../build/msgs build --build-base /home/Isaac/ros2_ws/build/msgs/build install --record /home/Isaac/ros2_ws/build/msgs/install.log --single-version-externally-managed
[8.085s] Level 1:colcon.colcon_core.environment:checking '/home/Isaac/ros2_ws/install/serial_motor_demo_msgs' for CMake module files
[8.088s] DEBUG:colcon.colcon_core.event_handler.log_command:Invoked command in '/home/Isaac/ros2_ws/build/serial_motor_demo_msgs' returned '0': CMAKE_PREFIX_PATH=${CMAKE_PREFIX_PATH}:/home/Isaac/ros2_ws/install/serial_motor_demo:/home/Isaac/ros2_ws/install/sample_package:/home/Isaac/ros2_ws/install/msgs:/home/Isaac/ros2_ws/install/autonomous_exploration:/opt/ros/humble /usr/bin/cmake --install /home/Isaac/ros2_ws/build/serial_motor_demo_msgs
[8.092s] Level 1:colcon.colcon_core.environment:checking '/home/Isaac/ros2_ws/install/serial_motor_demo_msgs' for CMake config files
[8.098s] Level 1:colcon.colcon_core.shell:create_environment_hook('serial_motor_demo_msgs', 'cmake_prefix_path')
[8.105s] INFO:colcon.colcon_core.shell:Creating environment hook '/home/Isaac/ros2_ws/install/serial_motor_demo_msgs/share/serial_motor_demo_msgs/hook/cmake_prefix_path.ps1'
[8.107s] INFO:colcon.colcon_core.shell:Creating environment descriptor '/home/Isaac/ros2_ws/install/serial_motor_demo_msgs/share/serial_motor_demo_msgs/hook/cmake_prefix_path.dsv'
[8.109s] INFO:colcon.colcon_core.shell:Creating environment hook '/home/Isaac/ros2_ws/install/serial_motor_demo_msgs/share/serial_motor_demo_msgs/hook/cmake_prefix_path.sh'
[8.113s] Level 1:colcon.colcon_core.environment:checking '/home/Isaac/ros2_ws/install/serial_motor_demo_msgs/lib'
[8.113s] Level 1:colcon.colcon_core.shell:create_environment_hook('serial_motor_demo_msgs', 'ld_library_path_lib')
[8.120s] INFO:colcon.colcon_core.shell:Creating environment hook '/home/Isaac/ros2_ws/install/serial_motor_demo_msgs/share/serial_motor_demo_msgs/hook/ld_library_path_lib.ps1'
[8.122s] INFO:colcon.colcon_core.shell:Creating environment descriptor '/home/Isaac/ros2_ws/install/serial_motor_demo_msgs/share/serial_motor_demo_msgs/hook/ld_library_path_lib.dsv'
[8.124s] INFO:colcon.colcon_core.shell:Creating environment hook '/home/Isaac/ros2_ws/install/serial_motor_demo_msgs/share/serial_motor_demo_msgs/hook/ld_library_path_lib.sh'
[8.127s] Level 1:colcon.colcon_core.environment:checking '/home/Isaac/ros2_ws/install/serial_motor_demo_msgs/bin'
[8.128s] Level 1:colcon.colcon_core.environment:checking '/home/Isaac/ros2_ws/install/serial_motor_demo_msgs/lib/pkgconfig/serial_motor_demo_msgs.pc'
[8.130s] Level 1:colcon.colcon_core.environment:checking '/home/Isaac/ros2_ws/install/serial_motor_demo_msgs/lib/python3.10/site-packages'
[8.131s] Level 1:colcon.colcon_core.environment:checking '/home/Isaac/ros2_ws/install/serial_motor_demo_msgs/bin'
[8.138s] INFO:colcon.colcon_core.shell:Creating package script '/home/Isaac/ros2_ws/install/serial_motor_demo_msgs/share/serial_motor_demo_msgs/package.ps1'
[8.144s] INFO:colcon.colcon_core.shell:Creating package descriptor '/home/Isaac/ros2_ws/install/serial_motor_demo_msgs/share/serial_motor_demo_msgs/package.dsv'
[8.146s] INFO:colcon.colcon_core.shell:Creating package script '/home/Isaac/ros2_ws/install/serial_motor_demo_msgs/share/serial_motor_demo_msgs/package.sh'
[8.149s] INFO:colcon.colcon_core.shell:Creating package script '/home/Isaac/ros2_ws/install/serial_motor_demo_msgs/share/serial_motor_demo_msgs/package.bash'
[8.151s] INFO:colcon.colcon_core.shell:Creating package script '/home/Isaac/ros2_ws/install/serial_motor_demo_msgs/share/serial_motor_demo_msgs/package.zsh'
[8.153s] Level 1:colcon.colcon_core.environment:create_file_with_runtime_dependencies(/home/Isaac/ros2_ws/install/serial_motor_demo_msgs/share/colcon-core/packages/serial_motor_demo_msgs)
[8.921s] Level 1:colcon.colcon_core.environment:create_environment_scripts_only(serial_motor_demo_msgs)
[8.931s] Level 1:colcon.colcon_core.environment:checking '/home/Isaac/ros2_ws/install/serial_motor_demo_msgs' for CMake module files
[8.936s] Level 1:colcon.colcon_core.environment:checking '/home/Isaac/ros2_ws/install/serial_motor_demo_msgs' for CMake config files
[8.943s] Level 1:colcon.colcon_core.shell:create_environment_hook('serial_motor_demo_msgs', 'cmake_prefix_path')
[8.951s] INFO:colcon.colcon_core.shell:Creating environment hook '/home/Isaac/ros2_ws/install/serial_motor_demo_msgs/share/serial_motor_demo_msgs/hook/cmake_prefix_path.ps1'
[8.954s] INFO:colcon.colcon_core.shell:Creating environment descriptor '/home/Isaac/ros2_ws/install/serial_motor_demo_msgs/share/serial_motor_demo_msgs/hook/cmake_prefix_path.dsv'
[8.958s] INFO:colcon.colcon_core.shell:Creating environment hook '/home/Isaac/ros2_ws/install/serial_motor_demo_msgs/share/serial_motor_demo_msgs/hook/cmake_prefix_path.sh'
[8.962s] Level 1:colcon.colcon_core.environment:checking '/home/Isaac/ros2_ws/install/serial_motor_demo_msgs/lib'
[8.963s] Level 1:colcon.colcon_core.shell:create_environment_hook('serial_motor_demo_msgs', 'ld_library_path_lib')
[8.971s] INFO:colcon.colcon_core.shell:Creating environment hook '/home/Isaac/ros2_ws/install/serial_motor_demo_msgs/share/serial_motor_demo_msgs/hook/ld_library_path_lib.ps1'
[8.973s] INFO:colcon.colcon_core.shell:Creating environment descriptor '/home/Isaac/ros2_ws/install/serial_motor_demo_msgs/share/serial_motor_demo_msgs/hook/ld_library_path_lib.dsv'
[8.976s] INFO:colcon.colcon_core.shell:Creating environment hook '/home/Isaac/ros2_ws/install/serial_motor_demo_msgs/share/serial_motor_demo_msgs/hook/ld_library_path_lib.sh'
[8.979s] Level 1:colcon.colcon_core.environment:checking '/home/Isaac/ros2_ws/install/serial_motor_demo_msgs/bin'
[8.980s] Level 1:colcon.colcon_core.environment:checking '/home/Isaac/ros2_ws/install/serial_motor_demo_msgs/lib/pkgconfig/serial_motor_demo_msgs.pc'
[8.981s] Level 1:colcon.colcon_core.environment:checking '/home/Isaac/ros2_ws/install/serial_motor_demo_msgs/lib/python3.10/site-packages'
[8.982s] Level 1:colcon.colcon_core.environment:checking '/home/Isaac/ros2_ws/install/serial_motor_demo_msgs/bin'
[8.990s] INFO:colcon.colcon_core.shell:Creating package script '/home/Isaac/ros2_ws/install/serial_motor_demo_msgs/share/serial_motor_demo_msgs/package.ps1'
[8.994s] INFO:colcon.colcon_core.shell:Creating package descriptor '/home/Isaac/ros2_ws/install/serial_motor_demo_msgs/share/serial_motor_demo_msgs/package.dsv'
[8.997s] INFO:colcon.colcon_core.shell:Creating package script '/home/Isaac/ros2_ws/install/serial_motor_demo_msgs/share/serial_motor_demo_msgs/package.sh'
[9.000s] INFO:colcon.colcon_core.shell:Creating package script '/home/Isaac/ros2_ws/install/serial_motor_demo_msgs/share/serial_motor_demo_msgs/package.bash'
[9.003s] INFO:colcon.colcon_core.shell:Creating package script '/home/Isaac/ros2_ws/install/serial_motor_demo_msgs/share/serial_motor_demo_msgs/package.zsh'
[9.006s] Level 1:colcon.colcon_core.environment:create_file_with_runtime_dependencies(/home/Isaac/ros2_ws/install/serial_motor_demo_msgs/share/colcon-core/packages/serial_motor_demo_msgs)
[9.011s] INFO:colcon.colcon_ros.task.ament_cmake.build:Building ROS package in '/home/Isaac/ros2_ws/src/serial' with build type 'ament_cmake'
[9.013s] INFO:colcon.colcon_cmake.task.cmake.build:Building CMake package in '/home/Isaac/ros2_ws/src/serial'
[9.020s] INFO:colcon.colcon_core.shell:Skip shell extension 'powershell' for command environment: Not usable outside of PowerShell
[9.020s] DEBUG:colcon.colcon_core.shell:Skip shell extension 'dsv' for command environment
[9.075s] DEBUG:colcon.colcon_core.event_handler.log_command:Invoking command in '/home/Isaac/ros2_ws/build/serial': CMAKE_PREFIX_PATH=${CMAKE_PREFIX_PATH}:/home/Isaac/ros2_ws/install/serial_motor_demo:/home/Isaac/ros2_ws/install/sample_package:/home/Isaac/ros2_ws/install/msgs:/home/Isaac/ros2_ws/install/autonomous_exploration:/opt/ros/humble /usr/bin/cmake --build /home/Isaac/ros2_ws/build/serial -- -j4 -l4
[9.780s] DEBUG:colcon.colcon_core.event_handler.log_command:Invoked command in '/home/Isaac/ros2_ws/build/serial' returned '0': CMAKE_PREFIX_PATH=${CMAKE_PREFIX_PATH}:/home/Isaac/ros2_ws/install/serial_motor_demo:/home/Isaac/ros2_ws/install/sample_package:/home/Isaac/ros2_ws/install/msgs:/home/Isaac/ros2_ws/install/autonomous_exploration:/opt/ros/humble /usr/bin/cmake --build /home/Isaac/ros2_ws/build/serial -- -j4 -l4
[10.067s] DEBUG:colcon.colcon_core.event_handler.log_command:Invoking command in '/home/Isaac/ros2_ws/build/serial': CMAKE_PREFIX_PATH=${CMAKE_PREFIX_PATH}:/home/Isaac/ros2_ws/install/serial_motor_demo:/home/Isaac/ros2_ws/install/sample_package:/home/Isaac/ros2_ws/install/msgs:/home/Isaac/ros2_ws/install/autonomous_exploration:/opt/ros/humble /usr/bin/cmake --install /home/Isaac/ros2_ws/build/serial
[10.192s] DEBUG:colcon.colcon_core.event_handler.log_command:Invoked command in '/home/Isaac/ros2_ws/src/msgs' returned '0': PYTHONPATH=/home/Isaac/ros2_ws/build/msgs/prefix_override:/home/Isaac/ros2_ws/install/msgs/lib/python3.10/site-packages:${PYTHONPATH} /usr/bin/python3 setup.py egg_info --egg-base ../../build/msgs build --build-base /home/Isaac/ros2_ws/build/msgs/build install --record /home/Isaac/ros2_ws/build/msgs/install.log --single-version-externally-managed
[10.201s] Level 1:colcon.colcon_core.environment:checking '/home/Isaac/ros2_ws/install/msgs' for CMake module files
[10.211s] Level 1:colcon.colcon_core.environment:checking '/home/Isaac/ros2_ws/install/msgs' for CMake config files
[10.224s] Level 1:colcon.colcon_core.environment:checking '/home/Isaac/ros2_ws/install/msgs/lib'
[10.225s] Level 1:colcon.colcon_core.environment:checking '/home/Isaac/ros2_ws/install/msgs/bin'
[10.226s] Level 1:colcon.colcon_core.environment:checking '/home/Isaac/ros2_ws/install/msgs/lib/pkgconfig/msgs.pc'
[10.228s] Level 1:colcon.colcon_core.environment:checking '/home/Isaac/ros2_ws/install/msgs/lib/python3.10/site-packages'
[10.229s] Level 1:colcon.colcon_core.shell:create_environment_hook('msgs', 'pythonpath')
[10.240s] INFO:colcon.colcon_core.shell:Creating environment hook '/home/Isaac/ros2_ws/install/msgs/share/msgs/hook/pythonpath.ps1'
[10.244s] INFO:colcon.colcon_core.shell:Creating environment descriptor '/home/Isaac/ros2_ws/install/msgs/share/msgs/hook/pythonpath.dsv'
[10.249s] INFO:colcon.colcon_core.shell:Creating environment hook '/home/Isaac/ros2_ws/install/msgs/share/msgs/hook/pythonpath.sh'
[10.253s] Level 1:colcon.colcon_core.environment:checking '/home/Isaac/ros2_ws/install/msgs/bin'
[10.254s] Level 1:colcon.colcon_core.environment:create_environment_scripts_only(msgs)
[10.262s] INFO:colcon.colcon_core.shell:Creating package script '/home/Isaac/ros2_ws/install/msgs/share/msgs/package.ps1'
[10.268s] INFO:colcon.colcon_core.shell:Creating package descriptor '/home/Isaac/ros2_ws/install/msgs/share/msgs/package.dsv'
[10.272s] INFO:colcon.colcon_core.shell:Creating package script '/home/Isaac/ros2_ws/install/msgs/share/msgs/package.sh'
[10.278s] INFO:colcon.colcon_core.shell:Creating package script '/home/Isaac/ros2_ws/install/msgs/share/msgs/package.bash'
[10.281s] INFO:colcon.colcon_core.shell:Creating package script '/home/Isaac/ros2_ws/install/msgs/share/msgs/package.zsh'
[10.284s] Level 1:colcon.colcon_core.environment:create_file_with_runtime_dependencies(/home/Isaac/ros2_ws/install/msgs/share/colcon-core/packages/msgs)
[10.287s] INFO:colcon.colcon_ros.task.ament_python.build:Building ROS package in '/home/Isaac/ros2_ws/src/serial_motor_demo/serial_motor_demo' with build type 'ament_python'
[10.288s] Level 1:colcon.colcon_core.shell:create_environment_hook('serial_motor_demo', 'ament_prefix_path')
[10.294s] INFO:colcon.colcon_core.shell:Creating environment hook '/home/Isaac/ros2_ws/install/serial_motor_demo/share/serial_motor_demo/hook/ament_prefix_path.ps1'
[10.296s] INFO:colcon.colcon_core.shell:Creating environment descriptor '/home/Isaac/ros2_ws/install/serial_motor_demo/share/serial_motor_demo/hook/ament_prefix_path.dsv'
[10.299s] INFO:colcon.colcon_core.shell:Creating environment hook '/home/Isaac/ros2_ws/install/serial_motor_demo/share/serial_motor_demo/hook/ament_prefix_path.sh'
[10.306s] INFO:colcon.colcon_core.shell:Skip shell extension 'powershell' for command environment: Not usable outside of PowerShell
[10.307s] DEBUG:colcon.colcon_core.shell:Skip shell extension 'dsv' for command environment
[10.336s] Level 1:colcon.colcon_core.environment:create_environment_scripts_only(serial)
[10.345s] Level 1:colcon.colcon_core.environment:checking '/home/Isaac/ros2_ws/install/serial' for CMake module files
[10.346s] DEBUG:colcon.colcon_core.event_handler.log_command:Invoked command in '/home/Isaac/ros2_ws/build/serial' returned '0': CMAKE_PREFIX_PATH=${CMAKE_PREFIX_PATH}:/home/Isaac/ros2_ws/install/serial_motor_demo:/home/Isaac/ros2_ws/install/sample_package:/home/Isaac/ros2_ws/install/msgs:/home/Isaac/ros2_ws/install/autonomous_exploration:/opt/ros/humble /usr/bin/cmake --install /home/Isaac/ros2_ws/build/serial
[10.349s] Level 1:colcon.colcon_core.environment:checking '/home/Isaac/ros2_ws/install/serial' for CMake config files
[10.352s] Level 1:colcon.colcon_core.shell:create_environment_hook('serial', 'cmake_prefix_path')
[10.357s] INFO:colcon.colcon_core.shell:Creating environment hook '/home/Isaac/ros2_ws/install/serial/share/serial/hook/cmake_prefix_path.ps1'
[10.360s] INFO:colcon.colcon_core.shell:Creating environment descriptor '/home/Isaac/ros2_ws/install/serial/share/serial/hook/cmake_prefix_path.dsv'
[10.361s] INFO:colcon.colcon_core.shell:Creating environment hook '/home/Isaac/ros2_ws/install/serial/share/serial/hook/cmake_prefix_path.sh'
[10.379s] Level 1:colcon.colcon_core.environment:checking '/home/Isaac/ros2_ws/install/serial/lib'
[10.380s] Level 1:colcon.colcon_core.environment:checking '/home/Isaac/ros2_ws/install/serial/bin'
[10.380s] Level 1:colcon.colcon_core.environment:checking '/home/Isaac/ros2_ws/install/serial/lib/pkgconfig/serial.pc'
[10.381s] Level 1:colcon.colcon_core.environment:checking '/home/Isaac/ros2_ws/install/serial/lib/python3.10/site-packages'
[10.382s] Level 1:colcon.colcon_core.environment:checking '/home/Isaac/ros2_ws/install/serial/bin'
[10.388s] INFO:colcon.colcon_core.shell:Creating package script '/home/Isaac/ros2_ws/install/serial/share/serial/package.ps1'
[10.390s] INFO:colcon.colcon_core.shell:Creating package descriptor '/home/Isaac/ros2_ws/install/serial/share/serial/package.dsv'
[10.392s] INFO:colcon.colcon_core.shell:Creating package script '/home/Isaac/ros2_ws/install/serial/share/serial/package.sh'
[10.394s] INFO:colcon.colcon_core.shell:Creating package script '/home/Isaac/ros2_ws/install/serial/share/serial/package.bash'
[10.396s] INFO:colcon.colcon_core.shell:Creating package script '/home/Isaac/ros2_ws/install/serial/share/serial/package.zsh'
[10.398s] Level 1:colcon.colcon_core.environment:create_file_with_runtime_dependencies(/home/Isaac/ros2_ws/install/serial/share/colcon-core/packages/serial)
[10.414s] Level 1:colcon.colcon_core.environment:checking '/home/Isaac/ros2_ws/install/autonomous_exploration' for CMake module files
[10.416s] DEBUG:colcon.colcon_core.event_handler.log_command:Invoked command in '/home/Isaac/ros2_ws/src/autonomous_exploration' returned '0': PYTHONPATH=/home/Isaac/ros2_ws/build/autonomous_exploration/prefix_override:/home/Isaac/ros2_ws/install/autonomous_exploration/lib/python3.10/site-packages:${PYTHONPATH} /usr/bin/python3 setup.py egg_info --egg-base ../../build/autonomous_exploration build --build-base /home/Isaac/ros2_ws/build/autonomous_exploration/build install --record /home/Isaac/ros2_ws/build/autonomous_exploration/install.log --single-version-externally-managed
[10.418s] Level 1:colcon.colcon_core.environment:checking '/home/Isaac/ros2_ws/install/autonomous_exploration' for CMake config files
[10.423s] Level 1:colcon.colcon_core.environment:checking '/home/Isaac/ros2_ws/install/autonomous_exploration/lib'
[10.423s] Level 1:colcon.colcon_core.environment:checking '/home/Isaac/ros2_ws/install/autonomous_exploration/bin'
[10.424s] Level 1:colcon.colcon_core.environment:checking '/home/Isaac/ros2_ws/install/autonomous_exploration/lib/pkgconfig/autonomous_exploration.pc'
[10.426s] Level 1:colcon.colcon_core.environment:checking '/home/Isaac/ros2_ws/install/autonomous_exploration/lib/python3.10/site-packages'
[10.426s] Level 1:colcon.colcon_core.shell:create_environment_hook('autonomous_exploration', 'pythonpath')
[10.433s] INFO:colcon.colcon_core.shell:Creating environment hook '/home/Isaac/ros2_ws/install/autonomous_exploration/share/autonomous_exploration/hook/pythonpath.ps1'
[10.435s] INFO:colcon.colcon_core.shell:Creating environment descriptor '/home/Isaac/ros2_ws/install/autonomous_exploration/share/autonomous_exploration/hook/pythonpath.dsv'
[10.437s] INFO:colcon.colcon_core.shell:Creating environment hook '/home/Isaac/ros2_ws/install/autonomous_exploration/share/autonomous_exploration/hook/pythonpath.sh'
[10.440s] Level 1:colcon.colcon_core.environment:checking '/home/Isaac/ros2_ws/install/autonomous_exploration/bin'
[10.441s] Level 1:colcon.colcon_core.environment:create_environment_scripts_only(autonomous_exploration)
[10.447s] INFO:colcon.colcon_core.shell:Creating package script '/home/Isaac/ros2_ws/install/autonomous_exploration/share/autonomous_exploration/package.ps1'
[10.450s] INFO:colcon.colcon_core.shell:Creating package descriptor '/home/Isaac/ros2_ws/install/autonomous_exploration/share/autonomous_exploration/package.dsv'
[10.452s] INFO:colcon.colcon_core.shell:Creating package script '/home/Isaac/ros2_ws/install/autonomous_exploration/share/autonomous_exploration/package.sh'
[10.455s] INFO:colcon.colcon_core.shell:Creating package script '/home/Isaac/ros2_ws/install/autonomous_exploration/share/autonomous_exploration/package.bash'
[10.457s] INFO:colcon.colcon_core.shell:Creating package script '/home/Isaac/ros2_ws/install/autonomous_exploration/share/autonomous_exploration/package.zsh'
[10.459s] Level 1:colcon.colcon_core.environment:create_file_with_runtime_dependencies(/home/Isaac/ros2_ws/install/autonomous_exploration/share/colcon-core/packages/autonomous_exploration)
[11.756s] INFO:colcon.colcon_core.task.python.build:Building Python package in '/home/Isaac/ros2_ws/src/serial_motor_demo/serial_motor_demo'
[11.761s] INFO:colcon.colcon_core.shell:Skip shell extension 'powershell' for command environment: Not usable outside of PowerShell
[11.762s] DEBUG:colcon.colcon_core.shell:Skip shell extension 'dsv' for command environment
[11.798s] Level 1:colcon.colcon_core.environment:create_environment_scripts_only(serial)
[11.807s] Level 1:colcon.colcon_core.environment:checking '/home/Isaac/ros2_ws/install/serial' for CMake module files
[11.810s] Level 1:colcon.colcon_core.environment:checking '/home/Isaac/ros2_ws/install/serial' for CMake config files
[11.812s] Level 1:colcon.colcon_core.shell:create_environment_hook('serial', 'cmake_prefix_path')
[11.817s] INFO:colcon.colcon_core.shell:Creating environment hook '/home/Isaac/ros2_ws/install/serial/share/serial/hook/cmake_prefix_path.ps1'
[11.819s] INFO:colcon.colcon_core.shell:Creating environment descriptor '/home/Isaac/ros2_ws/install/serial/share/serial/hook/cmake_prefix_path.dsv'
[11.820s] INFO:colcon.colcon_core.shell:Creating environment hook '/home/Isaac/ros2_ws/install/serial/share/serial/hook/cmake_prefix_path.sh'
[11.823s] Level 1:colcon.colcon_core.environment:checking '/home/Isaac/ros2_ws/install/serial/lib'
[11.823s] Level 1:colcon.colcon_core.environment:checking '/home/Isaac/ros2_ws/install/serial/bin'
[11.823s] Level 1:colcon.colcon_core.environment:checking '/home/Isaac/ros2_ws/install/serial/lib/pkgconfig/serial.pc'
[11.824s] Level 1:colcon.colcon_core.environment:checking '/home/Isaac/ros2_ws/install/serial/lib/python3.10/site-packages'
[11.825s] Level 1:colcon.colcon_core.environment:checking '/home/Isaac/ros2_ws/install/serial/bin'
[11.830s] INFO:colcon.colcon_core.shell:Creating package script '/home/Isaac/ros2_ws/install/serial/share/serial/package.ps1'
[11.832s] INFO:colcon.colcon_core.shell:Creating package descriptor '/home/Isaac/ros2_ws/install/serial/share/serial/package.dsv'
[11.834s] INFO:colcon.colcon_core.shell:Creating package script '/home/Isaac/ros2_ws/install/serial/share/serial/package.sh'
[11.836s] INFO:colcon.colcon_core.shell:Creating package script '/home/Isaac/ros2_ws/install/serial/share/serial/package.bash'
[11.838s] INFO:colcon.colcon_core.shell:Creating package script '/home/Isaac/ros2_ws/install/serial/share/serial/package.zsh'
[11.840s] Level 1:colcon.colcon_core.environment:create_file_with_runtime_dependencies(/home/Isaac/ros2_ws/install/serial/share/colcon-core/packages/serial)
[11.856s] DEBUG:colcon.colcon_core.event_handler.log_command:Invoking command in '/home/Isaac/ros2_ws/src/sample_package': PYTHONPATH=/home/Isaac/ros2_ws/build/sample_package/prefix_override:/home/Isaac/ros2_ws/install/sample_package/lib/python3.10/site-packages:${PYTHONPATH} /usr/bin/python3 setup.py egg_info --egg-base ../../build/sample_package build --build-base /home/Isaac/ros2_ws/build/sample_package/build install --record /home/Isaac/ros2_ws/build/sample_package/install.log --single-version-externally-managed
[13.412s] Level 1:colcon.colcon_core.environment:checking '/home/Isaac/ros2_ws/install/sample_package' for CMake module files
[13.414s] DEBUG:colcon.colcon_core.event_handler.log_command:Invoked command in '/home/Isaac/ros2_ws/src/sample_package' returned '0': PYTHONPATH=/home/Isaac/ros2_ws/build/sample_package/prefix_override:/home/Isaac/ros2_ws/install/sample_package/lib/python3.10/site-packages:${PYTHONPATH} /usr/bin/python3 setup.py egg_info --egg-base ../../build/sample_package build --build-base /home/Isaac/ros2_ws/build/sample_package/build install --record /home/Isaac/ros2_ws/build/sample_package/install.log --single-version-externally-managed
[13.416s] Level 1:colcon.colcon_core.environment:checking '/home/Isaac/ros2_ws/install/sample_package' for CMake config files
[13.419s] Level 1:colcon.colcon_core.environment:checking '/home/Isaac/ros2_ws/install/sample_package/lib'
[13.419s] Level 1:colcon.colcon_core.environment:checking '/home/Isaac/ros2_ws/install/sample_package/bin'
[13.420s] Level 1:colcon.colcon_core.environment:checking '/home/Isaac/ros2_ws/install/sample_package/lib/pkgconfig/sample_package.pc'
[13.421s] Level 1:colcon.colcon_core.environment:checking '/home/Isaac/ros2_ws/install/sample_package/lib/python3.10/site-packages'
[13.421s] Level 1:colcon.colcon_core.shell:create_environment_hook('sample_package', 'pythonpath')
[13.426s] INFO:colcon.colcon_core.shell:Creating environment hook '/home/Isaac/ros2_ws/install/sample_package/share/sample_package/hook/pythonpath.ps1'
[13.428s] INFO:colcon.colcon_core.shell:Creating environment descriptor '/home/Isaac/ros2_ws/install/sample_package/share/sample_package/hook/pythonpath.dsv'
[13.430s] INFO:colcon.colcon_core.shell:Creating environment hook '/home/Isaac/ros2_ws/install/sample_package/share/sample_package/hook/pythonpath.sh'
[13.432s] Level 1:colcon.colcon_core.environment:checking '/home/Isaac/ros2_ws/install/sample_package/bin'
[13.433s] Level 1:colcon.colcon_core.environment:create_environment_scripts_only(sample_package)
[13.438s] INFO:colcon.colcon_core.shell:Creating package script '/home/Isaac/ros2_ws/install/sample_package/share/sample_package/package.ps1'
[13.440s] INFO:colcon.colcon_core.shell:Creating package descriptor '/home/Isaac/ros2_ws/install/sample_package/share/sample_package/package.dsv'
[13.442s] INFO:colcon.colcon_core.shell:Creating package script '/home/Isaac/ros2_ws/install/sample_package/share/sample_package/package.sh'
[13.444s] INFO:colcon.colcon_core.shell:Creating package script '/home/Isaac/ros2_ws/install/sample_package/share/sample_package/package.bash'
[13.446s] INFO:colcon.colcon_core.shell:Creating package script '/home/Isaac/ros2_ws/install/sample_package/share/sample_package/package.zsh'
[13.448s] Level 1:colcon.colcon_core.environment:create_file_with_runtime_dependencies(/home/Isaac/ros2_ws/install/sample_package/share/colcon-core/packages/sample_package)
[13.734s] DEBUG:colcon.colcon_core.event_handler.log_command:Invoking command in '/home/Isaac/ros2_ws/src/serial_motor_demo/serial_motor_demo': PYTHONPATH=/home/Isaac/ros2_ws/build/serial_motor_demo/prefix_override:/home/Isaac/ros2_ws/install/serial_motor_demo/lib/python3.10/site-packages:${PYTHONPATH} /usr/bin/python3 setup.py egg_info --egg-base ../../../build/serial_motor_demo build --build-base /home/Isaac/ros2_ws/build/serial_motor_demo/build install --record /home/Isaac/ros2_ws/build/serial_motor_demo/install.log --install-scripts $base/lib/serial_motor_demo --single-version-externally-managed
[15.090s] Level 1:colcon.colcon_core.environment:checking '/home/Isaac/ros2_ws/install/serial_motor_demo' for CMake module files
[15.092s] DEBUG:colcon.colcon_core.event_handler.log_command:Invoked command in '/home/Isaac/ros2_ws/src/serial_motor_demo/serial_motor_demo' returned '0': PYTHONPATH=/home/Isaac/ros2_ws/build/serial_motor_demo/prefix_override:/home/Isaac/ros2_ws/install/serial_motor_demo/lib/python3.10/site-packages:${PYTHONPATH} /usr/bin/python3 setup.py egg_info --egg-base ../../../build/serial_motor_demo build --build-base /home/Isaac/ros2_ws/build/serial_motor_demo/build install --record /home/Isaac/ros2_ws/build/serial_motor_demo/install.log --install-scripts $base/lib/serial_motor_demo --single-version-externally-managed
[15.094s] Level 1:colcon.colcon_core.environment:checking '/home/Isaac/ros2_ws/install/serial_motor_demo' for CMake config files
[15.097s] Level 1:colcon.colcon_core.environment:checking '/home/Isaac/ros2_ws/install/serial_motor_demo/lib'
[15.097s] Level 1:colcon.colcon_core.environment:checking '/home/Isaac/ros2_ws/install/serial_motor_demo/bin'
[15.098s] Level 1:colcon.colcon_core.environment:checking '/home/Isaac/ros2_ws/install/serial_motor_demo/lib/pkgconfig/serial_motor_demo.pc'
[15.098s] Level 1:colcon.colcon_core.environment:checking '/home/Isaac/ros2_ws/install/serial_motor_demo/lib/python3.10/site-packages'
[15.099s] Level 1:colcon.colcon_core.shell:create_environment_hook('serial_motor_demo', 'pythonpath')
[15.104s] INFO:colcon.colcon_core.shell:Creating environment hook '/home/Isaac/ros2_ws/install/serial_motor_demo/share/serial_motor_demo/hook/pythonpath.ps1'
[15.106s] INFO:colcon.colcon_core.shell:Creating environment descriptor '/home/Isaac/ros2_ws/install/serial_motor_demo/share/serial_motor_demo/hook/pythonpath.dsv'
[15.108s] INFO:colcon.colcon_core.shell:Creating environment hook '/home/Isaac/ros2_ws/install/serial_motor_demo/share/serial_motor_demo/hook/pythonpath.sh'
[15.110s] Level 1:colcon.colcon_core.environment:checking '/home/Isaac/ros2_ws/install/serial_motor_demo/bin'
[15.111s] Level 1:colcon.colcon_core.environment:create_environment_scripts_only(serial_motor_demo)
[15.116s] INFO:colcon.colcon_core.shell:Creating package script '/home/Isaac/ros2_ws/install/serial_motor_demo/share/serial_motor_demo/package.ps1'
[15.118s] INFO:colcon.colcon_core.shell:Creating package descriptor '/home/Isaac/ros2_ws/install/serial_motor_demo/share/serial_motor_demo/package.dsv'
[15.120s] INFO:colcon.colcon_core.shell:Creating package script '/home/Isaac/ros2_ws/install/serial_motor_demo/share/serial_motor_demo/package.sh'
[15.122s] INFO:colcon.colcon_core.shell:Creating package script '/home/Isaac/ros2_ws/install/serial_motor_demo/share/serial_motor_demo/package.bash'
[15.124s] INFO:colcon.colcon_core.shell:Creating package script '/home/Isaac/ros2_ws/install/serial_motor_demo/share/serial_motor_demo/package.zsh'
[15.125s] Level 1:colcon.colcon_core.environment:create_file_with_runtime_dependencies(/home/Isaac/ros2_ws/install/serial_motor_demo/share/colcon-core/packages/serial_motor_demo)
[15.126s] DEBUG:colcon.colcon_parallel_executor.executor.parallel:closing loop
[15.127s] DEBUG:colcon.colcon_parallel_executor.executor.parallel:loop closed
[15.128s] DEBUG:colcon.colcon_parallel_executor.executor.parallel:run_until_complete finished with '0'
[15.128s] DEBUG:colcon.colcon_core.event_reactor:joining thread
[15.152s] INFO:colcon.colcon_core.plugin_system:Skipping extension 'colcon_notification.desktop_notification.notify_send': Could not find 'notify-send'
[15.153s] INFO:colcon.colcon_core.plugin_system:Skipping extension 'colcon_notification.desktop_notification.terminal_notifier': Not used on non-Darwin systems
[15.153s] INFO:colcon.colcon_core.plugin_system:Skipping extension 'colcon_notification.desktop_notification.win32': Not used on non-Windows systems
[15.153s] INFO:colcon.colcon_notification.desktop_notification:Sending desktop notification using 'notify2'
[15.156s] DEBUG:colcon.colcon_notification.desktop_notification.notify2:Failed to initialize notify2: org.freedesktop.DBus.Error.ServiceUnknown: The name org.freedesktop.Notifications was not provided by any .service files
[15.156s] DEBUG:colcon.colcon_core.event_reactor:joined thread
[15.161s] INFO:colcon.colcon_core.shell:Creating prefix script '/home/Isaac/ros2_ws/install/local_setup.ps1'
[15.166s] INFO:colcon.colcon_core.shell:Creating prefix util module '/home/Isaac/ros2_ws/install/_local_setup_util_ps1.py'
[15.173s] INFO:colcon.colcon_core.shell:Creating prefix chain script '/home/Isaac/ros2_ws/install/setup.ps1'
[15.181s] INFO:colcon.colcon_core.shell:Creating prefix script '/home/Isaac/ros2_ws/install/local_setup.sh'
[15.183s] INFO:colcon.colcon_core.shell:Creating prefix util module '/home/Isaac/ros2_ws/install/_local_setup_util_sh.py'
[15.185s] INFO:colcon.colcon_core.shell:Creating prefix chain script '/home/Isaac/ros2_ws/install/setup.sh'
[15.192s] INFO:colcon.colcon_core.shell:Creating prefix script '/home/Isaac/ros2_ws/install/local_setup.bash'
[15.195s] INFO:colcon.colcon_core.shell:Creating prefix chain script '/home/Isaac/ros2_ws/install/setup.bash'
[15.202s] INFO:colcon.colcon_core.shell:Creating prefix script '/home/Isaac/ros2_ws/install/local_setup.zsh'
[15.204s] INFO:colcon.colcon_core.shell:Creating prefix chain script '/home/Isaac/ros2_ws/install/setup.zsh'
