[4.385s] Invoking command in '/home/tony_stark/ros2_ws/src/sample_package': PYTHONPATH=/home/tony_stark/ros2_ws/build/sample_package/prefix_override:/home/tony_stark/ros2_ws/install/sample_package/lib/python3.10/site-packages:${PYTHONPATH} /usr/bin/python3 setup.py egg_info --egg-base ../../build/sample_package build --build-base /home/tony_stark/ros2_ws/build/sample_package/build install --record /home/tony_stark/ros2_ws/build/sample_package/install.log --single-version-externally-managed
[5.610s] running egg_info
[5.613s] writing ../../build/sample_package/sample_package.egg-info/PKG-INFO
[5.614s] writing dependency_links to ../../build/sample_package/sample_package.egg-info/dependency_links.txt
[5.615s] writing entry points to ../../build/sample_package/sample_package.egg-info/entry_points.txt
[5.616s] writing requirements to ../../build/sample_package/sample_package.egg-info/requires.txt
[5.618s] writing top-level names to ../../build/sample_package/sample_package.egg-info/top_level.txt
[5.626s] reading manifest file '../../build/sample_package/sample_package.egg-info/SOURCES.txt'
[5.629s] writing manifest file '../../build/sample_package/sample_package.egg-info/SOURCES.txt'
[5.630s] running build
[5.631s] running build_py
[5.631s] running install
[5.633s] running install_lib
[5.638s] running install_data
[5.641s] running install_egg_info
[5.647s] removing '/home/tony_stark/ros2_ws/install/sample_package/lib/python3.10/site-packages/sample_package-0.0.0-py3.10.egg-info' (and everything under it)
[5.648s] Copying ../../build/sample_package/sample_package.egg-info to /home/tony_stark/ros2_ws/install/sample_package/lib/python3.10/site-packages/sample_package-0.0.0-py3.10.egg-info
[5.651s] running install_scripts
[5.730s] Installing fan_sub script to /home/tony_stark/ros2_ws/install/sample_package/lib/sample_package
[5.731s] Installing process script to /home/tony_stark/ros2_ws/install/sample_package/lib/sample_package
[5.732s] Installing senpub script to /home/tony_stark/ros2_ws/install/sample_package/lib/sample_package
[5.732s] Installing talk script to /home/tony_stark/ros2_ws/install/sample_package/lib/sample_package
[5.734s] writing list of installed files to '/home/tony_stark/ros2_ws/build/sample_package/install.log'
[5.854s] Invoked command in '/home/tony_stark/ros2_ws/src/sample_package' returned '0': PYTHONPATH=/home/tony_stark/ros2_ws/build/sample_package/prefix_override:/home/tony_stark/ros2_ws/install/sample_package/lib/python3.10/site-packages:${PYTHONPATH} /usr/bin/python3 setup.py egg_info --egg-base ../../build/sample_package build --build-base /home/tony_stark/ros2_ws/build/sample_package/build install --record /home/tony_stark/ros2_ws/build/sample_package/install.log --single-version-externally-managed
