[1.124s] Invoking command in '/home/tony_stark/ros2_ws/src/sample_package': PYTHONPATH=/home/tony_stark/ros2_ws/build/sample_package/prefix_override:/home/tony_stark/ros2_ws/install/sample_package/lib/python3.10/site-packages:${PYTHONPATH} /usr/bin/python3 setup.py egg_info --egg-base ../../build/sample_package build --build-base /home/tony_stark/ros2_ws/build/sample_package/build install --record /home/tony_stark/ros2_ws/build/sample_package/install.log --single-version-externally-managed
[1.554s] running egg_info
[1.555s] writing ../../build/sample_package/sample_package.egg-info/PKG-INFO
[1.556s] writing dependency_links to ../../build/sample_package/sample_package.egg-info/dependency_links.txt
[1.556s] writing entry points to ../../build/sample_package/sample_package.egg-info/entry_points.txt
[1.557s] writing requirements to ../../build/sample_package/sample_package.egg-info/requires.txt
[1.557s] writing top-level names to ../../build/sample_package/sample_package.egg-info/top_level.txt
[1.561s] reading manifest file '../../build/sample_package/sample_package.egg-info/SOURCES.txt'
[1.562s] writing manifest file '../../build/sample_package/sample_package.egg-info/SOURCES.txt'
[1.563s] running build
[1.563s] running build_py
[1.563s] copying sample_package/sensor_publish.py -> /home/tony_stark/ros2_ws/build/sample_package/build/lib/sample_package
[1.564s] copying sample_package/processing.py -> /home/tony_stark/ros2_ws/build/sample_package/build/lib/sample_package
[1.565s] running install
[1.565s] /usr/lib/python3/dist-packages/setuptools/command/install.py:34: SetuptoolsDeprecationWarning: setup.py install is deprecated. Use build and pip and other standards-based tools.
[1.565s]   warnings.warn(
[1.565s] running install_lib
[1.567s] copying /home/tony_stark/ros2_ws/build/sample_package/build/lib/sample_package/sensor_publish.py -> /home/tony_stark/ros2_ws/install/sample_package/lib/python3.10/site-packages/sample_package
[1.568s] copying /home/tony_stark/ros2_ws/build/sample_package/build/lib/sample_package/processing.py -> /home/tony_stark/ros2_ws/install/sample_package/lib/python3.10/site-packages/sample_package
[1.569s] byte-compiling /home/tony_stark/ros2_ws/install/sample_package/lib/python3.10/site-packages/sample_package/sensor_publish.py to sensor_publish.cpython-310.pyc
[1.570s] byte-compiling /home/tony_stark/ros2_ws/install/sample_package/lib/python3.10/site-packages/sample_package/processing.py to processing.cpython-310.pyc
[1.571s] running install_data
[1.572s] running install_egg_info
[1.574s] removing '/home/tony_stark/ros2_ws/install/sample_package/lib/python3.10/site-packages/sample_package-0.0.0-py3.10.egg-info' (and everything under it)
[1.575s] Copying ../../build/sample_package/sample_package.egg-info to /home/tony_stark/ros2_ws/install/sample_package/lib/python3.10/site-packages/sample_package-0.0.0-py3.10.egg-info
[1.576s] running install_scripts
[1.613s] Installing process script to /home/tony_stark/ros2_ws/install/sample_package/lib/sample_package
[1.613s] Installing senpub script to /home/tony_stark/ros2_ws/install/sample_package/lib/sample_package
[1.614s] Installing talk script to /home/tony_stark/ros2_ws/install/sample_package/lib/sample_package
[1.614s] writing list of installed files to '/home/tony_stark/ros2_ws/build/sample_package/install.log'
[1.684s] Invoked command in '/home/tony_stark/ros2_ws/src/sample_package' returned '0': PYTHONPATH=/home/tony_stark/ros2_ws/build/sample_package/prefix_override:/home/tony_stark/ros2_ws/install/sample_package/lib/python3.10/site-packages:${PYTHONPATH} /usr/bin/python3 setup.py egg_info --egg-base ../../build/sample_package build --build-base /home/tony_stark/ros2_ws/build/sample_package/build install --record /home/tony_stark/ros2_ws/build/sample_package/install.log --single-version-externally-managed
