[3.300s] DEBUG:colcon:Command line arguments: ['/usr/bin/colcon', 'build']
[3.300s] DEBUG:colcon:Parsed command line arguments: Namespace(log_base=None, log_level=None, verb_name='build', build_base='build', install_base='install', merge_install=False, symlink_install=False, test_result_base=None, continue_on_error=False, executor='parallel', parallel_workers=2, event_handlers=None, ignore_user_meta=False, metas=['./colcon.meta'], base_paths=['.'], packages_ignore=None, packages_ignore_regex=None, paths=None, packages_up_to=None, packages_up_to_regex=None, packages_above=None, packages_above_and_dependencies=None, packages_above_depth=None, packages_select_by_dep=None, packages_skip_by_dep=None, packages_skip_up_to=None, packages_select_build_failed=False, packages_skip_build_finished=False, packages_select_test_failures=False, packages_skip_test_passed=False, packages_select=None, packages_skip=None, packages_select_regex=None, packages_skip_regex=None, packages_start=None, packages_end=None, allow_overriding=[], cmake_args=None, cmake_target=None, cmake_target_skip_unavailable=False, cmake_clean_cache=False, cmake_clean_first=False, cmake_force_configure=False, ament_cmake_args=None, catkin_cmake_args=None, catkin_skip_building_tests=False, verb_parser=<colcon_defaults.argument_parser.defaults.DefaultArgumentsDecorator object at 0x7f695bc4e530>, verb_extension=<colcon_core.verb.build.BuildVerb object at 0x7f695bc4dfc0>, main=<bound method BuildVerb.main of <colcon_core.verb.build.BuildVerb object at 0x7f695bc4dfc0>>)
[3.387s] Level 1:colcon.colcon_core.package_discovery:discover_packages(colcon_meta) check parameters
[3.387s] Level 1:colcon.colcon_core.package_discovery:discover_packages(recursive) check parameters
[3.387s] Level 1:colcon.colcon_core.package_discovery:discover_packages(ignore) check parameters
[3.387s] Level 1:colcon.colcon_core.package_discovery:discover_packages(path) check parameters
[3.387s] Level 1:colcon.colcon_core.package_discovery:discover_packages(colcon_meta) discover
[3.387s] Level 1:colcon.colcon_core.package_discovery:discover_packages(recursive) discover
[3.387s] INFO:colcon.colcon_core.package_discovery:Crawling recursively for packages in '/home/tony_stark/ros2_ws'
[3.387s] Level 1:colcon.colcon_core.package_identification:_identify(.) by extensions ['ignore', 'ignore_ament_install']
[3.388s] Level 1:colcon.colcon_core.package_identification:_identify(.) by extension 'ignore'
[3.388s] Level 1:colcon.colcon_core.package_identification:_identify(.) by extension 'ignore_ament_install'
[3.388s] Level 1:colcon.colcon_core.package_identification:_identify(.) by extensions ['colcon_pkg']
[3.388s] Level 1:colcon.colcon_core.package_identification:_identify(.) by extension 'colcon_pkg'
[3.388s] Level 1:colcon.colcon_core.package_identification:_identify(.) by extensions ['colcon_meta']
[3.388s] Level 1:colcon.colcon_core.package_identification:_identify(.) by extension 'colcon_meta'
[3.388s] Level 1:colcon.colcon_core.package_identification:_identify(.) by extensions ['ros']
[3.388s] Level 1:colcon.colcon_core.package_identification:_identify(.) by extension 'ros'
[3.410s] Level 1:colcon.colcon_core.package_identification:_identify(.) by extensions ['cmake', 'python']
[3.410s] Level 1:colcon.colcon_core.package_identification:_identify(.) by extension 'cmake'
[3.410s] Level 1:colcon.colcon_core.package_identification:_identify(.) by extension 'python'
[3.410s] Level 1:colcon.colcon_core.package_identification:_identify(.) by extensions ['python_setup_py']
[3.410s] Level 1:colcon.colcon_core.package_identification:_identify(.) by extension 'python_setup_py'
[3.410s] Level 1:colcon.colcon_core.package_identification:_identify(build) by extensions ['ignore', 'ignore_ament_install']
[3.411s] Level 1:colcon.colcon_core.package_identification:_identify(build) by extension 'ignore'
[3.411s] Level 1:colcon.colcon_core.package_identification:_identify(build) ignored
[3.411s] Level 1:colcon.colcon_core.package_identification:_identify(install) by extensions ['ignore', 'ignore_ament_install']
[3.411s] Level 1:colcon.colcon_core.package_identification:_identify(install) by extension 'ignore'
[3.411s] Level 1:colcon.colcon_core.package_identification:_identify(install) ignored
[3.412s] Level 1:colcon.colcon_core.package_identification:_identify(log) by extensions ['ignore', 'ignore_ament_install']
[3.412s] Level 1:colcon.colcon_core.package_identification:_identify(log) by extension 'ignore'
[3.412s] Level 1:colcon.colcon_core.package_identification:_identify(log) ignored
[3.412s] Level 1:colcon.colcon_core.package_identification:_identify(models) by extensions ['ignore', 'ignore_ament_install']
[3.412s] Level 1:colcon.colcon_core.package_identification:_identify(models) by extension 'ignore'
[3.412s] Level 1:colcon.colcon_core.package_identification:_identify(models) by extension 'ignore_ament_install'
[3.412s] Level 1:colcon.colcon_core.package_identification:_identify(models) by extensions ['colcon_pkg']
[3.412s] Level 1:colcon.colcon_core.package_identification:_identify(models) by extension 'colcon_pkg'
[3.412s] Level 1:colcon.colcon_core.package_identification:_identify(models) by extensions ['colcon_meta']
[3.412s] Level 1:colcon.colcon_core.package_identification:_identify(models) by extension 'colcon_meta'
[3.412s] Level 1:colcon.colcon_core.package_identification:_identify(models) by extensions ['ros']
[3.412s] Level 1:colcon.colcon_core.package_identification:_identify(models) by extension 'ros'
[3.413s] Level 1:colcon.colcon_core.package_identification:_identify(models) by extensions ['cmake', 'python']
[3.413s] Level 1:colcon.colcon_core.package_identification:_identify(models) by extension 'cmake'
[3.413s] Level 1:colcon.colcon_core.package_identification:_identify(models) by extension 'python'
[3.413s] Level 1:colcon.colcon_core.package_identification:_identify(models) by extensions ['python_setup_py']
[3.413s] Level 1:colcon.colcon_core.package_identification:_identify(models) by extension 'python_setup_py'
[3.413s] Level 1:colcon.colcon_core.package_identification:_identify(src) by extensions ['ignore', 'ignore_ament_install']
[3.413s] Level 1:colcon.colcon_core.package_identification:_identify(src) by extension 'ignore'
[3.413s] Level 1:colcon.colcon_core.package_identification:_identify(src) by extension 'ignore_ament_install'
[3.413s] Level 1:colcon.colcon_core.package_identification:_identify(src) by extensions ['colcon_pkg']
[3.413s] Level 1:colcon.colcon_core.package_identification:_identify(src) by extension 'colcon_pkg'
[3.413s] Level 1:colcon.colcon_core.package_identification:_identify(src) by extensions ['colcon_meta']
[3.414s] Level 1:colcon.colcon_core.package_identification:_identify(src) by extension 'colcon_meta'
[3.414s] Level 1:colcon.colcon_core.package_identification:_identify(src) by extensions ['ros']
[3.414s] Level 1:colcon.colcon_core.package_identification:_identify(src) by extension 'ros'
[3.414s] Level 1:colcon.colcon_core.package_identification:_identify(src) by extensions ['cmake', 'python']
[3.414s] Level 1:colcon.colcon_core.package_identification:_identify(src) by extension 'cmake'
[3.414s] Level 1:colcon.colcon_core.package_identification:_identify(src) by extension 'python'
[3.414s] Level 1:colcon.colcon_core.package_identification:_identify(src) by extensions ['python_setup_py']
[3.414s] Level 1:colcon.colcon_core.package_identification:_identify(src) by extension 'python_setup_py'
[3.414s] Level 1:colcon.colcon_core.package_identification:_identify(src/autonomous_exploration) by extensions ['ignore', 'ignore_ament_install']
[3.414s] Level 1:colcon.colcon_core.package_identification:_identify(src/autonomous_exploration) by extension 'ignore'
[3.414s] Level 1:colcon.colcon_core.package_identification:_identify(src/autonomous_exploration) by extension 'ignore_ament_install'
[3.414s] Level 1:colcon.colcon_core.package_identification:_identify(src/autonomous_exploration) by extensions ['colcon_pkg']
[3.414s] Level 1:colcon.colcon_core.package_identification:_identify(src/autonomous_exploration) by extension 'colcon_pkg'
[3.415s] Level 1:colcon.colcon_core.package_identification:_identify(src/autonomous_exploration) by extensions ['colcon_meta']
[3.415s] Level 1:colcon.colcon_core.package_identification:_identify(src/autonomous_exploration) by extension 'colcon_meta'
[3.415s] Level 1:colcon.colcon_core.package_identification:_identify(src/autonomous_exploration) by extensions ['ros']
[3.415s] Level 1:colcon.colcon_core.package_identification:_identify(src/autonomous_exploration) by extension 'ros'
[3.419s] DEBUG:colcon.colcon_core.package_identification:Package 'src/autonomous_exploration' with type 'ros.ament_python' and name 'autonomous_exploration'
[3.419s] Level 1:colcon.colcon_core.package_identification:_identify(src/msgs) by extensions ['ignore', 'ignore_ament_install']
[3.419s] Level 1:colcon.colcon_core.package_identification:_identify(src/msgs) by extension 'ignore'
[3.419s] Level 1:colcon.colcon_core.package_identification:_identify(src/msgs) by extension 'ignore_ament_install'
[3.419s] Level 1:colcon.colcon_core.package_identification:_identify(src/msgs) by extensions ['colcon_pkg']
[3.419s] Level 1:colcon.colcon_core.package_identification:_identify(src/msgs) by extension 'colcon_pkg'
[3.420s] Level 1:colcon.colcon_core.package_identification:_identify(src/msgs) by extensions ['colcon_meta']
[3.420s] Level 1:colcon.colcon_core.package_identification:_identify(src/msgs) by extension 'colcon_meta'
[3.420s] Level 1:colcon.colcon_core.package_identification:_identify(src/msgs) by extensions ['ros']
[3.420s] Level 1:colcon.colcon_core.package_identification:_identify(src/msgs) by extension 'ros'
[3.421s] DEBUG:colcon.colcon_core.package_identification:Package 'src/msgs' with type 'ros.ament_python' and name 'msgs'
[3.421s] Level 1:colcon.colcon_core.package_identification:_identify(src/navigation_module) by extensions ['ignore', 'ignore_ament_install']
[3.422s] Level 1:colcon.colcon_core.package_identification:_identify(src/navigation_module) by extension 'ignore'
[3.422s] Level 1:colcon.colcon_core.package_identification:_identify(src/navigation_module) by extension 'ignore_ament_install'
[3.422s] Level 1:colcon.colcon_core.package_identification:_identify(src/navigation_module) by extensions ['colcon_pkg']
[3.422s] Level 1:colcon.colcon_core.package_identification:_identify(src/navigation_module) by extension 'colcon_pkg'
[3.422s] Level 1:colcon.colcon_core.package_identification:_identify(src/navigation_module) by extensions ['colcon_meta']
[3.422s] Level 1:colcon.colcon_core.package_identification:_identify(src/navigation_module) by extension 'colcon_meta'
[3.422s] Level 1:colcon.colcon_core.package_identification:_identify(src/navigation_module) by extensions ['ros']
[3.422s] Level 1:colcon.colcon_core.package_identification:_identify(src/navigation_module) by extension 'ros'
[3.423s] DEBUG:colcon.colcon_core.package_identification:Package 'src/navigation_module' with type 'ros.ament_python' and name 'navigation_module'
[3.423s] Level 1:colcon.colcon_core.package_identification:_identify(src/sample_package) by extensions ['ignore', 'ignore_ament_install']
[3.423s] Level 1:colcon.colcon_core.package_identification:_identify(src/sample_package) by extension 'ignore'
[3.424s] Level 1:colcon.colcon_core.package_identification:_identify(src/sample_package) by extension 'ignore_ament_install'
[3.424s] Level 1:colcon.colcon_core.package_identification:_identify(src/sample_package) by extensions ['colcon_pkg']
[3.424s] Level 1:colcon.colcon_core.package_identification:_identify(src/sample_package) by extension 'colcon_pkg'
[3.424s] Level 1:colcon.colcon_core.package_identification:_identify(src/sample_package) by extensions ['colcon_meta']
[3.424s] Level 1:colcon.colcon_core.package_identification:_identify(src/sample_package) by extension 'colcon_meta'
[3.424s] Level 1:colcon.colcon_core.package_identification:_identify(src/sample_package) by extensions ['ros']
[3.424s] Level 1:colcon.colcon_core.package_identification:_identify(src/sample_package) by extension 'ros'
[3.425s] DEBUG:colcon.colcon_core.package_identification:Package 'src/sample_package' with type 'ros.ament_python' and name 'sample_package'
[3.425s] Level 1:colcon.colcon_core.package_discovery:discover_packages(recursive) using defaults
[3.425s] Level 1:colcon.colcon_core.package_discovery:discover_packages(ignore) discover
[3.425s] Level 1:colcon.colcon_core.package_discovery:discover_packages(ignore) using defaults
[3.425s] Level 1:colcon.colcon_core.package_discovery:discover_packages(path) discover
[3.425s] Level 1:colcon.colcon_core.package_discovery:discover_packages(path) using defaults
[3.469s] Level 1:colcon.colcon_core.package_discovery:discover_packages(prefix_path) check parameters
[3.469s] Level 1:colcon.colcon_core.package_discovery:discover_packages(prefix_path) discover
[3.476s] DEBUG:colcon.colcon_installed_package_information.package_discovery:Found 8 installed packages in /home/tony_stark/ros2_ws/install
[3.479s] DEBUG:colcon.colcon_installed_package_information.package_discovery:Found 374 installed packages in /opt/ros/humble
[3.483s] Level 1:colcon.colcon_core.package_discovery:discover_packages(prefix_path) using defaults
[3.609s] Level 5:colcon.colcon_core.verb:set package 'autonomous_exploration' build argument 'cmake_args' from command line to 'None'
[3.609s] Level 5:colcon.colcon_core.verb:set package 'autonomous_exploration' build argument 'cmake_target' from command line to 'None'
[3.609s] Level 5:colcon.colcon_core.verb:set package 'autonomous_exploration' build argument 'cmake_target_skip_unavailable' from command line to 'False'
[3.609s] Level 5:colcon.colcon_core.verb:set package 'autonomous_exploration' build argument 'cmake_clean_cache' from command line to 'False'
[3.609s] Level 5:colcon.colcon_core.verb:set package 'autonomous_exploration' build argument 'cmake_clean_first' from command line to 'False'
[3.609s] Level 5:colcon.colcon_core.verb:set package 'autonomous_exploration' build argument 'cmake_force_configure' from command line to 'False'
[3.609s] Level 5:colcon.colcon_core.verb:set package 'autonomous_exploration' build argument 'ament_cmake_args' from command line to 'None'
[3.609s] Level 5:colcon.colcon_core.verb:set package 'autonomous_exploration' build argument 'catkin_cmake_args' from command line to 'None'
[3.609s] Level 5:colcon.colcon_core.verb:set package 'autonomous_exploration' build argument 'catkin_skip_building_tests' from command line to 'False'
[3.609s] DEBUG:colcon.colcon_core.verb:Building package 'autonomous_exploration' with the following arguments: {'ament_cmake_args': None, 'build_base': '/home/tony_stark/ros2_ws/build/autonomous_exploration', 'catkin_cmake_args': None, 'catkin_skip_building_tests': False, 'cmake_args': None, 'cmake_clean_cache': False, 'cmake_clean_first': False, 'cmake_force_configure': False, 'cmake_target': None, 'cmake_target_skip_unavailable': False, 'install_base': '/home/tony_stark/ros2_ws/install/autonomous_exploration', 'merge_install': False, 'path': '/home/tony_stark/ros2_ws/src/autonomous_exploration', 'symlink_install': False, 'test_result_base': None}
[3.611s] Level 5:colcon.colcon_core.verb:set package 'msgs' build argument 'cmake_args' from command line to 'None'
[3.611s] Level 5:colcon.colcon_core.verb:set package 'msgs' build argument 'cmake_target' from command line to 'None'
[3.612s] Level 5:colcon.colcon_core.verb:set package 'msgs' build argument 'cmake_target_skip_unavailable' from command line to 'False'
[3.612s] Level 5:colcon.colcon_core.verb:set package 'msgs' build argument 'cmake_clean_cache' from command line to 'False'
[3.612s] Level 5:colcon.colcon_core.verb:set package 'msgs' build argument 'cmake_clean_first' from command line to 'False'
[3.612s] Level 5:colcon.colcon_core.verb:set package 'msgs' build argument 'cmake_force_configure' from command line to 'False'
[3.612s] Level 5:colcon.colcon_core.verb:set package 'msgs' build argument 'ament_cmake_args' from command line to 'None'
[3.612s] Level 5:colcon.colcon_core.verb:set package 'msgs' build argument 'catkin_cmake_args' from command line to 'None'
[3.612s] Level 5:colcon.colcon_core.verb:set package 'msgs' build argument 'catkin_skip_building_tests' from command line to 'False'
[3.612s] DEBUG:colcon.colcon_core.verb:Building package 'msgs' with the following arguments: {'ament_cmake_args': None, 'build_base': '/home/tony_stark/ros2_ws/build/msgs', 'catkin_cmake_args': None, 'catkin_skip_building_tests': False, 'cmake_args': None, 'cmake_clean_cache': False, 'cmake_clean_first': False, 'cmake_force_configure': False, 'cmake_target': None, 'cmake_target_skip_unavailable': False, 'install_base': '/home/tony_stark/ros2_ws/install/msgs', 'merge_install': False, 'path': '/home/tony_stark/ros2_ws/src/msgs', 'symlink_install': False, 'test_result_base': None}
[3.614s] Level 5:colcon.colcon_core.verb:set package 'navigation_module' build argument 'cmake_args' from command line to 'None'
[3.614s] Level 5:colcon.colcon_core.verb:set package 'navigation_module' build argument 'cmake_target' from command line to 'None'
[3.614s] Level 5:colcon.colcon_core.verb:set package 'navigation_module' build argument 'cmake_target_skip_unavailable' from command line to 'False'
[3.614s] Level 5:colcon.colcon_core.verb:set package 'navigation_module' build argument 'cmake_clean_cache' from command line to 'False'
[3.614s] Level 5:colcon.colcon_core.verb:set package 'navigation_module' build argument 'cmake_clean_first' from command line to 'False'
[3.614s] Level 5:colcon.colcon_core.verb:set package 'navigation_module' build argument 'cmake_force_configure' from command line to 'False'
[3.614s] Level 5:colcon.colcon_core.verb:set package 'navigation_module' build argument 'ament_cmake_args' from command line to 'None'
[3.614s] Level 5:colcon.colcon_core.verb:set package 'navigation_module' build argument 'catkin_cmake_args' from command line to 'None'
[3.614s] Level 5:colcon.colcon_core.verb:set package 'navigation_module' build argument 'catkin_skip_building_tests' from command line to 'False'
[3.614s] DEBUG:colcon.colcon_core.verb:Building package 'navigation_module' with the following arguments: {'ament_cmake_args': None, 'build_base': '/home/tony_stark/ros2_ws/build/navigation_module', 'catkin_cmake_args': None, 'catkin_skip_building_tests': False, 'cmake_args': None, 'cmake_clean_cache': False, 'cmake_clean_first': False, 'cmake_force_configure': False, 'cmake_target': None, 'cmake_target_skip_unavailable': False, 'install_base': '/home/tony_stark/ros2_ws/install/navigation_module', 'merge_install': False, 'path': '/home/tony_stark/ros2_ws/src/navigation_module', 'symlink_install': False, 'test_result_base': None}
[3.616s] Level 5:colcon.colcon_core.verb:set package 'sample_package' build argument 'cmake_args' from command line to 'None'
[3.617s] Level 5:colcon.colcon_core.verb:set package 'sample_package' build argument 'cmake_target' from command line to 'None'
[3.617s] Level 5:colcon.colcon_core.verb:set package 'sample_package' build argument 'cmake_target_skip_unavailable' from command line to 'False'
[3.617s] Level 5:colcon.colcon_core.verb:set package 'sample_package' build argument 'cmake_clean_cache' from command line to 'False'
[3.617s] Level 5:colcon.colcon_core.verb:set package 'sample_package' build argument 'cmake_clean_first' from command line to 'False'
[3.617s] Level 5:colcon.colcon_core.verb:set package 'sample_package' build argument 'cmake_force_configure' from command line to 'False'
[3.617s] Level 5:colcon.colcon_core.verb:set package 'sample_package' build argument 'ament_cmake_args' from command line to 'None'
[3.617s] Level 5:colcon.colcon_core.verb:set package 'sample_package' build argument 'catkin_cmake_args' from command line to 'None'
[3.617s] Level 5:colcon.colcon_core.verb:set package 'sample_package' build argument 'catkin_skip_building_tests' from command line to 'False'
[3.617s] DEBUG:colcon.colcon_core.verb:Building package 'sample_package' with the following arguments: {'ament_cmake_args': None, 'build_base': '/home/tony_stark/ros2_ws/build/sample_package', 'catkin_cmake_args': None, 'catkin_skip_building_tests': False, 'cmake_args': None, 'cmake_clean_cache': False, 'cmake_clean_first': False, 'cmake_force_configure': False, 'cmake_target': None, 'cmake_target_skip_unavailable': False, 'install_base': '/home/tony_stark/ros2_ws/install/sample_package', 'merge_install': False, 'path': '/home/tony_stark/ros2_ws/src/sample_package', 'symlink_install': False, 'test_result_base': None}
[3.618s] INFO:colcon.colcon_core.executor:Executing jobs using 'parallel' executor
[3.624s] DEBUG:colcon.colcon_parallel_executor.executor.parallel:run_until_complete
[3.625s] INFO:colcon.colcon_ros.task.ament_python.build:Building ROS package in '/home/tony_stark/ros2_ws/src/autonomous_exploration' with build type 'ament_python'
[3.626s] Level 1:colcon.colcon_core.shell:create_environment_hook('autonomous_exploration', 'ament_prefix_path')
[3.635s] INFO:colcon.colcon_core.plugin_system:Skipping extension 'colcon_core.shell.bat': Not used on non-Windows systems
[3.635s] INFO:colcon.colcon_core.shell:Creating environment hook '/home/tony_stark/ros2_ws/install/autonomous_exploration/share/autonomous_exploration/hook/ament_prefix_path.ps1'
[3.636s] INFO:colcon.colcon_core.shell:Creating environment descriptor '/home/tony_stark/ros2_ws/install/autonomous_exploration/share/autonomous_exploration/hook/ament_prefix_path.dsv'
[3.638s] INFO:colcon.colcon_core.shell:Creating environment hook '/home/tony_stark/ros2_ws/install/autonomous_exploration/share/autonomous_exploration/hook/ament_prefix_path.sh'
[3.642s] INFO:colcon.colcon_core.shell:Skip shell extension 'powershell' for command environment: Not usable outside of PowerShell
[3.642s] DEBUG:colcon.colcon_core.shell:Skip shell extension 'dsv' for command environment
[3.655s] INFO:colcon.colcon_ros.task.ament_python.build:Building ROS package in '/home/tony_stark/ros2_ws/src/msgs' with build type 'ament_python'
[3.656s] Level 1:colcon.colcon_core.shell:create_environment_hook('msgs', 'ament_prefix_path')
[3.659s] INFO:colcon.colcon_core.shell:Creating environment hook '/home/tony_stark/ros2_ws/install/msgs/share/msgs/hook/ament_prefix_path.ps1'
[3.660s] INFO:colcon.colcon_core.shell:Creating environment descriptor '/home/tony_stark/ros2_ws/install/msgs/share/msgs/hook/ament_prefix_path.dsv'
[3.660s] INFO:colcon.colcon_core.shell:Creating environment hook '/home/tony_stark/ros2_ws/install/msgs/share/msgs/hook/ament_prefix_path.sh'
[3.664s] INFO:colcon.colcon_core.shell:Skip shell extension 'powershell' for command environment: Not usable outside of PowerShell
[3.664s] DEBUG:colcon.colcon_core.shell:Skip shell extension 'dsv' for command environment
[4.263s] INFO:colcon.colcon_core.task.python.build:Building Python package in '/home/tony_stark/ros2_ws/src/autonomous_exploration'
[4.265s] INFO:colcon.colcon_core.shell:Skip shell extension 'powershell' for command environment: Not usable outside of PowerShell
[4.265s] DEBUG:colcon.colcon_core.shell:Skip shell extension 'dsv' for command environment
[4.823s] INFO:colcon.colcon_core.task.python.build:Building Python package in '/home/tony_stark/ros2_ws/src/msgs'
[4.826s] INFO:colcon.colcon_core.shell:Skip shell extension 'powershell' for command environment: Not usable outside of PowerShell
[4.826s] DEBUG:colcon.colcon_core.shell:Skip shell extension 'dsv' for command environment
[6.107s] DEBUG:colcon.colcon_core.event_handler.log_command:Invoking command in '/home/tony_stark/ros2_ws/src/autonomous_exploration': PYTHONPATH=/home/tony_stark/ros2_ws/build/autonomous_exploration/prefix_override:/home/tony_stark/ros2_ws/install/autonomous_exploration/lib/python3.10/site-packages:${PYTHONPATH} /usr/bin/python3 setup.py egg_info --egg-base ../../build/autonomous_exploration build --build-base /home/tony_stark/ros2_ws/build/autonomous_exploration/build install --record /home/tony_stark/ros2_ws/build/autonomous_exploration/install.log --single-version-externally-managed
[6.131s] DEBUG:colcon.colcon_core.event_handler.log_command:Invoking command in '/home/tony_stark/ros2_ws/src/msgs': PYTHONPATH=/home/tony_stark/ros2_ws/build/msgs/prefix_override:/home/tony_stark/ros2_ws/install/msgs/lib/python3.10/site-packages:${PYTHONPATH} /usr/bin/python3 setup.py egg_info --egg-base ../../build/msgs build --build-base /home/tony_stark/ros2_ws/build/msgs/build install --record /home/tony_stark/ros2_ws/build/msgs/install.log --single-version-externally-managed
[7.026s] DEBUG:colcon.colcon_core.event_handler.log_command:Invoked command in '/home/tony_stark/ros2_ws/src/msgs' returned '0': PYTHONPATH=/home/tony_stark/ros2_ws/build/msgs/prefix_override:/home/tony_stark/ros2_ws/install/msgs/lib/python3.10/site-packages:${PYTHONPATH} /usr/bin/python3 setup.py egg_info --egg-base ../../build/msgs build --build-base /home/tony_stark/ros2_ws/build/msgs/build install --record /home/tony_stark/ros2_ws/build/msgs/install.log --single-version-externally-managed
[7.040s] Level 1:colcon.colcon_core.environment:checking '/home/tony_stark/ros2_ws/install/msgs' for CMake module files
[7.042s] Level 1:colcon.colcon_core.environment:checking '/home/tony_stark/ros2_ws/install/msgs' for CMake config files
[7.044s] Level 1:colcon.colcon_core.environment:checking '/home/tony_stark/ros2_ws/install/msgs/lib'
[7.044s] Level 1:colcon.colcon_core.environment:checking '/home/tony_stark/ros2_ws/install/msgs/bin'
[7.044s] Level 1:colcon.colcon_core.environment:checking '/home/tony_stark/ros2_ws/install/msgs/lib/pkgconfig/msgs.pc'
[7.045s] Level 1:colcon.colcon_core.environment:checking '/home/tony_stark/ros2_ws/install/msgs/lib/python3.10/site-packages'
[7.045s] Level 1:colcon.colcon_core.shell:create_environment_hook('msgs', 'pythonpath')
[7.049s] INFO:colcon.colcon_core.shell:Creating environment hook '/home/tony_stark/ros2_ws/install/msgs/share/msgs/hook/pythonpath.ps1'
[7.050s] INFO:colcon.colcon_core.shell:Creating environment descriptor '/home/tony_stark/ros2_ws/install/msgs/share/msgs/hook/pythonpath.dsv'
[7.051s] INFO:colcon.colcon_core.shell:Creating environment hook '/home/tony_stark/ros2_ws/install/msgs/share/msgs/hook/pythonpath.sh'
[7.052s] Level 1:colcon.colcon_core.environment:checking '/home/tony_stark/ros2_ws/install/msgs/bin'
[7.052s] Level 1:colcon.colcon_core.environment:create_environment_scripts_only(msgs)
[7.056s] INFO:colcon.colcon_core.shell:Creating package script '/home/tony_stark/ros2_ws/install/msgs/share/msgs/package.ps1'
[7.058s] INFO:colcon.colcon_core.shell:Creating package descriptor '/home/tony_stark/ros2_ws/install/msgs/share/msgs/package.dsv'
[7.060s] INFO:colcon.colcon_core.shell:Creating package script '/home/tony_stark/ros2_ws/install/msgs/share/msgs/package.sh'
[7.061s] INFO:colcon.colcon_core.shell:Creating package script '/home/tony_stark/ros2_ws/install/msgs/share/msgs/package.bash'
[7.063s] INFO:colcon.colcon_core.shell:Creating package script '/home/tony_stark/ros2_ws/install/msgs/share/msgs/package.zsh'
[7.064s] Level 1:colcon.colcon_core.environment:create_file_with_runtime_dependencies(/home/tony_stark/ros2_ws/install/msgs/share/colcon-core/packages/msgs)
[7.067s] INFO:colcon.colcon_ros.task.ament_python.build:Building ROS package in '/home/tony_stark/ros2_ws/src/navigation_module' with build type 'ament_python'
[7.067s] Level 1:colcon.colcon_core.shell:create_environment_hook('navigation_module', 'ament_prefix_path')
[7.074s] INFO:colcon.colcon_core.shell:Creating environment hook '/home/tony_stark/ros2_ws/install/navigation_module/share/navigation_module/hook/ament_prefix_path.ps1'
[7.075s] INFO:colcon.colcon_core.shell:Creating environment descriptor '/home/tony_stark/ros2_ws/install/navigation_module/share/navigation_module/hook/ament_prefix_path.dsv'
[7.076s] INFO:colcon.colcon_core.shell:Creating environment hook '/home/tony_stark/ros2_ws/install/navigation_module/share/navigation_module/hook/ament_prefix_path.sh'
[7.079s] INFO:colcon.colcon_core.shell:Skip shell extension 'powershell' for command environment: Not usable outside of PowerShell
[7.080s] DEBUG:colcon.colcon_core.shell:Skip shell extension 'dsv' for command environment
[7.095s] Level 1:colcon.colcon_core.environment:checking '/home/tony_stark/ros2_ws/install/autonomous_exploration' for CMake module files
[7.096s] DEBUG:colcon.colcon_core.event_handler.log_command:Invoked command in '/home/tony_stark/ros2_ws/src/autonomous_exploration' returned '0': PYTHONPATH=/home/tony_stark/ros2_ws/build/autonomous_exploration/prefix_override:/home/tony_stark/ros2_ws/install/autonomous_exploration/lib/python3.10/site-packages:${PYTHONPATH} /usr/bin/python3 setup.py egg_info --egg-base ../../build/autonomous_exploration build --build-base /home/tony_stark/ros2_ws/build/autonomous_exploration/build install --record /home/tony_stark/ros2_ws/build/autonomous_exploration/install.log --single-version-externally-managed
[7.097s] Level 1:colcon.colcon_core.environment:checking '/home/tony_stark/ros2_ws/install/autonomous_exploration' for CMake config files
[7.098s] Level 1:colcon.colcon_core.environment:checking '/home/tony_stark/ros2_ws/install/autonomous_exploration/lib'
[7.098s] Level 1:colcon.colcon_core.environment:checking '/home/tony_stark/ros2_ws/install/autonomous_exploration/bin'
[7.098s] Level 1:colcon.colcon_core.environment:checking '/home/tony_stark/ros2_ws/install/autonomous_exploration/lib/pkgconfig/autonomous_exploration.pc'
[7.099s] Level 1:colcon.colcon_core.environment:checking '/home/tony_stark/ros2_ws/install/autonomous_exploration/lib/python3.10/site-packages'
[7.103s] Level 1:colcon.colcon_core.shell:create_environment_hook('autonomous_exploration', 'pythonpath')
[7.106s] INFO:colcon.colcon_core.shell:Creating environment hook '/home/tony_stark/ros2_ws/install/autonomous_exploration/share/autonomous_exploration/hook/pythonpath.ps1'
[7.107s] INFO:colcon.colcon_core.shell:Creating environment descriptor '/home/tony_stark/ros2_ws/install/autonomous_exploration/share/autonomous_exploration/hook/pythonpath.dsv'
[7.108s] INFO:colcon.colcon_core.shell:Creating environment hook '/home/tony_stark/ros2_ws/install/autonomous_exploration/share/autonomous_exploration/hook/pythonpath.sh'
[7.109s] Level 1:colcon.colcon_core.environment:checking '/home/tony_stark/ros2_ws/install/autonomous_exploration/bin'
[7.109s] Level 1:colcon.colcon_core.environment:create_environment_scripts_only(autonomous_exploration)
[7.112s] INFO:colcon.colcon_core.shell:Creating package script '/home/tony_stark/ros2_ws/install/autonomous_exploration/share/autonomous_exploration/package.ps1'
[7.113s] INFO:colcon.colcon_core.shell:Creating package descriptor '/home/tony_stark/ros2_ws/install/autonomous_exploration/share/autonomous_exploration/package.dsv'
[7.114s] INFO:colcon.colcon_core.shell:Creating package script '/home/tony_stark/ros2_ws/install/autonomous_exploration/share/autonomous_exploration/package.sh'
[7.115s] INFO:colcon.colcon_core.shell:Creating package script '/home/tony_stark/ros2_ws/install/autonomous_exploration/share/autonomous_exploration/package.bash'
[7.115s] INFO:colcon.colcon_core.shell:Creating package script '/home/tony_stark/ros2_ws/install/autonomous_exploration/share/autonomous_exploration/package.zsh'
[7.116s] Level 1:colcon.colcon_core.environment:create_file_with_runtime_dependencies(/home/tony_stark/ros2_ws/install/autonomous_exploration/share/colcon-core/packages/autonomous_exploration)
[7.118s] INFO:colcon.colcon_ros.task.ament_python.build:Building ROS package in '/home/tony_stark/ros2_ws/src/sample_package' with build type 'ament_python'
[7.118s] Level 1:colcon.colcon_core.shell:create_environment_hook('sample_package', 'ament_prefix_path')
[7.121s] INFO:colcon.colcon_core.shell:Creating environment hook '/home/tony_stark/ros2_ws/install/sample_package/share/sample_package/hook/ament_prefix_path.ps1'
[7.122s] INFO:colcon.colcon_core.shell:Creating environment descriptor '/home/tony_stark/ros2_ws/install/sample_package/share/sample_package/hook/ament_prefix_path.dsv'
[7.123s] INFO:colcon.colcon_core.shell:Creating environment hook '/home/tony_stark/ros2_ws/install/sample_package/share/sample_package/hook/ament_prefix_path.sh'
[7.126s] INFO:colcon.colcon_core.shell:Skip shell extension 'powershell' for command environment: Not usable outside of PowerShell
[7.127s] DEBUG:colcon.colcon_core.shell:Skip shell extension 'dsv' for command environment
[7.716s] INFO:colcon.colcon_core.task.python.build:Building Python package in '/home/tony_stark/ros2_ws/src/navigation_module'
[7.718s] INFO:colcon.colcon_core.shell:Skip shell extension 'powershell' for command environment: Not usable outside of PowerShell
[7.718s] DEBUG:colcon.colcon_core.shell:Skip shell extension 'dsv' for command environment
[8.319s] INFO:colcon.colcon_core.task.python.build:Building Python package in '/home/tony_stark/ros2_ws/src/sample_package'
[8.321s] INFO:colcon.colcon_core.shell:Skip shell extension 'powershell' for command environment: Not usable outside of PowerShell
[8.321s] DEBUG:colcon.colcon_core.shell:Skip shell extension 'dsv' for command environment
[9.492s] DEBUG:colcon.colcon_core.event_handler.log_command:Invoking command in '/home/tony_stark/ros2_ws/src/sample_package': PYTHONPATH=/home/tony_stark/ros2_ws/build/sample_package/prefix_override:/home/tony_stark/ros2_ws/install/sample_package/lib/python3.10/site-packages:${PYTHONPATH} /usr/bin/python3 setup.py egg_info --egg-base ../../build/sample_package build --build-base /home/tony_stark/ros2_ws/build/sample_package/build install --record /home/tony_stark/ros2_ws/build/sample_package/install.log --single-version-externally-managed
[9.526s] DEBUG:colcon.colcon_core.event_handler.log_command:Invoking command in '/home/tony_stark/ros2_ws/src/navigation_module': PYTHONPATH=/home/tony_stark/ros2_ws/build/navigation_module/prefix_override:/home/tony_stark/ros2_ws/install/navigation_module/lib/python3.10/site-packages:${PYTHONPATH} /usr/bin/python3 setup.py egg_info --egg-base ../../build/navigation_module build --build-base /home/tony_stark/ros2_ws/build/navigation_module/build install --record /home/tony_stark/ros2_ws/build/navigation_module/install.log --single-version-externally-managed
[10.437s] Level 1:colcon.colcon_core.environment:checking '/home/tony_stark/ros2_ws/install/sample_package' for CMake module files
[10.438s] DEBUG:colcon.colcon_core.event_handler.log_command:Invoked command in '/home/tony_stark/ros2_ws/src/sample_package' returned '0': PYTHONPATH=/home/tony_stark/ros2_ws/build/sample_package/prefix_override:/home/tony_stark/ros2_ws/install/sample_package/lib/python3.10/site-packages:${PYTHONPATH} /usr/bin/python3 setup.py egg_info --egg-base ../../build/sample_package build --build-base /home/tony_stark/ros2_ws/build/sample_package/build install --record /home/tony_stark/ros2_ws/build/sample_package/install.log --single-version-externally-managed
[10.440s] Level 1:colcon.colcon_core.environment:checking '/home/tony_stark/ros2_ws/install/sample_package' for CMake config files
[10.441s] Level 1:colcon.colcon_core.environment:checking '/home/tony_stark/ros2_ws/install/sample_package/lib'
[10.442s] Level 1:colcon.colcon_core.environment:checking '/home/tony_stark/ros2_ws/install/sample_package/bin'
[10.442s] Level 1:colcon.colcon_core.environment:checking '/home/tony_stark/ros2_ws/install/sample_package/lib/pkgconfig/sample_package.pc'
[10.443s] Level 1:colcon.colcon_core.environment:checking '/home/tony_stark/ros2_ws/install/sample_package/lib/python3.10/site-packages'
[10.443s] Level 1:colcon.colcon_core.shell:create_environment_hook('sample_package', 'pythonpath')
[10.448s] INFO:colcon.colcon_core.shell:Creating environment hook '/home/tony_stark/ros2_ws/install/sample_package/share/sample_package/hook/pythonpath.ps1'
[10.449s] INFO:colcon.colcon_core.shell:Creating environment descriptor '/home/tony_stark/ros2_ws/install/sample_package/share/sample_package/hook/pythonpath.dsv'
[10.451s] INFO:colcon.colcon_core.shell:Creating environment hook '/home/tony_stark/ros2_ws/install/sample_package/share/sample_package/hook/pythonpath.sh'
[10.453s] Level 1:colcon.colcon_core.environment:checking '/home/tony_stark/ros2_ws/install/sample_package/bin'
[10.453s] Level 1:colcon.colcon_core.environment:create_environment_scripts_only(sample_package)
[10.457s] INFO:colcon.colcon_core.shell:Creating package script '/home/tony_stark/ros2_ws/install/sample_package/share/sample_package/package.ps1'
[10.460s] INFO:colcon.colcon_core.shell:Creating package descriptor '/home/tony_stark/ros2_ws/install/sample_package/share/sample_package/package.dsv'
[10.462s] INFO:colcon.colcon_core.shell:Creating package script '/home/tony_stark/ros2_ws/install/sample_package/share/sample_package/package.sh'
[10.463s] INFO:colcon.colcon_core.shell:Creating package script '/home/tony_stark/ros2_ws/install/sample_package/share/sample_package/package.bash'
[10.464s] INFO:colcon.colcon_core.shell:Creating package script '/home/tony_stark/ros2_ws/install/sample_package/share/sample_package/package.zsh'
[10.466s] Level 1:colcon.colcon_core.environment:create_file_with_runtime_dependencies(/home/tony_stark/ros2_ws/install/sample_package/share/colcon-core/packages/sample_package)
[10.493s] Level 1:colcon.colcon_core.environment:checking '/home/tony_stark/ros2_ws/install/navigation_module' for CMake module files
[10.494s] DEBUG:colcon.colcon_core.event_handler.log_command:Invoked command in '/home/tony_stark/ros2_ws/src/navigation_module' returned '0': PYTHONPATH=/home/tony_stark/ros2_ws/build/navigation_module/prefix_override:/home/tony_stark/ros2_ws/install/navigation_module/lib/python3.10/site-packages:${PYTHONPATH} /usr/bin/python3 setup.py egg_info --egg-base ../../build/navigation_module build --build-base /home/tony_stark/ros2_ws/build/navigation_module/build install --record /home/tony_stark/ros2_ws/build/navigation_module/install.log --single-version-externally-managed
[10.495s] Level 1:colcon.colcon_core.environment:checking '/home/tony_stark/ros2_ws/install/navigation_module' for CMake config files
[10.496s] Level 1:colcon.colcon_core.environment:checking '/home/tony_stark/ros2_ws/install/navigation_module/lib'
[10.496s] Level 1:colcon.colcon_core.environment:checking '/home/tony_stark/ros2_ws/install/navigation_module/bin'
[10.496s] Level 1:colcon.colcon_core.environment:checking '/home/tony_stark/ros2_ws/install/navigation_module/lib/pkgconfig/navigation_module.pc'
[10.496s] Level 1:colcon.colcon_core.environment:checking '/home/tony_stark/ros2_ws/install/navigation_module/lib/python3.10/site-packages'
[10.496s] Level 1:colcon.colcon_core.shell:create_environment_hook('navigation_module', 'pythonpath')
[10.500s] INFO:colcon.colcon_core.shell:Creating environment hook '/home/tony_stark/ros2_ws/install/navigation_module/share/navigation_module/hook/pythonpath.ps1'
[10.501s] INFO:colcon.colcon_core.shell:Creating environment descriptor '/home/tony_stark/ros2_ws/install/navigation_module/share/navigation_module/hook/pythonpath.dsv'
[10.502s] INFO:colcon.colcon_core.shell:Creating environment hook '/home/tony_stark/ros2_ws/install/navigation_module/share/navigation_module/hook/pythonpath.sh'
[10.504s] Level 1:colcon.colcon_core.environment:checking '/home/tony_stark/ros2_ws/install/navigation_module/bin'
[10.504s] Level 1:colcon.colcon_core.environment:create_environment_scripts_only(navigation_module)
[10.507s] INFO:colcon.colcon_core.shell:Creating package script '/home/tony_stark/ros2_ws/install/navigation_module/share/navigation_module/package.ps1'
[10.509s] INFO:colcon.colcon_core.shell:Creating package descriptor '/home/tony_stark/ros2_ws/install/navigation_module/share/navigation_module/package.dsv'
[10.510s] INFO:colcon.colcon_core.shell:Creating package script '/home/tony_stark/ros2_ws/install/navigation_module/share/navigation_module/package.sh'
[10.511s] INFO:colcon.colcon_core.shell:Creating package script '/home/tony_stark/ros2_ws/install/navigation_module/share/navigation_module/package.bash'
[10.511s] INFO:colcon.colcon_core.shell:Creating package script '/home/tony_stark/ros2_ws/install/navigation_module/share/navigation_module/package.zsh'
[10.512s] Level 1:colcon.colcon_core.environment:create_file_with_runtime_dependencies(/home/tony_stark/ros2_ws/install/navigation_module/share/colcon-core/packages/navigation_module)
[10.513s] DEBUG:colcon.colcon_parallel_executor.executor.parallel:closing loop
[10.514s] DEBUG:colcon.colcon_parallel_executor.executor.parallel:loop closed
[10.514s] DEBUG:colcon.colcon_parallel_executor.executor.parallel:run_until_complete finished with '0'
[10.514s] DEBUG:colcon.colcon_core.event_reactor:joining thread
[10.529s] INFO:colcon.colcon_core.plugin_system:Skipping extension 'colcon_notification.desktop_notification.terminal_notifier': Not used on non-Darwin systems
[10.530s] INFO:colcon.colcon_core.plugin_system:Skipping extension 'colcon_notification.desktop_notification.win32': Not used on non-Windows systems
[10.530s] INFO:colcon.colcon_notification.desktop_notification:Sending desktop notification using 'notify2'
[10.569s] DEBUG:colcon.colcon_core.event_reactor:joined thread
[10.572s] INFO:colcon.colcon_core.shell:Creating prefix script '/home/tony_stark/ros2_ws/install/local_setup.ps1'
[10.575s] INFO:colcon.colcon_core.shell:Creating prefix util module '/home/tony_stark/ros2_ws/install/_local_setup_util_ps1.py'
[10.579s] INFO:colcon.colcon_core.shell:Creating prefix chain script '/home/tony_stark/ros2_ws/install/setup.ps1'
[10.584s] INFO:colcon.colcon_core.shell:Creating prefix script '/home/tony_stark/ros2_ws/install/local_setup.sh'
[10.586s] INFO:colcon.colcon_core.shell:Creating prefix util module '/home/tony_stark/ros2_ws/install/_local_setup_util_sh.py'
[10.588s] INFO:colcon.colcon_core.shell:Creating prefix chain script '/home/tony_stark/ros2_ws/install/setup.sh'
[10.592s] INFO:colcon.colcon_core.shell:Creating prefix script '/home/tony_stark/ros2_ws/install/local_setup.bash'
[10.594s] INFO:colcon.colcon_core.shell:Creating prefix chain script '/home/tony_stark/ros2_ws/install/setup.bash'
[10.598s] INFO:colcon.colcon_core.shell:Creating prefix script '/home/tony_stark/ros2_ws/install/local_setup.zsh'
[10.600s] INFO:colcon.colcon_core.shell:Creating prefix chain script '/home/tony_stark/ros2_ws/install/setup.zsh'
