[3.519s] Invoking command in '/home/tony_stark/ros2_ws/src/msgs': PYTHONPATH=/home/tony_stark/ros2_ws/build/msgs/prefix_override:/home/tony_stark/ros2_ws/install/msgs/lib/python3.10/site-packages:${PYTHONPATH} /usr/bin/python3 setup.py egg_info --egg-base ../../build/msgs build --build-base /home/tony_stark/ros2_ws/build/msgs/build install --record /home/tony_stark/ros2_ws/build/msgs/install.log --single-version-externally-managed
[4.214s] running egg_info
[4.216s] writing ../../build/msgs/msgs.egg-info/PKG-INFO
[4.217s] writing dependency_links to ../../build/msgs/msgs.egg-info/dependency_links.txt
[4.218s] writing entry points to ../../build/msgs/msgs.egg-info/entry_points.txt
[4.219s] writing requirements to ../../build/msgs/msgs.egg-info/requires.txt
[4.220s] writing top-level names to ../../build/msgs/msgs.egg-info/top_level.txt
[4.227s] reading manifest file '../../build/msgs/msgs.egg-info/SOURCES.txt'
[4.231s] writing manifest file '../../build/msgs/msgs.egg-info/SOURCES.txt'
[4.232s] running build
[4.232s] running build_py
[4.233s] running install
[4.235s] running install_lib
[4.238s] running install_data
[4.240s] running install_egg_info
[4.244s] removing '/home/tony_stark/ros2_ws/install/msgs/lib/python3.10/site-packages/msgs-0.0.0-py3.10.egg-info' (and everything under it)
[4.246s] Copying ../../build/msgs/msgs.egg-info to /home/tony_stark/ros2_ws/install/msgs/lib/python3.10/site-packages/msgs-0.0.0-py3.10.egg-info
[4.248s] running install_scripts
[4.307s] Installing floatlist script to /home/tony_stark/ros2_ws/install/msgs/lib/msgs
[4.309s] writing list of installed files to '/home/tony_stark/ros2_ws/build/msgs/install.log'
[4.446s] Invoked command in '/home/tony_stark/ros2_ws/src/msgs' returned '0': PYTHONPATH=/home/tony_stark/ros2_ws/build/msgs/prefix_override:/home/tony_stark/ros2_ws/install/msgs/lib/python3.10/site-packages:${PYTHONPATH} /usr/bin/python3 setup.py egg_info --egg-base ../../build/msgs build --build-base /home/tony_stark/ros2_ws/build/msgs/build install --record /home/tony_stark/ros2_ws/build/msgs/install.log --single-version-externally-managed
