[2.289s] Invoking command in '/home/tony_stark/ros2_ws/src/msgs': PYTHONPATH=/home/tony_stark/ros2_ws/build/msgs/prefix_override:/home/tony_stark/ros2_ws/install/msgs/lib/python3.10/site-packages:${PYTHONPATH} /usr/bin/python3 setup.py egg_info --egg-base ../../build/msgs build --build-base /home/tony_stark/ros2_ws/build/msgs/build install --record /home/tony_stark/ros2_ws/build/msgs/install.log --single-version-externally-managed
[3.112s] running egg_info
[3.114s] writing ../../build/msgs/msgs.egg-info/PKG-INFO
[3.116s] writing dependency_links to ../../build/msgs/msgs.egg-info/dependency_links.txt
[3.116s] writing entry points to ../../build/msgs/msgs.egg-info/entry_points.txt
[3.117s] writing requirements to ../../build/msgs/msgs.egg-info/requires.txt
[3.118s] writing top-level names to ../../build/msgs/msgs.egg-info/top_level.txt
[3.124s] reading manifest file '../../build/msgs/msgs.egg-info/SOURCES.txt'
[3.127s] writing manifest file '../../build/msgs/msgs.egg-info/SOURCES.txt'
[3.128s] running build
[3.128s] running build_py
[3.129s] running install
[3.130s] running install_lib
[3.134s] running install_data
[3.136s] running install_egg_info
[3.141s] removing '/home/tony_stark/ros2_ws/install/msgs/lib/python3.10/site-packages/msgs-0.0.0-py3.10.egg-info' (and everything under it)
[3.142s] Copying ../../build/msgs/msgs.egg-info to /home/tony_stark/ros2_ws/install/msgs/lib/python3.10/site-packages/msgs-0.0.0-py3.10.egg-info
[3.149s] running install_scripts
[3.211s] Installing floatlist script to /home/tony_stark/ros2_ws/install/msgs/lib/msgs
[3.213s] writing list of installed files to '/home/tony_stark/ros2_ws/build/msgs/install.log'
[3.320s] Invoked command in '/home/tony_stark/ros2_ws/src/msgs' returned '0': PYTHONPATH=/home/tony_stark/ros2_ws/build/msgs/prefix_override:/home/tony_stark/ros2_ws/install/msgs/lib/python3.10/site-packages:${PYTHONPATH} /usr/bin/python3 setup.py egg_info --egg-base ../../build/msgs build --build-base /home/tony_stark/ros2_ws/build/msgs/build install --record /home/tony_stark/ros2_ws/build/msgs/install.log --single-version-externally-managed
