[5.845s] Invoking command in '/home/Isaac/ros2_ws/src/sample_package': PYTHONPATH=/home/Isaac/ros2_ws/build/sample_package/prefix_override:/home/Isaac/ros2_ws/install/sample_package/lib/python3.10/site-packages:${PYTHONPATH} /usr/bin/python3 setup.py egg_info --egg-base ../../build/sample_package build --build-base /home/Isaac/ros2_ws/build/sample_package/build install --record /home/Isaac/ros2_ws/build/sample_package/install.log --single-version-externally-managed
[7.106s] running egg_info
[7.109s] writing ../../build/sample_package/sample_package.egg-info/PKG-INFO
[7.114s] writing dependency_links to ../../build/sample_package/sample_package.egg-info/dependency_links.txt
[7.115s] writing entry points to ../../build/sample_package/sample_package.egg-info/entry_points.txt
[7.116s] writing requirements to ../../build/sample_package/sample_package.egg-info/requires.txt
[7.117s] writing top-level names to ../../build/sample_package/sample_package.egg-info/top_level.txt
[7.129s] reading manifest file '../../build/sample_package/sample_package.egg-info/SOURCES.txt'
[7.134s] writing manifest file '../../build/sample_package/sample_package.egg-info/SOURCES.txt'
[7.135s] running build
[7.135s] running build_py
[7.140s] running install
[7.141s] /usr/lib/python3/dist-packages/setuptools/command/install.py:34: SetuptoolsDeprecationWarning: setup.py install is deprecated. Use build and pip and other standards-based tools.
[7.142s]   warnings.warn(
[7.142s] running install_lib
[7.151s] running install_data
[7.155s] running install_egg_info
[7.163s] removing '/home/Isaac/ros2_ws/install/sample_package/lib/python3.10/site-packages/sample_package-0.0.0-py3.10.egg-info' (and everything under it)
[7.166s] Copying ../../build/sample_package/sample_package.egg-info to /home/Isaac/ros2_ws/install/sample_package/lib/python3.10/site-packages/sample_package-0.0.0-py3.10.egg-info
[7.174s] running install_scripts
[7.263s] Installing fan_sub script to /home/Isaac/ros2_ws/install/sample_package/lib/sample_package
[7.265s] Installing process script to /home/Isaac/ros2_ws/install/sample_package/lib/sample_package
[7.266s] Installing senpub script to /home/Isaac/ros2_ws/install/sample_package/lib/sample_package
[7.268s] Installing talk script to /home/Isaac/ros2_ws/install/sample_package/lib/sample_package
[7.271s] writing list of installed files to '/home/Isaac/ros2_ws/build/sample_package/install.log'
[7.405s] Invoked command in '/home/Isaac/ros2_ws/src/sample_package' returned '0': PYTHONPATH=/home/Isaac/ros2_ws/build/sample_package/prefix_override:/home/Isaac/ros2_ws/install/sample_package/lib/python3.10/site-packages:${PYTHONPATH} /usr/bin/python3 setup.py egg_info --egg-base ../../build/sample_package build --build-base /home/Isaac/ros2_ws/build/sample_package/build install --record /home/Isaac/ros2_ws/build/sample_package/install.log --single-version-externally-managed
