[2.370s] Invoking command in '/home/tony_stark/ros2_ws/src/msgs': PYTHONPATH=/home/tony_stark/ros2_ws/build/msgs/prefix_override:/home/tony_stark/ros2_ws/install/msgs/lib/python3.10/site-packages:${PYTHONPATH} /usr/bin/python3 setup.py egg_info --egg-base ../../build/msgs build --build-base /home/tony_stark/ros2_ws/build/msgs/build install --record /home/tony_stark/ros2_ws/build/msgs/install.log --single-version-externally-managed
[3.054s] running egg_info
[3.098s] writing ../../build/msgs/msgs.egg-info/PKG-INFO
[3.099s] writing dependency_links to ../../build/msgs/msgs.egg-info/dependency_links.txt
[3.101s] writing entry points to ../../build/msgs/msgs.egg-info/entry_points.txt
[3.102s] writing requirements to ../../build/msgs/msgs.egg-info/requires.txt
[3.103s] writing top-level names to ../../build/msgs/msgs.egg-info/top_level.txt
[3.198s] reading manifest file '../../build/msgs/msgs.egg-info/SOURCES.txt'
[3.201s] writing manifest file '../../build/msgs/msgs.egg-info/SOURCES.txt'
[3.202s] running build
[3.203s] running build_py
[3.204s] running install
[3.205s] /home/tony_stark/.local/lib/python3.10/site-packages/setuptools/_distutils/cmd.py:66: SetuptoolsDeprecationWarning: setup.py install is deprecated.
[3.206s] !!
[3.206s] 
[3.206s]         ********************************************************************************
[3.206s]         Please avoid running ``setup.py`` directly.
[3.206s]         Instead, use pypa/build, pypa/installer, pypa/build or
[3.207s]         other standards-based tools.
[3.207s] 
[3.207s]         See https://blog.ganssle.io/articles/2021/10/setup-py-deprecated.html for details.
[3.207s]         ********************************************************************************
[3.208s] 
[3.208s] !!
[3.208s]   self.initialize_options()
[3.227s] running install_lib
[3.278s] running install_data
[3.324s] running install_egg_info
[3.369s] removing '/home/tony_stark/ros2_ws/install/msgs/lib/python3.10/site-packages/msgs-0.0.0-py3.10.egg-info' (and everything under it)
[3.371s] Copying ../../build/msgs/msgs.egg-info to /home/tony_stark/ros2_ws/install/msgs/lib/python3.10/site-packages/msgs-0.0.0-py3.10.egg-info
[3.374s] running install_scripts
[3.880s] Installing floatlist script to /home/tony_stark/ros2_ws/install/msgs/lib/msgs
[3.881s] writing list of installed files to '/home/tony_stark/ros2_ws/build/msgs/install.log'
[3.989s] Invoked command in '/home/tony_stark/ros2_ws/src/msgs' returned '0': PYTHONPATH=/home/tony_stark/ros2_ws/build/msgs/prefix_override:/home/tony_stark/ros2_ws/install/msgs/lib/python3.10/site-packages:${PYTHONPATH} /usr/bin/python3 setup.py egg_info --egg-base ../../build/msgs build --build-base /home/tony_stark/ros2_ws/build/msgs/build install --record /home/tony_stark/ros2_ws/build/msgs/install.log --single-version-externally-managed
