[5.659s] Invoking command in '/home/Isaac/ros2_ws/src/msgs': PYTHONPATH=/home/Isaac/ros2_ws/build/msgs/prefix_override:/home/Isaac/ros2_ws/install/msgs/lib/python3.10/site-packages:${PYTHONPATH} /usr/bin/python3 setup.py egg_info --egg-base ../../build/msgs build --build-base /home/Isaac/ros2_ws/build/msgs/build install --record /home/Isaac/ros2_ws/build/msgs/install.log --single-version-externally-managed
[7.369s] running egg_info
[7.373s] writing ../../build/msgs/msgs.egg-info/PKG-INFO
[7.376s] writing dependency_links to ../../build/msgs/msgs.egg-info/dependency_links.txt
[7.378s] writing entry points to ../../build/msgs/msgs.egg-info/entry_points.txt
[7.383s] writing requirements to ../../build/msgs/msgs.egg-info/requires.txt
[7.384s] writing top-level names to ../../build/msgs/msgs.egg-info/top_level.txt
[7.399s] reading manifest file '../../build/msgs/msgs.egg-info/SOURCES.txt'
[7.399s] writing manifest file '../../build/msgs/msgs.egg-info/SOURCES.txt'
[7.400s] running build
[7.405s] running build_py
[7.406s] running install
[7.408s] /usr/lib/python3/dist-packages/setuptools/command/install.py:34: SetuptoolsDeprecationWarning: setup.py install is deprecated. Use build and pip and other standards-based tools.
[7.408s]   warnings.warn(
[7.409s] running install_lib
[7.410s] running install_data
[7.411s] running install_egg_info
[7.419s] removing '/home/Isaac/ros2_ws/install/msgs/lib/python3.10/site-packages/msgs-0.0.0-py3.10.egg-info' (and everything under it)
[7.422s] Copying ../../build/msgs/msgs.egg-info to /home/Isaac/ros2_ws/install/msgs/lib/python3.10/site-packages/msgs-0.0.0-py3.10.egg-info
[7.430s] running install_scripts
[7.550s] Installing floatlist script to /home/Isaac/ros2_ws/install/msgs/lib/msgs
[7.554s] writing list of installed files to '/home/Isaac/ros2_ws/build/msgs/install.log'
[7.797s] Invoked command in '/home/Isaac/ros2_ws/src/msgs' returned '0': PYTHONPATH=/home/Isaac/ros2_ws/build/msgs/prefix_override:/home/Isaac/ros2_ws/install/msgs/lib/python3.10/site-packages:${PYTHONPATH} /usr/bin/python3 setup.py egg_info --egg-base ../../build/msgs build --build-base /home/Isaac/ros2_ws/build/msgs/build install --record /home/Isaac/ros2_ws/build/msgs/install.log --single-version-externally-managed
