[0.601s] Invoking command in '/home/tony_stark/ros2_ws/build/forward_command_controller': AMENT_PREFIX_PATH=/home/tony_stark/ros2_ws/install/controller_manager:/home/tony_stark/ros2_ws/install/controller_interface:/home/tony_stark/ros2_ws/install/hardware_interface:/home/tony_stark/ros2_ws/install/realtime_tools:/home/tony_stark/ros2_ws/install/controller_manager_msgs:/home/tony_stark/ros2_ws/install/control_msgs:${AMENT_PREFIX_PATH} CMAKE_PREFIX_PATH=/home/tony_stark/ros2_ws/install/controller_manager:/home/tony_stark/ros2_ws/install/controller_interface:/home/tony_stark/ros2_ws/install/hardware_interface:/home/tony_stark/ros2_ws/install/ros2_control_test_assets:/home/tony_stark/ros2_ws/install/realtime_tools:/home/tony_stark/ros2_ws/install/controller_manager_msgs:/home/tony_stark/ros2_ws/install/control_msgs:/home/tony_stark/ros2_ws/install/turtlebot3_simulations:/home/tony_stark/ros2_ws/install/turtlebot3_gazebo:/home/tony_stark/ros2_ws/install/turtlebot3_fake_node:/home/tony_stark/ros2_ws/install/sample_package:/home/tony_stark/ros2_ws/install/rosgpt:/home/tony_stark/ros2_ws/install/navigation_module:/home/tony_stark/ros2_ws/install/msgs:/home/tony_stark/ros2_ws/install/autonomous_exploration:/opt/ros/humble LD_LIBRARY_PATH=/home/tony_stark/ros2_ws/install/controller_manager/lib:/home/tony_stark/ros2_ws/install/controller_interface/lib:/home/tony_stark/ros2_ws/install/hardware_interface/lib:/home/tony_stark/ros2_ws/install/realtime_tools/lib:/home/tony_stark/ros2_ws/install/controller_manager_msgs/lib:/home/tony_stark/ros2_ws/install/control_msgs/lib:${LD_LIBRARY_PATH} PYTHONPATH=/home/tony_stark/ros2_ws/install/controller_manager/local/lib/python3.10/dist-packages:/home/tony_stark/ros2_ws/install/controller_manager_msgs/local/lib/python3.10/dist-packages:/home/tony_stark/ros2_ws/install/control_msgs/local/lib/python3.10/dist-packages:${PYTHONPATH} /usr/bin/cmake /home/tony_stark/ros2_ws/src/ros2_controllers/forward_command_controller -DCMAKE_INSTALL_PREFIX=/home/tony_stark/ros2_ws/install/forward_command_controller
[0.923s] -- The CXX compiler identification is GNU 11.3.0
[1.169s] -- Detecting CXX compiler ABI info
[1.421s] -- Detecting CXX compiler ABI info - done
[1.439s] -- Check for working CXX compiler: /usr/bin/c++ - skipped
[1.440s] -- Detecting CXX compile features
[1.462s] -- Detecting CXX compile features - done
[1.645s] -- Found ament_cmake: 1.3.4 (/opt/ros/humble/share/ament_cmake/cmake)
[2.365s] -- Found Python3: /usr/bin/python3.10 (found version "3.10.6") found components: Interpreter 
[2.821s] -- Found backward_ros: 1.0.2 (/opt/ros/humble/share/backward_ros/cmake)
[2.924s] -- Found libdw: /usr/lib/x86_64-linux-gnu/libdw.so  
[2.998s] -- Could NOT find libbfd (missing: LIBBFD_LIBRARY LIBBFD_INCLUDE_DIR) 
[2.998s] -- BACKWARD_HAS_UNWIND=1
[2.998s] -- BACKWARD_HAS_BACKTRACE=0
[2.998s] -- BACKWARD_HAS_BACKTRACE_SYMBOL=0
[2.998s] -- BACKWARD_HAS_DW=1
[2.999s] -- BACKWARD_HAS_BFD=0
[3.001s] -- Found Backward: /opt/ros/humble/share/backward_ros/cmake  
[3.024s] -- Found controller_interface: 2.28.0 (/home/tony_stark/ros2_ws/install/controller_interface/share/controller_interface/cmake)
[3.340s] -- Found rosidl_generator_c: 3.1.4 (/opt/ros/humble/share/rosidl_generator_c/cmake)
[3.413s] -- Found rosidl_adapter: 3.1.4 (/opt/ros/humble/share/rosidl_adapter/cmake)
[3.467s] -- Found rosidl_generator_cpp: 3.1.4 (/opt/ros/humble/share/rosidl_generator_cpp/cmake)
[3.644s] -- Using all available rosidl_typesupport_c: rosidl_typesupport_fastrtps_c;rosidl_typesupport_introspection_c
[3.835s] -- Using all available rosidl_typesupport_cpp: rosidl_typesupport_fastrtps_cpp;rosidl_typesupport_introspection_cpp
[5.970s] -- Found rmw_implementation_cmake: 6.1.1 (/opt/ros/humble/share/rmw_implementation_cmake/cmake)
[5.989s] -- Found rmw_cyclonedds_cpp: 1.3.4 (/opt/ros/humble/share/rmw_cyclonedds_cpp/cmake)
[6.267s] -- Using RMW implementation 'rmw_cyclonedds_cpp' as default
[6.354s] -- Looking for C++ include pthread.h
[6.616s] -- Looking for C++ include pthread.h - found
[6.616s] -- Performing Test CMAKE_HAVE_LIBC_PTHREAD
[6.872s] -- Performing Test CMAKE_HAVE_LIBC_PTHREAD - Success
[6.874s] -- Found Threads: TRUE  
[7.768s] -- Found generate_parameter_library: 0.3.3 (/opt/ros/humble/share/generate_parameter_library/cmake)
[7.778s] -- Found parameter_traits: 0.3.3 (/opt/ros/humble/share/parameter_traits/cmake)
[7.966s] -- Found realtime_tools: 2.5.0 (/home/tony_stark/ros2_ws/install/realtime_tools/share/realtime_tools/cmake)
[8.689s] -- Found ament_cmake_gmock: 1.3.4 (/opt/ros/humble/share/ament_cmake_gmock/cmake)
[8.689s] -- Found controller_manager: 2.28.0 (/home/tony_stark/ros2_ws/install/controller_manager/share/controller_manager/cmake)
[9.185s] -- Found ros2_control_test_assets: 2.28.0 (/home/tony_stark/ros2_ws/install/ros2_control_test_assets/share/ros2_control_test_assets/cmake)
[9.191s] -- Found gmock sources under '/opt/ros/humble/src/gmock_vendor': C++ tests using 'Google Mock' will be built
[9.581s] -- The C compiler identification is GNU 11.3.0
[9.631s] -- Detecting C compiler ABI info
[9.951s] -- Detecting C compiler ABI info - done
[9.966s] -- Check for working C compiler: /usr/bin/cc - skipped
[9.967s] -- Detecting C compile features
[9.969s] -- Detecting C compile features - done
[10.052s] -- Found ament_cmake_gtest: 1.3.4 (/opt/ros/humble/share/ament_cmake_gtest/cmake)
[10.056s] -- Found gtest sources under '/opt/ros/humble/src/gtest_vendor': C++ tests using 'Google Test' will be built
[12.618s] -- Configuring done
[12.943s] -- Generating done
[12.946s] -- Build files have been written to: /home/tony_stark/ros2_ws/build/forward_command_controller
[12.979s] Invoked command in '/home/tony_stark/ros2_ws/build/forward_command_controller' returned '0': AMENT_PREFIX_PATH=/home/tony_stark/ros2_ws/install/controller_manager:/home/tony_stark/ros2_ws/install/controller_interface:/home/tony_stark/ros2_ws/install/hardware_interface:/home/tony_stark/ros2_ws/install/realtime_tools:/home/tony_stark/ros2_ws/install/controller_manager_msgs:/home/tony_stark/ros2_ws/install/control_msgs:${AMENT_PREFIX_PATH} CMAKE_PREFIX_PATH=/home/tony_stark/ros2_ws/install/controller_manager:/home/tony_stark/ros2_ws/install/controller_interface:/home/tony_stark/ros2_ws/install/hardware_interface:/home/tony_stark/ros2_ws/install/ros2_control_test_assets:/home/tony_stark/ros2_ws/install/realtime_tools:/home/tony_stark/ros2_ws/install/controller_manager_msgs:/home/tony_stark/ros2_ws/install/control_msgs:/home/tony_stark/ros2_ws/install/turtlebot3_simulations:/home/tony_stark/ros2_ws/install/turtlebot3_gazebo:/home/tony_stark/ros2_ws/install/turtlebot3_fake_node:/home/tony_stark/ros2_ws/install/sample_package:/home/tony_stark/ros2_ws/install/rosgpt:/home/tony_stark/ros2_ws/install/navigation_module:/home/tony_stark/ros2_ws/install/msgs:/home/tony_stark/ros2_ws/install/autonomous_exploration:/opt/ros/humble LD_LIBRARY_PATH=/home/tony_stark/ros2_ws/install/controller_manager/lib:/home/tony_stark/ros2_ws/install/controller_interface/lib:/home/tony_stark/ros2_ws/install/hardware_interface/lib:/home/tony_stark/ros2_ws/install/realtime_tools/lib:/home/tony_stark/ros2_ws/install/controller_manager_msgs/lib:/home/tony_stark/ros2_ws/install/control_msgs/lib:${LD_LIBRARY_PATH} PYTHONPATH=/home/tony_stark/ros2_ws/install/controller_manager/local/lib/python3.10/dist-packages:/home/tony_stark/ros2_ws/install/controller_manager_msgs/local/lib/python3.10/dist-packages:/home/tony_stark/ros2_ws/install/control_msgs/local/lib/python3.10/dist-packages:${PYTHONPATH} /usr/bin/cmake /home/tony_stark/ros2_ws/src/ros2_controllers/forward_command_controller -DCMAKE_INSTALL_PREFIX=/home/tony_stark/ros2_ws/install/forward_command_controller
[12.980s] Invoking command in '/home/tony_stark/ros2_ws/build/forward_command_controller': AMENT_PREFIX_PATH=/home/tony_stark/ros2_ws/install/controller_manager:/home/tony_stark/ros2_ws/install/controller_interface:/home/tony_stark/ros2_ws/install/hardware_interface:/home/tony_stark/ros2_ws/install/realtime_tools:/home/tony_stark/ros2_ws/install/controller_manager_msgs:/home/tony_stark/ros2_ws/install/control_msgs:${AMENT_PREFIX_PATH} CMAKE_PREFIX_PATH=/home/tony_stark/ros2_ws/install/controller_manager:/home/tony_stark/ros2_ws/install/controller_interface:/home/tony_stark/ros2_ws/install/hardware_interface:/home/tony_stark/ros2_ws/install/ros2_control_test_assets:/home/tony_stark/ros2_ws/install/realtime_tools:/home/tony_stark/ros2_ws/install/controller_manager_msgs:/home/tony_stark/ros2_ws/install/control_msgs:/home/tony_stark/ros2_ws/install/turtlebot3_simulations:/home/tony_stark/ros2_ws/install/turtlebot3_gazebo:/home/tony_stark/ros2_ws/install/turtlebot3_fake_node:/home/tony_stark/ros2_ws/install/sample_package:/home/tony_stark/ros2_ws/install/rosgpt:/home/tony_stark/ros2_ws/install/navigation_module:/home/tony_stark/ros2_ws/install/msgs:/home/tony_stark/ros2_ws/install/autonomous_exploration:/opt/ros/humble LD_LIBRARY_PATH=/home/tony_stark/ros2_ws/install/controller_manager/lib:/home/tony_stark/ros2_ws/install/controller_interface/lib:/home/tony_stark/ros2_ws/install/hardware_interface/lib:/home/tony_stark/ros2_ws/install/realtime_tools/lib:/home/tony_stark/ros2_ws/install/controller_manager_msgs/lib:/home/tony_stark/ros2_ws/install/control_msgs/lib:${LD_LIBRARY_PATH} PYTHONPATH=/home/tony_stark/ros2_ws/install/controller_manager/local/lib/python3.10/dist-packages:/home/tony_stark/ros2_ws/install/controller_manager_msgs/local/lib/python3.10/dist-packages:/home/tony_stark/ros2_ws/install/control_msgs/local/lib/python3.10/dist-packages:${PYTHONPATH} /usr/bin/cmake --build /home/tony_stark/ros2_ws/build/forward_command_controller -- -j2 -l2
[13.078s] [  5%] [34m[1mRunning `/opt/ros/humble/bin/generate_parameter_library_py /home/tony_stark/ros2_ws/build/forward_command_controller/forward_command_controller_parameters/include//forward_command_controller_parameters.hpp /home/tony_stark/ros2_ws/src/ros2_controllers/forward_command_controller/src/forward_command_controller_parameters.yaml `[0m
[13.464s] [  5%] Built target forward_command_controller_parameters
[13.500s] [ 10%] [34m[1mRunning `/opt/ros/humble/bin/generate_parameter_library_py /home/tony_stark/ros2_ws/build/forward_command_controller/multi_interface_forward_command_controller_parameters/include//multi_interface_forward_command_controller_parameters.hpp /home/tony_stark/ros2_ws/src/ros2_controllers/forward_command_controller/src/multi_interface_forward_command_controller_parameters.yaml `[0m
[13.966s] [ 10%] Built target multi_interface_forward_command_controller_parameters
[14.013s] [ 15%] [32mBuilding CXX object gmock/CMakeFiles/gmock_main.dir/src/gmock_main.cc.o[0m
[18.227s] [ 21%] [32m[1mLinking CXX static library libgmock_main.a[0m
[19.051s] [ 21%] Built target gmock_main
[19.097s] [ 26%] [32mBuilding CXX object gmock/CMakeFiles/gmock.dir/opt/ros/humble/src/gtest_vendor/src/gtest-all.cc.o[0m
[29.402s] [ 31%] [32mBuilding CXX object gmock/CMakeFiles/gmock.dir/src/gmock-all.cc.o[0m
[35.792s] [ 36%] [32m[1mLinking CXX static library libgmock.a[0m
[36.001s] [ 36%] Built target gmock
[36.043s] [ 42%] [32mBuilding CXX object CMakeFiles/forward_command_controller.dir/src/forward_controllers_base.cpp.o[0m
[61.503s] [ 47%] [32mBuilding CXX object CMakeFiles/forward_command_controller.dir/src/forward_command_controller.cpp.o[0m
[71.877s] [ 52%] [32mBuilding CXX object CMakeFiles/forward_command_controller.dir/src/multi_interface_forward_command_controller.cpp.o[0m
[82.853s] [ 57%] [32m[1mLinking CXX shared library libforward_command_controller.so[0m
[84.944s] [ 57%] Built target forward_command_controller
[85.000s] [ 63%] [32mBuilding CXX object CMakeFiles/test_load_forward_command_controller.dir/test/test_load_forward_command_controller.cpp.o[0m
[102.335s] [ 68%] [32m[1mLinking CXX executable test_load_forward_command_controller[0m
[105.856s] [ 68%] Built target test_load_forward_command_controller
[105.963s] [ 73%] [32mBuilding CXX object CMakeFiles/test_forward_command_controller.dir/test/test_forward_command_controller.cpp.o[0m
[128.750s] [ 78%] [32m[1mLinking CXX executable test_forward_command_controller[0m
[131.237s] [ 78%] Built target test_forward_command_controller
[131.272s] [ 84%] [32mBuilding CXX object CMakeFiles/test_load_multi_interface_forward_command_controller.dir/test/test_load_multi_interface_forward_command_controller.cpp.o[0m
[144.590s] [ 89%] [32m[1mLinking CXX executable test_load_multi_interface_forward_command_controller[0m
[147.254s] [ 89%] Built target test_load_multi_interface_forward_command_controller
[147.288s] [ 94%] [32mBuilding CXX object CMakeFiles/test_multi_interface_forward_command_controller.dir/test/test_multi_interface_forward_command_controller.cpp.o[0m
[163.112s] [100%] [32m[1mLinking CXX executable test_multi_interface_forward_command_controller[0m
[165.303s] [100%] Built target test_multi_interface_forward_command_controller
