[2.079s] Invoking command in '/home/tony_stark/ros2_ws/src/sample_package': PYTHONPATH=/home/tony_stark/ros2_ws/build/sample_package/prefix_override:/home/tony_stark/ros2_ws/install/sample_package/lib/python3.10/site-packages:${PYTHONPATH} /usr/bin/python3 setup.py egg_info --egg-base ../../build/sample_package build --build-base /home/tony_stark/ros2_ws/build/sample_package/build install --record /home/tony_stark/ros2_ws/build/sample_package/install.log --single-version-externally-managed
[2.848s] running egg_info
[2.851s] writing ../../build/sample_package/sample_package.egg-info/PKG-INFO
[2.853s] writing dependency_links to ../../build/sample_package/sample_package.egg-info/dependency_links.txt
[2.854s] writing entry points to ../../build/sample_package/sample_package.egg-info/entry_points.txt
[2.854s] writing requirements to ../../build/sample_package/sample_package.egg-info/requires.txt
[2.854s] writing top-level names to ../../build/sample_package/sample_package.egg-info/top_level.txt
[2.856s] reading manifest file '../../build/sample_package/sample_package.egg-info/SOURCES.txt'
[2.859s] writing manifest file '../../build/sample_package/sample_package.egg-info/SOURCES.txt'
[2.864s] running build
[2.864s] running build_py
[2.864s] running install
[2.864s] running install_lib
[2.865s] running install_data
[2.865s] running install_egg_info
[2.870s] removing '/home/tony_stark/ros2_ws/install/sample_package/lib/python3.10/site-packages/sample_package-0.0.0-py3.10.egg-info' (and everything under it)
[2.870s] Copying ../../build/sample_package/sample_package.egg-info to /home/tony_stark/ros2_ws/install/sample_package/lib/python3.10/site-packages/sample_package-0.0.0-py3.10.egg-info
[2.872s] running install_scripts
[2.935s] Installing process script to /home/tony_stark/ros2_ws/install/sample_package/lib/sample_package
[2.937s] Installing senpub script to /home/tony_stark/ros2_ws/install/sample_package/lib/sample_package
[2.937s] Installing talk script to /home/tony_stark/ros2_ws/install/sample_package/lib/sample_package
[2.937s] writing list of installed files to '/home/tony_stark/ros2_ws/build/sample_package/install.log'
[3.035s] Invoked command in '/home/tony_stark/ros2_ws/src/sample_package' returned '0': PYTHONPATH=/home/tony_stark/ros2_ws/build/sample_package/prefix_override:/home/tony_stark/ros2_ws/install/sample_package/lib/python3.10/site-packages:${PYTHONPATH} /usr/bin/python3 setup.py egg_info --egg-base ../../build/sample_package build --build-base /home/tony_stark/ros2_ws/build/sample_package/build install --record /home/tony_stark/ros2_ws/build/sample_package/install.log --single-version-externally-managed
