[2.596s] Invoking command in '/home/tony_stark/ros2_ws/src/navigation_module': PYTHONPATH=/home/tony_stark/ros2_ws/build/navigation_module/prefix_override:/home/tony_stark/ros2_ws/install/navigation_module/lib/python3.10/site-packages:${PYTHONPATH} /usr/bin/python3 setup.py egg_info --egg-base ../../build/navigation_module build --build-base /home/tony_stark/ros2_ws/build/navigation_module/build install --record /home/tony_stark/ros2_ws/build/navigation_module/install.log --single-version-externally-managed
[3.476s] running egg_info
[3.478s] writing ../../build/navigation_module/navigation_module.egg-info/PKG-INFO
[3.479s] writing dependency_links to ../../build/navigation_module/navigation_module.egg-info/dependency_links.txt
[3.481s] writing entry points to ../../build/navigation_module/navigation_module.egg-info/entry_points.txt
[3.482s] writing requirements to ../../build/navigation_module/navigation_module.egg-info/requires.txt
[3.483s] writing top-level names to ../../build/navigation_module/navigation_module.egg-info/top_level.txt
[3.485s] reading manifest file '../../build/navigation_module/navigation_module.egg-info/SOURCES.txt'
[3.518s] writing manifest file '../../build/navigation_module/navigation_module.egg-info/SOURCES.txt'
[3.572s] running build
[3.574s] running build_py
[3.574s] copying navigation_module/goal_poses.py -> /home/tony_stark/ros2_ws/build/navigation_module/build/lib/navigation_module
[3.574s] running install
[3.574s] running install_lib
[3.577s] copying /home/tony_stark/ros2_ws/build/navigation_module/build/lib/navigation_module/goal_poses.py -> /home/tony_stark/ros2_ws/install/navigation_module/lib/python3.10/site-packages/navigation_module
[3.577s] byte-compiling /home/tony_stark/ros2_ws/install/navigation_module/lib/python3.10/site-packages/navigation_module/goal_poses.py to goal_poses.cpython-310.pyc
[3.617s] running install_data
[3.620s] running install_egg_info
[3.626s] removing '/home/tony_stark/ros2_ws/install/navigation_module/lib/python3.10/site-packages/navigation_module-0.0.0-py3.10.egg-info' (and everything under it)
[3.627s] Copying ../../build/navigation_module/navigation_module.egg-info to /home/tony_stark/ros2_ws/install/navigation_module/lib/python3.10/site-packages/navigation_module-0.0.0-py3.10.egg-info
[3.740s] running install_scripts
[3.789s] Installing get_pose script to /home/tony_stark/ros2_ws/install/navigation_module/lib/navigation_module
[3.790s] Installing goal_poses script to /home/tony_stark/ros2_ws/install/navigation_module/lib/navigation_module
[3.798s] Installing manual_goal script to /home/tony_stark/ros2_ws/install/navigation_module/lib/navigation_module
[3.799s] writing list of installed files to '/home/tony_stark/ros2_ws/build/navigation_module/install.log'
[3.884s] Invoked command in '/home/tony_stark/ros2_ws/src/navigation_module' returned '0': PYTHONPATH=/home/tony_stark/ros2_ws/build/navigation_module/prefix_override:/home/tony_stark/ros2_ws/install/navigation_module/lib/python3.10/site-packages:${PYTHONPATH} /usr/bin/python3 setup.py egg_info --egg-base ../../build/navigation_module build --build-base /home/tony_stark/ros2_ws/build/navigation_module/build install --record /home/tony_stark/ros2_ws/build/navigation_module/install.log --single-version-externally-managed
