[2.242s] Invoking command in '/home/tony_stark/ros2_ws/src/sample_package': PYTHONPATH=/home/tony_stark/ros2_ws/build/sample_package/prefix_override:/home/tony_stark/ros2_ws/install/sample_package/lib/python3.10/site-packages:${PYTHONPATH} /usr/bin/python3 setup.py egg_info --egg-base ../../build/sample_package build --build-base /home/tony_stark/ros2_ws/build/sample_package/build install --record /home/tony_stark/ros2_ws/build/sample_package/install.log --single-version-externally-managed
[2.876s] running egg_info
[2.904s] writing ../../build/sample_package/sample_package.egg-info/PKG-INFO
[2.906s] writing dependency_links to ../../build/sample_package/sample_package.egg-info/dependency_links.txt
[2.906s] writing entry points to ../../build/sample_package/sample_package.egg-info/entry_points.txt
[2.908s] writing requirements to ../../build/sample_package/sample_package.egg-info/requires.txt
[2.908s] writing top-level names to ../../build/sample_package/sample_package.egg-info/top_level.txt
[2.963s] reading manifest file '../../build/sample_package/sample_package.egg-info/SOURCES.txt'
[2.965s] writing manifest file '../../build/sample_package/sample_package.egg-info/SOURCES.txt'
[2.966s] running build
[2.966s] running build_py
[2.967s] running install
[2.967s] /home/tony_stark/.local/lib/python3.10/site-packages/setuptools/_distutils/cmd.py:66: SetuptoolsDeprecationWarning: setup.py install is deprecated.
[2.968s] !!
[2.968s] 
[2.968s]         ********************************************************************************
[2.968s]         Please avoid running ``setup.py`` directly.
[2.968s]         Instead, use pypa/build, pypa/installer, pypa/build or
[2.968s]         other standards-based tools.
[2.968s] 
[2.969s]         See https://blog.ganssle.io/articles/2021/10/setup-py-deprecated.html for details.
[2.969s]         ********************************************************************************
[2.969s] 
[2.969s] !!
[2.969s]   self.initialize_options()
[2.978s] running install_lib
[3.006s] running install_data
[3.032s] running install_egg_info
[3.059s] removing '/home/tony_stark/ros2_ws/install/sample_package/lib/python3.10/site-packages/sample_package-0.0.0-py3.10.egg-info' (and everything under it)
[3.060s] Copying ../../build/sample_package/sample_package.egg-info to /home/tony_stark/ros2_ws/install/sample_package/lib/python3.10/site-packages/sample_package-0.0.0-py3.10.egg-info
[3.061s] running install_scripts
[3.363s] Installing fan_sub script to /home/tony_stark/ros2_ws/install/sample_package/lib/sample_package
[3.364s] Installing process script to /home/tony_stark/ros2_ws/install/sample_package/lib/sample_package
[3.364s] Installing senpub script to /home/tony_stark/ros2_ws/install/sample_package/lib/sample_package
[3.365s] Installing talk script to /home/tony_stark/ros2_ws/install/sample_package/lib/sample_package
[3.366s] writing list of installed files to '/home/tony_stark/ros2_ws/build/sample_package/install.log'
