[0.171s] Invoking command in '/home/tony_stark/ros2_ws/build/controller_manager_msgs': CMAKE_PREFIX_PATH=${CMAKE_PREFIX_PATH}:/home/tony_stark/ros2_ws/install/sample_package:/home/tony_stark/ros2_ws/install/rosgpt:/home/tony_stark/ros2_ws/install/navigation_module:/home/tony_stark/ros2_ws/install/msgs:/home/tony_stark/ros2_ws/install/autonomous_exploration:/opt/ros/humble /usr/bin/cmake --build /home/tony_stark/ros2_ws/build/controller_manager_msgs -- -j2 -l2
[1.088s] [  0%] Built target controller_manager_msgs__cpp
[1.282s] [ 12%] Built target controller_manager_msgs__rosidl_generator_c
[1.633s] [ 12%] Built target ament_cmake_python_copy_controller_manager_msgs
[1.765s] [ 24%] Built target controller_manager_msgs__rosidl_typesupport_cpp
[1.935s] [ 36%] Built target controller_manager_msgs__rosidl_typesupport_fastrtps_c
[2.303s] [ 48%] Built target controller_manager_msgs__rosidl_typesupport_fastrtps_cpp
[2.442s] [ 60%] Built target controller_manager_msgs__rosidl_typesupport_introspection_c
[2.531s] [ 72%] Built target controller_manager_msgs__rosidl_typesupport_c
[2.739s] [ 84%] Built target controller_manager_msgs__rosidl_typesupport_introspection_cpp
[5.000s] running egg_info
[5.004s] writing controller_manager_msgs.egg-info/PKG-INFO
[5.006s] writing dependency_links to controller_manager_msgs.egg-info/dependency_links.txt
[5.007s] writing top-level names to controller_manager_msgs.egg-info/top_level.txt
[5.029s] reading manifest file 'controller_manager_msgs.egg-info/SOURCES.txt'
[5.055s] writing manifest file 'controller_manager_msgs.egg-info/SOURCES.txt'
[5.170s] [ 84%] Built target ament_cmake_python_build_controller_manager_msgs_egg
[5.285s] [ 84%] Built target controller_manager_msgs
[5.352s] [ 85%] Built target controller_manager_msgs__py
[5.481s] [ 96%] Built target controller_manager_msgs__rosidl_generator_py
[5.563s] [ 97%] Built target controller_manager_msgs__rosidl_typesupport_fastrtps_c__pyext
[5.639s] [ 99%] Built target controller_manager_msgs__rosidl_typesupport_introspection_c__pyext
[5.719s] [100%] Built target controller_manager_msgs__rosidl_typesupport_c__pyext
