[5.178s] Invoking command in '/home/tony_stark/ros2_ws/src/sample_package': PYTHONPATH=/home/tony_stark/ros2_ws/build/sample_package/prefix_override:/home/tony_stark/ros2_ws/install/sample_package/lib/python3.10/site-packages:${PYTHONPATH} /usr/bin/python3 setup.py egg_info --egg-base ../../build/sample_package build --build-base /home/tony_stark/ros2_ws/build/sample_package/build install --record /home/tony_stark/ros2_ws/build/sample_package/install.log --single-version-externally-managed
[6.563s] running egg_info
[6.566s] writing ../../build/sample_package/sample_package.egg-info/PKG-INFO
[6.571s] writing dependency_links to ../../build/sample_package/sample_package.egg-info/dependency_links.txt
[6.571s] writing entry points to ../../build/sample_package/sample_package.egg-info/entry_points.txt
[6.572s] writing requirements to ../../build/sample_package/sample_package.egg-info/requires.txt
[6.573s] writing top-level names to ../../build/sample_package/sample_package.egg-info/top_level.txt
[6.693s] reading manifest file '../../build/sample_package/sample_package.egg-info/SOURCES.txt'
[6.708s] writing manifest file '../../build/sample_package/sample_package.egg-info/SOURCES.txt'
[6.709s] running build
[6.709s] running build_py
[6.712s] running install
[6.713s] running install_lib
[6.750s] running install_data
[6.760s] running install_egg_info
[6.766s] removing '/home/tony_stark/ros2_ws/install/sample_package/lib/python3.10/site-packages/sample_package-0.0.0-py3.10.egg-info' (and everything under it)
[6.767s] Copying ../../build/sample_package/sample_package.egg-info to /home/tony_stark/ros2_ws/install/sample_package/lib/python3.10/site-packages/sample_package-0.0.0-py3.10.egg-info
[6.781s] running install_scripts
[6.860s] Installing fan_sub script to /home/tony_stark/ros2_ws/install/sample_package/lib/sample_package
[6.862s] Installing process script to /home/tony_stark/ros2_ws/install/sample_package/lib/sample_package
[6.863s] Installing senpub script to /home/tony_stark/ros2_ws/install/sample_package/lib/sample_package
[6.863s] Installing talk script to /home/tony_stark/ros2_ws/install/sample_package/lib/sample_package
[6.865s] writing list of installed files to '/home/tony_stark/ros2_ws/build/sample_package/install.log'
[6.994s] Invoked command in '/home/tony_stark/ros2_ws/src/sample_package' returned '0': PYTHONPATH=/home/tony_stark/ros2_ws/build/sample_package/prefix_override:/home/tony_stark/ros2_ws/install/sample_package/lib/python3.10/site-packages:${PYTHONPATH} /usr/bin/python3 setup.py egg_info --egg-base ../../build/sample_package build --build-base /home/tony_stark/ros2_ws/build/sample_package/build install --record /home/tony_stark/ros2_ws/build/sample_package/install.log --single-version-externally-managed
