[0.035s] Invoking command in '/home/tony_stark/ros2_ws/build/diffdrive_arduino': CMAKE_PREFIX_PATH=${CMAKE_PREFIX_PATH}:/home/tony_stark/ros2_ws/install/sample_package:/home/tony_stark/ros2_ws/install/rqt_joint_trajectory_controller:/home/tony_stark/ros2_ws/install/rqt_controller_manager:/home/tony_stark/ros2_ws/install/rosgpt:/home/tony_stark/ros2_ws/install/ros2controlcli:/home/tony_stark/ros2_ws/install/ros2_controllers_test_nodes:/home/tony_stark/ros2_ws/install/msgs:/home/tony_stark/ros2_ws/install/autonomous_exploration:/opt/ros/humble /usr/bin/cmake --build /home/tony_stark/ros2_ws/build/diffdrive_arduino -- -j2 -l2
[0.127s] [35m[1mConsolidate compiler generated dependencies of target diffdrive_arduino[0m
[0.161s] [100%] Built target diffdrive_arduino
[0.771s] Invoked command in '/home/tony_stark/ros2_ws/build/diffdrive_arduino' returned '0': CMAKE_PREFIX_PATH=${CMAKE_PREFIX_PATH}:/home/tony_stark/ros2_ws/install/sample_package:/home/tony_stark/ros2_ws/install/rqt_joint_trajectory_controller:/home/tony_stark/ros2_ws/install/rqt_controller_manager:/home/tony_stark/ros2_ws/install/rosgpt:/home/tony_stark/ros2_ws/install/ros2controlcli:/home/tony_stark/ros2_ws/install/ros2_controllers_test_nodes:/home/tony_stark/ros2_ws/install/msgs:/home/tony_stark/ros2_ws/install/autonomous_exploration:/opt/ros/humble /usr/bin/cmake --build /home/tony_stark/ros2_ws/build/diffdrive_arduino -- -j2 -l2
[0.842s] Invoking command in '/home/tony_stark/ros2_ws/build/diffdrive_arduino': CMAKE_PREFIX_PATH=${CMAKE_PREFIX_PATH}:/home/tony_stark/ros2_ws/install/sample_package:/home/tony_stark/ros2_ws/install/rqt_joint_trajectory_controller:/home/tony_stark/ros2_ws/install/rqt_controller_manager:/home/tony_stark/ros2_ws/install/rosgpt:/home/tony_stark/ros2_ws/install/ros2controlcli:/home/tony_stark/ros2_ws/install/ros2_controllers_test_nodes:/home/tony_stark/ros2_ws/install/msgs:/home/tony_stark/ros2_ws/install/autonomous_exploration:/opt/ros/humble /usr/bin/cmake --install /home/tony_stark/ros2_ws/build/diffdrive_arduino
[0.858s] -- Install configuration: ""
[0.859s] -- Up-to-date: /home/tony_stark/ros2_ws/install/diffdrive_arduino/share/diffdrive_arduino/diffdrive_arduino.xml
[0.859s] -- Up-to-date: /home/tony_stark/ros2_ws/install/diffdrive_arduino/include/diffdrive_arduino
[0.859s] -- Up-to-date: /home/tony_stark/ros2_ws/install/diffdrive_arduino/include/diffdrive_arduino/diffdrive_arduino
[0.859s] -- Up-to-date: /home/tony_stark/ros2_ws/install/diffdrive_arduino/include/diffdrive_arduino/diffdrive_arduino/visibility_control.h
[0.860s] -- Up-to-date: /home/tony_stark/ros2_ws/install/diffdrive_arduino/include/diffdrive_arduino/diffdrive_arduino/diffbot_system.hpp
[0.860s] -- Up-to-date: /home/tony_stark/ros2_ws/install/diffdrive_arduino/include/diffdrive_arduino/diffdrive_arduino/arduino_comms.hpp
[0.860s] -- Up-to-date: /home/tony_stark/ros2_ws/install/diffdrive_arduino/include/diffdrive_arduino/diffdrive_arduino/wheel.hpp
[0.860s] -- Up-to-date: /home/tony_stark/ros2_ws/install/diffdrive_arduino/share/diffdrive_arduino/launch
[0.860s] -- Up-to-date: /home/tony_stark/ros2_ws/install/diffdrive_arduino/share/diffdrive_arduino/launch/view_robot.launch.py
[0.860s] -- Up-to-date: /home/tony_stark/ros2_ws/install/diffdrive_arduino/share/diffdrive_arduino/ros2_control
[0.861s] -- Up-to-date: /home/tony_stark/ros2_ws/install/diffdrive_arduino/share/diffdrive_arduino/ros2_control/ros2_control.xacro
[0.861s] -- Up-to-date: /home/tony_stark/ros2_ws/install/diffdrive_arduino/share/diffdrive_arduino/urdf
[0.861s] -- Up-to-date: /home/tony_stark/ros2_ws/install/diffdrive_arduino/share/diffdrive_arduino/urdf/inertial_macros.xacro
[0.862s] -- Up-to-date: /home/tony_stark/ros2_ws/install/diffdrive_arduino/share/diffdrive_arduino/urdf/lidar.xacro
[0.862s] -- Up-to-date: /home/tony_stark/ros2_ws/install/diffdrive_arduino/share/diffdrive_arduino/urdf/robot_core.xacro
[0.862s] -- Up-to-date: /home/tony_stark/ros2_ws/install/diffdrive_arduino/share/diffdrive_arduino/urdf/ros2_control.xacro
[0.863s] -- Up-to-date: /home/tony_stark/ros2_ws/install/diffdrive_arduino/share/diffdrive_arduino/urdf/diffbot.urdf.xacro
[0.863s] -- Up-to-date: /home/tony_stark/ros2_ws/install/diffdrive_arduino/share/diffdrive_arduino/rviz
[0.863s] -- Up-to-date: /home/tony_stark/ros2_ws/install/diffdrive_arduino/share/diffdrive_arduino/rviz/diffbot_view.rviz
[0.863s] -- Up-to-date: /home/tony_stark/ros2_ws/install/diffdrive_arduino/share/diffdrive_arduino/rviz/diffbot.rviz
[0.863s] -- Up-to-date: /home/tony_stark/ros2_ws/install/diffdrive_arduino/share/diffdrive_arduino/launch
[0.863s] -- Up-to-date: /home/tony_stark/ros2_ws/install/diffdrive_arduino/share/diffdrive_arduino/launch/rplidar.launch.py
[0.863s] -- Up-to-date: /home/tony_stark/ros2_ws/install/diffdrive_arduino/share/diffdrive_arduino/launch/diffbot.launch.py
[0.864s] -- Up-to-date: /home/tony_stark/ros2_ws/install/diffdrive_arduino/share/diffdrive_arduino/config
[0.864s] -- Up-to-date: /home/tony_stark/ros2_ws/install/diffdrive_arduino/share/diffdrive_arduino/config/diffbot_controllers.yaml
[0.864s] -- Up-to-date: /home/tony_stark/ros2_ws/install/diffdrive_arduino/lib/libdiffdrive_arduino.so
[0.864s] -- Up-to-date: /home/tony_stark/ros2_ws/install/diffdrive_arduino/share/diffdrive_arduino/environment/library_path.sh
[0.864s] -- Up-to-date: /home/tony_stark/ros2_ws/install/diffdrive_arduino/share/diffdrive_arduino/environment/library_path.dsv
[0.864s] -- Up-to-date: /home/tony_stark/ros2_ws/install/diffdrive_arduino/share/ament_index/resource_index/package_run_dependencies/diffdrive_arduino
[0.864s] -- Up-to-date: /home/tony_stark/ros2_ws/install/diffdrive_arduino/share/ament_index/resource_index/parent_prefix_path/diffdrive_arduino
[0.875s] -- Up-to-date: /home/tony_stark/ros2_ws/install/diffdrive_arduino/share/diffdrive_arduino/environment/ament_prefix_path.sh
[0.876s] -- Up-to-date: /home/tony_stark/ros2_ws/install/diffdrive_arduino/share/diffdrive_arduino/environment/ament_prefix_path.dsv
[0.876s] -- Up-to-date: /home/tony_stark/ros2_ws/install/diffdrive_arduino/share/diffdrive_arduino/environment/path.sh
[0.876s] -- Up-to-date: /home/tony_stark/ros2_ws/install/diffdrive_arduino/share/diffdrive_arduino/environment/path.dsv
[0.877s] -- Up-to-date: /home/tony_stark/ros2_ws/install/diffdrive_arduino/share/diffdrive_arduino/local_setup.bash
[0.877s] -- Up-to-date: /home/tony_stark/ros2_ws/install/diffdrive_arduino/share/diffdrive_arduino/local_setup.sh
[0.877s] -- Up-to-date: /home/tony_stark/ros2_ws/install/diffdrive_arduino/share/diffdrive_arduino/local_setup.zsh
[0.877s] -- Up-to-date: /home/tony_stark/ros2_ws/install/diffdrive_arduino/share/diffdrive_arduino/local_setup.dsv
[0.877s] -- Installing: /home/tony_stark/ros2_ws/install/diffdrive_arduino/share/diffdrive_arduino/package.dsv
[0.877s] -- Up-to-date: /home/tony_stark/ros2_ws/install/diffdrive_arduino/share/ament_index/resource_index/packages/diffdrive_arduino
[0.878s] -- Up-to-date: /home/tony_stark/ros2_ws/install/diffdrive_arduino/share/ament_index/resource_index/hardware_interface__pluginlib__plugin/diffdrive_arduino
[0.878s] -- Up-to-date: /home/tony_stark/ros2_ws/install/diffdrive_arduino/share/diffdrive_arduino/cmake/export_diffdrive_arduinoExport.cmake
[0.878s] -- Up-to-date: /home/tony_stark/ros2_ws/install/diffdrive_arduino/share/diffdrive_arduino/cmake/export_diffdrive_arduinoExport-noconfig.cmake
[0.878s] -- Up-to-date: /home/tony_stark/ros2_ws/install/diffdrive_arduino/share/diffdrive_arduino/cmake/ament_cmake_export_targets-extras.cmake
[0.878s] -- Up-to-date: /home/tony_stark/ros2_ws/install/diffdrive_arduino/share/diffdrive_arduino/cmake/ament_cmake_export_dependencies-extras.cmake
[0.879s] -- Up-to-date: /home/tony_stark/ros2_ws/install/diffdrive_arduino/share/diffdrive_arduino/cmake/diffdrive_arduinoConfig.cmake
[0.879s] -- Up-to-date: /home/tony_stark/ros2_ws/install/diffdrive_arduino/share/diffdrive_arduino/cmake/diffdrive_arduinoConfig-version.cmake
[0.879s] -- Up-to-date: /home/tony_stark/ros2_ws/install/diffdrive_arduino/share/diffdrive_arduino/package.xml
[0.879s] Invoked command in '/home/tony_stark/ros2_ws/build/diffdrive_arduino' returned '0': CMAKE_PREFIX_PATH=${CMAKE_PREFIX_PATH}:/home/tony_stark/ros2_ws/install/sample_package:/home/tony_stark/ros2_ws/install/rqt_joint_trajectory_controller:/home/tony_stark/ros2_ws/install/rqt_controller_manager:/home/tony_stark/ros2_ws/install/rosgpt:/home/tony_stark/ros2_ws/install/ros2controlcli:/home/tony_stark/ros2_ws/install/ros2_controllers_test_nodes:/home/tony_stark/ros2_ws/install/msgs:/home/tony_stark/ros2_ws/install/autonomous_exploration:/opt/ros/humble /usr/bin/cmake --install /home/tony_stark/ros2_ws/build/diffdrive_arduino
