[2.982s] Invoking command in '/home/tony_stark/ros2_ws/src/navigation_module': PYTHONPATH=/home/tony_stark/ros2_ws/build/navigation_module/prefix_override:/home/tony_stark/ros2_ws/install/navigation_module/lib/python3.10/site-packages:${PYTHONPATH} /usr/bin/python3 setup.py egg_info --egg-base ../../build/navigation_module build --build-base /home/tony_stark/ros2_ws/build/navigation_module/build install --record /home/tony_stark/ros2_ws/build/navigation_module/install.log --single-version-externally-managed
[3.829s] running egg_info
[3.833s] writing ../../build/navigation_module/navigation_module.egg-info/PKG-INFO
[3.853s] writing dependency_links to ../../build/navigation_module/navigation_module.egg-info/dependency_links.txt
[3.855s] writing entry points to ../../build/navigation_module/navigation_module.egg-info/entry_points.txt
[3.861s] writing requirements to ../../build/navigation_module/navigation_module.egg-info/requires.txt
[3.863s] writing top-level names to ../../build/navigation_module/navigation_module.egg-info/top_level.txt
[3.884s] reading manifest file '../../build/navigation_module/navigation_module.egg-info/SOURCES.txt'
[3.914s] writing manifest file '../../build/navigation_module/navigation_module.egg-info/SOURCES.txt'
[3.942s] running build
[3.942s] running build_py
[3.945s] running install
[3.946s] running install_lib
[3.950s] running install_data
[3.953s] running install_egg_info
[3.958s] removing '/home/tony_stark/ros2_ws/install/navigation_module/lib/python3.10/site-packages/navigation_module-0.0.0-py3.10.egg-info' (and everything under it)
[3.969s] Copying ../../build/navigation_module/navigation_module.egg-info to /home/tony_stark/ros2_ws/install/navigation_module/lib/python3.10/site-packages/navigation_module-0.0.0-py3.10.egg-info
[3.982s] running install_scripts
[4.025s] Installing get_pose script to /home/tony_stark/ros2_ws/install/navigation_module/lib/navigation_module
[4.038s] Installing goal_poses script to /home/tony_stark/ros2_ws/install/navigation_module/lib/navigation_module
[4.040s] Installing manual_goal script to /home/tony_stark/ros2_ws/install/navigation_module/lib/navigation_module
[4.042s] writing list of installed files to '/home/tony_stark/ros2_ws/build/navigation_module/install.log'
[4.128s] Invoked command in '/home/tony_stark/ros2_ws/src/navigation_module' returned '0': PYTHONPATH=/home/tony_stark/ros2_ws/build/navigation_module/prefix_override:/home/tony_stark/ros2_ws/install/navigation_module/lib/python3.10/site-packages:${PYTHONPATH} /usr/bin/python3 setup.py egg_info --egg-base ../../build/navigation_module build --build-base /home/tony_stark/ros2_ws/build/navigation_module/build install --record /home/tony_stark/ros2_ws/build/navigation_module/install.log --single-version-externally-managed
