[2.535s] Invoking command in '/home/tony_stark/ros2_ws/src/sample_package': PYTHONPATH=/home/tony_stark/ros2_ws/build/sample_package/prefix_override:/home/tony_stark/ros2_ws/install/sample_package/lib/python3.10/site-packages:${PYTHONPATH} /usr/bin/python3 setup.py egg_info --egg-base ../../build/sample_package build --build-base /home/tony_stark/ros2_ws/build/sample_package/build install --record /home/tony_stark/ros2_ws/build/sample_package/install.log --single-version-externally-managed
[3.123s] running egg_info
[3.164s] writing ../../build/sample_package/sample_package.egg-info/PKG-INFO
[3.165s] writing dependency_links to ../../build/sample_package/sample_package.egg-info/dependency_links.txt
[3.168s] writing entry points to ../../build/sample_package/sample_package.egg-info/entry_points.txt
[3.170s] writing requirements to ../../build/sample_package/sample_package.egg-info/requires.txt
[3.171s] writing top-level names to ../../build/sample_package/sample_package.egg-info/top_level.txt
[3.255s] reading manifest file '../../build/sample_package/sample_package.egg-info/SOURCES.txt'
[3.258s] writing manifest file '../../build/sample_package/sample_package.egg-info/SOURCES.txt'
[3.259s] running build
[3.259s] running build_py
[3.261s] running install
[3.262s] /home/tony_stark/.local/lib/python3.10/site-packages/setuptools/_distutils/cmd.py:66: SetuptoolsDeprecationWarning: setup.py install is deprecated.
[3.263s] !!
[3.263s] 
[3.263s]         ********************************************************************************
[3.263s]         Please avoid running ``setup.py`` directly.
[3.264s]         Instead, use pypa/build, pypa/installer, pypa/build or
[3.264s]         other standards-based tools.
[3.265s] 
[3.265s]         See https://blog.ganssle.io/articles/2021/10/setup-py-deprecated.html for details.
[3.265s]         ********************************************************************************
[3.265s] 
[3.265s] !!
[3.265s]   self.initialize_options()
[3.284s] running install_lib
[3.319s] running install_data
[3.358s] running install_egg_info
[3.406s] removing '/home/tony_stark/ros2_ws/install/sample_package/lib/python3.10/site-packages/sample_package-0.0.0-py3.10.egg-info' (and everything under it)
[3.408s] Copying ../../build/sample_package/sample_package.egg-info to /home/tony_stark/ros2_ws/install/sample_package/lib/python3.10/site-packages/sample_package-0.0.0-py3.10.egg-info
[3.412s] running install_scripts
[3.738s] Installing fan_sub script to /home/tony_stark/ros2_ws/install/sample_package/lib/sample_package
[3.738s] Installing process script to /home/tony_stark/ros2_ws/install/sample_package/lib/sample_package
[3.739s] Installing senpub script to /home/tony_stark/ros2_ws/install/sample_package/lib/sample_package
[3.739s] Installing talk script to /home/tony_stark/ros2_ws/install/sample_package/lib/sample_package
[3.740s] writing list of installed files to '/home/tony_stark/ros2_ws/build/sample_package/install.log'
