[0.646s] DEBUG:colcon:Command line arguments: ['/usr/bin/colcon', 'build']
[0.646s] DEBUG:colcon:Parsed command line arguments: Namespace(log_base=None, log_level=None, verb_name='build', build_base='build', install_base='install', merge_install=False, symlink_install=False, test_result_base=None, continue_on_error=False, executor='parallel', parallel_workers=2, event_handlers=None, ignore_user_meta=False, metas=['./colcon.meta'], base_paths=['.'], packages_ignore=None, packages_ignore_regex=None, paths=None, packages_up_to=None, packages_up_to_regex=None, packages_above=None, packages_above_and_dependencies=None, packages_above_depth=None, packages_select_by_dep=None, packages_skip_by_dep=None, packages_skip_up_to=None, packages_select_build_failed=False, packages_skip_build_finished=False, packages_select_test_failures=False, packages_skip_test_passed=False, packages_select=None, packages_skip=None, packages_select_regex=None, packages_skip_regex=None, packages_start=None, packages_end=None, allow_overriding=[], cmake_args=None, cmake_target=None, cmake_target_skip_unavailable=False, cmake_clean_cache=False, cmake_clean_first=False, cmake_force_configure=False, ament_cmake_args=None, catkin_cmake_args=None, catkin_skip_building_tests=False, verb_parser=<colcon_defaults.argument_parser.defaults.DefaultArgumentsDecorator object at 0x7fa77488db70>, verb_extension=<colcon_core.verb.build.BuildVerb object at 0x7fa77488d600>, main=<bound method BuildVerb.main of <colcon_core.verb.build.BuildVerb object at 0x7fa77488d600>>)
[0.689s] Level 1:colcon.colcon_core.package_discovery:discover_packages(colcon_meta) check parameters
[0.689s] Level 1:colcon.colcon_core.package_discovery:discover_packages(recursive) check parameters
[0.689s] Level 1:colcon.colcon_core.package_discovery:discover_packages(ignore) check parameters
[0.689s] Level 1:colcon.colcon_core.package_discovery:discover_packages(path) check parameters
[0.689s] Level 1:colcon.colcon_core.package_discovery:discover_packages(colcon_meta) discover
[0.689s] Level 1:colcon.colcon_core.package_discovery:discover_packages(recursive) discover
[0.689s] INFO:colcon.colcon_core.package_discovery:Crawling recursively for packages in '/home/tony_stark/ros2_ws'
[0.690s] Level 1:colcon.colcon_core.package_identification:_identify(.) by extensions ['ignore', 'ignore_ament_install']
[0.690s] Level 1:colcon.colcon_core.package_identification:_identify(.) by extension 'ignore'
[0.690s] Level 1:colcon.colcon_core.package_identification:_identify(.) by extension 'ignore_ament_install'
[0.690s] Level 1:colcon.colcon_core.package_identification:_identify(.) by extensions ['colcon_pkg']
[0.690s] Level 1:colcon.colcon_core.package_identification:_identify(.) by extension 'colcon_pkg'
[0.690s] Level 1:colcon.colcon_core.package_identification:_identify(.) by extensions ['colcon_meta']
[0.690s] Level 1:colcon.colcon_core.package_identification:_identify(.) by extension 'colcon_meta'
[0.690s] Level 1:colcon.colcon_core.package_identification:_identify(.) by extensions ['ros']
[0.690s] Level 1:colcon.colcon_core.package_identification:_identify(.) by extension 'ros'
[0.712s] Level 1:colcon.colcon_core.package_identification:_identify(.) by extensions ['cmake', 'python']
[0.712s] Level 1:colcon.colcon_core.package_identification:_identify(.) by extension 'cmake'
[0.712s] Level 1:colcon.colcon_core.package_identification:_identify(.) by extension 'python'
[0.712s] Level 1:colcon.colcon_core.package_identification:_identify(.) by extensions ['python_setup_py']
[0.712s] Level 1:colcon.colcon_core.package_identification:_identify(.) by extension 'python_setup_py'
[0.713s] Level 1:colcon.colcon_core.package_identification:_identify(build) by extensions ['ignore', 'ignore_ament_install']
[0.713s] Level 1:colcon.colcon_core.package_identification:_identify(build) by extension 'ignore'
[0.713s] Level 1:colcon.colcon_core.package_identification:_identify(build) ignored
[0.713s] Level 1:colcon.colcon_core.package_identification:_identify(install) by extensions ['ignore', 'ignore_ament_install']
[0.713s] Level 1:colcon.colcon_core.package_identification:_identify(install) by extension 'ignore'
[0.713s] Level 1:colcon.colcon_core.package_identification:_identify(install) ignored
[0.714s] Level 1:colcon.colcon_core.package_identification:_identify(log) by extensions ['ignore', 'ignore_ament_install']
[0.714s] Level 1:colcon.colcon_core.package_identification:_identify(log) by extension 'ignore'
[0.714s] Level 1:colcon.colcon_core.package_identification:_identify(log) ignored
[0.714s] Level 1:colcon.colcon_core.package_identification:_identify(models) by extensions ['ignore', 'ignore_ament_install']
[0.714s] Level 1:colcon.colcon_core.package_identification:_identify(models) by extension 'ignore'
[0.714s] Level 1:colcon.colcon_core.package_identification:_identify(models) by extension 'ignore_ament_install'
[0.714s] Level 1:colcon.colcon_core.package_identification:_identify(models) by extensions ['colcon_pkg']
[0.714s] Level 1:colcon.colcon_core.package_identification:_identify(models) by extension 'colcon_pkg'
[0.714s] Level 1:colcon.colcon_core.package_identification:_identify(models) by extensions ['colcon_meta']
[0.714s] Level 1:colcon.colcon_core.package_identification:_identify(models) by extension 'colcon_meta'
[0.715s] Level 1:colcon.colcon_core.package_identification:_identify(models) by extensions ['ros']
[0.715s] Level 1:colcon.colcon_core.package_identification:_identify(models) by extension 'ros'
[0.715s] Level 1:colcon.colcon_core.package_identification:_identify(models) by extensions ['cmake', 'python']
[0.715s] Level 1:colcon.colcon_core.package_identification:_identify(models) by extension 'cmake'
[0.715s] Level 1:colcon.colcon_core.package_identification:_identify(models) by extension 'python'
[0.715s] Level 1:colcon.colcon_core.package_identification:_identify(models) by extensions ['python_setup_py']
[0.715s] Level 1:colcon.colcon_core.package_identification:_identify(models) by extension 'python_setup_py'
[0.715s] Level 1:colcon.colcon_core.package_identification:_identify(src) by extensions ['ignore', 'ignore_ament_install']
[0.715s] Level 1:colcon.colcon_core.package_identification:_identify(src) by extension 'ignore'
[0.715s] Level 1:colcon.colcon_core.package_identification:_identify(src) by extension 'ignore_ament_install'
[0.715s] Level 1:colcon.colcon_core.package_identification:_identify(src) by extensions ['colcon_pkg']
[0.715s] Level 1:colcon.colcon_core.package_identification:_identify(src) by extension 'colcon_pkg'
[0.715s] Level 1:colcon.colcon_core.package_identification:_identify(src) by extensions ['colcon_meta']
[0.715s] Level 1:colcon.colcon_core.package_identification:_identify(src) by extension 'colcon_meta'
[0.716s] Level 1:colcon.colcon_core.package_identification:_identify(src) by extensions ['ros']
[0.716s] Level 1:colcon.colcon_core.package_identification:_identify(src) by extension 'ros'
[0.716s] Level 1:colcon.colcon_core.package_identification:_identify(src) by extensions ['cmake', 'python']
[0.716s] Level 1:colcon.colcon_core.package_identification:_identify(src) by extension 'cmake'
[0.716s] Level 1:colcon.colcon_core.package_identification:_identify(src) by extension 'python'
[0.716s] Level 1:colcon.colcon_core.package_identification:_identify(src) by extensions ['python_setup_py']
[0.716s] Level 1:colcon.colcon_core.package_identification:_identify(src) by extension 'python_setup_py'
[0.716s] Level 1:colcon.colcon_core.package_identification:_identify(src/fan_simulation) by extensions ['ignore', 'ignore_ament_install']
[0.716s] Level 1:colcon.colcon_core.package_identification:_identify(src/fan_simulation) by extension 'ignore'
[0.716s] Level 1:colcon.colcon_core.package_identification:_identify(src/fan_simulation) by extension 'ignore_ament_install'
[0.716s] Level 1:colcon.colcon_core.package_identification:_identify(src/fan_simulation) by extensions ['colcon_pkg']
[0.716s] Level 1:colcon.colcon_core.package_identification:_identify(src/fan_simulation) by extension 'colcon_pkg'
[0.716s] Level 1:colcon.colcon_core.package_identification:_identify(src/fan_simulation) by extensions ['colcon_meta']
[0.717s] Level 1:colcon.colcon_core.package_identification:_identify(src/fan_simulation) by extension 'colcon_meta'
[0.717s] Level 1:colcon.colcon_core.package_identification:_identify(src/fan_simulation) by extensions ['ros']
[0.717s] Level 1:colcon.colcon_core.package_identification:_identify(src/fan_simulation) by extension 'ros'
[0.721s] DEBUG:colcon.colcon_core.package_identification:Package 'src/fan_simulation' with type 'ros.ament_python' and name 'fan_simulation'
[0.721s] Level 1:colcon.colcon_core.package_identification:_identify(src/msgs) by extensions ['ignore', 'ignore_ament_install']
[0.721s] Level 1:colcon.colcon_core.package_identification:_identify(src/msgs) by extension 'ignore'
[0.722s] Level 1:colcon.colcon_core.package_identification:_identify(src/msgs) by extension 'ignore_ament_install'
[0.722s] Level 1:colcon.colcon_core.package_identification:_identify(src/msgs) by extensions ['colcon_pkg']
[0.722s] Level 1:colcon.colcon_core.package_identification:_identify(src/msgs) by extension 'colcon_pkg'
[0.722s] Level 1:colcon.colcon_core.package_identification:_identify(src/msgs) by extensions ['colcon_meta']
[0.722s] Level 1:colcon.colcon_core.package_identification:_identify(src/msgs) by extension 'colcon_meta'
[0.722s] Level 1:colcon.colcon_core.package_identification:_identify(src/msgs) by extensions ['ros']
[0.722s] Level 1:colcon.colcon_core.package_identification:_identify(src/msgs) by extension 'ros'
[0.723s] DEBUG:colcon.colcon_core.package_identification:Package 'src/msgs' with type 'ros.ament_python' and name 'msgs'
[0.724s] Level 1:colcon.colcon_core.package_identification:_identify(src/sample_package) by extensions ['ignore', 'ignore_ament_install']
[0.724s] Level 1:colcon.colcon_core.package_identification:_identify(src/sample_package) by extension 'ignore'
[0.724s] Level 1:colcon.colcon_core.package_identification:_identify(src/sample_package) by extension 'ignore_ament_install'
[0.724s] Level 1:colcon.colcon_core.package_identification:_identify(src/sample_package) by extensions ['colcon_pkg']
[0.724s] Level 1:colcon.colcon_core.package_identification:_identify(src/sample_package) by extension 'colcon_pkg'
[0.724s] Level 1:colcon.colcon_core.package_identification:_identify(src/sample_package) by extensions ['colcon_meta']
[0.724s] Level 1:colcon.colcon_core.package_identification:_identify(src/sample_package) by extension 'colcon_meta'
[0.724s] Level 1:colcon.colcon_core.package_identification:_identify(src/sample_package) by extensions ['ros']
[0.724s] Level 1:colcon.colcon_core.package_identification:_identify(src/sample_package) by extension 'ros'
[0.725s] DEBUG:colcon.colcon_core.package_identification:Package 'src/sample_package' with type 'ros.ament_python' and name 'sample_package'
[0.725s] Level 1:colcon.colcon_core.package_discovery:discover_packages(recursive) using defaults
[0.725s] Level 1:colcon.colcon_core.package_discovery:discover_packages(ignore) discover
[0.725s] Level 1:colcon.colcon_core.package_discovery:discover_packages(ignore) using defaults
[0.726s] Level 1:colcon.colcon_core.package_discovery:discover_packages(path) discover
[0.726s] Level 1:colcon.colcon_core.package_discovery:discover_packages(path) using defaults
[0.767s] Level 1:colcon.colcon_core.package_discovery:discover_packages(prefix_path) check parameters
[0.767s] Level 1:colcon.colcon_core.package_discovery:discover_packages(prefix_path) discover
[0.772s] DEBUG:colcon.colcon_installed_package_information.package_discovery:Found 4 installed packages in /home/tony_stark/ros2_ws/install
[0.776s] DEBUG:colcon.colcon_installed_package_information.package_discovery:Found 321 installed packages in /opt/ros/humble
[0.781s] Level 1:colcon.colcon_core.package_discovery:discover_packages(prefix_path) using defaults
[0.894s] Level 5:colcon.colcon_core.verb:set package 'fan_simulation' build argument 'cmake_args' from command line to 'None'
[0.894s] Level 5:colcon.colcon_core.verb:set package 'fan_simulation' build argument 'cmake_target' from command line to 'None'
[0.894s] Level 5:colcon.colcon_core.verb:set package 'fan_simulation' build argument 'cmake_target_skip_unavailable' from command line to 'False'
[0.894s] Level 5:colcon.colcon_core.verb:set package 'fan_simulation' build argument 'cmake_clean_cache' from command line to 'False'
[0.894s] Level 5:colcon.colcon_core.verb:set package 'fan_simulation' build argument 'cmake_clean_first' from command line to 'False'
[0.894s] Level 5:colcon.colcon_core.verb:set package 'fan_simulation' build argument 'cmake_force_configure' from command line to 'False'
[0.894s] Level 5:colcon.colcon_core.verb:set package 'fan_simulation' build argument 'ament_cmake_args' from command line to 'None'
[0.895s] Level 5:colcon.colcon_core.verb:set package 'fan_simulation' build argument 'catkin_cmake_args' from command line to 'None'
[0.895s] Level 5:colcon.colcon_core.verb:set package 'fan_simulation' build argument 'catkin_skip_building_tests' from command line to 'False'
[0.895s] DEBUG:colcon.colcon_core.verb:Building package 'fan_simulation' with the following arguments: {'ament_cmake_args': None, 'build_base': '/home/tony_stark/ros2_ws/build/fan_simulation', 'catkin_cmake_args': None, 'catkin_skip_building_tests': False, 'cmake_args': None, 'cmake_clean_cache': False, 'cmake_clean_first': False, 'cmake_force_configure': False, 'cmake_target': None, 'cmake_target_skip_unavailable': False, 'install_base': '/home/tony_stark/ros2_ws/install/fan_simulation', 'merge_install': False, 'path': '/home/tony_stark/ros2_ws/src/fan_simulation', 'symlink_install': False, 'test_result_base': None}
[0.897s] Level 5:colcon.colcon_core.verb:set package 'msgs' build argument 'cmake_args' from command line to 'None'
[0.897s] Level 5:colcon.colcon_core.verb:set package 'msgs' build argument 'cmake_target' from command line to 'None'
[0.897s] Level 5:colcon.colcon_core.verb:set package 'msgs' build argument 'cmake_target_skip_unavailable' from command line to 'False'
[0.897s] Level 5:colcon.colcon_core.verb:set package 'msgs' build argument 'cmake_clean_cache' from command line to 'False'
[0.897s] Level 5:colcon.colcon_core.verb:set package 'msgs' build argument 'cmake_clean_first' from command line to 'False'
[0.897s] Level 5:colcon.colcon_core.verb:set package 'msgs' build argument 'cmake_force_configure' from command line to 'False'
[0.897s] Level 5:colcon.colcon_core.verb:set package 'msgs' build argument 'ament_cmake_args' from command line to 'None'
[0.897s] Level 5:colcon.colcon_core.verb:set package 'msgs' build argument 'catkin_cmake_args' from command line to 'None'
[0.897s] Level 5:colcon.colcon_core.verb:set package 'msgs' build argument 'catkin_skip_building_tests' from command line to 'False'
[0.897s] DEBUG:colcon.colcon_core.verb:Building package 'msgs' with the following arguments: {'ament_cmake_args': None, 'build_base': '/home/tony_stark/ros2_ws/build/msgs', 'catkin_cmake_args': None, 'catkin_skip_building_tests': False, 'cmake_args': None, 'cmake_clean_cache': False, 'cmake_clean_first': False, 'cmake_force_configure': False, 'cmake_target': None, 'cmake_target_skip_unavailable': False, 'install_base': '/home/tony_stark/ros2_ws/install/msgs', 'merge_install': False, 'path': '/home/tony_stark/ros2_ws/src/msgs', 'symlink_install': False, 'test_result_base': None}
[0.899s] Level 5:colcon.colcon_core.verb:set package 'sample_package' build argument 'cmake_args' from command line to 'None'
[0.899s] Level 5:colcon.colcon_core.verb:set package 'sample_package' build argument 'cmake_target' from command line to 'None'
[0.899s] Level 5:colcon.colcon_core.verb:set package 'sample_package' build argument 'cmake_target_skip_unavailable' from command line to 'False'
[0.899s] Level 5:colcon.colcon_core.verb:set package 'sample_package' build argument 'cmake_clean_cache' from command line to 'False'
[0.899s] Level 5:colcon.colcon_core.verb:set package 'sample_package' build argument 'cmake_clean_first' from command line to 'False'
[0.899s] Level 5:colcon.colcon_core.verb:set package 'sample_package' build argument 'cmake_force_configure' from command line to 'False'
[0.900s] Level 5:colcon.colcon_core.verb:set package 'sample_package' build argument 'ament_cmake_args' from command line to 'None'
[0.900s] Level 5:colcon.colcon_core.verb:set package 'sample_package' build argument 'catkin_cmake_args' from command line to 'None'
[0.900s] Level 5:colcon.colcon_core.verb:set package 'sample_package' build argument 'catkin_skip_building_tests' from command line to 'False'
[0.900s] DEBUG:colcon.colcon_core.verb:Building package 'sample_package' with the following arguments: {'ament_cmake_args': None, 'build_base': '/home/tony_stark/ros2_ws/build/sample_package', 'catkin_cmake_args': None, 'catkin_skip_building_tests': False, 'cmake_args': None, 'cmake_clean_cache': False, 'cmake_clean_first': False, 'cmake_force_configure': False, 'cmake_target': None, 'cmake_target_skip_unavailable': False, 'install_base': '/home/tony_stark/ros2_ws/install/sample_package', 'merge_install': False, 'path': '/home/tony_stark/ros2_ws/src/sample_package', 'symlink_install': False, 'test_result_base': None}
[0.901s] INFO:colcon.colcon_core.executor:Executing jobs using 'parallel' executor
[0.907s] DEBUG:colcon.colcon_parallel_executor.executor.parallel:run_until_complete
[0.908s] INFO:colcon.colcon_ros.task.ament_python.build:Building ROS package in '/home/tony_stark/ros2_ws/src/fan_simulation' with build type 'ament_python'
[0.908s] Level 1:colcon.colcon_core.shell:create_environment_hook('fan_simulation', 'ament_prefix_path')
[0.916s] INFO:colcon.colcon_core.plugin_system:Skipping extension 'colcon_core.shell.bat': Not used on non-Windows systems
[0.917s] INFO:colcon.colcon_core.shell:Creating environment hook '/home/tony_stark/ros2_ws/install/fan_simulation/share/fan_simulation/hook/ament_prefix_path.ps1'
[0.918s] INFO:colcon.colcon_core.shell:Creating environment descriptor '/home/tony_stark/ros2_ws/install/fan_simulation/share/fan_simulation/hook/ament_prefix_path.dsv'
[0.919s] INFO:colcon.colcon_core.shell:Creating environment hook '/home/tony_stark/ros2_ws/install/fan_simulation/share/fan_simulation/hook/ament_prefix_path.sh'
[0.923s] INFO:colcon.colcon_core.shell:Skip shell extension 'powershell' for command environment: Not usable outside of PowerShell
[0.923s] DEBUG:colcon.colcon_core.shell:Skip shell extension 'dsv' for command environment
[0.933s] INFO:colcon.colcon_ros.task.ament_python.build:Building ROS package in '/home/tony_stark/ros2_ws/src/msgs' with build type 'ament_python'
[0.933s] Level 1:colcon.colcon_core.shell:create_environment_hook('msgs', 'ament_prefix_path')
[0.937s] INFO:colcon.colcon_core.shell:Creating environment hook '/home/tony_stark/ros2_ws/install/msgs/share/msgs/hook/ament_prefix_path.ps1'
[0.938s] INFO:colcon.colcon_core.shell:Creating environment descriptor '/home/tony_stark/ros2_ws/install/msgs/share/msgs/hook/ament_prefix_path.dsv'
[0.939s] INFO:colcon.colcon_core.shell:Creating environment hook '/home/tony_stark/ros2_ws/install/msgs/share/msgs/hook/ament_prefix_path.sh'
[0.943s] INFO:colcon.colcon_core.shell:Skip shell extension 'powershell' for command environment: Not usable outside of PowerShell
[0.944s] DEBUG:colcon.colcon_core.shell:Skip shell extension 'dsv' for command environment
[1.499s] INFO:colcon.colcon_core.task.python.build:Building Python package in '/home/tony_stark/ros2_ws/src/fan_simulation'
[1.501s] INFO:colcon.colcon_core.shell:Skip shell extension 'powershell' for command environment: Not usable outside of PowerShell
[1.502s] DEBUG:colcon.colcon_core.shell:Skip shell extension 'dsv' for command environment
[2.052s] INFO:colcon.colcon_core.task.python.build:Building Python package in '/home/tony_stark/ros2_ws/src/msgs'
[2.055s] INFO:colcon.colcon_core.shell:Skip shell extension 'powershell' for command environment: Not usable outside of PowerShell
[2.055s] DEBUG:colcon.colcon_core.shell:Skip shell extension 'dsv' for command environment
[3.074s] DEBUG:colcon.colcon_core.event_handler.log_command:Invoking command in '/home/tony_stark/ros2_ws/src/msgs': PYTHONPATH=/home/tony_stark/ros2_ws/build/msgs/prefix_override:/home/tony_stark/ros2_ws/install/msgs/lib/python3.10/site-packages:${PYTHONPATH} /usr/bin/python3 setup.py egg_info --egg-base ../../build/msgs build --build-base /home/tony_stark/ros2_ws/build/msgs/build install --record /home/tony_stark/ros2_ws/build/msgs/install.log --single-version-externally-managed
[3.152s] DEBUG:colcon.colcon_core.event_handler.log_command:Invoking command in '/home/tony_stark/ros2_ws/src/fan_simulation': PYTHONPATH=/home/tony_stark/ros2_ws/build/fan_simulation/prefix_override:/home/tony_stark/ros2_ws/install/fan_simulation/lib/python3.10/site-packages:${PYTHONPATH} /usr/bin/python3 setup.py egg_info --egg-base ../../build/fan_simulation build --build-base /home/tony_stark/ros2_ws/build/fan_simulation/build install --record /home/tony_stark/ros2_ws/build/fan_simulation/install.log --single-version-externally-managed
[3.927s] DEBUG:colcon.colcon_core.event_handler.log_command:Invoked command in '/home/tony_stark/ros2_ws/src/msgs' returned '0': PYTHONPATH=/home/tony_stark/ros2_ws/build/msgs/prefix_override:/home/tony_stark/ros2_ws/install/msgs/lib/python3.10/site-packages:${PYTHONPATH} /usr/bin/python3 setup.py egg_info --egg-base ../../build/msgs build --build-base /home/tony_stark/ros2_ws/build/msgs/build install --record /home/tony_stark/ros2_ws/build/msgs/install.log --single-version-externally-managed
[3.931s] Level 1:colcon.colcon_core.environment:checking '/home/tony_stark/ros2_ws/install/msgs' for CMake module files
[3.932s] Level 1:colcon.colcon_core.environment:checking '/home/tony_stark/ros2_ws/install/msgs' for CMake config files
[3.934s] Level 1:colcon.colcon_core.environment:checking '/home/tony_stark/ros2_ws/install/msgs/lib'
[3.935s] Level 1:colcon.colcon_core.environment:checking '/home/tony_stark/ros2_ws/install/msgs/bin'
[3.935s] Level 1:colcon.colcon_core.environment:checking '/home/tony_stark/ros2_ws/install/msgs/lib/pkgconfig/msgs.pc'
[3.935s] Level 1:colcon.colcon_core.environment:checking '/home/tony_stark/ros2_ws/install/msgs/lib/python3.10/site-packages'
[3.936s] Level 1:colcon.colcon_core.shell:create_environment_hook('msgs', 'pythonpath')
[3.939s] INFO:colcon.colcon_core.shell:Creating environment hook '/home/tony_stark/ros2_ws/install/msgs/share/msgs/hook/pythonpath.ps1'
[3.941s] INFO:colcon.colcon_core.shell:Creating environment descriptor '/home/tony_stark/ros2_ws/install/msgs/share/msgs/hook/pythonpath.dsv'
[3.942s] INFO:colcon.colcon_core.shell:Creating environment hook '/home/tony_stark/ros2_ws/install/msgs/share/msgs/hook/pythonpath.sh'
[3.943s] Level 1:colcon.colcon_core.environment:checking '/home/tony_stark/ros2_ws/install/msgs/bin'
[3.944s] Level 1:colcon.colcon_core.environment:create_environment_scripts_only(msgs)
[3.948s] INFO:colcon.colcon_core.shell:Creating package script '/home/tony_stark/ros2_ws/install/msgs/share/msgs/package.ps1'
[3.953s] INFO:colcon.colcon_core.shell:Creating package descriptor '/home/tony_stark/ros2_ws/install/msgs/share/msgs/package.dsv'
[3.955s] INFO:colcon.colcon_core.shell:Creating package script '/home/tony_stark/ros2_ws/install/msgs/share/msgs/package.sh'
[3.958s] INFO:colcon.colcon_core.shell:Creating package script '/home/tony_stark/ros2_ws/install/msgs/share/msgs/package.bash'
[3.960s] INFO:colcon.colcon_core.shell:Creating package script '/home/tony_stark/ros2_ws/install/msgs/share/msgs/package.zsh'
[3.963s] Level 1:colcon.colcon_core.environment:create_file_with_runtime_dependencies(/home/tony_stark/ros2_ws/install/msgs/share/colcon-core/packages/msgs)
[3.967s] INFO:colcon.colcon_ros.task.ament_python.build:Building ROS package in '/home/tony_stark/ros2_ws/src/sample_package' with build type 'ament_python'
[3.968s] Level 1:colcon.colcon_core.shell:create_environment_hook('sample_package', 'ament_prefix_path')
[3.972s] INFO:colcon.colcon_core.shell:Creating environment hook '/home/tony_stark/ros2_ws/install/sample_package/share/sample_package/hook/ament_prefix_path.ps1'
[3.974s] INFO:colcon.colcon_core.shell:Creating environment descriptor '/home/tony_stark/ros2_ws/install/sample_package/share/sample_package/hook/ament_prefix_path.dsv'
[3.975s] INFO:colcon.colcon_core.shell:Creating environment hook '/home/tony_stark/ros2_ws/install/sample_package/share/sample_package/hook/ament_prefix_path.sh'
[3.980s] INFO:colcon.colcon_core.shell:Skip shell extension 'powershell' for command environment: Not usable outside of PowerShell
[3.981s] DEBUG:colcon.colcon_core.shell:Skip shell extension 'dsv' for command environment
[4.619s] INFO:colcon.colcon_core.task.python.build:Building Python package in '/home/tony_stark/ros2_ws/src/sample_package'
[4.621s] INFO:colcon.colcon_core.shell:Skip shell extension 'powershell' for command environment: Not usable outside of PowerShell
[4.621s] DEBUG:colcon.colcon_core.shell:Skip shell extension 'dsv' for command environment
[4.634s] Level 1:colcon.colcon_core.environment:checking '/home/tony_stark/ros2_ws/install/fan_simulation' for CMake module files
[4.635s] DEBUG:colcon.colcon_core.event_handler.log_command:Invoked command in '/home/tony_stark/ros2_ws/src/fan_simulation' returned '0': PYTHONPATH=/home/tony_stark/ros2_ws/build/fan_simulation/prefix_override:/home/tony_stark/ros2_ws/install/fan_simulation/lib/python3.10/site-packages:${PYTHONPATH} /usr/bin/python3 setup.py egg_info --egg-base ../../build/fan_simulation build --build-base /home/tony_stark/ros2_ws/build/fan_simulation/build install --record /home/tony_stark/ros2_ws/build/fan_simulation/install.log --single-version-externally-managed
[4.636s] Level 1:colcon.colcon_core.environment:checking '/home/tony_stark/ros2_ws/install/fan_simulation' for CMake config files
[4.637s] Level 1:colcon.colcon_core.environment:checking '/home/tony_stark/ros2_ws/install/fan_simulation/lib'
[4.637s] Level 1:colcon.colcon_core.environment:checking '/home/tony_stark/ros2_ws/install/fan_simulation/bin'
[4.638s] Level 1:colcon.colcon_core.environment:checking '/home/tony_stark/ros2_ws/install/fan_simulation/lib/pkgconfig/fan_simulation.pc'
[4.638s] Level 1:colcon.colcon_core.environment:checking '/home/tony_stark/ros2_ws/install/fan_simulation/lib/python3.10/site-packages'
[4.638s] Level 1:colcon.colcon_core.shell:create_environment_hook('fan_simulation', 'pythonpath')
[4.641s] INFO:colcon.colcon_core.shell:Creating environment hook '/home/tony_stark/ros2_ws/install/fan_simulation/share/fan_simulation/hook/pythonpath.ps1'
[4.642s] INFO:colcon.colcon_core.shell:Creating environment descriptor '/home/tony_stark/ros2_ws/install/fan_simulation/share/fan_simulation/hook/pythonpath.dsv'
[4.642s] INFO:colcon.colcon_core.shell:Creating environment hook '/home/tony_stark/ros2_ws/install/fan_simulation/share/fan_simulation/hook/pythonpath.sh'
[4.643s] Level 1:colcon.colcon_core.environment:checking '/home/tony_stark/ros2_ws/install/fan_simulation/bin'
[4.644s] Level 1:colcon.colcon_core.environment:create_environment_scripts_only(fan_simulation)
[4.646s] INFO:colcon.colcon_core.shell:Creating package script '/home/tony_stark/ros2_ws/install/fan_simulation/share/fan_simulation/package.ps1'
[4.647s] INFO:colcon.colcon_core.shell:Creating package descriptor '/home/tony_stark/ros2_ws/install/fan_simulation/share/fan_simulation/package.dsv'
[4.648s] INFO:colcon.colcon_core.shell:Creating package script '/home/tony_stark/ros2_ws/install/fan_simulation/share/fan_simulation/package.sh'
[4.649s] INFO:colcon.colcon_core.shell:Creating package script '/home/tony_stark/ros2_ws/install/fan_simulation/share/fan_simulation/package.bash'
[4.650s] INFO:colcon.colcon_core.shell:Creating package script '/home/tony_stark/ros2_ws/install/fan_simulation/share/fan_simulation/package.zsh'
[4.651s] Level 1:colcon.colcon_core.environment:create_file_with_runtime_dependencies(/home/tony_stark/ros2_ws/install/fan_simulation/share/colcon-core/packages/fan_simulation)
[5.368s] DEBUG:colcon.colcon_core.event_handler.log_command:Invoking command in '/home/tony_stark/ros2_ws/src/sample_package': PYTHONPATH=/home/tony_stark/ros2_ws/build/sample_package/prefix_override:/home/tony_stark/ros2_ws/install/sample_package/lib/python3.10/site-packages:${PYTHONPATH} /usr/bin/python3 setup.py egg_info --egg-base ../../build/sample_package build --build-base /home/tony_stark/ros2_ws/build/sample_package/build install --record /home/tony_stark/ros2_ws/build/sample_package/install.log --single-version-externally-managed
[6.004s] Level 1:colcon.colcon_core.environment:checking '/home/tony_stark/ros2_ws/install/sample_package' for CMake module files
[6.005s] DEBUG:colcon.colcon_core.event_handler.log_command:Invoked command in '/home/tony_stark/ros2_ws/src/sample_package' returned '0': PYTHONPATH=/home/tony_stark/ros2_ws/build/sample_package/prefix_override:/home/tony_stark/ros2_ws/install/sample_package/lib/python3.10/site-packages:${PYTHONPATH} /usr/bin/python3 setup.py egg_info --egg-base ../../build/sample_package build --build-base /home/tony_stark/ros2_ws/build/sample_package/build install --record /home/tony_stark/ros2_ws/build/sample_package/install.log --single-version-externally-managed
[6.006s] Level 1:colcon.colcon_core.environment:checking '/home/tony_stark/ros2_ws/install/sample_package' for CMake config files
[6.007s] Level 1:colcon.colcon_core.environment:checking '/home/tony_stark/ros2_ws/install/sample_package/lib'
[6.007s] Level 1:colcon.colcon_core.environment:checking '/home/tony_stark/ros2_ws/install/sample_package/bin'
[6.007s] Level 1:colcon.colcon_core.environment:checking '/home/tony_stark/ros2_ws/install/sample_package/lib/pkgconfig/sample_package.pc'
[6.007s] Level 1:colcon.colcon_core.environment:checking '/home/tony_stark/ros2_ws/install/sample_package/lib/python3.10/site-packages'
[6.007s] Level 1:colcon.colcon_core.shell:create_environment_hook('sample_package', 'pythonpath')
[6.010s] INFO:colcon.colcon_core.shell:Creating environment hook '/home/tony_stark/ros2_ws/install/sample_package/share/sample_package/hook/pythonpath.ps1'
[6.011s] INFO:colcon.colcon_core.shell:Creating environment descriptor '/home/tony_stark/ros2_ws/install/sample_package/share/sample_package/hook/pythonpath.dsv'
[6.012s] INFO:colcon.colcon_core.shell:Creating environment hook '/home/tony_stark/ros2_ws/install/sample_package/share/sample_package/hook/pythonpath.sh'
[6.013s] Level 1:colcon.colcon_core.environment:checking '/home/tony_stark/ros2_ws/install/sample_package/bin'
[6.013s] Level 1:colcon.colcon_core.environment:create_environment_scripts_only(sample_package)
[6.016s] INFO:colcon.colcon_core.shell:Creating package script '/home/tony_stark/ros2_ws/install/sample_package/share/sample_package/package.ps1'
[6.017s] INFO:colcon.colcon_core.shell:Creating package descriptor '/home/tony_stark/ros2_ws/install/sample_package/share/sample_package/package.dsv'
[6.019s] INFO:colcon.colcon_core.shell:Creating package script '/home/tony_stark/ros2_ws/install/sample_package/share/sample_package/package.sh'
[6.020s] INFO:colcon.colcon_core.shell:Creating package script '/home/tony_stark/ros2_ws/install/sample_package/share/sample_package/package.bash'
[6.020s] INFO:colcon.colcon_core.shell:Creating package script '/home/tony_stark/ros2_ws/install/sample_package/share/sample_package/package.zsh'
[6.021s] Level 1:colcon.colcon_core.environment:create_file_with_runtime_dependencies(/home/tony_stark/ros2_ws/install/sample_package/share/colcon-core/packages/sample_package)
[6.022s] DEBUG:colcon.colcon_parallel_executor.executor.parallel:closing loop
[6.023s] DEBUG:colcon.colcon_parallel_executor.executor.parallel:loop closed
[6.023s] DEBUG:colcon.colcon_parallel_executor.executor.parallel:run_until_complete finished with '0'
[6.024s] DEBUG:colcon.colcon_core.event_reactor:joining thread
[6.033s] INFO:colcon.colcon_core.plugin_system:Skipping extension 'colcon_notification.desktop_notification.terminal_notifier': Not used on non-Darwin systems
[6.034s] INFO:colcon.colcon_core.plugin_system:Skipping extension 'colcon_notification.desktop_notification.win32': Not used on non-Windows systems
[6.034s] INFO:colcon.colcon_notification.desktop_notification:Sending desktop notification using 'notify2'
[6.086s] DEBUG:colcon.colcon_core.event_reactor:joined thread
[6.093s] INFO:colcon.colcon_core.shell:Creating prefix script '/home/tony_stark/ros2_ws/install/local_setup.ps1'
[6.100s] INFO:colcon.colcon_core.shell:Creating prefix util module '/home/tony_stark/ros2_ws/install/_local_setup_util_ps1.py'
[6.106s] INFO:colcon.colcon_core.shell:Creating prefix chain script '/home/tony_stark/ros2_ws/install/setup.ps1'
[6.111s] INFO:colcon.colcon_core.shell:Creating prefix script '/home/tony_stark/ros2_ws/install/local_setup.sh'
[6.112s] INFO:colcon.colcon_core.shell:Creating prefix util module '/home/tony_stark/ros2_ws/install/_local_setup_util_sh.py'
[6.114s] INFO:colcon.colcon_core.shell:Creating prefix chain script '/home/tony_stark/ros2_ws/install/setup.sh'
[6.119s] INFO:colcon.colcon_core.shell:Creating prefix script '/home/tony_stark/ros2_ws/install/local_setup.bash'
[6.121s] INFO:colcon.colcon_core.shell:Creating prefix chain script '/home/tony_stark/ros2_ws/install/setup.bash'
[6.125s] INFO:colcon.colcon_core.shell:Creating prefix script '/home/tony_stark/ros2_ws/install/local_setup.zsh'
[6.127s] INFO:colcon.colcon_core.shell:Creating prefix chain script '/home/tony_stark/ros2_ws/install/setup.zsh'
