[4.565s] Invoking command in '/home/tony_stark/ros2_ws/src/msgs': PYTHONPATH=/home/tony_stark/ros2_ws/build/msgs/prefix_override:/home/tony_stark/ros2_ws/install/msgs/lib/python3.10/site-packages:${PYTHONPATH} /usr/bin/python3 setup.py egg_info --egg-base ../../build/msgs build --build-base /home/tony_stark/ros2_ws/build/msgs/build install --record /home/tony_stark/ros2_ws/build/msgs/install.log --single-version-externally-managed
[5.487s] running egg_info
[5.490s] writing ../../build/msgs/msgs.egg-info/PKG-INFO
[5.491s] writing dependency_links to ../../build/msgs/msgs.egg-info/dependency_links.txt
[5.492s] writing entry points to ../../build/msgs/msgs.egg-info/entry_points.txt
[5.493s] writing requirements to ../../build/msgs/msgs.egg-info/requires.txt
[5.493s] writing top-level names to ../../build/msgs/msgs.egg-info/top_level.txt
[5.499s] reading manifest file '../../build/msgs/msgs.egg-info/SOURCES.txt'
[5.592s] writing manifest file '../../build/msgs/msgs.egg-info/SOURCES.txt'
[5.592s] running build
[5.592s] running build_py
[5.595s] running install
[5.595s] running install_lib
[5.598s] running install_data
[5.600s] running install_egg_info
[5.604s] removing '/home/tony_stark/ros2_ws/install/msgs/lib/python3.10/site-packages/msgs-0.0.0-py3.10.egg-info' (and everything under it)
[5.639s] Copying ../../build/msgs/msgs.egg-info to /home/tony_stark/ros2_ws/install/msgs/lib/python3.10/site-packages/msgs-0.0.0-py3.10.egg-info
[5.640s] running install_scripts
[5.696s] Installing floatlist script to /home/tony_stark/ros2_ws/install/msgs/lib/msgs
[5.698s] writing list of installed files to '/home/tony_stark/ros2_ws/build/msgs/install.log'
[5.811s] Invoked command in '/home/tony_stark/ros2_ws/src/msgs' returned '0': PYTHONPATH=/home/tony_stark/ros2_ws/build/msgs/prefix_override:/home/tony_stark/ros2_ws/install/msgs/lib/python3.10/site-packages:${PYTHONPATH} /usr/bin/python3 setup.py egg_info --egg-base ../../build/msgs build --build-base /home/tony_stark/ros2_ws/build/msgs/build install --record /home/tony_stark/ros2_ws/build/msgs/install.log --single-version-externally-managed
