[2.318s] Invoking command in '/home/tony_stark/ros2_ws/src/sample_package': PYTHONPATH=/home/tony_stark/ros2_ws/build/sample_package/prefix_override:/home/tony_stark/ros2_ws/install/sample_package/lib/python3.10/site-packages:${PYTHONPATH} /usr/bin/python3 setup.py egg_info --egg-base ../../build/sample_package build --build-base /home/tony_stark/ros2_ws/build/sample_package/build install --record /home/tony_stark/ros2_ws/build/sample_package/install.log --single-version-externally-managed
[2.961s] running egg_info
[2.988s] writing ../../build/sample_package/sample_package.egg-info/PKG-INFO
[2.989s] writing dependency_links to ../../build/sample_package/sample_package.egg-info/dependency_links.txt
[2.990s] writing entry points to ../../build/sample_package/sample_package.egg-info/entry_points.txt
[2.990s] writing requirements to ../../build/sample_package/sample_package.egg-info/requires.txt
[2.991s] writing top-level names to ../../build/sample_package/sample_package.egg-info/top_level.txt
[3.048s] reading manifest file '../../build/sample_package/sample_package.egg-info/SOURCES.txt'
[3.050s] writing manifest file '../../build/sample_package/sample_package.egg-info/SOURCES.txt'
[3.052s] running build
[3.052s] running build_py
[3.052s] running install
[3.053s] /home/tony_stark/.local/lib/python3.10/site-packages/setuptools/_distutils/cmd.py:66: SetuptoolsDeprecationWarning: setup.py install is deprecated.
[3.053s] !!
[3.053s] 
[3.053s]         ********************************************************************************
[3.053s]         Please avoid running ``setup.py`` directly.
[3.054s]         Instead, use pypa/build, pypa/installer, pypa/build or
[3.054s]         other standards-based tools.
[3.054s] 
[3.054s]         See https://blog.ganssle.io/articles/2021/10/setup-py-deprecated.html for details.
[3.054s]         ********************************************************************************
[3.054s] 
[3.054s] !!
[3.055s]   self.initialize_options()
[3.064s] running install_lib
[3.092s] running install_data
[3.118s] running install_egg_info
[3.149s] removing '/home/tony_stark/ros2_ws/install/sample_package/lib/python3.10/site-packages/sample_package-0.0.0-py3.10.egg-info' (and everything under it)
[3.150s] Copying ../../build/sample_package/sample_package.egg-info to /home/tony_stark/ros2_ws/install/sample_package/lib/python3.10/site-packages/sample_package-0.0.0-py3.10.egg-info
[3.151s] running install_scripts
[3.459s] Installing fan_sub script to /home/tony_stark/ros2_ws/install/sample_package/lib/sample_package
[3.459s] Installing process script to /home/tony_stark/ros2_ws/install/sample_package/lib/sample_package
[3.460s] Installing senpub script to /home/tony_stark/ros2_ws/install/sample_package/lib/sample_package
[3.460s] Installing talk script to /home/tony_stark/ros2_ws/install/sample_package/lib/sample_package
[3.461s] writing list of installed files to '/home/tony_stark/ros2_ws/build/sample_package/install.log'
