[3.278s] Invoking command in '/home/tony_stark/ros2_ws/src/fan_simulation': PYTHONPATH=/home/tony_stark/ros2_ws/build/fan_simulation/prefix_override:/home/tony_stark/ros2_ws/install/fan_simulation/lib/python3.10/site-packages:${PYTHONPATH} /usr/bin/python3 setup.py egg_info --egg-base ../../build/fan_simulation build --build-base /home/tony_stark/ros2_ws/build/fan_simulation/build install --record /home/tony_stark/ros2_ws/build/fan_simulation/install.log --single-version-externally-managed
[3.980s] running egg_info
[4.060s] writing ../../build/fan_simulation/fan_simulation.egg-info/PKG-INFO
[4.061s] writing dependency_links to ../../build/fan_simulation/fan_simulation.egg-info/dependency_links.txt
[4.061s] writing entry points to ../../build/fan_simulation/fan_simulation.egg-info/entry_points.txt
[4.062s] writing requirements to ../../build/fan_simulation/fan_simulation.egg-info/requires.txt
[4.064s] writing top-level names to ../../build/fan_simulation/fan_simulation.egg-info/top_level.txt
[4.079s] reading manifest file '../../build/fan_simulation/fan_simulation.egg-info/SOURCES.txt'
[4.123s] writing manifest file '../../build/fan_simulation/fan_simulation.egg-info/SOURCES.txt'
[4.126s] running build
[4.126s] running build_py
[4.131s] running install
[4.138s] running install_lib
[4.141s] running install_data
[4.144s] copying urdf/robot_core.xacro -> /home/tony_stark/ros2_ws/install/fan_simulation/share/fan_simulation
[4.145s] running install_egg_info
[4.150s] removing '/home/tony_stark/ros2_ws/install/fan_simulation/lib/python3.10/site-packages/fan_simulation-0.0.0-py3.10.egg-info' (and everything under it)
[4.165s] Copying ../../build/fan_simulation/fan_simulation.egg-info to /home/tony_stark/ros2_ws/install/fan_simulation/lib/python3.10/site-packages/fan_simulation-0.0.0-py3.10.egg-info
[4.169s] running install_scripts
[4.220s] writing list of installed files to '/home/tony_stark/ros2_ws/build/fan_simulation/install.log'
[4.325s] Invoked command in '/home/tony_stark/ros2_ws/src/fan_simulation' returned '0': PYTHONPATH=/home/tony_stark/ros2_ws/build/fan_simulation/prefix_override:/home/tony_stark/ros2_ws/install/fan_simulation/lib/python3.10/site-packages:${PYTHONPATH} /usr/bin/python3 setup.py egg_info --egg-base ../../build/fan_simulation build --build-base /home/tony_stark/ros2_ws/build/fan_simulation/build install --record /home/tony_stark/ros2_ws/build/fan_simulation/install.log --single-version-externally-managed
