[2.983s] Invoking command in '/home/tony_stark/ros2_ws/src/sample_package': PYTHONPATH=/home/tony_stark/ros2_ws/build/sample_package/prefix_override:/home/tony_stark/ros2_ws/install/sample_package/lib/python3.10/site-packages:${PYTHONPATH} /usr/bin/python3 setup.py egg_info --egg-base ../../build/sample_package build --build-base /home/tony_stark/ros2_ws/build/sample_package/build install --record /home/tony_stark/ros2_ws/build/sample_package/install.log --single-version-externally-managed
[4.144s] running egg_info
[4.145s] writing ../../build/sample_package/sample_package.egg-info/PKG-INFO
[4.146s] writing dependency_links to ../../build/sample_package/sample_package.egg-info/dependency_links.txt
[4.148s] writing entry points to ../../build/sample_package/sample_package.egg-info/entry_points.txt
[4.149s] writing requirements to ../../build/sample_package/sample_package.egg-info/requires.txt
[4.150s] writing top-level names to ../../build/sample_package/sample_package.egg-info/top_level.txt
[4.156s] reading manifest file '../../build/sample_package/sample_package.egg-info/SOURCES.txt'
[4.195s] writing manifest file '../../build/sample_package/sample_package.egg-info/SOURCES.txt'
[4.196s] running build
[4.197s] running build_py
[4.199s] running install
[4.200s] running install_lib
[4.247s] running install_data
[4.249s] running install_egg_info
[4.254s] removing '/home/tony_stark/ros2_ws/install/sample_package/lib/python3.10/site-packages/sample_package-0.0.0-py3.10.egg-info' (and everything under it)
[4.267s] Copying ../../build/sample_package/sample_package.egg-info to /home/tony_stark/ros2_ws/install/sample_package/lib/python3.10/site-packages/sample_package-0.0.0-py3.10.egg-info
[4.278s] running install_scripts
[4.324s] Installing fan_sub script to /home/tony_stark/ros2_ws/install/sample_package/lib/sample_package
[4.365s] Installing process script to /home/tony_stark/ros2_ws/install/sample_package/lib/sample_package
[4.375s] Installing senpub script to /home/tony_stark/ros2_ws/install/sample_package/lib/sample_package
[4.377s] Installing talk script to /home/tony_stark/ros2_ws/install/sample_package/lib/sample_package
[4.378s] writing list of installed files to '/home/tony_stark/ros2_ws/build/sample_package/install.log'
[4.466s] Invoked command in '/home/tony_stark/ros2_ws/src/sample_package' returned '0': PYTHONPATH=/home/tony_stark/ros2_ws/build/sample_package/prefix_override:/home/tony_stark/ros2_ws/install/sample_package/lib/python3.10/site-packages:${PYTHONPATH} /usr/bin/python3 setup.py egg_info --egg-base ../../build/sample_package build --build-base /home/tony_stark/ros2_ws/build/sample_package/build install --record /home/tony_stark/ros2_ws/build/sample_package/install.log --single-version-externally-managed
