[0.758s] Invoking command in '/home/tony_stark/ros2_ws/build/diffdrive_arduino': CMAKE_PREFIX_PATH=${CMAKE_PREFIX_PATH}:/home/tony_stark/ros2_ws/install/sample_package:/home/tony_stark/ros2_ws/install/rqt_joint_trajectory_controller:/home/tony_stark/ros2_ws/install/rqt_controller_manager:/home/tony_stark/ros2_ws/install/rosgpt:/home/tony_stark/ros2_ws/install/ros2controlcli:/home/tony_stark/ros2_ws/install/ros2_controllers_test_nodes:/home/tony_stark/ros2_ws/install/msgs:/home/tony_stark/ros2_ws/install/autonomous_exploration:/opt/ros/humble /usr/bin/cmake --build /home/tony_stark/ros2_ws/build/diffdrive_arduino -- -j2 -l2
[0.880s] [100%] Built target diffdrive_arduino
[0.904s] Invoked command in '/home/tony_stark/ros2_ws/build/diffdrive_arduino' returned '0': CMAKE_PREFIX_PATH=${CMAKE_PREFIX_PATH}:/home/tony_stark/ros2_ws/install/sample_package:/home/tony_stark/ros2_ws/install/rqt_joint_trajectory_controller:/home/tony_stark/ros2_ws/install/rqt_controller_manager:/home/tony_stark/ros2_ws/install/rosgpt:/home/tony_stark/ros2_ws/install/ros2controlcli:/home/tony_stark/ros2_ws/install/ros2_controllers_test_nodes:/home/tony_stark/ros2_ws/install/msgs:/home/tony_stark/ros2_ws/install/autonomous_exploration:/opt/ros/humble /usr/bin/cmake --build /home/tony_stark/ros2_ws/build/diffdrive_arduino -- -j2 -l2
[0.979s] Invoking command in '/home/tony_stark/ros2_ws/build/diffdrive_arduino': CMAKE_PREFIX_PATH=${CMAKE_PREFIX_PATH}:/home/tony_stark/ros2_ws/install/sample_package:/home/tony_stark/ros2_ws/install/rqt_joint_trajectory_controller:/home/tony_stark/ros2_ws/install/rqt_controller_manager:/home/tony_stark/ros2_ws/install/rosgpt:/home/tony_stark/ros2_ws/install/ros2controlcli:/home/tony_stark/ros2_ws/install/ros2_controllers_test_nodes:/home/tony_stark/ros2_ws/install/msgs:/home/tony_stark/ros2_ws/install/autonomous_exploration:/opt/ros/humble /usr/bin/cmake --install /home/tony_stark/ros2_ws/build/diffdrive_arduino
[0.995s] -- Install configuration: ""
[0.995s] -- Up-to-date: /home/tony_stark/ros2_ws/install/diffdrive_arduino/share/diffdrive_arduino/diffdrive_arduino.xml
[0.996s] -- Up-to-date: /home/tony_stark/ros2_ws/install/diffdrive_arduino/include/diffdrive_arduino
[0.996s] -- Up-to-date: /home/tony_stark/ros2_ws/install/diffdrive_arduino/include/diffdrive_arduino/diffdrive_arduino
[0.997s] -- Up-to-date: /home/tony_stark/ros2_ws/install/diffdrive_arduino/include/diffdrive_arduino/diffdrive_arduino/visibility_control.h
[0.997s] -- Up-to-date: /home/tony_stark/ros2_ws/install/diffdrive_arduino/include/diffdrive_arduino/diffdrive_arduino/diffbot_system.hpp
[0.997s] -- Up-to-date: /home/tony_stark/ros2_ws/install/diffdrive_arduino/include/diffdrive_arduino/diffdrive_arduino/arduino_comms.hpp
[0.998s] -- Up-to-date: /home/tony_stark/ros2_ws/install/diffdrive_arduino/include/diffdrive_arduino/diffdrive_arduino/wheel.hpp
[0.998s] -- Up-to-date: /home/tony_stark/ros2_ws/install/diffdrive_arduino/share/diffdrive_arduino/launch
[1.001s] -- Up-to-date: /home/tony_stark/ros2_ws/install/diffdrive_arduino/share/diffdrive_arduino/launch/view_robot.launch.py
[1.002s] -- Up-to-date: /home/tony_stark/ros2_ws/install/diffdrive_arduino/share/diffdrive_arduino/ros2_control
[1.003s] -- Up-to-date: /home/tony_stark/ros2_ws/install/diffdrive_arduino/share/diffdrive_arduino/ros2_control/ros2_control.xacro
[1.003s] -- Up-to-date: /home/tony_stark/ros2_ws/install/diffdrive_arduino/share/diffdrive_arduino/urdf
[1.003s] -- Up-to-date: /home/tony_stark/ros2_ws/install/diffdrive_arduino/share/diffdrive_arduino/urdf/inertial_macros.xacro
[1.004s] -- Up-to-date: /home/tony_stark/ros2_ws/install/diffdrive_arduino/share/diffdrive_arduino/urdf/lidar.xacro
[1.004s] -- Up-to-date: /home/tony_stark/ros2_ws/install/diffdrive_arduino/share/diffdrive_arduino/urdf/robot_core.xacro
[1.005s] -- Up-to-date: /home/tony_stark/ros2_ws/install/diffdrive_arduino/share/diffdrive_arduino/urdf/ros2_control.xacro
[1.005s] -- Up-to-date: /home/tony_stark/ros2_ws/install/diffdrive_arduino/share/diffdrive_arduino/urdf/diffbot.urdf.xacro
[1.006s] -- Up-to-date: /home/tony_stark/ros2_ws/install/diffdrive_arduino/share/diffdrive_arduino/rviz
[1.006s] -- Up-to-date: /home/tony_stark/ros2_ws/install/diffdrive_arduino/share/diffdrive_arduino/rviz/diffbot_view.rviz
[1.007s] -- Up-to-date: /home/tony_stark/ros2_ws/install/diffdrive_arduino/share/diffdrive_arduino/rviz/diffbot.rviz
[1.007s] -- Up-to-date: /home/tony_stark/ros2_ws/install/diffdrive_arduino/share/diffdrive_arduino/launch
[1.008s] -- Up-to-date: /home/tony_stark/ros2_ws/install/diffdrive_arduino/share/diffdrive_arduino/launch/rplidar.launch.py
[1.009s] -- Up-to-date: /home/tony_stark/ros2_ws/install/diffdrive_arduino/share/diffdrive_arduino/launch/diffbot.launch.py
[1.010s] -- Up-to-date: /home/tony_stark/ros2_ws/install/diffdrive_arduino/share/diffdrive_arduino/config
[1.010s] -- Up-to-date: /home/tony_stark/ros2_ws/install/diffdrive_arduino/share/diffdrive_arduino/config/diffbot_controllers.yaml
[1.011s] -- Up-to-date: /home/tony_stark/ros2_ws/install/diffdrive_arduino/lib/libdiffdrive_arduino.so
[1.012s] -- Up-to-date: /home/tony_stark/ros2_ws/install/diffdrive_arduino/share/diffdrive_arduino/environment/library_path.sh
[1.013s] -- Up-to-date: /home/tony_stark/ros2_ws/install/diffdrive_arduino/share/diffdrive_arduino/environment/library_path.dsv
[1.014s] -- Up-to-date: /home/tony_stark/ros2_ws/install/diffdrive_arduino/share/ament_index/resource_index/package_run_dependencies/diffdrive_arduino
[1.014s] -- Up-to-date: /home/tony_stark/ros2_ws/install/diffdrive_arduino/share/ament_index/resource_index/parent_prefix_path/diffdrive_arduino
[1.015s] -- Up-to-date: /home/tony_stark/ros2_ws/install/diffdrive_arduino/share/diffdrive_arduino/environment/ament_prefix_path.sh
[1.016s] -- Up-to-date: /home/tony_stark/ros2_ws/install/diffdrive_arduino/share/diffdrive_arduino/environment/ament_prefix_path.dsv
[1.016s] -- Up-to-date: /home/tony_stark/ros2_ws/install/diffdrive_arduino/share/diffdrive_arduino/environment/path.sh
[1.017s] -- Up-to-date: /home/tony_stark/ros2_ws/install/diffdrive_arduino/share/diffdrive_arduino/environment/path.dsv
[1.018s] -- Up-to-date: /home/tony_stark/ros2_ws/install/diffdrive_arduino/share/diffdrive_arduino/local_setup.bash
[1.018s] -- Up-to-date: /home/tony_stark/ros2_ws/install/diffdrive_arduino/share/diffdrive_arduino/local_setup.sh
[1.019s] -- Up-to-date: /home/tony_stark/ros2_ws/install/diffdrive_arduino/share/diffdrive_arduino/local_setup.zsh
[1.019s] -- Up-to-date: /home/tony_stark/ros2_ws/install/diffdrive_arduino/share/diffdrive_arduino/local_setup.dsv
[1.020s] -- Installing: /home/tony_stark/ros2_ws/install/diffdrive_arduino/share/diffdrive_arduino/package.dsv
[1.021s] -- Up-to-date: /home/tony_stark/ros2_ws/install/diffdrive_arduino/share/ament_index/resource_index/packages/diffdrive_arduino
[1.022s] -- Up-to-date: /home/tony_stark/ros2_ws/install/diffdrive_arduino/share/ament_index/resource_index/hardware_interface__pluginlib__plugin/diffdrive_arduino
[1.022s] -- Up-to-date: /home/tony_stark/ros2_ws/install/diffdrive_arduino/share/diffdrive_arduino/cmake/export_diffdrive_arduinoExport.cmake
[1.023s] -- Up-to-date: /home/tony_stark/ros2_ws/install/diffdrive_arduino/share/diffdrive_arduino/cmake/export_diffdrive_arduinoExport-noconfig.cmake
[1.024s] -- Up-to-date: /home/tony_stark/ros2_ws/install/diffdrive_arduino/share/diffdrive_arduino/cmake/ament_cmake_export_targets-extras.cmake
[1.024s] -- Up-to-date: /home/tony_stark/ros2_ws/install/diffdrive_arduino/share/diffdrive_arduino/cmake/ament_cmake_export_dependencies-extras.cmake
[1.026s] -- Up-to-date: /home/tony_stark/ros2_ws/install/diffdrive_arduino/share/diffdrive_arduino/cmake/diffdrive_arduinoConfig.cmake
[1.026s] -- Up-to-date: /home/tony_stark/ros2_ws/install/diffdrive_arduino/share/diffdrive_arduino/cmake/diffdrive_arduinoConfig-version.cmake
[1.026s] -- Up-to-date: /home/tony_stark/ros2_ws/install/diffdrive_arduino/share/diffdrive_arduino/package.xml
[1.039s] Invoked command in '/home/tony_stark/ros2_ws/build/diffdrive_arduino' returned '0': CMAKE_PREFIX_PATH=${CMAKE_PREFIX_PATH}:/home/tony_stark/ros2_ws/install/sample_package:/home/tony_stark/ros2_ws/install/rqt_joint_trajectory_controller:/home/tony_stark/ros2_ws/install/rqt_controller_manager:/home/tony_stark/ros2_ws/install/rosgpt:/home/tony_stark/ros2_ws/install/ros2controlcli:/home/tony_stark/ros2_ws/install/ros2_controllers_test_nodes:/home/tony_stark/ros2_ws/install/msgs:/home/tony_stark/ros2_ws/install/autonomous_exploration:/opt/ros/humble /usr/bin/cmake --install /home/tony_stark/ros2_ws/build/diffdrive_arduino
