[4.633s] Invoking command in '/home/tony_stark/ros2_ws/src/msgs': PYTHONPATH=/home/tony_stark/ros2_ws/build/msgs/prefix_override:/home/tony_stark/ros2_ws/install/msgs/lib/python3.10/site-packages:${PYTHONPATH} /usr/bin/python3 setup.py egg_info --egg-base ../../build/msgs build --build-base /home/tony_stark/ros2_ws/build/msgs/build install --record /home/tony_stark/ros2_ws/build/msgs/install.log --single-version-externally-managed
[6.523s] running egg_info
[6.531s] writing ../../build/msgs/msgs.egg-info/PKG-INFO
[6.533s] writing dependency_links to ../../build/msgs/msgs.egg-info/dependency_links.txt
[6.541s] writing entry points to ../../build/msgs/msgs.egg-info/entry_points.txt
[6.541s] writing requirements to ../../build/msgs/msgs.egg-info/requires.txt
[6.542s] writing top-level names to ../../build/msgs/msgs.egg-info/top_level.txt
[6.569s] reading manifest file '../../build/msgs/msgs.egg-info/SOURCES.txt'
[6.571s] writing manifest file '../../build/msgs/msgs.egg-info/SOURCES.txt'
[6.571s] running build
[6.572s] running build_py
[6.579s] running install
[6.579s] running install_lib
[6.592s] running install_data
[6.597s] running install_egg_info
[6.619s] removing '/home/tony_stark/ros2_ws/install/msgs/lib/python3.10/site-packages/msgs-0.0.0-py3.10.egg-info' (and everything under it)
[6.631s] Copying ../../build/msgs/msgs.egg-info to /home/tony_stark/ros2_ws/install/msgs/lib/python3.10/site-packages/msgs-0.0.0-py3.10.egg-info
[6.636s] running install_scripts
[6.848s] Installing floatlist script to /home/tony_stark/ros2_ws/install/msgs/lib/msgs
[6.849s] writing list of installed files to '/home/tony_stark/ros2_ws/build/msgs/install.log'
[7.149s] Invoked command in '/home/tony_stark/ros2_ws/src/msgs' returned '0': PYTHONPATH=/home/tony_stark/ros2_ws/build/msgs/prefix_override:/home/tony_stark/ros2_ws/install/msgs/lib/python3.10/site-packages:${PYTHONPATH} /usr/bin/python3 setup.py egg_info --egg-base ../../build/msgs build --build-base /home/tony_stark/ros2_ws/build/msgs/build install --record /home/tony_stark/ros2_ws/build/msgs/install.log --single-version-externally-managed
