[6.103s] Invoking command in '/home/Isaac/ros2_ws/src/autonomous_exploration': PYTHONPATH=/home/Isaac/ros2_ws/build/autonomous_exploration/prefix_override:/home/Isaac/ros2_ws/install/autonomous_exploration/lib/python3.10/site-packages:${PYTHONPATH} /usr/bin/python3 setup.py egg_info --egg-base ../../build/autonomous_exploration build --build-base /home/Isaac/ros2_ws/build/autonomous_exploration/build install --record /home/Isaac/ros2_ws/build/autonomous_exploration/install.log --single-version-externally-managed
[7.887s] running egg_info
[7.893s] writing ../../build/autonomous_exploration/autonomous_exploration.egg-info/PKG-INFO
[7.899s] writing dependency_links to ../../build/autonomous_exploration/autonomous_exploration.egg-info/dependency_links.txt
[7.900s] writing entry points to ../../build/autonomous_exploration/autonomous_exploration.egg-info/entry_points.txt
[7.900s] writing requirements to ../../build/autonomous_exploration/autonomous_exploration.egg-info/requires.txt
[7.902s] writing top-level names to ../../build/autonomous_exploration/autonomous_exploration.egg-info/top_level.txt
[7.919s] reading manifest file '../../build/autonomous_exploration/autonomous_exploration.egg-info/SOURCES.txt'
[7.927s] writing manifest file '../../build/autonomous_exploration/autonomous_exploration.egg-info/SOURCES.txt'
[7.942s] running build
[7.942s] running build_py
[7.943s] /usr/lib/python3/dist-packages/setuptools/command/install.py:34: SetuptoolsDeprecationWarning: setup.py install is deprecated. Use build and pip and other standards-based tools.
[7.944s]   warnings.warn(
[7.945s] running install
[7.946s] running install_lib
[7.946s] running install_data
[7.956s] running install_egg_info
[7.963s] removing '/home/Isaac/ros2_ws/install/autonomous_exploration/lib/python3.10/site-packages/autonomous_exploration-0.0.0-py3.10.egg-info' (and everything under it)
[7.963s] Copying ../../build/autonomous_exploration/autonomous_exploration.egg-info to /home/Isaac/ros2_ws/install/autonomous_exploration/lib/python3.10/site-packages/autonomous_exploration-0.0.0-py3.10.egg-info
[7.978s] running install_scripts
[8.100s] Installing control script to /home/Isaac/ros2_ws/install/autonomous_exploration/lib/autonomous_exploration
[8.107s] writing list of installed files to '/home/Isaac/ros2_ws/build/autonomous_exploration/install.log'
[9.598s] Invoked command in '/home/Isaac/ros2_ws/src/autonomous_exploration' returned '0': PYTHONPATH=/home/Isaac/ros2_ws/build/autonomous_exploration/prefix_override:/home/Isaac/ros2_ws/install/autonomous_exploration/lib/python3.10/site-packages:${PYTHONPATH} /usr/bin/python3 setup.py egg_info --egg-base ../../build/autonomous_exploration build --build-base /home/Isaac/ros2_ws/build/autonomous_exploration/build install --record /home/Isaac/ros2_ws/build/autonomous_exploration/install.log --single-version-externally-managed
