[3.723s] Invoking command in '/home/tony_stark/ros2_ws/src/navigation_module': PYTHONPATH=/home/tony_stark/ros2_ws/build/navigation_module/prefix_override:/home/tony_stark/ros2_ws/install/navigation_module/lib/python3.10/site-packages:${PYTHONPATH} /usr/bin/python3 setup.py egg_info --egg-base ../../build/navigation_module build --build-base /home/tony_stark/ros2_ws/build/navigation_module/build install --record /home/tony_stark/ros2_ws/build/navigation_module/install.log --single-version-externally-managed
[5.339s] running egg_info
[5.342s] writing ../../build/navigation_module/navigation_module.egg-info/PKG-INFO
[5.343s] writing dependency_links to ../../build/navigation_module/navigation_module.egg-info/dependency_links.txt
[5.345s] writing entry points to ../../build/navigation_module/navigation_module.egg-info/entry_points.txt
[5.345s] writing requirements to ../../build/navigation_module/navigation_module.egg-info/requires.txt
[5.346s] writing top-level names to ../../build/navigation_module/navigation_module.egg-info/top_level.txt
[5.357s] reading manifest file '../../build/navigation_module/navigation_module.egg-info/SOURCES.txt'
[5.363s] writing manifest file '../../build/navigation_module/navigation_module.egg-info/SOURCES.txt'
[5.364s] running build
[5.364s] running build_py
[5.365s] copying navigation_module/goal_poses.py -> /home/tony_stark/ros2_ws/build/navigation_module/build/lib/navigation_module
[5.367s] running install
[5.369s] running install_lib
[5.372s] copying /home/tony_stark/ros2_ws/build/navigation_module/build/lib/navigation_module/goal_poses.py -> /home/tony_stark/ros2_ws/install/navigation_module/lib/python3.10/site-packages/navigation_module
[5.376s] byte-compiling /home/tony_stark/ros2_ws/install/navigation_module/lib/python3.10/site-packages/navigation_module/goal_poses.py to goal_poses.cpython-310.pyc
[5.381s] running install_data
[5.390s] running install_egg_info
[5.398s] removing '/home/tony_stark/ros2_ws/install/navigation_module/lib/python3.10/site-packages/navigation_module-0.0.0-py3.10.egg-info' (and everything under it)
[5.400s] Copying ../../build/navigation_module/navigation_module.egg-info to /home/tony_stark/ros2_ws/install/navigation_module/lib/python3.10/site-packages/navigation_module-0.0.0-py3.10.egg-info
[5.403s] running install_scripts
[5.512s] Installing get_pose script to /home/tony_stark/ros2_ws/install/navigation_module/lib/navigation_module
[5.513s] Installing goal_poses script to /home/tony_stark/ros2_ws/install/navigation_module/lib/navigation_module
[5.515s] writing list of installed files to '/home/tony_stark/ros2_ws/build/navigation_module/install.log'
[5.660s] Invoked command in '/home/tony_stark/ros2_ws/src/navigation_module' returned '0': PYTHONPATH=/home/tony_stark/ros2_ws/build/navigation_module/prefix_override:/home/tony_stark/ros2_ws/install/navigation_module/lib/python3.10/site-packages:${PYTHONPATH} /usr/bin/python3 setup.py egg_info --egg-base ../../build/navigation_module build --build-base /home/tony_stark/ros2_ws/build/navigation_module/build install --record /home/tony_stark/ros2_ws/build/navigation_module/install.log --single-version-externally-managed
