[4.270s] Invoking command in '/home/tony_stark/ros2_ws/src/fan_simulation': PYTHONPATH=/home/tony_stark/ros2_ws/build/fan_simulation/prefix_override:/home/tony_stark/ros2_ws/install/fan_simulation/lib/python3.10/site-packages:${PYTHONPATH} /usr/bin/python3 setup.py egg_info --egg-base ../../build/fan_simulation build --build-base /home/tony_stark/ros2_ws/build/fan_simulation/build install --record /home/tony_stark/ros2_ws/build/fan_simulation/install.log --single-version-externally-managed
[5.986s] running egg_info
[5.989s] writing ../../build/fan_simulation/fan_simulation.egg-info/PKG-INFO
[5.991s] writing dependency_links to ../../build/fan_simulation/fan_simulation.egg-info/dependency_links.txt
[5.992s] writing entry points to ../../build/fan_simulation/fan_simulation.egg-info/entry_points.txt
[5.994s] writing requirements to ../../build/fan_simulation/fan_simulation.egg-info/requires.txt
[5.995s] writing top-level names to ../../build/fan_simulation/fan_simulation.egg-info/top_level.txt
[6.006s] reading manifest file '../../build/fan_simulation/fan_simulation.egg-info/SOURCES.txt'
[6.009s] writing manifest file '../../build/fan_simulation/fan_simulation.egg-info/SOURCES.txt'
[6.010s] running build
[6.011s] running build_py
[6.027s] running install
[6.028s] running install_lib
[6.029s] running install_data
[6.036s] copying urdf/fan.urdf.xacro -> /home/tony_stark/ros2_ws/install/fan_simulation/share/fan_simulation
[6.048s] running install_egg_info
[6.062s] removing '/home/tony_stark/ros2_ws/install/fan_simulation/lib/python3.10/site-packages/fan_simulation-0.0.0-py3.10.egg-info' (and everything under it)
[6.063s] Copying ../../build/fan_simulation/fan_simulation.egg-info to /home/tony_stark/ros2_ws/install/fan_simulation/lib/python3.10/site-packages/fan_simulation-0.0.0-py3.10.egg-info
[6.063s] running install_scripts
[6.185s] writing list of installed files to '/home/tony_stark/ros2_ws/build/fan_simulation/install.log'
[6.385s] Invoked command in '/home/tony_stark/ros2_ws/src/fan_simulation' returned '0': PYTHONPATH=/home/tony_stark/ros2_ws/build/fan_simulation/prefix_override:/home/tony_stark/ros2_ws/install/fan_simulation/lib/python3.10/site-packages:${PYTHONPATH} /usr/bin/python3 setup.py egg_info --egg-base ../../build/fan_simulation build --build-base /home/tony_stark/ros2_ws/build/fan_simulation/build install --record /home/tony_stark/ros2_ws/build/fan_simulation/install.log --single-version-externally-managed
