[2.406s] Invoking command in '/home/tony_stark/ros2_ws/src/sample_package': PYTHONPATH=/home/tony_stark/ros2_ws/build/sample_package/prefix_override:/home/tony_stark/ros2_ws/install/sample_package/lib/python3.10/site-packages:${PYTHONPATH} /usr/bin/python3 setup.py egg_info --egg-base ../../build/sample_package build --build-base /home/tony_stark/ros2_ws/build/sample_package/build install --record /home/tony_stark/ros2_ws/build/sample_package/install.log --single-version-externally-managed
[3.030s] running egg_info
[3.074s] writing ../../build/sample_package/sample_package.egg-info/PKG-INFO
[3.076s] writing dependency_links to ../../build/sample_package/sample_package.egg-info/dependency_links.txt
[3.077s] writing entry points to ../../build/sample_package/sample_package.egg-info/entry_points.txt
[3.078s] writing requirements to ../../build/sample_package/sample_package.egg-info/requires.txt
[3.079s] writing top-level names to ../../build/sample_package/sample_package.egg-info/top_level.txt
[3.162s] reading manifest file '../../build/sample_package/sample_package.egg-info/SOURCES.txt'
[3.167s] writing manifest file '../../build/sample_package/sample_package.egg-info/SOURCES.txt'
[3.170s] running build
[3.170s] running build_py
[3.172s] running install
[3.173s] /home/tony_stark/.local/lib/python3.10/site-packages/setuptools/_distutils/cmd.py:66: SetuptoolsDeprecationWarning: setup.py install is deprecated.
[3.173s] !!
[3.173s] 
[3.174s]         ********************************************************************************
[3.174s]         Please avoid running ``setup.py`` directly.
[3.174s]         Instead, use pypa/build, pypa/installer, pypa/build or
[3.174s]         other standards-based tools.
[3.174s] 
[3.174s]         See https://blog.ganssle.io/articles/2021/10/setup-py-deprecated.html for details.
[3.175s]         ********************************************************************************
[3.175s] 
[3.175s] !!
[3.175s]   self.initialize_options()
[3.194s] running install_lib
[3.232s] running install_data
[3.278s] running install_egg_info
[3.325s] removing '/home/tony_stark/ros2_ws/install/sample_package/lib/python3.10/site-packages/sample_package-0.0.0-py3.10.egg-info' (and everything under it)
[3.326s] Copying ../../build/sample_package/sample_package.egg-info to /home/tony_stark/ros2_ws/install/sample_package/lib/python3.10/site-packages/sample_package-0.0.0-py3.10.egg-info
[3.329s] running install_scripts
[3.700s] Installing fan_sub script to /home/tony_stark/ros2_ws/install/sample_package/lib/sample_package
[3.700s] Installing process script to /home/tony_stark/ros2_ws/install/sample_package/lib/sample_package
[3.701s] Installing senpub script to /home/tony_stark/ros2_ws/install/sample_package/lib/sample_package
[3.701s] Installing talk script to /home/tony_stark/ros2_ws/install/sample_package/lib/sample_package
[3.702s] writing list of installed files to '/home/tony_stark/ros2_ws/build/sample_package/install.log'
