[2.263s] Invoking command in '/home/tony_stark/ros2_ws/src/sample_package': PYTHONPATH=/home/tony_stark/ros2_ws/build/sample_package/prefix_override:/home/tony_stark/ros2_ws/install/sample_package/lib/python3.10/site-packages:${PYTHONPATH} /usr/bin/python3 setup.py egg_info --egg-base ../../build/sample_package build --build-base /home/tony_stark/ros2_ws/build/sample_package/build install --record /home/tony_stark/ros2_ws/build/sample_package/install.log --single-version-externally-managed
[2.899s] running egg_info
[2.927s] writing ../../build/sample_package/sample_package.egg-info/PKG-INFO
[2.928s] writing dependency_links to ../../build/sample_package/sample_package.egg-info/dependency_links.txt
[2.929s] writing entry points to ../../build/sample_package/sample_package.egg-info/entry_points.txt
[2.929s] writing requirements to ../../build/sample_package/sample_package.egg-info/requires.txt
[2.930s] writing top-level names to ../../build/sample_package/sample_package.egg-info/top_level.txt
[2.983s] reading manifest file '../../build/sample_package/sample_package.egg-info/SOURCES.txt'
[2.985s] writing manifest file '../../build/sample_package/sample_package.egg-info/SOURCES.txt'
[2.985s] running build
[2.985s] running build_py
[2.986s] running install
[2.987s] /home/tony_stark/.local/lib/python3.10/site-packages/setuptools/_distutils/cmd.py:66: SetuptoolsDeprecationWarning: setup.py install is deprecated.
[2.987s] !!
[2.987s] 
[2.987s]         ********************************************************************************
[2.988s]         Please avoid running ``setup.py`` directly.
[2.988s]         Instead, use pypa/build, pypa/installer, pypa/build or
[2.988s]         other standards-based tools.
[2.988s] 
[2.988s]         See https://blog.ganssle.io/articles/2021/10/setup-py-deprecated.html for details.
[2.988s]         ********************************************************************************
[2.988s] 
[2.989s] !!
[2.989s]   self.initialize_options()
[3.000s] running install_lib
[3.026s] running install_data
[3.052s] running install_egg_info
[3.079s] removing '/home/tony_stark/ros2_ws/install/sample_package/lib/python3.10/site-packages/sample_package-0.0.0-py3.10.egg-info' (and everything under it)
[3.080s] Copying ../../build/sample_package/sample_package.egg-info to /home/tony_stark/ros2_ws/install/sample_package/lib/python3.10/site-packages/sample_package-0.0.0-py3.10.egg-info
[3.082s] running install_scripts
[3.387s] Installing fan_sub script to /home/tony_stark/ros2_ws/install/sample_package/lib/sample_package
[3.387s] Installing process script to /home/tony_stark/ros2_ws/install/sample_package/lib/sample_package
[3.388s] Installing senpub script to /home/tony_stark/ros2_ws/install/sample_package/lib/sample_package
[3.389s] Installing talk script to /home/tony_stark/ros2_ws/install/sample_package/lib/sample_package
[3.390s] writing list of installed files to '/home/tony_stark/ros2_ws/build/sample_package/install.log'
